{"obj": {"type": "AssignString", "path": ["sys", "name"], "value": "Untitled"}, "version": 1}
{"obj": {"type": "AssignString", "path": ["sys", "description"], "value": ""}, "version": 2}
{"obj": {"type": "AssignString", "path": ["monitoring", "2b19ba88", "hostname"], "value": "ManQueennoMacBook-Pro.local"}, "version": 3}
{"obj": {"type": "AssignString", "path": ["sys", "hostname"], "value": "ManQueennoMacBook-Pro.local"}, "version": 4}
{"obj": {"type": "AssignString", "path": ["monitoring", "2b19ba88", "pid"], "value": "10498"}, "version": 5}
{"obj": {"type": "AssignString", "path": ["monitoring", "2b19ba88", "tid"], "value": "8080793280"}, "version": 6}
{"obj": {"type": "AssignBool", "path": ["sys", "failed"], "value": false}, "version": 7}
{"obj": {"type": "ClearStringLog", "path": ["monitoring", "2b19ba88", "stdout"]}, "version": 8}
{"obj": {"type": "ClearStringLog", "path": ["monitoring", "2b19ba88", "stderr"]}, "version": 9}
{"obj": {"type": "AssignString", "path": ["source_code", "entrypoint"], "value": "2.1.3.py"}, "version": 10}
{"obj": {"type": "UploadFileSet", "path": ["source_code", "files"], "file_globs": ["/Users/manqueenmannequin/mygit/B4thesis_public/mywork/program/Rossler\u4e88\u6e2c_new/2/2.1/2.1.3.py"], "reset": "False"}, "version": 11}
{"obj": {"type": "UploadFile", "path": ["source_code", "diff"], "ext": "patch", "file_path": null, "tmp_file_name": "source_code_diff-1699690874.784125-2023-11-11_17.21.14.784125.patch", "clean_after_upload": false}, "version": 12}
{"obj": {"type": "ConfigFloatSeries", "path": ["monitoring", "2b19ba88", "cpu"], "min": 0.0, "max": 100.0, "unit": "%"}, "version": 13}
{"obj": {"type": "ClearFloatLog", "path": ["monitoring", "2b19ba88", "cpu"]}, "version": 14}
{"obj": {"type": "ConfigFloatSeries", "path": ["monitoring", "2b19ba88", "memory"], "min": 0.0, "max": 16.0, "unit": "GB"}, "version": 15}
{"obj": {"type": "ClearFloatLog", "path": ["monitoring", "2b19ba88", "memory"]}, "version": 16}
{"obj": {"type": "LogStrings", "path": ["monitoring", "2b19ba88", "stderr"], "values": [{"value": "Info (NVML): NVML Shared Library Not Found. GPU usage metrics may not be reported. For more information, see https://docs.neptune.ai/help/nvml_error/\n", "step": null, "ts": 1699690874.79075}]}, "version": 17}
{"obj": {"type": "LogFloats", "path": ["monitoring", "2b19ba88", "cpu"], "values": [{"value": 29.3, "step": null, "ts": 1699690874.790807}]}, "version": 18}
{"obj": {"type": "LogFloats", "path": ["monitoring", "2b19ba88", "memory"], "values": [{"value": 10.752761840820312, "step": null, "ts": 1699690874.790807}]}, "version": 19}
{"obj": {"type": "LogStrings", "path": ["monitoring", "2b19ba88", "stdout"], "values": [{"value": "https://app.neptune.ai/shokuno55/B4thesis/e/BTHES-19\n", "step": null, "ts": 1699690875.804961}]}, "version": 20}
{"obj": {"type": "LogFloats", "path": ["monitoring", "2b19ba88", "cpu"], "values": [{"value": 70.0, "step": null, "ts": 1699690884.79687}]}, "version": 21}
{"obj": {"type": "LogFloats", "path": ["monitoring", "2b19ba88", "memory"], "values": [{"value": 10.978363037109375, "step": null, "ts": 1699690884.79687}]}, "version": 22}
{"obj": {"type": "LogFloats", "path": ["monitoring", "2b19ba88", "cpu"], "values": [{"value": 56.8, "step": null, "ts": 1699690894.8024151}]}, "version": 23}
{"obj": {"type": "LogFloats", "path": ["monitoring", "2b19ba88", "memory"], "values": [{"value": 11.158538818359375, "step": null, "ts": 1699690894.8024151}]}, "version": 24}
{"obj": {"type": "LogFloats", "path": ["monitoring", "2b19ba88", "cpu"], "values": [{"value": 33.4, "step": null, "ts": 1699690904.8095329}]}, "version": 25}
{"obj": {"type": "LogFloats", "path": ["monitoring", "2b19ba88", "memory"], "values": [{"value": 11.42919921875, "step": null, "ts": 1699690904.8095329}]}, "version": 26}
{"obj": {"type": "LogFloats", "path": ["monitoring", "2b19ba88", "cpu"], "values": [{"value": 29.0, "step": null, "ts": 1699690914.811581}]}, "version": 27}
{"obj": {"type": "LogFloats", "path": ["monitoring", "2b19ba88", "memory"], "values": [{"value": 11.326812744140625, "step": null, "ts": 1699690914.811581}]}, "version": 28}
{"obj": {"type": "LogFloats", "path": ["monitoring", "2b19ba88", "cpu"], "values": [{"value": 34.5, "step": null, "ts": 1699690924.817157}]}, "version": 29}
{"obj": {"type": "LogFloats", "path": ["monitoring", "2b19ba88", "memory"], "values": [{"value": 11.466171264648438, "step": null, "ts": 1699690924.817157}]}, "version": 30}
{"obj": {"type": "LogFloats", "path": ["monitoring", "2b19ba88", "cpu"], "values": [{"value": 50.5, "step": null, "ts": 1699690934.820066}]}, "version": 31}
{"obj": {"type": "LogFloats", "path": ["monitoring", "2b19ba88", "memory"], "values": [{"value": 11.597122192382812, "step": null, "ts": 1699690934.820066}]}, "version": 32}
{"obj": {"type": "LogFloats", "path": ["monitoring", "2b19ba88", "cpu"], "values": [{"value": 40.9, "step": null, "ts": 1699690944.825438}]}, "version": 33}
{"obj": {"type": "LogFloats", "path": ["monitoring", "2b19ba88", "memory"], "values": [{"value": 11.259078979492188, "step": null, "ts": 1699690944.825438}]}, "version": 34}
{"obj": {"type": "LogFloats", "path": ["monitoring", "2b19ba88", "cpu"], "values": [{"value": 28.1, "step": null, "ts": 1699690954.827712}]}, "version": 35}
{"obj": {"type": "LogFloats", "path": ["monitoring", "2b19ba88", "memory"], "values": [{"value": 11.228988647460938, "step": null, "ts": 1699690954.827712}]}, "version": 36}
{"obj": {"type": "LogFloats", "path": ["monitoring", "2b19ba88", "cpu"], "values": [{"value": 24.9, "step": null, "ts": 1699690964.8351302}]}, "version": 37}
{"obj": {"type": "LogFloats", "path": ["monitoring", "2b19ba88", "memory"], "values": [{"value": 11.48541259765625, "step": null, "ts": 1699690964.8351302}]}, "version": 38}
