{"obj": {"type": "AssignString", "path": ["sys", "name"], "value": "Untitled"}, "version": 1}
{"obj": {"type": "AssignString", "path": ["sys", "description"], "value": ""}, "version": 2}
{"obj": {"type": "AssignString", "path": ["monitoring", "2b19ba88", "hostname"], "value": "ManQueennoMacBook-Pro.local"}, "version": 3}
{"obj": {"type": "AssignString", "path": ["sys", "hostname"], "value": "ManQueennoMacBook-Pro.local"}, "version": 4}
{"obj": {"type": "AssignString", "path": ["monitoring", "2b19ba88", "pid"], "value": "10498"}, "version": 5}
{"obj": {"type": "AssignString", "path": ["monitoring", "2b19ba88", "tid"], "value": "8080793280"}, "version": 6}
{"obj": {"type": "AssignBool", "path": ["sys", "failed"], "value": false}, "version": 7}
{"obj": {"type": "ClearStringLog", "path": ["monitoring", "2b19ba88", "stdout"]}, "version": 8}
{"obj": {"type": "ClearStringLog", "path": ["monitoring", "2b19ba88", "stderr"]}, "version": 9}
{"obj": {"type": "AssignString", "path": ["source_code", "entrypoint"], "value": "2.1.3.py"}, "version": 10}
{"obj": {"type": "UploadFileSet", "path": ["source_code", "files"], "file_globs": ["/Users/manqueenmannequin/mygit/B4thesis_public/mywork/program/Rossler\u4e88\u6e2c_new/2/2.1/2.1.3.py"], "reset": "False"}, "version": 11}
{"obj": {"type": "UploadFile", "path": ["source_code", "diff"], "ext": "patch", "file_path": null, "tmp_file_name": "source_code_diff-1699690875.803988-2023-11-11_17.21.15.803988.patch", "clean_after_upload": false}, "version": 12}
{"obj": {"type": "ConfigFloatSeries", "path": ["monitoring", "2b19ba88", "cpu"], "min": 0.0, "max": 100.0, "unit": "%"}, "version": 13}
{"obj": {"type": "ClearFloatLog", "path": ["monitoring", "2b19ba88", "cpu"]}, "version": 14}
{"obj": {"type": "ConfigFloatSeries", "path": ["monitoring", "2b19ba88", "memory"], "min": 0.0, "max": 16.0, "unit": "GB"}, "version": 15}
{"obj": {"type": "ClearFloatLog", "path": ["monitoring", "2b19ba88", "memory"]}, "version": 16}
{"obj": {"type": "LogFloats", "path": ["monitoring", "2b19ba88", "cpu"], "values": [{"value": 30.5, "step": null, "ts": 1699690875.808676}]}, "version": 17}
{"obj": {"type": "LogFloats", "path": ["monitoring", "2b19ba88", "memory"], "values": [{"value": 11.005874633789062, "step": null, "ts": 1699690875.808676}]}, "version": 18}
{"obj": {"type": "LogFloats", "path": ["monitoring", "2b19ba88", "cpu"], "values": [{"value": 65.0, "step": null, "ts": 1699690885.8128698}]}, "version": 19}
{"obj": {"type": "LogFloats", "path": ["monitoring", "2b19ba88", "memory"], "values": [{"value": 11.036346435546875, "step": null, "ts": 1699690885.8128698}]}, "version": 20}
{"obj": {"type": "LogFloats", "path": ["monitoring", "2b19ba88", "cpu"], "values": [{"value": 52.4, "step": null, "ts": 1699690895.8163211}]}, "version": 21}
{"obj": {"type": "LogFloats", "path": ["monitoring", "2b19ba88", "memory"], "values": [{"value": 11.18670654296875, "step": null, "ts": 1699690895.8163211}]}, "version": 22}
{"obj": {"type": "LogFloats", "path": ["monitoring", "2b19ba88", "cpu"], "values": [{"value": 32.6, "step": null, "ts": 1699690905.818513}]}, "version": 23}
{"obj": {"type": "LogFloats", "path": ["monitoring", "2b19ba88", "memory"], "values": [{"value": 11.354583740234375, "step": null, "ts": 1699690905.818513}]}, "version": 24}
{"obj": {"type": "LogFloats", "path": ["monitoring", "2b19ba88", "cpu"], "values": [{"value": 30.7, "step": null, "ts": 1699690915.8226602}]}, "version": 25}
{"obj": {"type": "LogFloats", "path": ["monitoring", "2b19ba88", "memory"], "values": [{"value": 11.362136840820312, "step": null, "ts": 1699690915.8226602}]}, "version": 26}
{"obj": {"type": "LogFloats", "path": ["monitoring", "2b19ba88", "cpu"], "values": [{"value": 35.5, "step": null, "ts": 1699690925.826377}]}, "version": 27}
{"obj": {"type": "LogFloats", "path": ["monitoring", "2b19ba88", "memory"], "values": [{"value": 11.571685791015625, "step": null, "ts": 1699690925.826377}]}, "version": 28}
{"obj": {"type": "LogFloats", "path": ["monitoring", "2b19ba88", "cpu"], "values": [{"value": 60.1, "step": null, "ts": 1699690935.831529}]}, "version": 29}
{"obj": {"type": "LogFloats", "path": ["monitoring", "2b19ba88", "memory"], "values": [{"value": 11.186721801757812, "step": null, "ts": 1699690935.831529}]}, "version": 30}
{"obj": {"type": "LogFloats", "path": ["monitoring", "2b19ba88", "cpu"], "values": [{"value": 54.0, "step": null, "ts": 1699690945.8374348}]}, "version": 31}
{"obj": {"type": "LogFloats", "path": ["monitoring", "2b19ba88", "memory"], "values": [{"value": 11.326690673828125, "step": null, "ts": 1699690945.8374348}]}, "version": 32}
{"obj": {"type": "LogFloats", "path": ["monitoring", "2b19ba88", "cpu"], "values": [{"value": 44.5, "step": null, "ts": 1699690955.842911}]}, "version": 33}
{"obj": {"type": "LogFloats", "path": ["monitoring", "2b19ba88", "memory"], "values": [{"value": 11.413055419921875, "step": null, "ts": 1699690955.842911}]}, "version": 34}
{"obj": {"type": "LogFloats", "path": ["monitoring", "2b19ba88", "cpu"], "values": [{"value": 23.1, "step": null, "ts": 1699690965.8513658}]}, "version": 35}
{"obj": {"type": "LogFloats", "path": ["monitoring", "2b19ba88", "memory"], "values": [{"value": 11.38189697265625, "step": null, "ts": 1699690965.8513658}]}, "version": 36}
