{"op_code": 0, "worker_id": "ec5640c2-a858-46ef-81d4-656b47b4458f-140108762670912", "study_name": "random_shift_CmaEs", "directions": [1]}
{"op_code": 4, "worker_id": "ec5640c2-a858-46ef-81d4-656b47b4458f-140108762670912", "study_id": 0, "datetime_start": "2023-12-15T23:21:51.448142"}
{"op_code": 0, "worker_id": "948f434d-495c-4458-a57f-93a12efdb1d3-139684570191680", "study_name": "random_shift_CmaEs", "directions": [1]}
{"op_code": 0, "worker_id": "8c511e74-0369-45f9-b566-31291977d499-139683493783360", "study_name": "random_shift_CmaEs", "directions": [1]}
{"op_code": 0, "worker_id": "5111df1b-fb50-4f6a-b49b-ca3ff00b05a9-140178135316288", "study_name": "random_shift_CmaEs", "directions": [1]}
{"op_code": 0, "worker_id": "2f2c5b3d-6412-4a21-98bd-2b9c4c8441d2-139774974129984", "study_name": "random_shift_CmaEs", "directions": [1]}
{"op_code": 0, "worker_id": "1e915dc0-4309-403d-a351-1a65053a1e3e-139817807083328", "study_name": "random_shift_CmaEs", "directions": [1]}
{"op_code": 0, "worker_id": "df9d41aa-b922-4924-93ff-612afe4baee4-140559033042752", "study_name": "random_shift_CmaEs", "directions": [1]}
{"op_code": 4, "worker_id": "8c511e74-0369-45f9-b566-31291977d499-139683493783360", "study_id": 0, "datetime_start": "2023-12-15T23:21:55.408545"}
{"op_code": 4, "worker_id": "2f2c5b3d-6412-4a21-98bd-2b9c4c8441d2-139774974129984", "study_id": 0, "datetime_start": "2023-12-15T23:21:56.698541"}
{"op_code": 0, "worker_id": "866b7072-f1ab-4c1a-b9cd-76529c170325-140652154423104", "study_name": "random_shift_CmaEs", "directions": [1]}
{"op_code": 0, "worker_id": "df655e10-dad3-4f0a-92eb-74068f3359b7-139663804929856", "study_name": "random_shift_CmaEs", "directions": [1]}
{"op_code": 0, "worker_id": "12e550ef-d91e-409a-8a5a-4a9fd9610915-140649535780672", "study_name": "random_shift_CmaEs", "directions": [1]}
{"op_code": 5, "worker_id": "8c511e74-0369-45f9-b566-31291977d499-139683493783360", "trial_id": 1, "param_name": "sr", "param_value_internal": 0.05690354221657304, "distribution": "{\"name\": \"FloatDistribution\", \"attributes\": {\"step\": null, \"low\": 0.01, \"high\": 10.0, \"log\": true}}"}
{"op_code": 4, "worker_id": "5111df1b-fb50-4f6a-b49b-ca3ff00b05a9-140178135316288", "study_id": 0, "datetime_start": "2023-12-15T23:21:59.412270"}
{"op_code": 4, "worker_id": "df9d41aa-b922-4924-93ff-612afe4baee4-140559033042752", "study_id": 0, "datetime_start": "2023-12-15T23:22:03.132280"}
{"op_code": 0, "worker_id": "602aad2b-cc2e-40a5-b101-a96c5c9afd3a-140350679598912", "study_name": "random_shift_CmaEs", "directions": [1]}
{"op_code": 4, "worker_id": "12e550ef-d91e-409a-8a5a-4a9fd9610915-140649535780672", "study_id": 0, "datetime_start": "2023-12-15T23:22:04.614736"}
{"op_code": 5, "worker_id": "8c511e74-0369-45f9-b566-31291977d499-139683493783360", "trial_id": 1, "param_name": "lr", "param_value_internal": 0.06778569489845482, "distribution": "{\"name\": \"FloatDistribution\", \"attributes\": {\"step\": null, \"low\": 0.001, \"high\": 1.0, \"log\": true}}"}
{"op_code": 5, "worker_id": "5111df1b-fb50-4f6a-b49b-ca3ff00b05a9-140178135316288", "trial_id": 3, "param_name": "sr", "param_value_internal": 2.6199122062597797, "distribution": "{\"name\": \"FloatDistribution\", \"attributes\": {\"step\": null, \"low\": 0.01, \"high\": 10.0, \"log\": true}}"}
{"op_code": 5, "worker_id": "12e550ef-d91e-409a-8a5a-4a9fd9610915-140649535780672", "trial_id": 5, "param_name": "sr", "param_value_internal": 2.927388701169652, "distribution": "{\"name\": \"FloatDistribution\", \"attributes\": {\"step\": null, \"low\": 0.01, \"high\": 10.0, \"log\": true}}"}
{"op_code": 5, "worker_id": "5111df1b-fb50-4f6a-b49b-ca3ff00b05a9-140178135316288", "trial_id": 3, "param_name": "lr", "param_value_internal": 0.005883155344309721, "distribution": "{\"name\": \"FloatDistribution\", \"attributes\": {\"step\": null, \"low\": 0.001, \"high\": 1.0, \"log\": true}}"}
{"op_code": 0, "worker_id": "13356418-c245-46b7-aca3-70011b6bb383-140675648399168", "study_name": "random_shift_CmaEs", "directions": [1]}
{"op_code": 5, "worker_id": "5111df1b-fb50-4f6a-b49b-ca3ff00b05a9-140178135316288", "trial_id": 3, "param_name": "iss", "param_value_internal": 0.012587248771805615, "distribution": "{\"name\": \"FloatDistribution\", \"attributes\": {\"step\": null, \"low\": 0.0, \"high\": 1.0, \"log\": false}}"}
{"op_code": 4, "worker_id": "602aad2b-cc2e-40a5-b101-a96c5c9afd3a-140350679598912", "study_id": 0, "datetime_start": "2023-12-15T23:22:09.381775"}
{"op_code": 5, "worker_id": "5111df1b-fb50-4f6a-b49b-ca3ff00b05a9-140178135316288", "trial_id": 3, "param_name": "ridge", "param_value_internal": 0.00018378604720639775, "distribution": "{\"name\": \"FloatDistribution\", \"attributes\": {\"step\": null, \"low\": 1e-09, \"high\": 0.01, \"log\": true}}"}
{"op_code": 0, "worker_id": "25127607-b490-4a1b-aded-62697ec4be52-140456510560064", "study_name": "random_shift_CmaEs", "directions": [1]}
{"op_code": 0, "worker_id": "9051a67c-c0b3-44e6-9ca3-4bb68550b7f9-139923756029760", "study_name": "random_shift_CmaEs", "directions": [1]}
{"op_code": 0, "worker_id": "20540f3b-d441-4356-b3c2-79b2de25f972-140213811582784", "study_name": "random_shift_CmaEs", "directions": [1]}
{"op_code": 4, "worker_id": "13356418-c245-46b7-aca3-70011b6bb383-140675648399168", "study_id": 0, "datetime_start": "2023-12-15T23:22:11.934525"}
{"op_code": 0, "worker_id": "07008050-a316-4863-a5d0-f36200732d1c-139771201374016", "study_name": "random_shift_CmaEs", "directions": [1]}
{"op_code": 5, "worker_id": "2f2c5b3d-6412-4a21-98bd-2b9c4c8441d2-139774974129984", "trial_id": 2, "param_name": "sr", "param_value_internal": 1.9383670586656399, "distribution": "{\"name\": \"FloatDistribution\", \"attributes\": {\"step\": null, \"low\": 0.01, \"high\": 10.0, \"log\": true}}"}
{"op_code": 5, "worker_id": "12e550ef-d91e-409a-8a5a-4a9fd9610915-140649535780672", "trial_id": 5, "param_name": "lr", "param_value_internal": 0.010545686020348059, "distribution": "{\"name\": \"FloatDistribution\", \"attributes\": {\"step\": null, \"low\": 0.001, \"high\": 1.0, \"log\": true}}"}
{"op_code": 4, "worker_id": "25127607-b490-4a1b-aded-62697ec4be52-140456510560064", "study_id": 0, "datetime_start": "2023-12-15T23:22:13.376883"}
{"op_code": 5, "worker_id": "12e550ef-d91e-409a-8a5a-4a9fd9610915-140649535780672", "trial_id": 5, "param_name": "iss", "param_value_internal": 0.0495750788624868, "distribution": "{\"name\": \"FloatDistribution\", \"attributes\": {\"step\": null, \"low\": 0.0, \"high\": 1.0, \"log\": false}}"}
{"op_code": 4, "worker_id": "20540f3b-d441-4356-b3c2-79b2de25f972-140213811582784", "study_id": 0, "datetime_start": "2023-12-15T23:22:15.393139"}
{"op_code": 5, "worker_id": "12e550ef-d91e-409a-8a5a-4a9fd9610915-140649535780672", "trial_id": 5, "param_name": "ridge", "param_value_internal": 1.6113913384206747e-08, "distribution": "{\"name\": \"FloatDistribution\", \"attributes\": {\"step\": null, \"low\": 1e-09, \"high\": 0.01, \"log\": true}}"}
{"op_code": 4, "worker_id": "07008050-a316-4863-a5d0-f36200732d1c-139771201374016", "study_id": 0, "datetime_start": "2023-12-15T23:22:16.391200"}
{"op_code": 5, "worker_id": "25127607-b490-4a1b-aded-62697ec4be52-140456510560064", "trial_id": 8, "param_name": "sr", "param_value_internal": 0.2488233103431151, "distribution": "{\"name\": \"FloatDistribution\", \"attributes\": {\"step\": null, \"low\": 0.01, \"high\": 10.0, \"log\": true}}"}
{"op_code": 5, "worker_id": "602aad2b-cc2e-40a5-b101-a96c5c9afd3a-140350679598912", "trial_id": 6, "param_name": "sr", "param_value_internal": 2.6319765164422115, "distribution": "{\"name\": \"FloatDistribution\", \"attributes\": {\"step\": null, \"low\": 0.01, \"high\": 10.0, \"log\": true}}"}
{"op_code": 5, "worker_id": "25127607-b490-4a1b-aded-62697ec4be52-140456510560064", "trial_id": 8, "param_name": "lr", "param_value_internal": 0.1910422842316654, "distribution": "{\"name\": \"FloatDistribution\", \"attributes\": {\"step\": null, \"low\": 0.001, \"high\": 1.0, \"log\": true}}"}
{"op_code": 5, "worker_id": "602aad2b-cc2e-40a5-b101-a96c5c9afd3a-140350679598912", "trial_id": 6, "param_name": "lr", "param_value_internal": 0.614262293837134, "distribution": "{\"name\": \"FloatDistribution\", \"attributes\": {\"step\": null, \"low\": 0.001, \"high\": 1.0, \"log\": true}}"}
{"op_code": 5, "worker_id": "07008050-a316-4863-a5d0-f36200732d1c-139771201374016", "trial_id": 10, "param_name": "sr", "param_value_internal": 2.285510352767682, "distribution": "{\"name\": \"FloatDistribution\", \"attributes\": {\"step\": null, \"low\": 0.01, \"high\": 10.0, \"log\": true}}"}
{"op_code": 5, "worker_id": "602aad2b-cc2e-40a5-b101-a96c5c9afd3a-140350679598912", "trial_id": 6, "param_name": "iss", "param_value_internal": 0.6739470899671653, "distribution": "{\"name\": \"FloatDistribution\", \"attributes\": {\"step\": null, \"low\": 0.0, \"high\": 1.0, \"log\": false}}"}
{"op_code": 5, "worker_id": "07008050-a316-4863-a5d0-f36200732d1c-139771201374016", "trial_id": 10, "param_name": "lr", "param_value_internal": 0.2639103764500042, "distribution": "{\"name\": \"FloatDistribution\", \"attributes\": {\"step\": null, \"low\": 0.001, \"high\": 1.0, \"log\": true}}"}
{"op_code": 5, "worker_id": "602aad2b-cc2e-40a5-b101-a96c5c9afd3a-140350679598912", "trial_id": 6, "param_name": "ridge", "param_value_internal": 6.058540626191954e-08, "distribution": "{\"name\": \"FloatDistribution\", \"attributes\": {\"step\": null, \"low\": 1e-09, \"high\": 0.01, \"log\": true}}"}
{"op_code": 5, "worker_id": "07008050-a316-4863-a5d0-f36200732d1c-139771201374016", "trial_id": 10, "param_name": "iss", "param_value_internal": 0.033838420008653114, "distribution": "{\"name\": \"FloatDistribution\", \"attributes\": {\"step\": null, \"low\": 0.0, \"high\": 1.0, \"log\": false}}"}
{"op_code": 5, "worker_id": "25127607-b490-4a1b-aded-62697ec4be52-140456510560064", "trial_id": 8, "param_name": "iss", "param_value_internal": 0.9038687882199405, "distribution": "{\"name\": \"FloatDistribution\", \"attributes\": {\"step\": null, \"low\": 0.0, \"high\": 1.0, \"log\": false}}"}
{"op_code": 5, "worker_id": "07008050-a316-4863-a5d0-f36200732d1c-139771201374016", "trial_id": 10, "param_name": "ridge", "param_value_internal": 0.00010145365772573712, "distribution": "{\"name\": \"FloatDistribution\", \"attributes\": {\"step\": null, \"low\": 1e-09, \"high\": 0.01, \"log\": true}}"}
{"op_code": 5, "worker_id": "25127607-b490-4a1b-aded-62697ec4be52-140456510560064", "trial_id": 8, "param_name": "ridge", "param_value_internal": 1.4040718742226488e-08, "distribution": "{\"name\": \"FloatDistribution\", \"attributes\": {\"step\": null, \"low\": 1e-09, \"high\": 0.01, \"log\": true}}"}
{"op_code": 5, "worker_id": "8c511e74-0369-45f9-b566-31291977d499-139683493783360", "trial_id": 1, "param_name": "iss", "param_value_internal": 0.8797479516818264, "distribution": "{\"name\": \"FloatDistribution\", \"attributes\": {\"step\": null, \"low\": 0.0, \"high\": 1.0, \"log\": false}}"}
{"op_code": 5, "worker_id": "2f2c5b3d-6412-4a21-98bd-2b9c4c8441d2-139774974129984", "trial_id": 2, "param_name": "lr", "param_value_internal": 0.2961099628170625, "distribution": "{\"name\": \"FloatDistribution\", \"attributes\": {\"step\": null, \"low\": 0.001, \"high\": 1.0, \"log\": true}}"}
{"op_code": 5, "worker_id": "8c511e74-0369-45f9-b566-31291977d499-139683493783360", "trial_id": 1, "param_name": "ridge", "param_value_internal": 8.929504916839654e-06, "distribution": "{\"name\": \"FloatDistribution\", \"attributes\": {\"step\": null, \"low\": 1e-09, \"high\": 0.01, \"log\": true}}"}
{"op_code": 5, "worker_id": "2f2c5b3d-6412-4a21-98bd-2b9c4c8441d2-139774974129984", "trial_id": 2, "param_name": "iss", "param_value_internal": 0.28604745595434, "distribution": "{\"name\": \"FloatDistribution\", \"attributes\": {\"step\": null, \"low\": 0.0, \"high\": 1.0, \"log\": false}}"}
{"op_code": 4, "worker_id": "df655e10-dad3-4f0a-92eb-74068f3359b7-139663804929856", "study_id": 0, "datetime_start": "2023-12-15T23:22:06.092619"}
{"op_code": 5, "worker_id": "2f2c5b3d-6412-4a21-98bd-2b9c4c8441d2-139774974129984", "trial_id": 2, "param_name": "ridge", "param_value_internal": 2.2717749386806654e-05, "distribution": "{\"name\": \"FloatDistribution\", \"attributes\": {\"step\": null, \"low\": 1e-09, \"high\": 0.01, \"log\": true}}"}
{"op_code": 4, "worker_id": "866b7072-f1ab-4c1a-b9cd-76529c170325-140652154423104", "study_id": 0, "datetime_start": "2023-12-15T23:22:06.094144"}
{"op_code": 5, "worker_id": "df655e10-dad3-4f0a-92eb-74068f3359b7-139663804929856", "trial_id": 11, "param_name": "sr", "param_value_internal": 0.21265364850407165, "distribution": "{\"name\": \"FloatDistribution\", \"attributes\": {\"step\": null, \"low\": 0.01, \"high\": 10.0, \"log\": true}}"}
{"op_code": 5, "worker_id": "df655e10-dad3-4f0a-92eb-74068f3359b7-139663804929856", "trial_id": 11, "param_name": "lr", "param_value_internal": 0.01803848854112464, "distribution": "{\"name\": \"FloatDistribution\", \"attributes\": {\"step\": null, \"low\": 0.001, \"high\": 1.0, \"log\": true}}"}
{"op_code": 5, "worker_id": "df9d41aa-b922-4924-93ff-612afe4baee4-140559033042752", "trial_id": 4, "param_name": "sr", "param_value_internal": 0.010371010115232334, "distribution": "{\"name\": \"FloatDistribution\", \"attributes\": {\"step\": null, \"low\": 0.01, \"high\": 10.0, \"log\": true}}"}
{"op_code": 5, "worker_id": "df655e10-dad3-4f0a-92eb-74068f3359b7-139663804929856", "trial_id": 11, "param_name": "iss", "param_value_internal": 0.480506007742285, "distribution": "{\"name\": \"FloatDistribution\", \"attributes\": {\"step\": null, \"low\": 0.0, \"high\": 1.0, \"log\": false}}"}
{"op_code": 5, "worker_id": "df9d41aa-b922-4924-93ff-612afe4baee4-140559033042752", "trial_id": 4, "param_name": "lr", "param_value_internal": 0.21761349941973762, "distribution": "{\"name\": \"FloatDistribution\", \"attributes\": {\"step\": null, \"low\": 0.001, \"high\": 1.0, \"log\": true}}"}
{"op_code": 5, "worker_id": "df655e10-dad3-4f0a-92eb-74068f3359b7-139663804929856", "trial_id": 11, "param_name": "ridge", "param_value_internal": 5.627292761201278e-08, "distribution": "{\"name\": \"FloatDistribution\", \"attributes\": {\"step\": null, \"low\": 1e-09, \"high\": 0.01, \"log\": true}}"}
{"op_code": 5, "worker_id": "df9d41aa-b922-4924-93ff-612afe4baee4-140559033042752", "trial_id": 4, "param_name": "iss", "param_value_internal": 0.7318169624291625, "distribution": "{\"name\": \"FloatDistribution\", \"attributes\": {\"step\": null, \"low\": 0.0, \"high\": 1.0, \"log\": false}}"}
{"op_code": 5, "worker_id": "df9d41aa-b922-4924-93ff-612afe4baee4-140559033042752", "trial_id": 4, "param_name": "ridge", "param_value_internal": 0.0016235655672490737, "distribution": "{\"name\": \"FloatDistribution\", \"attributes\": {\"step\": null, \"low\": 1e-09, \"high\": 0.01, \"log\": true}}"}
{"op_code": 5, "worker_id": "866b7072-f1ab-4c1a-b9cd-76529c170325-140652154423104", "trial_id": 12, "param_name": "sr", "param_value_internal": 2.9594051580462524, "distribution": "{\"name\": \"FloatDistribution\", \"attributes\": {\"step\": null, \"low\": 0.01, \"high\": 10.0, \"log\": true}}"}
{"op_code": 5, "worker_id": "866b7072-f1ab-4c1a-b9cd-76529c170325-140652154423104", "trial_id": 12, "param_name": "lr", "param_value_internal": 0.01786561619686912, "distribution": "{\"name\": \"FloatDistribution\", \"attributes\": {\"step\": null, \"low\": 0.001, \"high\": 1.0, \"log\": true}}"}
{"op_code": 4, "worker_id": "1e915dc0-4309-403d-a351-1a65053a1e3e-139817807083328", "study_id": 0, "datetime_start": "2023-12-15T23:22:03.132184"}
{"op_code": 5, "worker_id": "866b7072-f1ab-4c1a-b9cd-76529c170325-140652154423104", "trial_id": 12, "param_name": "iss", "param_value_internal": 0.8486368759234529, "distribution": "{\"name\": \"FloatDistribution\", \"attributes\": {\"step\": null, \"low\": 0.0, \"high\": 1.0, \"log\": false}}"}
{"op_code": 5, "worker_id": "866b7072-f1ab-4c1a-b9cd-76529c170325-140652154423104", "trial_id": 12, "param_name": "ridge", "param_value_internal": 5.982069593842703e-05, "distribution": "{\"name\": \"FloatDistribution\", \"attributes\": {\"step\": null, \"low\": 1e-09, \"high\": 0.01, \"log\": true}}"}
{"op_code": 0, "worker_id": "a86b215d-e60f-4d9e-90cb-92a2cc9a08f8-139670796232512", "study_name": "random_shift_CmaEs", "directions": [1]}
{"op_code": 5, "worker_id": "1e915dc0-4309-403d-a351-1a65053a1e3e-139817807083328", "trial_id": 13, "param_name": "sr", "param_value_internal": 1.0315899792004382, "distribution": "{\"name\": \"FloatDistribution\", \"attributes\": {\"step\": null, \"low\": 0.01, \"high\": 10.0, \"log\": true}}"}
{"op_code": 5, "worker_id": "1e915dc0-4309-403d-a351-1a65053a1e3e-139817807083328", "trial_id": 13, "param_name": "lr", "param_value_internal": 0.011636991193824145, "distribution": "{\"name\": \"FloatDistribution\", \"attributes\": {\"step\": null, \"low\": 0.001, \"high\": 1.0, \"log\": true}}"}
{"op_code": 5, "worker_id": "ec5640c2-a858-46ef-81d4-656b47b4458f-140108762670912", "trial_id": 0, "param_name": "sr", "param_value_internal": 0.7129000251158999, "distribution": "{\"name\": \"FloatDistribution\", \"attributes\": {\"step\": null, \"low\": 0.01, \"high\": 10.0, \"log\": true}}"}
{"op_code": 5, "worker_id": "1e915dc0-4309-403d-a351-1a65053a1e3e-139817807083328", "trial_id": 13, "param_name": "iss", "param_value_internal": 0.5752701367818941, "distribution": "{\"name\": \"FloatDistribution\", \"attributes\": {\"step\": null, \"low\": 0.0, \"high\": 1.0, \"log\": false}}"}
{"op_code": 5, "worker_id": "ec5640c2-a858-46ef-81d4-656b47b4458f-140108762670912", "trial_id": 0, "param_name": "lr", "param_value_internal": 0.028369683948665323, "distribution": "{\"name\": \"FloatDistribution\", \"attributes\": {\"step\": null, \"low\": 0.001, \"high\": 1.0, \"log\": true}}"}
{"op_code": 4, "worker_id": "a86b215d-e60f-4d9e-90cb-92a2cc9a08f8-139670796232512", "study_id": 0, "datetime_start": "2023-12-15T23:22:30.954333"}
{"op_code": 5, "worker_id": "ec5640c2-a858-46ef-81d4-656b47b4458f-140108762670912", "trial_id": 0, "param_name": "iss", "param_value_internal": 0.4548079824935084, "distribution": "{\"name\": \"FloatDistribution\", \"attributes\": {\"step\": null, \"low\": 0.0, \"high\": 1.0, \"log\": false}}"}
{"op_code": 5, "worker_id": "ec5640c2-a858-46ef-81d4-656b47b4458f-140108762670912", "trial_id": 0, "param_name": "ridge", "param_value_internal": 6.171338578692884e-08, "distribution": "{\"name\": \"FloatDistribution\", \"attributes\": {\"step\": null, \"low\": 1e-09, \"high\": 0.01, \"log\": true}}"}
{"op_code": 5, "worker_id": "a86b215d-e60f-4d9e-90cb-92a2cc9a08f8-139670796232512", "trial_id": 14, "param_name": "sr", "param_value_internal": 0.014321713769773972, "distribution": "{\"name\": \"FloatDistribution\", \"attributes\": {\"step\": null, \"low\": 0.01, \"high\": 10.0, \"log\": true}}"}
{"op_code": 5, "worker_id": "a86b215d-e60f-4d9e-90cb-92a2cc9a08f8-139670796232512", "trial_id": 14, "param_name": "lr", "param_value_internal": 0.02353184489912684, "distribution": "{\"name\": \"FloatDistribution\", \"attributes\": {\"step\": null, \"low\": 0.001, \"high\": 1.0, \"log\": true}}"}
{"op_code": 5, "worker_id": "a86b215d-e60f-4d9e-90cb-92a2cc9a08f8-139670796232512", "trial_id": 14, "param_name": "iss", "param_value_internal": 0.6819598195880231, "distribution": "{\"name\": \"FloatDistribution\", \"attributes\": {\"step\": null, \"low\": 0.0, \"high\": 1.0, \"log\": false}}"}
{"op_code": 5, "worker_id": "a86b215d-e60f-4d9e-90cb-92a2cc9a08f8-139670796232512", "trial_id": 14, "param_name": "ridge", "param_value_internal": 0.00014052883812951434, "distribution": "{\"name\": \"FloatDistribution\", \"attributes\": {\"step\": null, \"low\": 1e-09, \"high\": 0.01, \"log\": true}}"}
{"op_code": 4, "worker_id": "9051a67c-c0b3-44e6-9ca3-4bb68550b7f9-139923756029760", "study_id": 0, "datetime_start": "2023-12-15T23:22:14.387464"}
{"op_code": 5, "worker_id": "1e915dc0-4309-403d-a351-1a65053a1e3e-139817807083328", "trial_id": 13, "param_name": "ridge", "param_value_internal": 3.6067279301065964e-08, "distribution": "{\"name\": \"FloatDistribution\", \"attributes\": {\"step\": null, \"low\": 1e-09, \"high\": 0.01, \"log\": true}}"}
{"op_code": 5, "worker_id": "13356418-c245-46b7-aca3-70011b6bb383-140675648399168", "trial_id": 7, "param_name": "sr", "param_value_internal": 0.035645712042681924, "distribution": "{\"name\": \"FloatDistribution\", \"attributes\": {\"step\": null, \"low\": 0.01, \"high\": 10.0, \"log\": true}}"}
{"op_code": 5, "worker_id": "9051a67c-c0b3-44e6-9ca3-4bb68550b7f9-139923756029760", "trial_id": 15, "param_name": "sr", "param_value_internal": 4.651922064820728, "distribution": "{\"name\": \"FloatDistribution\", \"attributes\": {\"step\": null, \"low\": 0.01, \"high\": 10.0, \"log\": true}}"}
{"op_code": 5, "worker_id": "13356418-c245-46b7-aca3-70011b6bb383-140675648399168", "trial_id": 7, "param_name": "lr", "param_value_internal": 0.0890763666298791, "distribution": "{\"name\": \"FloatDistribution\", \"attributes\": {\"step\": null, \"low\": 0.001, \"high\": 1.0, \"log\": true}}"}
{"op_code": 5, "worker_id": "9051a67c-c0b3-44e6-9ca3-4bb68550b7f9-139923756029760", "trial_id": 15, "param_name": "lr", "param_value_internal": 0.06463448936997657, "distribution": "{\"name\": \"FloatDistribution\", \"attributes\": {\"step\": null, \"low\": 0.001, \"high\": 1.0, \"log\": true}}"}
{"op_code": 5, "worker_id": "13356418-c245-46b7-aca3-70011b6bb383-140675648399168", "trial_id": 7, "param_name": "iss", "param_value_internal": 0.7629394531613721, "distribution": "{\"name\": \"FloatDistribution\", \"attributes\": {\"step\": null, \"low\": 0.0, \"high\": 1.0, \"log\": false}}"}
{"op_code": 5, "worker_id": "9051a67c-c0b3-44e6-9ca3-4bb68550b7f9-139923756029760", "trial_id": 15, "param_name": "iss", "param_value_internal": 0.9919429764395983, "distribution": "{\"name\": \"FloatDistribution\", \"attributes\": {\"step\": null, \"low\": 0.0, \"high\": 1.0, \"log\": false}}"}
{"op_code": 5, "worker_id": "13356418-c245-46b7-aca3-70011b6bb383-140675648399168", "trial_id": 7, "param_name": "ridge", "param_value_internal": 0.007463376576542829, "distribution": "{\"name\": \"FloatDistribution\", \"attributes\": {\"step\": null, \"low\": 1e-09, \"high\": 0.01, \"log\": true}}"}
{"op_code": 5, "worker_id": "9051a67c-c0b3-44e6-9ca3-4bb68550b7f9-139923756029760", "trial_id": 15, "param_name": "ridge", "param_value_internal": 8.014755666443719e-09, "distribution": "{\"name\": \"FloatDistribution\", \"attributes\": {\"step\": null, \"low\": 1e-09, \"high\": 0.01, \"log\": true}}"}
{"op_code": 5, "worker_id": "20540f3b-d441-4356-b3c2-79b2de25f972-140213811582784", "trial_id": 9, "param_name": "sr", "param_value_internal": 0.11832438939526095, "distribution": "{\"name\": \"FloatDistribution\", \"attributes\": {\"step\": null, \"low\": 0.01, \"high\": 10.0, \"log\": true}}"}
{"op_code": 5, "worker_id": "20540f3b-d441-4356-b3c2-79b2de25f972-140213811582784", "trial_id": 9, "param_name": "lr", "param_value_internal": 0.0748792976685435, "distribution": "{\"name\": \"FloatDistribution\", \"attributes\": {\"step\": null, \"low\": 0.001, \"high\": 1.0, \"log\": true}}"}
{"op_code": 5, "worker_id": "20540f3b-d441-4356-b3c2-79b2de25f972-140213811582784", "trial_id": 9, "param_name": "iss", "param_value_internal": 0.3884504110135213, "distribution": "{\"name\": \"FloatDistribution\", \"attributes\": {\"step\": null, \"low\": 0.0, \"high\": 1.0, \"log\": false}}"}
{"op_code": 5, "worker_id": "20540f3b-d441-4356-b3c2-79b2de25f972-140213811582784", "trial_id": 9, "param_name": "ridge", "param_value_internal": 2.2235734891358828e-06, "distribution": "{\"name\": \"FloatDistribution\", \"attributes\": {\"step\": null, \"low\": 1e-09, \"high\": 0.01, \"log\": true}}"}
{"op_code": 0, "worker_id": "e764ea3b-58ce-42c2-8493-212580ed9d33-140544022980416", "study_name": "random_shift_CmaEs", "directions": [1]}
{"op_code": 4, "worker_id": "948f434d-495c-4458-a57f-93a12efdb1d3-139684570191680", "study_id": 0, "datetime_start": "2023-12-15T23:21:55.409884"}
{"op_code": 4, "worker_id": "e764ea3b-58ce-42c2-8493-212580ed9d33-140544022980416", "study_id": 0, "datetime_start": "2023-12-15T23:22:41.316474"}
{"op_code": 0, "worker_id": "a154562e-129c-4cf5-a665-d775f7d29034-140119109547840", "study_name": "random_shift_CmaEs", "directions": [1]}
{"op_code": 5, "worker_id": "948f434d-495c-4458-a57f-93a12efdb1d3-139684570191680", "trial_id": 16, "param_name": "sr", "param_value_internal": 2.2671317178331614, "distribution": "{\"name\": \"FloatDistribution\", \"attributes\": {\"step\": null, \"low\": 0.01, \"high\": 10.0, \"log\": true}}"}
{"op_code": 5, "worker_id": "948f434d-495c-4458-a57f-93a12efdb1d3-139684570191680", "trial_id": 16, "param_name": "lr", "param_value_internal": 0.004607586220390406, "distribution": "{\"name\": \"FloatDistribution\", \"attributes\": {\"step\": null, \"low\": 0.001, \"high\": 1.0, \"log\": true}}"}
{"op_code": 5, "worker_id": "e764ea3b-58ce-42c2-8493-212580ed9d33-140544022980416", "trial_id": 17, "param_name": "sr", "param_value_internal": 6.765301278965004, "distribution": "{\"name\": \"FloatDistribution\", \"attributes\": {\"step\": null, \"low\": 0.01, \"high\": 10.0, \"log\": true}}"}
{"op_code": 5, "worker_id": "948f434d-495c-4458-a57f-93a12efdb1d3-139684570191680", "trial_id": 16, "param_name": "iss", "param_value_internal": 0.47094497681390934, "distribution": "{\"name\": \"FloatDistribution\", \"attributes\": {\"step\": null, \"low\": 0.0, \"high\": 1.0, \"log\": false}}"}
{"op_code": 5, "worker_id": "e764ea3b-58ce-42c2-8493-212580ed9d33-140544022980416", "trial_id": 17, "param_name": "lr", "param_value_internal": 0.0157116079658601, "distribution": "{\"name\": \"FloatDistribution\", \"attributes\": {\"step\": null, \"low\": 0.001, \"high\": 1.0, \"log\": true}}"}
{"op_code": 4, "worker_id": "a154562e-129c-4cf5-a665-d775f7d29034-140119109547840", "study_id": 0, "datetime_start": "2023-12-15T23:22:43.284269"}
{"op_code": 5, "worker_id": "e764ea3b-58ce-42c2-8493-212580ed9d33-140544022980416", "trial_id": 17, "param_name": "iss", "param_value_internal": 0.4846212823526731, "distribution": "{\"name\": \"FloatDistribution\", \"attributes\": {\"step\": null, \"low\": 0.0, \"high\": 1.0, \"log\": false}}"}
{"op_code": 5, "worker_id": "948f434d-495c-4458-a57f-93a12efdb1d3-139684570191680", "trial_id": 16, "param_name": "ridge", "param_value_internal": 1.7238744339820574e-05, "distribution": "{\"name\": \"FloatDistribution\", \"attributes\": {\"step\": null, \"low\": 1e-09, \"high\": 0.01, \"log\": true}}"}
{"op_code": 5, "worker_id": "e764ea3b-58ce-42c2-8493-212580ed9d33-140544022980416", "trial_id": 17, "param_name": "ridge", "param_value_internal": 4.066344897193898e-06, "distribution": "{\"name\": \"FloatDistribution\", \"attributes\": {\"step\": null, \"low\": 1e-09, \"high\": 0.01, \"log\": true}}"}
{"op_code": 5, "worker_id": "a154562e-129c-4cf5-a665-d775f7d29034-140119109547840", "trial_id": 18, "param_name": "sr", "param_value_internal": 1.7569563301174407, "distribution": "{\"name\": \"FloatDistribution\", \"attributes\": {\"step\": null, \"low\": 0.01, \"high\": 10.0, \"log\": true}}"}
{"op_code": 5, "worker_id": "a154562e-129c-4cf5-a665-d775f7d29034-140119109547840", "trial_id": 18, "param_name": "lr", "param_value_internal": 0.05419014728625628, "distribution": "{\"name\": \"FloatDistribution\", \"attributes\": {\"step\": null, \"low\": 0.001, \"high\": 1.0, \"log\": true}}"}
{"op_code": 5, "worker_id": "a154562e-129c-4cf5-a665-d775f7d29034-140119109547840", "trial_id": 18, "param_name": "iss", "param_value_internal": 0.12688121138578223, "distribution": "{\"name\": \"FloatDistribution\", \"attributes\": {\"step\": null, \"low\": 0.0, \"high\": 1.0, \"log\": false}}"}
{"op_code": 5, "worker_id": "a154562e-129c-4cf5-a665-d775f7d29034-140119109547840", "trial_id": 18, "param_name": "ridge", "param_value_internal": 0.0002570342702327097, "distribution": "{\"name\": \"FloatDistribution\", \"attributes\": {\"step\": null, \"low\": 1e-09, \"high\": 0.01, \"log\": true}}"}
{"op_code": 0, "worker_id": "46f7d4a6-bed4-4aaa-bfba-91e780c1f00f-140660838618944", "study_name": "random_shift_CmaEs", "directions": [1]}
{"op_code": 4, "worker_id": "46f7d4a6-bed4-4aaa-bfba-91e780c1f00f-140660838618944", "study_id": 0, "datetime_start": "2023-12-15T23:22:48.958073"}
{"op_code": 5, "worker_id": "46f7d4a6-bed4-4aaa-bfba-91e780c1f00f-140660838618944", "trial_id": 19, "param_name": "sr", "param_value_internal": 2.494563964464447, "distribution": "{\"name\": \"FloatDistribution\", \"attributes\": {\"step\": null, \"low\": 0.01, \"high\": 10.0, \"log\": true}}"}
{"op_code": 5, "worker_id": "46f7d4a6-bed4-4aaa-bfba-91e780c1f00f-140660838618944", "trial_id": 19, "param_name": "lr", "param_value_internal": 0.1998020997237629, "distribution": "{\"name\": \"FloatDistribution\", \"attributes\": {\"step\": null, \"low\": 0.001, \"high\": 1.0, \"log\": true}}"}
{"op_code": 5, "worker_id": "46f7d4a6-bed4-4aaa-bfba-91e780c1f00f-140660838618944", "trial_id": 19, "param_name": "iss", "param_value_internal": 0.9118159782463059, "distribution": "{\"name\": \"FloatDistribution\", \"attributes\": {\"step\": null, \"low\": 0.0, \"high\": 1.0, \"log\": false}}"}
{"op_code": 5, "worker_id": "46f7d4a6-bed4-4aaa-bfba-91e780c1f00f-140660838618944", "trial_id": 19, "param_name": "ridge", "param_value_internal": 1.3439986010572735e-07, "distribution": "{\"name\": \"FloatDistribution\", \"attributes\": {\"step\": null, \"low\": 1e-09, \"high\": 0.01, \"log\": true}}"}
{"op_code": 6, "worker_id": "12e550ef-d91e-409a-8a5a-4a9fd9610915-140649535780672", "trial_id": 5, "state": 1, "values": [557.828866167321], "datetime_complete": "2023-12-15T23:52:06.369960"}
{"op_code": 6, "worker_id": "8c511e74-0369-45f9-b566-31291977d499-139683493783360", "trial_id": 1, "state": 1, "values": [0.027279272369303536], "datetime_complete": "2023-12-15T23:52:13.254828"}
{"op_code": 6, "worker_id": "df655e10-dad3-4f0a-92eb-74068f3359b7-139663804929856", "trial_id": 11, "state": 1, "values": [0.08911861910055181], "datetime_complete": "2023-12-15T23:52:19.787835"}
{"op_code": 6, "worker_id": "df9d41aa-b922-4924-93ff-612afe4baee4-140559033042752", "trial_id": 4, "state": 1, "values": [0.02471608723554856], "datetime_complete": "2023-12-15T23:52:21.360131"}
{"op_code": 6, "worker_id": "5111df1b-fb50-4f6a-b49b-ca3ff00b05a9-140178135316288", "trial_id": 3, "state": 1, "values": [180.5158391892597], "datetime_complete": "2023-12-15T23:52:28.001176"}
{"op_code": 6, "worker_id": "602aad2b-cc2e-40a5-b101-a96c5c9afd3a-140350679598912", "trial_id": 6, "state": 1, "values": [0.026778581703073814], "datetime_complete": "2023-12-15T23:52:28.900793"}
{"op_code": 6, "worker_id": "ec5640c2-a858-46ef-81d4-656b47b4458f-140108762670912", "trial_id": 0, "state": 1, "values": [0.31274204424652813], "datetime_complete": "2023-12-15T23:52:31.277120"}
{"op_code": 6, "worker_id": "e764ea3b-58ce-42c2-8493-212580ed9d33-140544022980416", "trial_id": 17, "state": 1, "values": [39.43983620973687], "datetime_complete": "2023-12-15T23:52:39.514164"}
{"op_code": 6, "worker_id": "1e915dc0-4309-403d-a351-1a65053a1e3e-139817807083328", "trial_id": 13, "state": 1, "values": [2.6514482039062774], "datetime_complete": "2023-12-15T23:52:40.011406"}
{"op_code": 6, "worker_id": "07008050-a316-4863-a5d0-f36200732d1c-139771201374016", "trial_id": 10, "state": 1, "values": [1.4993360505264206], "datetime_complete": "2023-12-15T23:52:42.216333"}
{"op_code": 6, "worker_id": "2f2c5b3d-6412-4a21-98bd-2b9c4c8441d2-139774974129984", "trial_id": 2, "state": 1, "values": [0.2642245359215618], "datetime_complete": "2023-12-15T23:52:44.182545"}
{"op_code": 6, "worker_id": "25127607-b490-4a1b-aded-62697ec4be52-140456510560064", "trial_id": 8, "state": 1, "values": [0.0895945182821218], "datetime_complete": "2023-12-15T23:52:47.806150"}
{"op_code": 6, "worker_id": "46f7d4a6-bed4-4aaa-bfba-91e780c1f00f-140660838618944", "trial_id": 19, "state": 1, "values": [0.24265421643258533], "datetime_complete": "2023-12-15T23:52:49.709187"}
{"op_code": 6, "worker_id": "20540f3b-d441-4356-b3c2-79b2de25f972-140213811582784", "trial_id": 9, "state": 1, "values": [0.009899480076283614], "datetime_complete": "2023-12-15T23:52:49.926687"}
{"op_code": 6, "worker_id": "866b7072-f1ab-4c1a-b9cd-76529c170325-140652154423104", "trial_id": 12, "state": 1, "values": [24.800028779517444], "datetime_complete": "2023-12-15T23:52:53.508588"}
{"op_code": 6, "worker_id": "13356418-c245-46b7-aca3-70011b6bb383-140675648399168", "trial_id": 7, "state": 1, "values": [0.02995493896397951], "datetime_complete": "2023-12-15T23:52:59.445249"}
{"op_code": 6, "worker_id": "9051a67c-c0b3-44e6-9ca3-4bb68550b7f9-139923756029760", "trial_id": 15, "state": 1, "values": [5.146107201148866], "datetime_complete": "2023-12-15T23:53:02.891772"}
{"op_code": 6, "worker_id": "a154562e-129c-4cf5-a665-d775f7d29034-140119109547840", "trial_id": 18, "state": 1, "values": [2.2727113462187134], "datetime_complete": "2023-12-15T23:53:08.035137"}
{"op_code": 6, "worker_id": "a86b215d-e60f-4d9e-90cb-92a2cc9a08f8-139670796232512", "trial_id": 14, "state": 1, "values": [0.04716843360860898], "datetime_complete": "2023-12-15T23:53:12.821542"}
{"op_code": 6, "worker_id": "948f434d-495c-4458-a57f-93a12efdb1d3-139684570191680", "trial_id": 16, "state": 1, "values": [106.45417655172378], "datetime_complete": "2023-12-15T23:53:21.231719"}
{"op_code": 7, "worker_id": "12e550ef-d91e-409a-8a5a-4a9fd9610915-140649535780672", "trial_id": 5, "step": 0, "intermediate_value": 557.828866167321}
