{"obj": {"type": "AssignString", "path": ["sys", "name"], "value": "Untitled"}, "version": 1}
{"obj": {"type": "AssignString", "path": ["sys", "description"], "value": ""}, "version": 2}
{"obj": {"type": "AssignString", "path": ["monitoring", "305d4ce9", "hostname"], "value": "ManQueennoMacBook-Pro.local"}, "version": 3}
{"obj": {"type": "AssignString", "path": ["sys", "hostname"], "value": "ManQueennoMacBook-Pro.local"}, "version": 4}
{"obj": {"type": "AssignString", "path": ["monitoring", "305d4ce9", "pid"], "value": "10543"}, "version": 5}
{"obj": {"type": "AssignString", "path": ["monitoring", "305d4ce9", "tid"], "value": "8080793280"}, "version": 6}
{"obj": {"type": "AssignBool", "path": ["sys", "failed"], "value": false}, "version": 7}
{"obj": {"type": "ClearStringLog", "path": ["monitoring", "305d4ce9", "stdout"]}, "version": 8}
{"obj": {"type": "ClearStringLog", "path": ["monitoring", "305d4ce9", "stderr"]}, "version": 9}
{"obj": {"type": "AssignString", "path": ["source_code", "entrypoint"], "value": "2.1.3.py"}, "version": 10}
{"obj": {"type": "UploadFileSet", "path": ["source_code", "files"], "file_globs": ["/Users/manqueenmannequin/mygit/B4thesis_public/mywork/program/Rossler\u4e88\u6e2c_new/2/2.1/2.1.3.py"], "reset": "False"}, "version": 11}
{"obj": {"type": "UploadFile", "path": ["source_code", "diff"], "ext": "patch", "file_path": null, "tmp_file_name": "source_code_diff-1699690957.195586-2023-11-11_17.22.37.195586.patch", "clean_after_upload": false}, "version": 12}
{"obj": {"type": "ConfigFloatSeries", "path": ["monitoring", "305d4ce9", "cpu"], "min": 0.0, "max": 100.0, "unit": "%"}, "version": 13}
{"obj": {"type": "ClearFloatLog", "path": ["monitoring", "305d4ce9", "cpu"]}, "version": 14}
{"obj": {"type": "ConfigFloatSeries", "path": ["monitoring", "305d4ce9", "memory"], "min": 0.0, "max": 16.0, "unit": "GB"}, "version": 15}
{"obj": {"type": "ClearFloatLog", "path": ["monitoring", "305d4ce9", "memory"]}, "version": 16}
{"obj": {"type": "LogFloats", "path": ["monitoring", "305d4ce9", "cpu"], "values": [{"value": 28.3, "step": null, "ts": 1699690957.201474}]}, "version": 17}
{"obj": {"type": "LogFloats", "path": ["monitoring", "305d4ce9", "memory"], "values": [{"value": 11.469329833984375, "step": null, "ts": 1699690957.201474}]}, "version": 18}
{"obj": {"type": "LogFloats", "path": ["monitoring", "305d4ce9", "cpu"], "values": [{"value": 32.4, "step": null, "ts": 1699690967.206722}]}, "version": 19}
{"obj": {"type": "LogFloats", "path": ["monitoring", "305d4ce9", "memory"], "values": [{"value": 11.3406982421875, "step": null, "ts": 1699690967.206722}]}, "version": 20}
