{"obj": {"type": "AssignString", "path": ["sys", "name"], "value": "Untitled"}, "version": 1}
{"obj": {"type": "AssignString", "path": ["sys", "description"], "value": ""}, "version": 2}
{"obj": {"type": "AssignString", "path": ["monitoring", "55538622", "hostname"], "value": "ManQueennoMacBook-Pro.local"}, "version": 3}
{"obj": {"type": "AssignString", "path": ["sys", "hostname"], "value": "ManQueennoMacBook-Pro.local"}, "version": 4}
{"obj": {"type": "AssignString", "path": ["monitoring", "55538622", "pid"], "value": "18879"}, "version": 5}
{"obj": {"type": "AssignString", "path": ["monitoring", "55538622", "tid"], "value": "8080793280"}, "version": 6}
{"obj": {"type": "AssignBool", "path": ["sys", "failed"], "value": false}, "version": 7}
{"obj": {"type": "ClearStringLog", "path": ["monitoring", "55538622", "stdout"]}, "version": 8}
{"obj": {"type": "ClearStringLog", "path": ["monitoring", "55538622", "stderr"]}, "version": 9}
{"obj": {"type": "AssignString", "path": ["source_code", "entrypoint"], "value": "2.1.3.py"}, "version": 10}
{"obj": {"type": "UploadFileSet", "path": ["source_code", "files"], "file_globs": ["/Users/manqueenmannequin/mygit/B4thesis_public/mywork/program/Rossler\u4e88\u6e2c_new/2/2.1/2.1.3.py"], "reset": "False"}, "version": 11}
{"obj": {"type": "UploadFile", "path": ["source_code", "diff"], "ext": "patch", "file_path": null, "tmp_file_name": "source_code_diff-1699708610.00932-2023-11-11_22.16.50.009320.patch", "clean_after_upload": false}, "version": 12}
{"obj": {"type": "ConfigFloatSeries", "path": ["monitoring", "55538622", "cpu"], "min": 0.0, "max": 100.0, "unit": "%"}, "version": 13}
{"obj": {"type": "ClearFloatLog", "path": ["monitoring", "55538622", "cpu"]}, "version": 14}
{"obj": {"type": "LogStrings", "path": ["monitoring", "55538622", "stderr"], "values": [{"value": "Info (NVML): NVML Shared Library Not Found. GPU usage metrics may not be reported. For more information, see https://docs.neptune.ai/help/nvml_error/\n", "step": null, "ts": 1699708610.016412}]}, "version": 15}
{"obj": {"type": "ConfigFloatSeries", "path": ["monitoring", "55538622", "memory"], "min": 0.0, "max": 16.0, "unit": "GB"}, "version": 16}
{"obj": {"type": "ClearFloatLog", "path": ["monitoring", "55538622", "memory"]}, "version": 17}
{"obj": {"type": "LogFloats", "path": ["monitoring", "55538622", "cpu"], "values": [{"value": 41.0, "step": null, "ts": 1699708610.0169861}]}, "version": 18}
{"obj": {"type": "AssignString", "path": ["source_code", "integrations", "neptune-optuna"], "value": "1.1.0"}, "version": 19}
{"obj": {"type": "LogFloats", "path": ["monitoring", "55538622", "memory"], "values": [{"value": 10.180435180664062, "step": null, "ts": 1699708610.0169861}]}, "version": 20}
{"obj": {"type": "LogFloats", "path": ["monitoring", "55538622", "cpu"], "values": [{"value": 78.1, "step": null, "ts": 1699708620.022629}]}, "version": 21}
{"obj": {"type": "LogFloats", "path": ["monitoring", "55538622", "memory"], "values": [{"value": 10.222503662109375, "step": null, "ts": 1699708620.022629}]}, "version": 22}
{"obj": {"type": "LogFloats", "path": ["monitoring", "55538622", "cpu"], "values": [{"value": 78.5, "step": null, "ts": 1699708630.0464482}]}, "version": 23}
{"obj": {"type": "LogFloats", "path": ["monitoring", "55538622", "memory"], "values": [{"value": 10.268783569335938, "step": null, "ts": 1699708630.0464482}]}, "version": 24}
{"obj": {"type": "LogFloats", "path": ["monitoring", "55538622", "cpu"], "values": [{"value": 76.6, "step": null, "ts": 1699708640.048116}]}, "version": 25}
{"obj": {"type": "LogFloats", "path": ["monitoring", "55538622", "memory"], "values": [{"value": 10.410491943359375, "step": null, "ts": 1699708640.048116}]}, "version": 26}
{"obj": {"type": "LogFloats", "path": ["monitoring", "55538622", "cpu"], "values": [{"value": 80.4, "step": null, "ts": 1699708650.0536802}]}, "version": 27}
{"obj": {"type": "LogFloats", "path": ["monitoring", "55538622", "memory"], "values": [{"value": 10.462921142578125, "step": null, "ts": 1699708650.0536802}]}, "version": 28}
{"obj": {"type": "LogFloats", "path": ["monitoring", "55538622", "cpu"], "values": [{"value": 80.2, "step": null, "ts": 1699708660.05619}]}, "version": 29}
{"obj": {"type": "LogFloats", "path": ["monitoring", "55538622", "memory"], "values": [{"value": 10.699600219726562, "step": null, "ts": 1699708660.05619}]}, "version": 30}
{"obj": {"type": "LogFloats", "path": ["monitoring", "55538622", "cpu"], "values": [{"value": 94.6, "step": null, "ts": 1699708670.0611572}]}, "version": 31}
{"obj": {"type": "LogFloats", "path": ["monitoring", "55538622", "memory"], "values": [{"value": 11.324859619140625, "step": null, "ts": 1699708670.0611572}]}, "version": 32}
{"obj": {"type": "LogFloats", "path": ["monitoring", "55538622", "cpu"], "values": [{"value": 99.9, "step": null, "ts": 1699708741.613037}]}, "version": 33}
{"obj": {"type": "LogFloats", "path": ["monitoring", "55538622", "memory"], "values": [{"value": 10.975677490234375, "step": null, "ts": 1699708741.613037}]}, "version": 34}
{"obj": {"type": "LogFloats", "path": ["monitoring", "55538622", "cpu"], "values": [{"value": 82.7, "step": null, "ts": 1699708751.638058}]}, "version": 35}
{"obj": {"type": "LogFloats", "path": ["monitoring", "55538622", "memory"], "values": [{"value": 9.965850830078125, "step": null, "ts": 1699708751.638058}]}, "version": 36}
{"obj": {"type": "LogFloats", "path": ["monitoring", "55538622", "cpu"], "values": [{"value": 76.3, "step": null, "ts": 1699708761.643898}]}, "version": 37}
{"obj": {"type": "LogFloats", "path": ["monitoring", "55538622", "memory"], "values": [{"value": 9.955413818359375, "step": null, "ts": 1699708761.643898}]}, "version": 38}
{"obj": {"type": "LogFloats", "path": ["monitoring", "55538622", "cpu"], "values": [{"value": 81.9, "step": null, "ts": 1699708771.6452422}]}, "version": 39}
{"obj": {"type": "LogFloats", "path": ["monitoring", "55538622", "memory"], "values": [{"value": 10.054977416992188, "step": null, "ts": 1699708771.6452422}]}, "version": 40}
{"obj": {"type": "LogFloats", "path": ["monitoring", "55538622", "cpu"], "values": [{"value": 78.6, "step": null, "ts": 1699708781.64876}]}, "version": 41}
{"obj": {"type": "LogFloats", "path": ["monitoring", "55538622", "memory"], "values": [{"value": 10.1131591796875, "step": null, "ts": 1699708781.64876}]}, "version": 42}
{"obj": {"type": "LogFloats", "path": ["monitoring", "55538622", "cpu"], "values": [{"value": 81.7, "step": null, "ts": 1699708791.654191}]}, "version": 43}
{"obj": {"type": "LogFloats", "path": ["monitoring", "55538622", "memory"], "values": [{"value": 10.225616455078125, "step": null, "ts": 1699708791.654191}]}, "version": 44}
{"obj": {"type": "LogFloats", "path": ["monitoring", "55538622", "cpu"], "values": [{"value": 82.8, "step": null, "ts": 1699708801.656123}]}, "version": 45}
{"obj": {"type": "LogFloats", "path": ["monitoring", "55538622", "memory"], "values": [{"value": 10.4345703125, "step": null, "ts": 1699708801.656123}]}, "version": 46}
{"obj": {"type": "LogFloats", "path": ["monitoring", "55538622", "cpu"], "values": [{"value": 75.1, "step": null, "ts": 1699708811.660641}]}, "version": 47}
{"obj": {"type": "LogFloats", "path": ["monitoring", "55538622", "memory"], "values": [{"value": 10.653594970703125, "step": null, "ts": 1699708811.660641}]}, "version": 48}
{"obj": {"type": "LogFloats", "path": ["monitoring", "55538622", "cpu"], "values": [{"value": 88.4, "step": null, "ts": 1699708821.663292}]}, "version": 49}
{"obj": {"type": "LogFloats", "path": ["monitoring", "55538622", "memory"], "values": [{"value": 11.723709106445312, "step": null, "ts": 1699708821.663292}]}, "version": 50}
{"obj": {"type": "LogFloats", "path": ["monitoring", "55538622", "cpu"], "values": [{"value": 100.0, "step": null, "ts": 1699708899.2024162}]}, "version": 51}
{"obj": {"type": "LogFloats", "path": ["monitoring", "55538622", "memory"], "values": [{"value": 12.150466918945312, "step": null, "ts": 1699708899.2024162}]}, "version": 52}
{"obj": {"type": "LogFloats", "path": ["monitoring", "55538622", "cpu"], "values": [{"value": 83.9, "step": null, "ts": 1699708909.210612}]}, "version": 53}
{"obj": {"type": "LogFloats", "path": ["monitoring", "55538622", "memory"], "values": [{"value": 9.830902099609375, "step": null, "ts": 1699708909.210612}]}, "version": 54}
{"obj": {"type": "LogFloats", "path": ["monitoring", "55538622", "cpu"], "values": [{"value": 80.6, "step": null, "ts": 1699708919.211265}]}, "version": 55}
{"obj": {"type": "LogFloats", "path": ["monitoring", "55538622", "memory"], "values": [{"value": 9.896377563476562, "step": null, "ts": 1699708919.211265}]}, "version": 56}
{"obj": {"type": "LogFloats", "path": ["monitoring", "55538622", "cpu"], "values": [{"value": 78.5, "step": null, "ts": 1699708929.21594}]}, "version": 57}
{"obj": {"type": "LogFloats", "path": ["monitoring", "55538622", "memory"], "values": [{"value": 9.781997680664062, "step": null, "ts": 1699708929.21594}]}, "version": 58}
{"obj": {"type": "LogFloats", "path": ["monitoring", "55538622", "cpu"], "values": [{"value": 84.0, "step": null, "ts": 1699708939.217789}]}, "version": 59}
{"obj": {"type": "LogFloats", "path": ["monitoring", "55538622", "memory"], "values": [{"value": 10.0684814453125, "step": null, "ts": 1699708939.217789}]}, "version": 60}
{"obj": {"type": "LogFloats", "path": ["monitoring", "55538622", "cpu"], "values": [{"value": 86.5, "step": null, "ts": 1699708949.223503}]}, "version": 61}
{"obj": {"type": "LogFloats", "path": ["monitoring", "55538622", "memory"], "values": [{"value": 10.177215576171875, "step": null, "ts": 1699708949.223503}]}, "version": 62}
{"obj": {"type": "LogFloats", "path": ["monitoring", "55538622", "cpu"], "values": [{"value": 84.7, "step": null, "ts": 1699708959.2247272}]}, "version": 63}
{"obj": {"type": "LogFloats", "path": ["monitoring", "55538622", "memory"], "values": [{"value": 10.039230346679688, "step": null, "ts": 1699708959.2247272}]}, "version": 64}
{"obj": {"type": "LogFloats", "path": ["monitoring", "55538622", "cpu"], "values": [{"value": 81.0, "step": null, "ts": 1699708969.2310479}]}, "version": 65}
{"obj": {"type": "LogFloats", "path": ["monitoring", "55538622", "memory"], "values": [{"value": 10.080810546875, "step": null, "ts": 1699708969.2310479}]}, "version": 66}
{"obj": {"type": "LogFloats", "path": ["monitoring", "55538622", "cpu"], "values": [{"value": 85.6, "step": null, "ts": 1699708979.237329}]}, "version": 67}
{"obj": {"type": "LogFloats", "path": ["monitoring", "55538622", "memory"], "values": [{"value": 10.385604858398438, "step": null, "ts": 1699708979.237329}]}, "version": 68}
{"obj": {"type": "LogFloats", "path": ["monitoring", "55538622", "cpu"], "values": [{"value": 82.8, "step": null, "ts": 1699708989.239525}]}, "version": 69}
{"obj": {"type": "LogFloats", "path": ["monitoring", "55538622", "memory"], "values": [{"value": 10.600936889648438, "step": null, "ts": 1699708989.239525}]}, "version": 70}
{"obj": {"type": "LogFloats", "path": ["monitoring", "55538622", "cpu"], "values": [{"value": 93.4, "step": null, "ts": 1699708999.243649}]}, "version": 71}
{"obj": {"type": "LogFloats", "path": ["monitoring", "55538622", "memory"], "values": [{"value": 11.1524658203125, "step": null, "ts": 1699708999.243649}]}, "version": 72}
{"obj": {"type": "LogFloats", "path": ["monitoring", "55538622", "cpu"], "values": [{"value": 100.0, "step": null, "ts": 1699709075.122572}]}, "version": 73}
{"obj": {"type": "LogFloats", "path": ["monitoring", "55538622", "memory"], "values": [{"value": 11.910858154296875, "step": null, "ts": 1699709075.122572}]}, "version": 74}
{"obj": {"type": "LogFloats", "path": ["monitoring", "55538622", "cpu"], "values": [{"value": 93.4, "step": null, "ts": 1699709085.1280499}]}, "version": 75}
{"obj": {"type": "LogFloats", "path": ["monitoring", "55538622", "memory"], "values": [{"value": 9.903518676757812, "step": null, "ts": 1699709085.1280499}]}, "version": 76}
{"obj": {"type": "LogFloats", "path": ["monitoring", "55538622", "cpu"], "values": [{"value": 77.8, "step": null, "ts": 1699709095.129864}]}, "version": 77}
{"obj": {"type": "LogFloats", "path": ["monitoring", "55538622", "memory"], "values": [{"value": 9.886444091796875, "step": null, "ts": 1699709095.129864}]}, "version": 78}
{"obj": {"type": "LogFloats", "path": ["monitoring", "55538622", "cpu"], "values": [{"value": 81.5, "step": null, "ts": 1699709105.133615}]}, "version": 79}
{"obj": {"type": "LogFloats", "path": ["monitoring", "55538622", "memory"], "values": [{"value": 9.908645629882812, "step": null, "ts": 1699709105.133615}]}, "version": 80}
{"obj": {"type": "AssignDatetime", "path": ["trials", "trials", "5", "datetime_start"], "value": 1699708610186}, "version": 81}
{"obj": {"type": "AssignDatetime", "path": ["trials", "trials", "5", "datetime_complete"], "value": 1699709110916}, "version": 82}
{"obj": {"type": "AssignString", "path": ["trials", "trials", "5", "duration"], "value": "0:08:20.730462"}, "version": 83}
{"obj": {"type": "AssignString", "path": ["trials", "trials", "5", "distributions", "sr"], "value": "FloatDistribution(high=10.0, log=True, low=0.01, step=None)"}, "version": 84}
{"obj": {"type": "AssignString", "path": ["trials", "trials", "5", "distributions", "lr"], "value": "FloatDistribution(high=1.0, log=True, low=0.001, step=None)"}, "version": 85}
{"obj": {"type": "AssignString", "path": ["trials", "trials", "5", "distributions", "iss"], "value": "FloatDistribution(high=1.0, log=False, low=0.0, step=None)"}, "version": 86}
{"obj": {"type": "AssignString", "path": ["trials", "trials", "5", "distributions", "ridge"], "value": "FloatDistribution(high=0.01, log=True, low=1e-09, step=None)"}, "version": 87}
{"obj": {"type": "AssignFloat", "path": ["trials", "trials", "5", "params", "sr"], "value": 0.10793933989911612}, "version": 88}
{"obj": {"type": "AssignFloat", "path": ["trials", "trials", "5", "params", "lr"], "value": 0.00770443536459811}, "version": 89}
{"obj": {"type": "AssignFloat", "path": ["trials", "trials", "5", "params", "iss"], "value": 0.0876713566239452}, "version": 90}
{"obj": {"type": "AssignFloat", "path": ["trials", "trials", "5", "params", "ridge"], "value": 1.8048472991834222e-06}, "version": 91}
{"obj": {"type": "AssignFloat", "path": ["trials", "trials", "5", "value"], "value": 992.5371228309401}, "version": 92}
{"obj": {"type": "LogFloats", "path": ["trials", "values"], "values": [{"value": 992.5371228309401, "step": 5, "ts": 1699709110.928252}]}, "version": 93}
{"obj": {"type": "LogFloats", "path": ["trials", "params", "sr"], "values": [{"value": 0.10793933989911612, "step": null, "ts": 1699709110.928391}]}, "version": 94}
{"obj": {"type": "LogFloats", "path": ["trials", "params", "lr"], "values": [{"value": 0.00770443536459811, "step": null, "ts": 1699709110.928437}]}, "version": 95}
{"obj": {"type": "LogFloats", "path": ["trials", "params", "iss"], "values": [{"value": 0.0876713566239452, "step": null, "ts": 1699709110.9284759}]}, "version": 96}
{"obj": {"type": "LogFloats", "path": ["trials", "params", "ridge"], "values": [{"value": 1.8048472991834222e-06, "step": null, "ts": 1699709110.928515}]}, "version": 97}
{"obj": {"type": "LogStrings", "path": ["trials", "values|params"], "values": [{"value": "value: 992.5371228309401| params: {'sr': 0.10793933989911612, 'lr': 0.00770443536459811, 'iss': 0.0876713566239452, 'ridge': 1.8048472991834222e-06}", "step": null, "ts": 1699709110.928575}]}, "version": 98}
{"obj": {"type": "AssignString", "path": ["study", "distributions", "sr"], "value": "FloatDistribution(high=10.0, log=True, low=0.01, step=None)"}, "version": 99}
{"obj": {"type": "AssignString", "path": ["study", "distributions", "lr"], "value": "FloatDistribution(high=1.0, log=True, low=0.001, step=None)"}, "version": 100}
{"obj": {"type": "AssignString", "path": ["study", "distributions", "iss"], "value": "FloatDistribution(high=1.0, log=False, low=0.0, step=None)"}, "version": 101}
{"obj": {"type": "AssignString", "path": ["study", "distributions", "ridge"], "value": "FloatDistribution(high=0.01, log=True, low=1e-09, step=None)"}, "version": 102}
{"obj": {"type": "AssignDatetime", "path": ["best", "trials", "2", "datetime_start"], "value": 1699708327055}, "version": 103}
{"obj": {"type": "AssignDatetime", "path": ["best", "trials", "2", "datetime_complete"], "value": 1699708335931}, "version": 104}
{"obj": {"type": "AssignString", "path": ["best", "trials", "2", "duration"], "value": "0:00:08.876389"}, "version": 105}
{"obj": {"type": "AssignString", "path": ["best", "trials", "2", "distributions", "sr"], "value": "FloatDistribution(high=10.0, log=True, low=0.01, step=None)"}, "version": 106}
{"obj": {"type": "AssignString", "path": ["best", "trials", "2", "distributions", "lr"], "value": "FloatDistribution(high=1.0, log=True, low=0.001, step=None)"}, "version": 107}
{"obj": {"type": "AssignString", "path": ["best", "trials", "2", "distributions", "iss"], "value": "FloatDistribution(high=1.0, log=False, low=0.0, step=None)"}, "version": 108}
{"obj": {"type": "AssignString", "path": ["best", "trials", "2", "distributions", "ridge"], "value": "FloatDistribution(high=0.01, log=True, low=1e-09, step=None)"}, "version": 109}
{"obj": {"type": "AssignFloat", "path": ["best", "trials", "2", "params", "sr"], "value": 0.6498502795242478}, "version": 110}
{"obj": {"type": "AssignFloat", "path": ["best", "trials", "2", "params", "lr"], "value": 0.4758085050236462}, "version": 111}
{"obj": {"type": "AssignFloat", "path": ["best", "trials", "2", "params", "iss"], "value": 0.025808366458883625}, "version": 112}
{"obj": {"type": "AssignFloat", "path": ["best", "trials", "2", "params", "ridge"], "value": 6.785847304517497e-06}, "version": 113}
{"obj": {"type": "AssignFloat", "path": ["best", "trials", "2", "value"], "value": 0.009705615114974307}, "version": 114}
{"obj": {"type": "AssignFloat", "path": ["best", "value"], "value": 0.009705615114974307}, "version": 115}
{"obj": {"type": "AssignFloat", "path": ["best", "params", "sr"], "value": 0.6498502795242478}, "version": 116}
{"obj": {"type": "AssignFloat", "path": ["best", "params", "lr"], "value": 0.4758085050236462}, "version": 117}
{"obj": {"type": "AssignFloat", "path": ["best", "params", "iss"], "value": 0.025808366458883625}, "version": 118}
{"obj": {"type": "AssignFloat", "path": ["best", "params", "ridge"], "value": 6.785847304517497e-06}, "version": 119}
{"obj": {"type": "AssignString", "path": ["best", "value|params"], "value": "value: 0.009705615114974307| params: {'sr': 0.6498502795242478, 'lr': 0.4758085050236462, 'iss': 0.025808366458883625, 'ridge': 6.785847304517497e-06}"}, "version": 120}
{"obj": {"type": "UploadFile", "path": ["visualizations", "plot_contour"], "ext": "html", "file_path": null, "tmp_file_name": "visualizations_plot_contour-1699709111.411331-2023-11-11_22.25.11.411331.html", "clean_after_upload": false}, "version": 121}
{"obj": {"type": "UploadFile", "path": ["visualizations", "plot_edf"], "ext": "html", "file_path": null, "tmp_file_name": "visualizations_plot_edf-1699709111.425302-2023-11-11_22.25.11.425302.html", "clean_after_upload": false}, "version": 122}
{"obj": {"type": "UploadFile", "path": ["visualizations", "plot_parallel_coordinate"], "ext": "html", "file_path": null, "tmp_file_name": "visualizations_plot_parallel_coordinate-1699709111.451512-2023-11-11_22.25.11.451512.html", "clean_after_upload": false}, "version": 123}
{"obj": {"type": "UploadFile", "path": ["visualizations", "plot_param_importances"], "ext": "html", "file_path": null, "tmp_file_name": "visualizations_plot_param_importances-1699709111.523363-2023-11-11_22.25.11.523363.html", "clean_after_upload": false}, "version": 124}
{"obj": {"type": "UploadFile", "path": ["visualizations", "plot_slice"], "ext": "html", "file_path": null, "tmp_file_name": "visualizations_plot_slice-1699709111.559863-2023-11-11_22.25.11.559863.html", "clean_after_upload": false}, "version": 125}
{"obj": {"type": "UploadFile", "path": ["visualizations", "plot_optimization_history"], "ext": "html", "file_path": null, "tmp_file_name": "visualizations_plot_optimization_history-1699709111.572814-2023-11-11_22.25.11.572814.html", "clean_after_upload": false}, "version": 126}
{"obj": {"type": "AssignString", "path": ["study", "study_name"], "value": "example_study"}, "version": 127}
{"obj": {"type": "LogFloats", "path": ["monitoring", "55538622", "cpu"], "values": [{"value": 77.7, "step": null, "ts": 1699709115.139016}]}, "version": 128}
{"obj": {"type": "LogFloats", "path": ["monitoring", "55538622", "memory"], "values": [{"value": 10.395660400390625, "step": null, "ts": 1699709115.139016}]}, "version": 129}
{"obj": {"type": "LogFloats", "path": ["monitoring", "55538622", "cpu"], "values": [{"value": 83.0, "step": null, "ts": 1699709125.141997}]}, "version": 130}
{"obj": {"type": "LogFloats", "path": ["monitoring", "55538622", "memory"], "values": [{"value": 10.449172973632812, "step": null, "ts": 1699709125.141997}]}, "version": 131}
{"obj": {"type": "LogFloats", "path": ["monitoring", "55538622", "cpu"], "values": [{"value": 79.2, "step": null, "ts": 1699709135.147105}]}, "version": 132}
{"obj": {"type": "LogFloats", "path": ["monitoring", "55538622", "memory"], "values": [{"value": 10.37744140625, "step": null, "ts": 1699709135.147105}]}, "version": 133}
{"obj": {"type": "LogFloats", "path": ["monitoring", "55538622", "cpu"], "values": [{"value": 79.7, "step": null, "ts": 1699709145.149652}]}, "version": 134}
{"obj": {"type": "LogFloats", "path": ["monitoring", "55538622", "memory"], "values": [{"value": 10.54803466796875, "step": null, "ts": 1699709145.149652}]}, "version": 135}
{"obj": {"type": "LogFloats", "path": ["monitoring", "55538622", "cpu"], "values": [{"value": 80.2, "step": null, "ts": 1699709155.150303}]}, "version": 136}
{"obj": {"type": "LogFloats", "path": ["monitoring", "55538622", "memory"], "values": [{"value": 10.472763061523438, "step": null, "ts": 1699709155.150303}]}, "version": 137}
{"obj": {"type": "LogFloats", "path": ["monitoring", "55538622", "cpu"], "values": [{"value": 79.0, "step": null, "ts": 1699709165.156266}]}, "version": 138}
{"obj": {"type": "LogFloats", "path": ["monitoring", "55538622", "memory"], "values": [{"value": 10.865127563476562, "step": null, "ts": 1699709165.156266}]}, "version": 139}
{"obj": {"type": "LogFloats", "path": ["monitoring", "55538622", "cpu"], "values": [{"value": 100.0, "step": null, "ts": 1699709250.845388}]}, "version": 140}
{"obj": {"type": "LogFloats", "path": ["monitoring", "55538622", "memory"], "values": [{"value": 10.787841796875, "step": null, "ts": 1699709250.845388}]}, "version": 141}
{"obj": {"type": "LogStrings", "path": ["monitoring", "55538622", "stderr"], "values": [{"value": "/Users/manqueenmannequin/miniforge3/envs/python38gen2/lib/python3.8/site-packages/reservoirpy/nodes/readouts/ridge.py:17: LinAlgWarning:\n\nIll-conditioned matrix (rcond=8.39982e-17): result may not be accurate.\n\n", "step": null, "ts": 1699709251.060639}]}, "version": 142}
{"obj": {"type": "LogFloats", "path": ["monitoring", "55538622", "cpu"], "values": [{"value": 92.4, "step": null, "ts": 1699709260.850847}]}, "version": 143}
{"obj": {"type": "LogFloats", "path": ["monitoring", "55538622", "memory"], "values": [{"value": 9.148483276367188, "step": null, "ts": 1699709260.850847}]}, "version": 144}
{"obj": {"type": "LogFloats", "path": ["monitoring", "55538622", "cpu"], "values": [{"value": 84.4, "step": null, "ts": 1699709270.856448}]}, "version": 145}
{"obj": {"type": "LogFloats", "path": ["monitoring", "55538622", "memory"], "values": [{"value": 9.170730590820312, "step": null, "ts": 1699709270.856448}]}, "version": 146}
{"obj": {"type": "LogFloats", "path": ["monitoring", "55538622", "cpu"], "values": [{"value": 79.1, "step": null, "ts": 1699709280.8627148}]}, "version": 147}
{"obj": {"type": "LogFloats", "path": ["monitoring", "55538622", "memory"], "values": [{"value": 9.187271118164062, "step": null, "ts": 1699709280.8627148}]}, "version": 148}
{"obj": {"type": "LogFloats", "path": ["monitoring", "55538622", "cpu"], "values": [{"value": 77.1, "step": null, "ts": 1699709290.8674319}]}, "version": 149}
{"obj": {"type": "LogFloats", "path": ["monitoring", "55538622", "memory"], "values": [{"value": 9.290634155273438, "step": null, "ts": 1699709290.8674319}]}, "version": 150}
{"obj": {"type": "LogFloats", "path": ["monitoring", "55538622", "cpu"], "values": [{"value": 76.9, "step": null, "ts": 1699709300.872892}]}, "version": 151}
{"obj": {"type": "LogFloats", "path": ["monitoring", "55538622", "memory"], "values": [{"value": 9.222244262695312, "step": null, "ts": 1699709300.872892}]}, "version": 152}
{"obj": {"type": "LogFloats", "path": ["monitoring", "55538622", "cpu"], "values": [{"value": 78.8, "step": null, "ts": 1699709310.893952}]}, "version": 153}
{"obj": {"type": "LogFloats", "path": ["monitoring", "55538622", "memory"], "values": [{"value": 9.568023681640625, "step": null, "ts": 1699709310.893952}]}, "version": 154}
{"obj": {"type": "LogFloats", "path": ["monitoring", "55538622", "cpu"], "values": [{"value": 83.5, "step": null, "ts": 1699709320.897331}]}, "version": 155}
{"obj": {"type": "LogFloats", "path": ["monitoring", "55538622", "memory"], "values": [{"value": 9.927474975585938, "step": null, "ts": 1699709320.897331}]}, "version": 156}
{"obj": {"type": "LogFloats", "path": ["monitoring", "55538622", "cpu"], "values": [{"value": 88.3, "step": null, "ts": 1699709330.902852}]}, "version": 157}
{"obj": {"type": "LogFloats", "path": ["monitoring", "55538622", "memory"], "values": [{"value": 10.694244384765625, "step": null, "ts": 1699709330.902852}]}, "version": 158}
{"obj": {"type": "LogFloats", "path": ["monitoring", "55538622", "cpu"], "values": [{"value": 100.0, "step": null, "ts": 1699709409.952415}]}, "version": 159}
{"obj": {"type": "LogFloats", "path": ["monitoring", "55538622", "memory"], "values": [{"value": 10.640792846679688, "step": null, "ts": 1699709409.952415}]}, "version": 160}
{"obj": {"type": "LogStrings", "path": ["monitoring", "55538622", "stderr"], "values": [{"value": "/Users/manqueenmannequin/miniforge3/envs/python38gen2/lib/python3.8/site-packages/reservoirpy/nodes/readouts/ridge.py:17: LinAlgWarning:\n\nIll-conditioned matrix (rcond=1.00669e-16): result may not be accurate.\n\n", "step": null, "ts": 1699709410.031277}]}, "version": 161}
{"obj": {"type": "LogFloats", "path": ["monitoring", "55538622", "cpu"], "values": [{"value": 92.5, "step": null, "ts": 1699709420.0224729}]}, "version": 162}
{"obj": {"type": "LogFloats", "path": ["monitoring", "55538622", "memory"], "values": [{"value": 9.104095458984375, "step": null, "ts": 1699709420.0224729}]}, "version": 163}
{"obj": {"type": "LogFloats", "path": ["monitoring", "55538622", "cpu"], "values": [{"value": 79.2, "step": null, "ts": 1699709430.026667}]}, "version": 164}
{"obj": {"type": "LogFloats", "path": ["monitoring", "55538622", "memory"], "values": [{"value": 9.10791015625, "step": null, "ts": 1699709430.026667}]}, "version": 165}
{"obj": {"type": "LogFloats", "path": ["monitoring", "55538622", "cpu"], "values": [{"value": 80.5, "step": null, "ts": 1699709440.03076}]}, "version": 166}
{"obj": {"type": "LogFloats", "path": ["monitoring", "55538622", "memory"], "values": [{"value": 9.15771484375, "step": null, "ts": 1699709440.03076}]}, "version": 167}
{"obj": {"type": "LogFloats", "path": ["monitoring", "55538622", "cpu"], "values": [{"value": 82.2, "step": null, "ts": 1699709450.036032}]}, "version": 168}
{"obj": {"type": "LogFloats", "path": ["monitoring", "55538622", "memory"], "values": [{"value": 9.341461181640625, "step": null, "ts": 1699709450.036032}]}, "version": 169}
{"obj": {"type": "LogFloats", "path": ["monitoring", "55538622", "cpu"], "values": [{"value": 78.9, "step": null, "ts": 1699709460.0414588}]}, "version": 170}
{"obj": {"type": "LogFloats", "path": ["monitoring", "55538622", "memory"], "values": [{"value": 9.330047607421875, "step": null, "ts": 1699709460.0414588}]}, "version": 171}
{"obj": {"type": "LogFloats", "path": ["monitoring", "55538622", "cpu"], "values": [{"value": 80.0, "step": null, "ts": 1699709470.0468469}]}, "version": 172}
{"obj": {"type": "LogFloats", "path": ["monitoring", "55538622", "memory"], "values": [{"value": 9.444931030273438, "step": null, "ts": 1699709470.0468469}]}, "version": 173}
{"obj": {"type": "LogFloats", "path": ["monitoring", "55538622", "cpu"], "values": [{"value": 76.3, "step": null, "ts": 1699709480.052279}]}, "version": 174}
{"obj": {"type": "LogFloats", "path": ["monitoring", "55538622", "memory"], "values": [{"value": 9.643356323242188, "step": null, "ts": 1699709480.052279}]}, "version": 175}
{"obj": {"type": "LogFloats", "path": ["monitoring", "55538622", "cpu"], "values": [{"value": 74.9, "step": null, "ts": 1699709490.054267}]}, "version": 176}
{"obj": {"type": "LogFloats", "path": ["monitoring", "55538622", "memory"], "values": [{"value": 9.89862060546875, "step": null, "ts": 1699709490.054267}]}, "version": 177}
{"obj": {"type": "LogFloats", "path": ["monitoring", "55538622", "cpu"], "values": [{"value": 75.2, "step": null, "ts": 1699709500.059764}]}, "version": 178}
{"obj": {"type": "LogFloats", "path": ["monitoring", "55538622", "memory"], "values": [{"value": 10.034393310546875, "step": null, "ts": 1699709500.059764}]}, "version": 179}
{"obj": {"type": "LogFloats", "path": ["monitoring", "55538622", "cpu"], "values": [{"value": 99.0, "step": null, "ts": 1699709606.662519}]}, "version": 180}
{"obj": {"type": "LogFloats", "path": ["monitoring", "55538622", "memory"], "values": [{"value": 10.530975341796875, "step": null, "ts": 1699709606.662519}]}, "version": 181}
{"obj": {"type": "LogStrings", "path": ["monitoring", "55538622", "stderr"], "values": [{"value": "/Users/manqueenmannequin/miniforge3/envs/python38gen2/lib/python3.8/site-packages/reservoirpy/nodes/readouts/ridge.py:17: LinAlgWarning:\n\nIll-conditioned matrix (rcond=8.84652e-17): result may not be accurate.\n\n", "step": null, "ts": 1699709606.726827}]}, "version": 182}
{"obj": {"type": "LogFloats", "path": ["monitoring", "55538622", "cpu"], "values": [{"value": 98.7, "step": null, "ts": 1699709616.719263}]}, "version": 183}
{"obj": {"type": "LogFloats", "path": ["monitoring", "55538622", "memory"], "values": [{"value": 8.927764892578125, "step": null, "ts": 1699709616.719263}]}, "version": 184}
{"obj": {"type": "LogFloats", "path": ["monitoring", "55538622", "cpu"], "values": [{"value": 81.6, "step": null, "ts": 1699709626.7210162}]}, "version": 185}
{"obj": {"type": "LogFloats", "path": ["monitoring", "55538622", "memory"], "values": [{"value": 9.027328491210938, "step": null, "ts": 1699709626.7210162}]}, "version": 186}
{"obj": {"type": "LogFloats", "path": ["monitoring", "55538622", "cpu"], "values": [{"value": 79.3, "step": null, "ts": 1699709636.723986}]}, "version": 187}
{"obj": {"type": "LogFloats", "path": ["monitoring", "55538622", "memory"], "values": [{"value": 9.124237060546875, "step": null, "ts": 1699709636.723986}]}, "version": 188}
{"obj": {"type": "AssignDatetime", "path": ["trials", "trials", "6", "datetime_start"], "value": 1699709111575}, "version": 189}
{"obj": {"type": "AssignDatetime", "path": ["trials", "trials", "6", "datetime_complete"], "value": 1699709644162}, "version": 190}
{"obj": {"type": "AssignString", "path": ["trials", "trials", "6", "duration"], "value": "0:08:52.586923"}, "version": 191}
{"obj": {"type": "AssignString", "path": ["trials", "trials", "6", "distributions", "sr"], "value": "FloatDistribution(high=10.0, log=True, low=0.01, step=None)"}, "version": 192}
{"obj": {"type": "AssignString", "path": ["trials", "trials", "6", "distributions", "lr"], "value": "FloatDistribution(high=1.0, log=True, low=0.001, step=None)"}, "version": 193}
{"obj": {"type": "AssignString", "path": ["trials", "trials", "6", "distributions", "iss"], "value": "FloatDistribution(high=1.0, log=False, low=0.0, step=None)"}, "version": 194}
{"obj": {"type": "AssignString", "path": ["trials", "trials", "6", "distributions", "ridge"], "value": "FloatDistribution(high=0.01, log=True, low=1e-09, step=None)"}, "version": 195}
{"obj": {"type": "AssignFloat", "path": ["trials", "trials", "6", "params", "sr"], "value": 0.5686968028402377}, "version": 196}
{"obj": {"type": "AssignFloat", "path": ["trials", "trials", "6", "params", "lr"], "value": 0.32703795527822055}, "version": 197}
{"obj": {"type": "AssignFloat", "path": ["trials", "trials", "6", "params", "iss"], "value": 0.3461849533987851}, "version": 198}
{"obj": {"type": "AssignFloat", "path": ["trials", "trials", "6", "params", "ridge"], "value": 2.9519617421517445e-08}, "version": 199}
{"obj": {"type": "AssignFloat", "path": ["trials", "trials", "6", "value"], "value": 622434.7213078543}, "version": 200}
{"obj": {"type": "LogFloats", "path": ["trials", "values"], "values": [{"value": 622434.7213078543, "step": 6, "ts": 1699709644.172701}]}, "version": 201}
{"obj": {"type": "LogFloats", "path": ["trials", "params", "sr"], "values": [{"value": 0.5686968028402377, "step": null, "ts": 1699709644.172797}]}, "version": 202}
{"obj": {"type": "LogFloats", "path": ["trials", "params", "lr"], "values": [{"value": 0.32703795527822055, "step": null, "ts": 1699709644.172835}]}, "version": 203}
{"obj": {"type": "LogFloats", "path": ["trials", "params", "iss"], "values": [{"value": 0.3461849533987851, "step": null, "ts": 1699709644.172868}]}, "version": 204}
{"obj": {"type": "LogFloats", "path": ["trials", "params", "ridge"], "values": [{"value": 2.9519617421517445e-08, "step": null, "ts": 1699709644.172899}]}, "version": 205}
{"obj": {"type": "LogStrings", "path": ["trials", "values|params"], "values": [{"value": "value: 622434.7213078543| params: {'sr': 0.5686968028402377, 'lr': 0.32703795527822055, 'iss': 0.3461849533987851, 'ridge': 2.9519617421517445e-08}", "step": null, "ts": 1699709644.172982}]}, "version": 206}
{"obj": {"type": "AssignString", "path": ["study", "distributions", "sr"], "value": "FloatDistribution(high=10.0, log=True, low=0.01, step=None)"}, "version": 207}
{"obj": {"type": "AssignString", "path": ["study", "distributions", "lr"], "value": "FloatDistribution(high=1.0, log=True, low=0.001, step=None)"}, "version": 208}
{"obj": {"type": "AssignString", "path": ["study", "distributions", "iss"], "value": "FloatDistribution(high=1.0, log=False, low=0.0, step=None)"}, "version": 209}
{"obj": {"type": "AssignString", "path": ["study", "distributions", "ridge"], "value": "FloatDistribution(high=0.01, log=True, low=1e-09, step=None)"}, "version": 210}
{"obj": {"type": "AssignDatetime", "path": ["best", "trials", "2", "datetime_start"], "value": 1699708327055}, "version": 211}
{"obj": {"type": "AssignDatetime", "path": ["best", "trials", "2", "datetime_complete"], "value": 1699708335931}, "version": 212}
{"obj": {"type": "AssignString", "path": ["best", "trials", "2", "duration"], "value": "0:00:08.876389"}, "version": 213}
{"obj": {"type": "AssignString", "path": ["best", "trials", "2", "distributions", "sr"], "value": "FloatDistribution(high=10.0, log=True, low=0.01, step=None)"}, "version": 214}
{"obj": {"type": "AssignString", "path": ["best", "trials", "2", "distributions", "lr"], "value": "FloatDistribution(high=1.0, log=True, low=0.001, step=None)"}, "version": 215}
{"obj": {"type": "AssignString", "path": ["best", "trials", "2", "distributions", "iss"], "value": "FloatDistribution(high=1.0, log=False, low=0.0, step=None)"}, "version": 216}
{"obj": {"type": "AssignString", "path": ["best", "trials", "2", "distributions", "ridge"], "value": "FloatDistribution(high=0.01, log=True, low=1e-09, step=None)"}, "version": 217}
{"obj": {"type": "AssignFloat", "path": ["best", "trials", "2", "params", "sr"], "value": 0.6498502795242478}, "version": 218}
{"obj": {"type": "AssignFloat", "path": ["best", "trials", "2", "params", "lr"], "value": 0.4758085050236462}, "version": 219}
{"obj": {"type": "AssignFloat", "path": ["best", "trials", "2", "params", "iss"], "value": 0.025808366458883625}, "version": 220}
{"obj": {"type": "AssignFloat", "path": ["best", "trials", "2", "params", "ridge"], "value": 6.785847304517497e-06}, "version": 221}
{"obj": {"type": "AssignFloat", "path": ["best", "trials", "2", "value"], "value": 0.009705615114974307}, "version": 222}
{"obj": {"type": "AssignFloat", "path": ["best", "value"], "value": 0.009705615114974307}, "version": 223}
{"obj": {"type": "AssignFloat", "path": ["best", "params", "sr"], "value": 0.6498502795242478}, "version": 224}
{"obj": {"type": "AssignFloat", "path": ["best", "params", "lr"], "value": 0.4758085050236462}, "version": 225}
{"obj": {"type": "AssignFloat", "path": ["best", "params", "iss"], "value": 0.025808366458883625}, "version": 226}
{"obj": {"type": "AssignFloat", "path": ["best", "params", "ridge"], "value": 6.785847304517497e-06}, "version": 227}
{"obj": {"type": "AssignString", "path": ["best", "value|params"], "value": "value: 0.009705615114974307| params: {'sr': 0.6498502795242478, 'lr': 0.4758085050236462, 'iss': 0.025808366458883625, 'ridge': 6.785847304517497e-06}"}, "version": 228}
{"obj": {"type": "UploadFile", "path": ["visualizations", "plot_contour"], "ext": "html", "file_path": null, "tmp_file_name": "visualizations_plot_contour-1699709644.33247-2023-11-11_22.34.04.332470.html", "clean_after_upload": false}, "version": 229}
{"obj": {"type": "UploadFile", "path": ["visualizations", "plot_edf"], "ext": "html", "file_path": null, "tmp_file_name": "visualizations_plot_edf-1699709644.346751-2023-11-11_22.34.04.346751.html", "clean_after_upload": false}, "version": 230}
{"obj": {"type": "UploadFile", "path": ["visualizations", "plot_parallel_coordinate"], "ext": "html", "file_path": null, "tmp_file_name": "visualizations_plot_parallel_coordinate-1699709644.359175-2023-11-11_22.34.04.359175.html", "clean_after_upload": false}, "version": 231}
{"obj": {"type": "UploadFile", "path": ["visualizations", "plot_param_importances"], "ext": "html", "file_path": null, "tmp_file_name": "visualizations_plot_param_importances-1699709644.361192-2023-11-11_22.34.04.361192.html", "clean_after_upload": false}, "version": 232}
{"obj": {"type": "UploadFile", "path": ["visualizations", "plot_slice"], "ext": "html", "file_path": null, "tmp_file_name": "visualizations_plot_slice-1699709644.395088-2023-11-11_22.34.04.395088.html", "clean_after_upload": false}, "version": 233}
{"obj": {"type": "UploadFile", "path": ["visualizations", "plot_optimization_history"], "ext": "html", "file_path": null, "tmp_file_name": "visualizations_plot_optimization_history-1699709644.408321-2023-11-11_22.34.04.408321.html", "clean_after_upload": false}, "version": 234}
{"obj": {"type": "AssignString", "path": ["study", "study_name"], "value": "example_study"}, "version": 235}
{"obj": {"type": "LogFloats", "path": ["monitoring", "55538622", "cpu"], "values": [{"value": 89.5, "step": null, "ts": 1699709646.652092}]}, "version": 236}
{"obj": {"type": "LogFloats", "path": ["monitoring", "55538622", "memory"], "values": [{"value": 9.495361328125, "step": null, "ts": 1699709646.652092}]}, "version": 237}
{"obj": {"type": "LogFloats", "path": ["monitoring", "55538622", "cpu"], "values": [{"value": 92.5, "step": null, "ts": 1699709656.655166}]}, "version": 238}
{"obj": {"type": "LogFloats", "path": ["monitoring", "55538622", "memory"], "values": [{"value": 9.59173583984375, "step": null, "ts": 1699709656.655166}]}, "version": 239}
{"obj": {"type": "LogFloats", "path": ["monitoring", "55538622", "cpu"], "values": [{"value": 86.4, "step": null, "ts": 1699709666.659344}]}, "version": 240}
{"obj": {"type": "LogFloats", "path": ["monitoring", "55538622", "memory"], "values": [{"value": 9.616424560546875, "step": null, "ts": 1699709666.659344}]}, "version": 241}
{"obj": {"type": "LogFloats", "path": ["monitoring", "55538622", "cpu"], "values": [{"value": 81.4, "step": null, "ts": 1699709676.663763}]}, "version": 242}
{"obj": {"type": "LogFloats", "path": ["monitoring", "55538622", "memory"], "values": [{"value": 9.78863525390625, "step": null, "ts": 1699709676.663763}]}, "version": 243}
{"obj": {"type": "LogFloats", "path": ["monitoring", "55538622", "cpu"], "values": [{"value": 75.7, "step": null, "ts": 1699709686.668698}]}, "version": 244}
{"obj": {"type": "LogFloats", "path": ["monitoring", "55538622", "memory"], "values": [{"value": 10.092758178710938, "step": null, "ts": 1699709686.668698}]}, "version": 245}
{"obj": {"type": "LogFloats", "path": ["monitoring", "55538622", "cpu"], "values": [{"value": 79.4, "step": null, "ts": 1699709696.680663}]}, "version": 246}
{"obj": {"type": "LogFloats", "path": ["monitoring", "55538622", "memory"], "values": [{"value": 10.648284912109375, "step": null, "ts": 1699709696.680663}]}, "version": 247}
{"obj": {"type": "LogFloats", "path": ["monitoring", "55538622", "cpu"], "values": [{"value": 100.0, "step": null, "ts": 1699709864.25861}]}, "version": 248}
{"obj": {"type": "LogFloats", "path": ["monitoring", "55538622", "memory"], "values": [{"value": 9.437332153320312, "step": null, "ts": 1699709864.25861}]}, "version": 249}
{"obj": {"type": "LogFloats", "path": ["monitoring", "55538622", "cpu"], "values": [{"value": 84.8, "step": null, "ts": 1699709874.260844}]}, "version": 250}
{"obj": {"type": "LogFloats", "path": ["monitoring", "55538622", "memory"], "values": [{"value": 7.8601837158203125, "step": null, "ts": 1699709874.260844}]}, "version": 251}
{"obj": {"type": "LogFloats", "path": ["monitoring", "55538622", "cpu"], "values": [{"value": 64.9, "step": null, "ts": 1699709884.266274}]}, "version": 252}
{"obj": {"type": "LogFloats", "path": ["monitoring", "55538622", "memory"], "values": [{"value": 7.793243408203125, "step": null, "ts": 1699709884.266274}]}, "version": 253}
{"obj": {"type": "LogFloats", "path": ["monitoring", "55538622", "cpu"], "values": [{"value": 60.3, "step": null, "ts": 1699709894.270646}]}, "version": 254}
{"obj": {"type": "LogFloats", "path": ["monitoring", "55538622", "memory"], "values": [{"value": 7.7789764404296875, "step": null, "ts": 1699709894.270646}]}, "version": 255}
{"obj": {"type": "LogFloats", "path": ["monitoring", "55538622", "cpu"], "values": [{"value": 60.6, "step": null, "ts": 1699709904.2759192}]}, "version": 256}
{"obj": {"type": "LogFloats", "path": ["monitoring", "55538622", "memory"], "values": [{"value": 8.125503540039062, "step": null, "ts": 1699709904.2759192}]}, "version": 257}
{"obj": {"type": "LogFloats", "path": ["monitoring", "55538622", "cpu"], "values": [{"value": 59.6, "step": null, "ts": 1699709914.281176}]}, "version": 258}
{"obj": {"type": "LogFloats", "path": ["monitoring", "55538622", "memory"], "values": [{"value": 8.369247436523438, "step": null, "ts": 1699709914.281176}]}, "version": 259}
{"obj": {"type": "LogFloats", "path": ["monitoring", "55538622", "cpu"], "values": [{"value": 59.7, "step": null, "ts": 1699709924.2864199}]}, "version": 260}
{"obj": {"type": "LogFloats", "path": ["monitoring", "55538622", "memory"], "values": [{"value": 8.646682739257812, "step": null, "ts": 1699709924.2864199}]}, "version": 261}
{"obj": {"type": "LogFloats", "path": ["monitoring", "55538622", "cpu"], "values": [{"value": 60.3, "step": null, "ts": 1699709934.2916732}]}, "version": 262}
{"obj": {"type": "LogFloats", "path": ["monitoring", "55538622", "memory"], "values": [{"value": 8.904861450195312, "step": null, "ts": 1699709934.2916732}]}, "version": 263}
{"obj": {"type": "LogFloats", "path": ["monitoring", "55538622", "cpu"], "values": [{"value": 95.6, "step": null, "ts": 1699709944.2968938}]}, "version": 264}
{"obj": {"type": "LogFloats", "path": ["monitoring", "55538622", "memory"], "values": [{"value": 10.428909301757812, "step": null, "ts": 1699709944.2968938}]}, "version": 265}
{"obj": {"type": "LogFloats", "path": ["monitoring", "55538622", "cpu"], "values": [{"value": 100.0, "step": null, "ts": 1699710141.906037}]}, "version": 266}
{"obj": {"type": "LogFloats", "path": ["monitoring", "55538622", "memory"], "values": [{"value": 9.467041015625, "step": null, "ts": 1699710141.906037}]}, "version": 267}
{"obj": {"type": "LogFloats", "path": ["monitoring", "55538622", "cpu"], "values": [{"value": 77.2, "step": null, "ts": 1699710151.914901}]}, "version": 268}
{"obj": {"type": "LogFloats", "path": ["monitoring", "55538622", "memory"], "values": [{"value": 8.175033569335938, "step": null, "ts": 1699710151.914901}]}, "version": 269}
{"obj": {"type": "LogFloats", "path": ["monitoring", "55538622", "cpu"], "values": [{"value": 75.1, "step": null, "ts": 1699710161.924344}]}, "version": 270}
{"obj": {"type": "LogFloats", "path": ["monitoring", "55538622", "memory"], "values": [{"value": 8.213272094726562, "step": null, "ts": 1699710161.924344}]}, "version": 271}
{"obj": {"type": "LogFloats", "path": ["monitoring", "55538622", "cpu"], "values": [{"value": 65.1, "step": null, "ts": 1699710171.934568}]}, "version": 272}
{"obj": {"type": "LogFloats", "path": ["monitoring", "55538622", "memory"], "values": [{"value": 8.2452392578125, "step": null, "ts": 1699710171.934568}]}, "version": 273}
{"obj": {"type": "LogFloats", "path": ["monitoring", "55538622", "cpu"], "values": [{"value": 62.7, "step": null, "ts": 1699710181.944839}]}, "version": 274}
{"obj": {"type": "LogFloats", "path": ["monitoring", "55538622", "memory"], "values": [{"value": 8.29205322265625, "step": null, "ts": 1699710181.944839}]}, "version": 275}
{"obj": {"type": "LogFloats", "path": ["monitoring", "55538622", "cpu"], "values": [{"value": 60.3, "step": null, "ts": 1699710191.9551082}]}, "version": 276}
{"obj": {"type": "LogFloats", "path": ["monitoring", "55538622", "memory"], "values": [{"value": 8.203445434570312, "step": null, "ts": 1699710191.9551082}]}, "version": 277}
{"obj": {"type": "LogFloats", "path": ["monitoring", "55538622", "cpu"], "values": [{"value": 60.7, "step": null, "ts": 1699710201.9646468}]}, "version": 278}
{"obj": {"type": "LogFloats", "path": ["monitoring", "55538622", "memory"], "values": [{"value": 8.316513061523438, "step": null, "ts": 1699710201.9646468}]}, "version": 279}
{"obj": {"type": "LogFloats", "path": ["monitoring", "55538622", "cpu"], "values": [{"value": 59.2, "step": null, "ts": 1699710211.973923}]}, "version": 280}
{"obj": {"type": "LogFloats", "path": ["monitoring", "55538622", "memory"], "values": [{"value": 8.725799560546875, "step": null, "ts": 1699710211.973923}]}, "version": 281}
{"obj": {"type": "LogFloats", "path": ["monitoring", "55538622", "cpu"], "values": [{"value": 59.0, "step": null, "ts": 1699710221.9841652}]}, "version": 282}
{"obj": {"type": "LogFloats", "path": ["monitoring", "55538622", "memory"], "values": [{"value": 8.96881103515625, "step": null, "ts": 1699710221.9841652}]}, "version": 283}
{"obj": {"type": "LogFloats", "path": ["monitoring", "55538622", "cpu"], "values": [{"value": 79.1, "step": null, "ts": 1699710231.9944582}]}, "version": 284}
{"obj": {"type": "LogFloats", "path": ["monitoring", "55538622", "memory"], "values": [{"value": 9.531539916992188, "step": null, "ts": 1699710231.9944582}]}, "version": 285}
{"obj": {"type": "LogFloats", "path": ["monitoring", "55538622", "cpu"], "values": [{"value": 100.0, "step": null, "ts": 1699710427.181133}]}, "version": 286}
{"obj": {"type": "LogFloats", "path": ["monitoring", "55538622", "memory"], "values": [{"value": 9.623291015625, "step": null, "ts": 1699710427.181133}]}, "version": 287}
{"obj": {"type": "LogFloats", "path": ["monitoring", "55538622", "cpu"], "values": [{"value": 73.4, "step": null, "ts": 1699710437.186581}]}, "version": 288}
{"obj": {"type": "LogFloats", "path": ["monitoring", "55538622", "memory"], "values": [{"value": 8.306472778320312, "step": null, "ts": 1699710437.186581}]}, "version": 289}
{"obj": {"type": "LogFloats", "path": ["monitoring", "55538622", "cpu"], "values": [{"value": 59.4, "step": null, "ts": 1699710447.196797}]}, "version": 290}
{"obj": {"type": "LogFloats", "path": ["monitoring", "55538622", "memory"], "values": [{"value": 8.3116455078125, "step": null, "ts": 1699710447.196797}]}, "version": 291}
{"obj": {"type": "LogFloats", "path": ["monitoring", "55538622", "cpu"], "values": [{"value": 59.1, "step": null, "ts": 1699710457.207021}]}, "version": 292}
{"obj": {"type": "LogFloats", "path": ["monitoring", "55538622", "memory"], "values": [{"value": 8.447799682617188, "step": null, "ts": 1699710457.207021}]}, "version": 293}
{"obj": {"type": "AssignDatetime", "path": ["trials", "trials", "7", "datetime_start"], "value": 1699709644411}, "version": 294}
{"obj": {"type": "AssignDatetime", "path": ["trials", "trials", "7", "datetime_complete"], "value": 1699710459396}, "version": 295}
{"obj": {"type": "AssignString", "path": ["trials", "trials", "7", "duration"], "value": "0:13:34.984647"}, "version": 296}
{"obj": {"type": "AssignString", "path": ["trials", "trials", "7", "distributions", "sr"], "value": "FloatDistribution(high=10.0, log=True, low=0.01, step=None)"}, "version": 297}
{"obj": {"type": "AssignString", "path": ["trials", "trials", "7", "distributions", "lr"], "value": "FloatDistribution(high=1.0, log=True, low=0.001, step=None)"}, "version": 298}
{"obj": {"type": "AssignString", "path": ["trials", "trials", "7", "distributions", "iss"], "value": "FloatDistribution(high=1.0, log=False, low=0.0, step=None)"}, "version": 299}
{"obj": {"type": "AssignString", "path": ["trials", "trials", "7", "distributions", "ridge"], "value": "FloatDistribution(high=0.01, log=True, low=1e-09, step=None)"}, "version": 300}
{"obj": {"type": "AssignFloat", "path": ["trials", "trials", "7", "params", "sr"], "value": 0.06934902978896043}, "version": 301}
{"obj": {"type": "AssignFloat", "path": ["trials", "trials", "7", "params", "lr"], "value": 0.3461547250886434}, "version": 302}
{"obj": {"type": "AssignFloat", "path": ["trials", "trials", "7", "params", "iss"], "value": 0.8885917125671703}, "version": 303}
{"obj": {"type": "AssignFloat", "path": ["trials", "trials", "7", "params", "ridge"], "value": 3.658132292518366e-05}, "version": 304}
{"obj": {"type": "AssignFloat", "path": ["trials", "trials", "7", "value"], "value": 0.037516371105850634}, "version": 305}
{"obj": {"type": "LogFloats", "path": ["trials", "values"], "values": [{"value": 0.037516371105850634, "step": 7, "ts": 1699710459.402903}]}, "version": 306}
{"obj": {"type": "LogFloats", "path": ["trials", "params", "sr"], "values": [{"value": 0.06934902978896043, "step": null, "ts": 1699710459.402991}]}, "version": 307}
{"obj": {"type": "LogFloats", "path": ["trials", "params", "lr"], "values": [{"value": 0.3461547250886434, "step": null, "ts": 1699710459.4030259}]}, "version": 308}
{"obj": {"type": "LogFloats", "path": ["trials", "params", "iss"], "values": [{"value": 0.8885917125671703, "step": null, "ts": 1699710459.4030569}]}, "version": 309}
{"obj": {"type": "LogFloats", "path": ["trials", "params", "ridge"], "values": [{"value": 3.658132292518366e-05, "step": null, "ts": 1699710459.4030879}]}, "version": 310}
{"obj": {"type": "LogStrings", "path": ["trials", "values|params"], "values": [{"value": "value: 0.037516371105850634| params: {'sr': 0.06934902978896043, 'lr': 0.3461547250886434, 'iss': 0.8885917125671703, 'ridge': 3.658132292518366e-05}", "step": null, "ts": 1699710459.403136}]}, "version": 311}
{"obj": {"type": "AssignString", "path": ["study", "distributions", "sr"], "value": "FloatDistribution(high=10.0, log=True, low=0.01, step=None)"}, "version": 312}
{"obj": {"type": "AssignString", "path": ["study", "distributions", "lr"], "value": "FloatDistribution(high=1.0, log=True, low=0.001, step=None)"}, "version": 313}
{"obj": {"type": "AssignString", "path": ["study", "distributions", "iss"], "value": "FloatDistribution(high=1.0, log=False, low=0.0, step=None)"}, "version": 314}
{"obj": {"type": "AssignString", "path": ["study", "distributions", "ridge"], "value": "FloatDistribution(high=0.01, log=True, low=1e-09, step=None)"}, "version": 315}
{"obj": {"type": "AssignDatetime", "path": ["best", "trials", "2", "datetime_start"], "value": 1699708327055}, "version": 316}
{"obj": {"type": "AssignDatetime", "path": ["best", "trials", "2", "datetime_complete"], "value": 1699708335931}, "version": 317}
{"obj": {"type": "AssignString", "path": ["best", "trials", "2", "duration"], "value": "0:00:08.876389"}, "version": 318}
{"obj": {"type": "AssignString", "path": ["best", "trials", "2", "distributions", "sr"], "value": "FloatDistribution(high=10.0, log=True, low=0.01, step=None)"}, "version": 319}
{"obj": {"type": "AssignString", "path": ["best", "trials", "2", "distributions", "lr"], "value": "FloatDistribution(high=1.0, log=True, low=0.001, step=None)"}, "version": 320}
{"obj": {"type": "AssignString", "path": ["best", "trials", "2", "distributions", "iss"], "value": "FloatDistribution(high=1.0, log=False, low=0.0, step=None)"}, "version": 321}
{"obj": {"type": "AssignString", "path": ["best", "trials", "2", "distributions", "ridge"], "value": "FloatDistribution(high=0.01, log=True, low=1e-09, step=None)"}, "version": 322}
{"obj": {"type": "AssignFloat", "path": ["best", "trials", "2", "params", "sr"], "value": 0.6498502795242478}, "version": 323}
{"obj": {"type": "AssignFloat", "path": ["best", "trials", "2", "params", "lr"], "value": 0.4758085050236462}, "version": 324}
{"obj": {"type": "AssignFloat", "path": ["best", "trials", "2", "params", "iss"], "value": 0.025808366458883625}, "version": 325}
{"obj": {"type": "AssignFloat", "path": ["best", "trials", "2", "params", "ridge"], "value": 6.785847304517497e-06}, "version": 326}
{"obj": {"type": "AssignFloat", "path": ["best", "trials", "2", "value"], "value": 0.009705615114974307}, "version": 327}
{"obj": {"type": "AssignFloat", "path": ["best", "value"], "value": 0.009705615114974307}, "version": 328}
{"obj": {"type": "AssignFloat", "path": ["best", "params", "sr"], "value": 0.6498502795242478}, "version": 329}
{"obj": {"type": "AssignFloat", "path": ["best", "params", "lr"], "value": 0.4758085050236462}, "version": 330}
{"obj": {"type": "AssignFloat", "path": ["best", "params", "iss"], "value": 0.025808366458883625}, "version": 331}
{"obj": {"type": "AssignFloat", "path": ["best", "params", "ridge"], "value": 6.785847304517497e-06}, "version": 332}
{"obj": {"type": "AssignString", "path": ["best", "value|params"], "value": "value: 0.009705615114974307| params: {'sr': 0.6498502795242478, 'lr': 0.4758085050236462, 'iss': 0.025808366458883625, 'ridge': 6.785847304517497e-06}"}, "version": 333}
{"obj": {"type": "UploadFile", "path": ["visualizations", "plot_contour"], "ext": "html", "file_path": null, "tmp_file_name": "visualizations_plot_contour-1699710459.51929-2023-11-11_22.47.39.519290.html", "clean_after_upload": false}, "version": 334}
{"obj": {"type": "UploadFile", "path": ["visualizations", "plot_edf"], "ext": "html", "file_path": null, "tmp_file_name": "visualizations_plot_edf-1699710459.530973-2023-11-11_22.47.39.530973.html", "clean_after_upload": false}, "version": 335}
{"obj": {"type": "UploadFile", "path": ["visualizations", "plot_parallel_coordinate"], "ext": "html", "file_path": null, "tmp_file_name": "visualizations_plot_parallel_coordinate-1699710459.542327-2023-11-11_22.47.39.542327.html", "clean_after_upload": false}, "version": 336}
{"obj": {"type": "UploadFile", "path": ["visualizations", "plot_param_importances"], "ext": "html", "file_path": null, "tmp_file_name": "visualizations_plot_param_importances-1699710459.617384-2023-11-11_22.47.39.617384.html", "clean_after_upload": false}, "version": 337}
{"obj": {"type": "UploadFile", "path": ["visualizations", "plot_slice"], "ext": "html", "file_path": null, "tmp_file_name": "visualizations_plot_slice-1699710459.648644-2023-11-11_22.47.39.648644.html", "clean_after_upload": false}, "version": 338}
{"obj": {"type": "UploadFile", "path": ["visualizations", "plot_optimization_history"], "ext": "html", "file_path": null, "tmp_file_name": "visualizations_plot_optimization_history-1699710459.661411-2023-11-11_22.47.39.661411.html", "clean_after_upload": false}, "version": 339}
{"obj": {"type": "AssignString", "path": ["study", "study_name"], "value": "example_study"}, "version": 340}
{"obj": {"type": "LogFloats", "path": ["monitoring", "55538622", "cpu"], "values": [{"value": 60.2, "step": null, "ts": 1699710467.217267}]}, "version": 341}
{"obj": {"type": "LogFloats", "path": ["monitoring", "55538622", "memory"], "values": [{"value": 8.593215942382812, "step": null, "ts": 1699710467.217267}]}, "version": 342}
{"obj": {"type": "LogFloats", "path": ["monitoring", "55538622", "cpu"], "values": [{"value": 60.2, "step": null, "ts": 1699710477.227526}]}, "version": 343}
{"obj": {"type": "LogFloats", "path": ["monitoring", "55538622", "memory"], "values": [{"value": 8.497482299804688, "step": null, "ts": 1699710477.227526}]}, "version": 344}
{"obj": {"type": "LogFloats", "path": ["monitoring", "55538622", "cpu"], "values": [{"value": 59.9, "step": null, "ts": 1699710487.237771}]}, "version": 345}
{"obj": {"type": "LogFloats", "path": ["monitoring", "55538622", "memory"], "values": [{"value": 8.846832275390625, "step": null, "ts": 1699710487.237771}]}, "version": 346}
{"obj": {"type": "LogFloats", "path": ["monitoring", "55538622", "cpu"], "values": [{"value": 60.3, "step": null, "ts": 1699710497.242241}]}, "version": 347}
{"obj": {"type": "LogFloats", "path": ["monitoring", "55538622", "memory"], "values": [{"value": 9.058624267578125, "step": null, "ts": 1699710497.242241}]}, "version": 348}
{"obj": {"type": "LogFloats", "path": ["monitoring", "55538622", "cpu"], "values": [{"value": 66.1, "step": null, "ts": 1699710507.2524889}]}, "version": 349}
{"obj": {"type": "LogFloats", "path": ["monitoring", "55538622", "memory"], "values": [{"value": 9.575607299804688, "step": null, "ts": 1699710507.2524889}]}, "version": 350}
{"obj": {"type": "LogFloats", "path": ["monitoring", "55538622", "cpu"], "values": [{"value": 99.9, "step": null, "ts": 1699710703.349798}]}, "version": 351}
{"obj": {"type": "LogFloats", "path": ["monitoring", "55538622", "memory"], "values": [{"value": 9.600372314453125, "step": null, "ts": 1699710703.349798}]}, "version": 352}
{"obj": {"type": "LogFloats", "path": ["monitoring", "55538622", "cpu"], "values": [{"value": 72.2, "step": null, "ts": 1699710713.355776}]}, "version": 353}
{"obj": {"type": "LogFloats", "path": ["monitoring", "55538622", "memory"], "values": [{"value": 8.419281005859375, "step": null, "ts": 1699710713.355776}]}, "version": 354}
{"obj": {"type": "LogFloats", "path": ["monitoring", "55538622", "cpu"], "values": [{"value": 59.0, "step": null, "ts": 1699710723.3672729}]}, "version": 355}
{"obj": {"type": "LogFloats", "path": ["monitoring", "55538622", "memory"], "values": [{"value": 8.421127319335938, "step": null, "ts": 1699710723.3672729}]}, "version": 356}
{"obj": {"type": "LogFloats", "path": ["monitoring", "55538622", "cpu"], "values": [{"value": 59.4, "step": null, "ts": 1699710733.378047}]}, "version": 357}
{"obj": {"type": "LogFloats", "path": ["monitoring", "55538622", "memory"], "values": [{"value": 8.423324584960938, "step": null, "ts": 1699710733.378047}]}, "version": 358}
{"obj": {"type": "LogFloats", "path": ["monitoring", "55538622", "cpu"], "values": [{"value": 60.0, "step": null, "ts": 1699710743.383328}]}, "version": 359}
{"obj": {"type": "LogFloats", "path": ["monitoring", "55538622", "memory"], "values": [{"value": 8.40655517578125, "step": null, "ts": 1699710743.383328}]}, "version": 360}
{"obj": {"type": "LogFloats", "path": ["monitoring", "55538622", "cpu"], "values": [{"value": 59.2, "step": null, "ts": 1699710753.393763}]}, "version": 361}
{"obj": {"type": "LogFloats", "path": ["monitoring", "55538622", "memory"], "values": [{"value": 8.551284790039062, "step": null, "ts": 1699710753.393763}]}, "version": 362}
{"obj": {"type": "LogFloats", "path": ["monitoring", "55538622", "cpu"], "values": [{"value": 60.1, "step": null, "ts": 1699710763.3943858}]}, "version": 363}
{"obj": {"type": "LogFloats", "path": ["monitoring", "55538622", "memory"], "values": [{"value": 8.788177490234375, "step": null, "ts": 1699710763.3943858}]}, "version": 364}
{"obj": {"type": "LogFloats", "path": ["monitoring", "55538622", "cpu"], "values": [{"value": 59.3, "step": null, "ts": 1699710773.404683}]}, "version": 365}
{"obj": {"type": "LogFloats", "path": ["monitoring", "55538622", "memory"], "values": [{"value": 9.026611328125, "step": null, "ts": 1699710773.404683}]}, "version": 366}
{"obj": {"type": "LogFloats", "path": ["monitoring", "55538622", "cpu"], "values": [{"value": 99.6, "step": null, "ts": 1699710979.786413}]}, "version": 367}
{"obj": {"type": "LogFloats", "path": ["monitoring", "55538622", "memory"], "values": [{"value": 9.191360473632812, "step": null, "ts": 1699710979.786413}]}, "version": 368}
{"obj": {"type": "LogFloats", "path": ["monitoring", "55538622", "cpu"], "values": [{"value": 66.9, "step": null, "ts": 1699710989.8485608}]}, "version": 369}
{"obj": {"type": "LogFloats", "path": ["monitoring", "55538622", "memory"], "values": [{"value": 8.454681396484375, "step": null, "ts": 1699710989.8485608}]}, "version": 370}
{"obj": {"type": "LogFloats", "path": ["monitoring", "55538622", "cpu"], "values": [{"value": 58.8, "step": null, "ts": 1699710999.859085}]}, "version": 371}
{"obj": {"type": "LogFloats", "path": ["monitoring", "55538622", "memory"], "values": [{"value": 8.426925659179688, "step": null, "ts": 1699710999.859085}]}, "version": 372}
{"obj": {"type": "LogFloats", "path": ["monitoring", "55538622", "cpu"], "values": [{"value": 58.1, "step": null, "ts": 1699711009.869739}]}, "version": 373}
{"obj": {"type": "LogFloats", "path": ["monitoring", "55538622", "memory"], "values": [{"value": 8.43701171875, "step": null, "ts": 1699711009.869739}]}, "version": 374}
{"obj": {"type": "LogFloats", "path": ["monitoring", "55538622", "cpu"], "values": [{"value": 59.6, "step": null, "ts": 1699711019.879481}]}, "version": 375}
{"obj": {"type": "LogFloats", "path": ["monitoring", "55538622", "memory"], "values": [{"value": 8.440200805664062, "step": null, "ts": 1699711019.879481}]}, "version": 376}
{"obj": {"type": "LogFloats", "path": ["monitoring", "55538622", "cpu"], "values": [{"value": 59.9, "step": null, "ts": 1699711029.8898208}]}, "version": 377}
{"obj": {"type": "LogFloats", "path": ["monitoring", "55538622", "memory"], "values": [{"value": 8.37286376953125, "step": null, "ts": 1699711029.8898208}]}, "version": 378}
{"obj": {"type": "LogFloats", "path": ["monitoring", "55538622", "cpu"], "values": [{"value": 60.4, "step": null, "ts": 1699711039.900073}]}, "version": 379}
{"obj": {"type": "LogFloats", "path": ["monitoring", "55538622", "memory"], "values": [{"value": 8.36004638671875, "step": null, "ts": 1699711039.900073}]}, "version": 380}
{"obj": {"type": "LogFloats", "path": ["monitoring", "55538622", "cpu"], "values": [{"value": 58.3, "step": null, "ts": 1699711049.910316}]}, "version": 381}
{"obj": {"type": "LogFloats", "path": ["monitoring", "55538622", "memory"], "values": [{"value": 8.65032958984375, "step": null, "ts": 1699711049.910316}]}, "version": 382}
{"obj": {"type": "LogFloats", "path": ["monitoring", "55538622", "cpu"], "values": [{"value": 59.7, "step": null, "ts": 1699711059.912917}]}, "version": 383}
{"obj": {"type": "LogFloats", "path": ["monitoring", "55538622", "memory"], "values": [{"value": 8.910675048828125, "step": null, "ts": 1699711059.912917}]}, "version": 384}
{"obj": {"type": "LogFloats", "path": ["monitoring", "55538622", "cpu"], "values": [{"value": 68.9, "step": null, "ts": 1699711069.923151}]}, "version": 385}
{"obj": {"type": "LogFloats", "path": ["monitoring", "55538622", "memory"], "values": [{"value": 10.18585205078125, "step": null, "ts": 1699711069.923151}]}, "version": 386}
{"obj": {"type": "LogFloats", "path": ["monitoring", "55538622", "cpu"], "values": [{"value": 100.0, "step": null, "ts": 1699711267.637295}]}, "version": 387}
{"obj": {"type": "LogFloats", "path": ["monitoring", "55538622", "memory"], "values": [{"value": 9.167800903320312, "step": null, "ts": 1699711267.637295}]}, "version": 388}
{"obj": {"type": "LogFloats", "path": ["monitoring", "55538622", "cpu"], "values": [{"value": 62.7, "step": null, "ts": 1699711277.7049038}]}, "version": 389}
{"obj": {"type": "LogFloats", "path": ["monitoring", "55538622", "memory"], "values": [{"value": 8.422256469726562, "step": null, "ts": 1699711277.7049038}]}, "version": 390}
{"obj": {"type": "LogFloats", "path": ["monitoring", "55538622", "cpu"], "values": [{"value": 58.5, "step": null, "ts": 1699711287.715115}]}, "version": 391}
{"obj": {"type": "LogFloats", "path": ["monitoring", "55538622", "memory"], "values": [{"value": 8.424163818359375, "step": null, "ts": 1699711287.715115}]}, "version": 392}
{"obj": {"type": "LogFloats", "path": ["monitoring", "55538622", "cpu"], "values": [{"value": 58.7, "step": null, "ts": 1699711297.7253098}]}, "version": 393}
{"obj": {"type": "LogFloats", "path": ["monitoring", "55538622", "memory"], "values": [{"value": 8.428558349609375, "step": null, "ts": 1699711297.7253098}]}, "version": 394}
{"obj": {"type": "AssignDatetime", "path": ["trials", "trials", "8", "datetime_start"], "value": 1699710459664}, "version": 395}
{"obj": {"type": "AssignDatetime", "path": ["trials", "trials", "8", "datetime_complete"], "value": 1699711299353}, "version": 396}
{"obj": {"type": "AssignString", "path": ["trials", "trials", "8", "duration"], "value": "0:13:59.688410"}, "version": 397}
{"obj": {"type": "AssignString", "path": ["trials", "trials", "8", "distributions", "sr"], "value": "FloatDistribution(high=10.0, log=True, low=0.01, step=None)"}, "version": 398}
{"obj": {"type": "AssignString", "path": ["trials", "trials", "8", "distributions", "lr"], "value": "FloatDistribution(high=1.0, log=True, low=0.001, step=None)"}, "version": 399}
{"obj": {"type": "AssignString", "path": ["trials", "trials", "8", "distributions", "iss"], "value": "FloatDistribution(high=1.0, log=False, low=0.0, step=None)"}, "version": 400}
{"obj": {"type": "AssignString", "path": ["trials", "trials", "8", "distributions", "ridge"], "value": "FloatDistribution(high=0.01, log=True, low=1e-09, step=None)"}, "version": 401}
{"obj": {"type": "AssignFloat", "path": ["trials", "trials", "8", "params", "sr"], "value": 9.523631489854136}, "version": 402}
{"obj": {"type": "AssignFloat", "path": ["trials", "trials", "8", "params", "lr"], "value": 0.6630578999085256}, "version": 403}
{"obj": {"type": "AssignFloat", "path": ["trials", "trials", "8", "params", "iss"], "value": 0.4987397627609167}, "version": 404}
{"obj": {"type": "AssignFloat", "path": ["trials", "trials", "8", "params", "ridge"], "value": 0.003627258293294591}, "version": 405}
{"obj": {"type": "AssignFloat", "path": ["trials", "trials", "8", "value"], "value": 1.7604762368230213}, "version": 406}
{"obj": {"type": "LogFloats", "path": ["trials", "values"], "values": [{"value": 1.7604762368230213, "step": 8, "ts": 1699711299.359582}]}, "version": 407}
{"obj": {"type": "LogFloats", "path": ["trials", "params", "sr"], "values": [{"value": 9.523631489854136, "step": null, "ts": 1699711299.359658}]}, "version": 408}
{"obj": {"type": "LogFloats", "path": ["trials", "params", "lr"], "values": [{"value": 0.6630578999085256, "step": null, "ts": 1699711299.359691}]}, "version": 409}
{"obj": {"type": "LogFloats", "path": ["trials", "params", "iss"], "values": [{"value": 0.4987397627609167, "step": null, "ts": 1699711299.359721}]}, "version": 410}
{"obj": {"type": "LogFloats", "path": ["trials", "params", "ridge"], "values": [{"value": 0.003627258293294591, "step": null, "ts": 1699711299.3597498}]}, "version": 411}
{"obj": {"type": "LogStrings", "path": ["trials", "values|params"], "values": [{"value": "value: 1.7604762368230213| params: {'sr': 9.523631489854136, 'lr': 0.6630578999085256, 'iss': 0.4987397627609167, 'ridge': 0.003627258293294591}", "step": null, "ts": 1699711299.359794}]}, "version": 412}
{"obj": {"type": "AssignString", "path": ["study", "distributions", "sr"], "value": "FloatDistribution(high=10.0, log=True, low=0.01, step=None)"}, "version": 413}
{"obj": {"type": "AssignString", "path": ["study", "distributions", "lr"], "value": "FloatDistribution(high=1.0, log=True, low=0.001, step=None)"}, "version": 414}
{"obj": {"type": "AssignString", "path": ["study", "distributions", "iss"], "value": "FloatDistribution(high=1.0, log=False, low=0.0, step=None)"}, "version": 415}
{"obj": {"type": "AssignString", "path": ["study", "distributions", "ridge"], "value": "FloatDistribution(high=0.01, log=True, low=1e-09, step=None)"}, "version": 416}
{"obj": {"type": "AssignDatetime", "path": ["best", "trials", "2", "datetime_start"], "value": 1699708327055}, "version": 417}
{"obj": {"type": "AssignDatetime", "path": ["best", "trials", "2", "datetime_complete"], "value": 1699708335931}, "version": 418}
{"obj": {"type": "AssignString", "path": ["best", "trials", "2", "duration"], "value": "0:00:08.876389"}, "version": 419}
{"obj": {"type": "AssignString", "path": ["best", "trials", "2", "distributions", "sr"], "value": "FloatDistribution(high=10.0, log=True, low=0.01, step=None)"}, "version": 420}
{"obj": {"type": "AssignString", "path": ["best", "trials", "2", "distributions", "lr"], "value": "FloatDistribution(high=1.0, log=True, low=0.001, step=None)"}, "version": 421}
{"obj": {"type": "AssignString", "path": ["best", "trials", "2", "distributions", "iss"], "value": "FloatDistribution(high=1.0, log=False, low=0.0, step=None)"}, "version": 422}
{"obj": {"type": "AssignString", "path": ["best", "trials", "2", "distributions", "ridge"], "value": "FloatDistribution(high=0.01, log=True, low=1e-09, step=None)"}, "version": 423}
{"obj": {"type": "AssignFloat", "path": ["best", "trials", "2", "params", "sr"], "value": 0.6498502795242478}, "version": 424}
{"obj": {"type": "AssignFloat", "path": ["best", "trials", "2", "params", "lr"], "value": 0.4758085050236462}, "version": 425}
{"obj": {"type": "AssignFloat", "path": ["best", "trials", "2", "params", "iss"], "value": 0.025808366458883625}, "version": 426}
{"obj": {"type": "AssignFloat", "path": ["best", "trials", "2", "params", "ridge"], "value": 6.785847304517497e-06}, "version": 427}
{"obj": {"type": "AssignFloat", "path": ["best", "trials", "2", "value"], "value": 0.009705615114974307}, "version": 428}
{"obj": {"type": "AssignFloat", "path": ["best", "value"], "value": 0.009705615114974307}, "version": 429}
{"obj": {"type": "AssignFloat", "path": ["best", "params", "sr"], "value": 0.6498502795242478}, "version": 430}
{"obj": {"type": "AssignFloat", "path": ["best", "params", "lr"], "value": 0.4758085050236462}, "version": 431}
{"obj": {"type": "AssignFloat", "path": ["best", "params", "iss"], "value": 0.025808366458883625}, "version": 432}
{"obj": {"type": "AssignFloat", "path": ["best", "params", "ridge"], "value": 6.785847304517497e-06}, "version": 433}
{"obj": {"type": "AssignString", "path": ["best", "value|params"], "value": "value: 0.009705615114974307| params: {'sr': 0.6498502795242478, 'lr': 0.4758085050236462, 'iss': 0.025808366458883625, 'ridge': 6.785847304517497e-06}"}, "version": 434}
{"obj": {"type": "UploadFile", "path": ["visualizations", "plot_contour"], "ext": "html", "file_path": null, "tmp_file_name": "visualizations_plot_contour-1699711299.476771-2023-11-11_23.01.39.476771.html", "clean_after_upload": false}, "version": 435}
{"obj": {"type": "UploadFile", "path": ["visualizations", "plot_edf"], "ext": "html", "file_path": null, "tmp_file_name": "visualizations_plot_edf-1699711299.488968-2023-11-11_23.01.39.488968.html", "clean_after_upload": false}, "version": 436}
{"obj": {"type": "UploadFile", "path": ["visualizations", "plot_parallel_coordinate"], "ext": "html", "file_path": null, "tmp_file_name": "visualizations_plot_parallel_coordinate-1699711299.503319-2023-11-11_23.01.39.503319.html", "clean_after_upload": false}, "version": 437}
{"obj": {"type": "UploadFile", "path": ["visualizations", "plot_param_importances"], "ext": "html", "file_path": null, "tmp_file_name": "visualizations_plot_param_importances-1699711299.580712-2023-11-11_23.01.39.580712.html", "clean_after_upload": false}, "version": 438}
{"obj": {"type": "UploadFile", "path": ["visualizations", "plot_slice"], "ext": "html", "file_path": null, "tmp_file_name": "visualizations_plot_slice-1699711299.611987-2023-11-11_23.01.39.611987.html", "clean_after_upload": false}, "version": 439}
{"obj": {"type": "UploadFile", "path": ["visualizations", "plot_optimization_history"], "ext": "html", "file_path": null, "tmp_file_name": "visualizations_plot_optimization_history-1699711299.624876-2023-11-11_23.01.39.624876.html", "clean_after_upload": false}, "version": 440}
{"obj": {"type": "AssignString", "path": ["study", "study_name"], "value": "example_study"}, "version": 441}
{"obj": {"type": "LogFloats", "path": ["monitoring", "55538622", "cpu"], "values": [{"value": 61.0, "step": null, "ts": 1699711307.735488}]}, "version": 442}
{"obj": {"type": "LogFloats", "path": ["monitoring", "55538622", "memory"], "values": [{"value": 8.5235595703125, "step": null, "ts": 1699711307.735488}]}, "version": 443}
{"obj": {"type": "LogFloats", "path": ["monitoring", "55538622", "cpu"], "values": [{"value": 60.9, "step": null, "ts": 1699711317.738026}]}, "version": 444}
{"obj": {"type": "LogFloats", "path": ["monitoring", "55538622", "memory"], "values": [{"value": 8.474761962890625, "step": null, "ts": 1699711317.738026}]}, "version": 445}
{"obj": {"type": "LogFloats", "path": ["monitoring", "55538622", "cpu"], "values": [{"value": 63.0, "step": null, "ts": 1699711327.7482939}]}, "version": 446}
{"obj": {"type": "LogFloats", "path": ["monitoring", "55538622", "memory"], "values": [{"value": 8.7772216796875, "step": null, "ts": 1699711327.7482939}]}, "version": 447}
{"obj": {"type": "LogFloats", "path": ["monitoring", "55538622", "cpu"], "values": [{"value": 63.7, "step": null, "ts": 1699711337.757796}]}, "version": 448}
{"obj": {"type": "LogFloats", "path": ["monitoring", "55538622", "memory"], "values": [{"value": 9.000823974609375, "step": null, "ts": 1699711337.757796}]}, "version": 449}
{"obj": {"type": "LogFloats", "path": ["monitoring", "55538622", "cpu"], "values": [{"value": 64.0, "step": null, "ts": 1699711347.76803}]}, "version": 450}
{"obj": {"type": "LogFloats", "path": ["monitoring", "55538622", "memory"], "values": [{"value": 10.073379516601562, "step": null, "ts": 1699711347.76803}]}, "version": 451}
{"obj": {"type": "LogFloats", "path": ["monitoring", "55538622", "cpu"], "values": [{"value": 100.0, "step": null, "ts": 1699711548.026779}]}, "version": 452}
{"obj": {"type": "LogFloats", "path": ["monitoring", "55538622", "memory"], "values": [{"value": 8.794586181640625, "step": null, "ts": 1699711548.026779}]}, "version": 453}
{"obj": {"type": "LogFloats", "path": ["monitoring", "55538622", "cpu"], "values": [{"value": 61.5, "step": null, "ts": 1699711558.093643}]}, "version": 454}
{"obj": {"type": "LogFloats", "path": ["monitoring", "55538622", "memory"], "values": [{"value": 8.432891845703125, "step": null, "ts": 1699711558.093643}]}, "version": 455}
{"obj": {"type": "LogFloats", "path": ["monitoring", "55538622", "cpu"], "values": [{"value": 59.6, "step": null, "ts": 1699711568.103861}]}, "version": 456}
{"obj": {"type": "LogFloats", "path": ["monitoring", "55538622", "memory"], "values": [{"value": 8.431808471679688, "step": null, "ts": 1699711568.103861}]}, "version": 457}
{"obj": {"type": "LogFloats", "path": ["monitoring", "55538622", "cpu"], "values": [{"value": 61.5, "step": null, "ts": 1699711578.114284}]}, "version": 458}
{"obj": {"type": "LogFloats", "path": ["monitoring", "55538622", "memory"], "values": [{"value": 8.474563598632812, "step": null, "ts": 1699711578.114284}]}, "version": 459}
{"obj": {"type": "LogFloats", "path": ["monitoring", "55538622", "cpu"], "values": [{"value": 65.9, "step": null, "ts": 1699711588.119545}]}, "version": 460}
{"obj": {"type": "LogFloats", "path": ["monitoring", "55538622", "memory"], "values": [{"value": 8.507644653320312, "step": null, "ts": 1699711588.119545}]}, "version": 461}
{"obj": {"type": "LogFloats", "path": ["monitoring", "55538622", "cpu"], "values": [{"value": 61.5, "step": null, "ts": 1699711598.126955}]}, "version": 462}
{"obj": {"type": "LogFloats", "path": ["monitoring", "55538622", "memory"], "values": [{"value": 8.6956787109375, "step": null, "ts": 1699711598.126955}]}, "version": 463}
{"obj": {"type": "LogFloats", "path": ["monitoring", "55538622", "cpu"], "values": [{"value": 59.7, "step": null, "ts": 1699711608.135725}]}, "version": 464}
{"obj": {"type": "LogFloats", "path": ["monitoring", "55538622", "memory"], "values": [{"value": 8.923904418945312, "step": null, "ts": 1699711608.135725}]}, "version": 465}
{"obj": {"type": "LogFloats", "path": ["monitoring", "55538622", "cpu"], "values": [{"value": 59.4, "step": null, "ts": 1699711618.145194}]}, "version": 466}
{"obj": {"type": "LogFloats", "path": ["monitoring", "55538622", "memory"], "values": [{"value": 9.167327880859375, "step": null, "ts": 1699711618.145194}]}, "version": 467}
{"obj": {"type": "LogFloats", "path": ["monitoring", "55538622", "cpu"], "values": [{"value": 99.6, "step": null, "ts": 1699711822.276358}]}, "version": 468}
{"obj": {"type": "LogFloats", "path": ["monitoring", "55538622", "memory"], "values": [{"value": 10.22705078125, "step": null, "ts": 1699711822.276358}]}, "version": 469}
{"obj": {"type": "LogFloats", "path": ["monitoring", "55538622", "cpu"], "values": [{"value": 63.1, "step": null, "ts": 1699711832.280778}]}, "version": 470}
{"obj": {"type": "LogFloats", "path": ["monitoring", "55538622", "memory"], "values": [{"value": 8.338424682617188, "step": null, "ts": 1699711832.280778}]}, "version": 471}
{"obj": {"type": "LogFloats", "path": ["monitoring", "55538622", "cpu"], "values": [{"value": 58.7, "step": null, "ts": 1699711842.290974}]}, "version": 472}
{"obj": {"type": "LogFloats", "path": ["monitoring", "55538622", "memory"], "values": [{"value": 8.285568237304688, "step": null, "ts": 1699711842.290974}]}, "version": 473}
{"obj": {"type": "LogFloats", "path": ["monitoring", "55538622", "cpu"], "values": [{"value": 59.1, "step": null, "ts": 1699711852.3011808}]}, "version": 474}
{"obj": {"type": "LogFloats", "path": ["monitoring", "55538622", "memory"], "values": [{"value": 8.2989501953125, "step": null, "ts": 1699711852.3011808}]}, "version": 475}
{"obj": {"type": "LogFloats", "path": ["monitoring", "55538622", "cpu"], "values": [{"value": 59.9, "step": null, "ts": 1699711862.311415}]}, "version": 476}
{"obj": {"type": "LogFloats", "path": ["monitoring", "55538622", "memory"], "values": [{"value": 8.302490234375, "step": null, "ts": 1699711862.311415}]}, "version": 477}
{"obj": {"type": "LogFloats", "path": ["monitoring", "55538622", "cpu"], "values": [{"value": 59.1, "step": null, "ts": 1699711872.321624}]}, "version": 478}
{"obj": {"type": "LogFloats", "path": ["monitoring", "55538622", "memory"], "values": [{"value": 8.360916137695312, "step": null, "ts": 1699711872.321624}]}, "version": 479}
{"obj": {"type": "LogFloats", "path": ["monitoring", "55538622", "cpu"], "values": [{"value": 59.5, "step": null, "ts": 1699711882.331824}]}, "version": 480}
{"obj": {"type": "LogFloats", "path": ["monitoring", "55538622", "memory"], "values": [{"value": 8.398818969726562, "step": null, "ts": 1699711882.331824}]}, "version": 481}
{"obj": {"type": "LogFloats", "path": ["monitoring", "55538622", "cpu"], "values": [{"value": 59.8, "step": null, "ts": 1699711892.342036}]}, "version": 482}
{"obj": {"type": "LogFloats", "path": ["monitoring", "55538622", "memory"], "values": [{"value": 8.617630004882812, "step": null, "ts": 1699711892.342036}]}, "version": 483}
{"obj": {"type": "LogFloats", "path": ["monitoring", "55538622", "cpu"], "values": [{"value": 58.8, "step": null, "ts": 1699711902.352233}]}, "version": 484}
{"obj": {"type": "LogFloats", "path": ["monitoring", "55538622", "memory"], "values": [{"value": 8.892898559570312, "step": null, "ts": 1699711902.352233}]}, "version": 485}
{"obj": {"type": "LogFloats", "path": ["monitoring", "55538622", "cpu"], "values": [{"value": 62.4, "step": null, "ts": 1699711912.362445}]}, "version": 486}
{"obj": {"type": "LogFloats", "path": ["monitoring", "55538622", "memory"], "values": [{"value": 10.33367919921875, "step": null, "ts": 1699711912.362445}]}, "version": 487}
{"obj": {"type": "LogFloats", "path": ["monitoring", "55538622", "cpu"], "values": [{"value": 100.0, "step": null, "ts": 1699712110.36783}]}, "version": 488}
{"obj": {"type": "LogFloats", "path": ["monitoring", "55538622", "memory"], "values": [{"value": 10.209518432617188, "step": null, "ts": 1699712110.36783}]}, "version": 489}
{"obj": {"type": "LogFloats", "path": ["monitoring", "55538622", "cpu"], "values": [{"value": 71.6, "step": null, "ts": 1699712120.3730261}]}, "version": 490}
{"obj": {"type": "LogFloats", "path": ["monitoring", "55538622", "memory"], "values": [{"value": 8.374343872070312, "step": null, "ts": 1699712120.3730261}]}, "version": 491}
{"obj": {"type": "LogFloats", "path": ["monitoring", "55538622", "cpu"], "values": [{"value": 58.6, "step": null, "ts": 1699712130.383265}]}, "version": 492}
{"obj": {"type": "LogFloats", "path": ["monitoring", "55538622", "memory"], "values": [{"value": 8.373016357421875, "step": null, "ts": 1699712130.383265}]}, "version": 493}
{"obj": {"type": "LogFloats", "path": ["monitoring", "55538622", "cpu"], "values": [{"value": 58.0, "step": null, "ts": 1699712140.393484}]}, "version": 494}
{"obj": {"type": "LogFloats", "path": ["monitoring", "55538622", "memory"], "values": [{"value": 8.387954711914062, "step": null, "ts": 1699712140.393484}]}, "version": 495}
{"obj": {"type": "AssignDatetime", "path": ["trials", "trials", "9", "datetime_start"], "value": 1699711299628}, "version": 496}
{"obj": {"type": "AssignDatetime", "path": ["trials", "trials", "9", "datetime_complete"], "value": 1699712143516}, "version": 497}
{"obj": {"type": "AssignString", "path": ["trials", "trials", "9", "duration"], "value": "0:14:03.888112"}, "version": 498}
{"obj": {"type": "AssignString", "path": ["trials", "trials", "9", "distributions", "sr"], "value": "FloatDistribution(high=10.0, log=True, low=0.01, step=None)"}, "version": 499}
{"obj": {"type": "AssignString", "path": ["trials", "trials", "9", "distributions", "lr"], "value": "FloatDistribution(high=1.0, log=True, low=0.001, step=None)"}, "version": 500}
{"obj": {"type": "AssignString", "path": ["trials", "trials", "9", "distributions", "iss"], "value": "FloatDistribution(high=1.0, log=False, low=0.0, step=None)"}, "version": 501}
{"obj": {"type": "AssignString", "path": ["trials", "trials", "9", "distributions", "ridge"], "value": "FloatDistribution(high=0.01, log=True, low=1e-09, step=None)"}, "version": 502}
{"obj": {"type": "AssignFloat", "path": ["trials", "trials", "9", "params", "sr"], "value": 0.5510732507381667}, "version": 503}
{"obj": {"type": "AssignFloat", "path": ["trials", "trials", "9", "params", "lr"], "value": 0.008157241336052182}, "version": 504}
{"obj": {"type": "AssignFloat", "path": ["trials", "trials", "9", "params", "iss"], "value": 0.9568531130996275}, "version": 505}
{"obj": {"type": "AssignFloat", "path": ["trials", "trials", "9", "params", "ridge"], "value": 7.487588672705155e-06}, "version": 506}
{"obj": {"type": "AssignFloat", "path": ["trials", "trials", "9", "value"], "value": 9588.452938319853}, "version": 507}
{"obj": {"type": "LogFloats", "path": ["trials", "values"], "values": [{"value": 9588.452938319853, "step": 9, "ts": 1699712143.5246952}]}, "version": 508}
{"obj": {"type": "LogFloats", "path": ["trials", "params", "sr"], "values": [{"value": 0.5510732507381667, "step": null, "ts": 1699712143.5247722}]}, "version": 509}
{"obj": {"type": "LogFloats", "path": ["trials", "params", "lr"], "values": [{"value": 0.008157241336052182, "step": null, "ts": 1699712143.5248058}]}, "version": 510}
{"obj": {"type": "LogFloats", "path": ["trials", "params", "iss"], "values": [{"value": 0.9568531130996275, "step": null, "ts": 1699712143.524836}]}, "version": 511}
{"obj": {"type": "LogFloats", "path": ["trials", "params", "ridge"], "values": [{"value": 7.487588672705155e-06, "step": null, "ts": 1699712143.524865}]}, "version": 512}
{"obj": {"type": "LogStrings", "path": ["trials", "values|params"], "values": [{"value": "value: 9588.452938319853| params: {'sr': 0.5510732507381667, 'lr': 0.008157241336052182, 'iss': 0.9568531130996275, 'ridge': 7.487588672705155e-06}", "step": null, "ts": 1699712143.52491}]}, "version": 513}
{"obj": {"type": "AssignString", "path": ["study", "distributions", "sr"], "value": "FloatDistribution(high=10.0, log=True, low=0.01, step=None)"}, "version": 514}
{"obj": {"type": "AssignString", "path": ["study", "distributions", "lr"], "value": "FloatDistribution(high=1.0, log=True, low=0.001, step=None)"}, "version": 515}
{"obj": {"type": "AssignString", "path": ["study", "distributions", "iss"], "value": "FloatDistribution(high=1.0, log=False, low=0.0, step=None)"}, "version": 516}
{"obj": {"type": "AssignString", "path": ["study", "distributions", "ridge"], "value": "FloatDistribution(high=0.01, log=True, low=1e-09, step=None)"}, "version": 517}
{"obj": {"type": "AssignDatetime", "path": ["best", "trials", "2", "datetime_start"], "value": 1699708327055}, "version": 518}
{"obj": {"type": "AssignDatetime", "path": ["best", "trials", "2", "datetime_complete"], "value": 1699708335931}, "version": 519}
{"obj": {"type": "AssignString", "path": ["best", "trials", "2", "duration"], "value": "0:00:08.876389"}, "version": 520}
{"obj": {"type": "AssignString", "path": ["best", "trials", "2", "distributions", "sr"], "value": "FloatDistribution(high=10.0, log=True, low=0.01, step=None)"}, "version": 521}
{"obj": {"type": "AssignString", "path": ["best", "trials", "2", "distributions", "lr"], "value": "FloatDistribution(high=1.0, log=True, low=0.001, step=None)"}, "version": 522}
{"obj": {"type": "AssignString", "path": ["best", "trials", "2", "distributions", "iss"], "value": "FloatDistribution(high=1.0, log=False, low=0.0, step=None)"}, "version": 523}
{"obj": {"type": "AssignString", "path": ["best", "trials", "2", "distributions", "ridge"], "value": "FloatDistribution(high=0.01, log=True, low=1e-09, step=None)"}, "version": 524}
{"obj": {"type": "AssignFloat", "path": ["best", "trials", "2", "params", "sr"], "value": 0.6498502795242478}, "version": 525}
{"obj": {"type": "AssignFloat", "path": ["best", "trials", "2", "params", "lr"], "value": 0.4758085050236462}, "version": 526}
{"obj": {"type": "AssignFloat", "path": ["best", "trials", "2", "params", "iss"], "value": 0.025808366458883625}, "version": 527}
{"obj": {"type": "AssignFloat", "path": ["best", "trials", "2", "params", "ridge"], "value": 6.785847304517497e-06}, "version": 528}
{"obj": {"type": "AssignFloat", "path": ["best", "trials", "2", "value"], "value": 0.009705615114974307}, "version": 529}
{"obj": {"type": "AssignFloat", "path": ["best", "value"], "value": 0.009705615114974307}, "version": 530}
{"obj": {"type": "AssignFloat", "path": ["best", "params", "sr"], "value": 0.6498502795242478}, "version": 531}
{"obj": {"type": "AssignFloat", "path": ["best", "params", "lr"], "value": 0.4758085050236462}, "version": 532}
{"obj": {"type": "AssignFloat", "path": ["best", "params", "iss"], "value": 0.025808366458883625}, "version": 533}
{"obj": {"type": "AssignFloat", "path": ["best", "params", "ridge"], "value": 6.785847304517497e-06}, "version": 534}
{"obj": {"type": "AssignString", "path": ["best", "value|params"], "value": "value: 0.009705615114974307| params: {'sr': 0.6498502795242478, 'lr': 0.4758085050236462, 'iss': 0.025808366458883625, 'ridge': 6.785847304517497e-06}"}, "version": 535}
{"obj": {"type": "UploadFile", "path": ["visualizations", "plot_contour"], "ext": "html", "file_path": null, "tmp_file_name": "visualizations_plot_contour-1699712143.639709-2023-11-11_23.15.43.639709.html", "clean_after_upload": false}, "version": 536}
{"obj": {"type": "UploadFile", "path": ["visualizations", "plot_edf"], "ext": "html", "file_path": null, "tmp_file_name": "visualizations_plot_edf-1699712143.651404-2023-11-11_23.15.43.651404.html", "clean_after_upload": false}, "version": 537}
{"obj": {"type": "UploadFile", "path": ["visualizations", "plot_parallel_coordinate"], "ext": "html", "file_path": null, "tmp_file_name": "visualizations_plot_parallel_coordinate-1699712143.663754-2023-11-11_23.15.43.663754.html", "clean_after_upload": false}, "version": 538}
{"obj": {"type": "UploadFile", "path": ["visualizations", "plot_param_importances"], "ext": "html", "file_path": null, "tmp_file_name": "visualizations_plot_param_importances-1699712143.744966-2023-11-11_23.15.43.744966.html", "clean_after_upload": false}, "version": 539}
{"obj": {"type": "UploadFile", "path": ["visualizations", "plot_slice"], "ext": "html", "file_path": null, "tmp_file_name": "visualizations_plot_slice-1699712143.776272-2023-11-11_23.15.43.776272.html", "clean_after_upload": false}, "version": 540}
{"obj": {"type": "UploadFile", "path": ["visualizations", "plot_optimization_history"], "ext": "html", "file_path": null, "tmp_file_name": "visualizations_plot_optimization_history-1699712143.789658-2023-11-11_23.15.43.789658.html", "clean_after_upload": false}, "version": 541}
{"obj": {"type": "AssignString", "path": ["study", "study_name"], "value": "example_study"}, "version": 542}
{"obj": {"type": "LogFloats", "path": ["monitoring", "55538622", "cpu"], "values": [{"value": 59.1, "step": null, "ts": 1699712150.403701}]}, "version": 543}
{"obj": {"type": "LogFloats", "path": ["monitoring", "55538622", "memory"], "values": [{"value": 8.461593627929688, "step": null, "ts": 1699712150.403701}]}, "version": 544}
{"obj": {"type": "LogFloats", "path": ["monitoring", "55538622", "cpu"], "values": [{"value": 61.0, "step": null, "ts": 1699712160.413941}]}, "version": 545}
{"obj": {"type": "LogFloats", "path": ["monitoring", "55538622", "memory"], "values": [{"value": 8.412445068359375, "step": null, "ts": 1699712160.413941}]}, "version": 546}
{"obj": {"type": "LogFloats", "path": ["monitoring", "55538622", "cpu"], "values": [{"value": 58.1, "step": null, "ts": 1699712170.4178078}]}, "version": 547}
{"obj": {"type": "LogFloats", "path": ["monitoring", "55538622", "memory"], "values": [{"value": 8.593734741210938, "step": null, "ts": 1699712170.4178078}]}, "version": 548}
{"obj": {"type": "LogFloats", "path": ["monitoring", "55538622", "cpu"], "values": [{"value": 58.6, "step": null, "ts": 1699712180.4280572}]}, "version": 549}
{"obj": {"type": "LogFloats", "path": ["monitoring", "55538622", "memory"], "values": [{"value": 8.833236694335938, "step": null, "ts": 1699712180.4280572}]}, "version": 550}
{"obj": {"type": "LogFloats", "path": ["monitoring", "55538622", "cpu"], "values": [{"value": 58.6, "step": null, "ts": 1699712190.435122}]}, "version": 551}
{"obj": {"type": "LogFloats", "path": ["monitoring", "55538622", "memory"], "values": [{"value": 9.098037719726562, "step": null, "ts": 1699712190.435122}]}, "version": 552}
{"obj": {"type": "LogFloats", "path": ["monitoring", "55538622", "cpu"], "values": [{"value": 99.6, "step": null, "ts": 1699712390.235747}]}, "version": 553}
{"obj": {"type": "LogFloats", "path": ["monitoring", "55538622", "memory"], "values": [{"value": 10.22869873046875, "step": null, "ts": 1699712390.235747}]}, "version": 554}
{"obj": {"type": "LogFloats", "path": ["monitoring", "55538622", "cpu"], "values": [{"value": 73.0, "step": null, "ts": 1699712400.237626}]}, "version": 555}
{"obj": {"type": "LogFloats", "path": ["monitoring", "55538622", "memory"], "values": [{"value": 8.313095092773438, "step": null, "ts": 1699712400.237626}]}, "version": 556}
{"obj": {"type": "LogFloats", "path": ["monitoring", "55538622", "cpu"], "values": [{"value": 58.2, "step": null, "ts": 1699712410.247875}]}, "version": 557}
{"obj": {"type": "LogFloats", "path": ["monitoring", "55538622", "memory"], "values": [{"value": 8.377349853515625, "step": null, "ts": 1699712410.247875}]}, "version": 558}
{"obj": {"type": "LogFloats", "path": ["monitoring", "55538622", "cpu"], "values": [{"value": 58.0, "step": null, "ts": 1699712420.2580638}]}, "version": 559}
{"obj": {"type": "LogFloats", "path": ["monitoring", "55538622", "memory"], "values": [{"value": 8.365951538085938, "step": null, "ts": 1699712420.2580638}]}, "version": 560}
{"obj": {"type": "LogFloats", "path": ["monitoring", "55538622", "cpu"], "values": [{"value": 58.5, "step": null, "ts": 1699712430.2682838}]}, "version": 561}
{"obj": {"type": "LogFloats", "path": ["monitoring", "55538622", "memory"], "values": [{"value": 8.374481201171875, "step": null, "ts": 1699712430.2682838}]}, "version": 562}
{"obj": {"type": "LogFloats", "path": ["monitoring", "55538622", "cpu"], "values": [{"value": 59.1, "step": null, "ts": 1699712440.278516}]}, "version": 563}
{"obj": {"type": "LogFloats", "path": ["monitoring", "55538622", "memory"], "values": [{"value": 8.50018310546875, "step": null, "ts": 1699712440.278516}]}, "version": 564}
{"obj": {"type": "LogFloats", "path": ["monitoring", "55538622", "cpu"], "values": [{"value": 58.7, "step": null, "ts": 1699712450.288736}]}, "version": 565}
{"obj": {"type": "LogFloats", "path": ["monitoring", "55538622", "memory"], "values": [{"value": 8.720703125, "step": null, "ts": 1699712450.288736}]}, "version": 566}
{"obj": {"type": "LogFloats", "path": ["monitoring", "55538622", "cpu"], "values": [{"value": 58.6, "step": null, "ts": 1699712460.2938602}]}, "version": 567}
{"obj": {"type": "LogFloats", "path": ["monitoring", "55538622", "memory"], "values": [{"value": 8.997711181640625, "step": null, "ts": 1699712460.2938602}]}, "version": 568}
{"obj": {"type": "LogFloats", "path": ["monitoring", "55538622", "cpu"], "values": [{"value": 99.1, "step": null, "ts": 1699712663.791511}]}, "version": 569}
{"obj": {"type": "LogFloats", "path": ["monitoring", "55538622", "memory"], "values": [{"value": 10.236221313476562, "step": null, "ts": 1699712663.791511}]}, "version": 570}
{"obj": {"type": "LogFloats", "path": ["monitoring", "55538622", "cpu"], "values": [{"value": 78.7, "step": null, "ts": 1699712673.795136}]}, "version": 571}
{"obj": {"type": "LogFloats", "path": ["monitoring", "55538622", "memory"], "values": [{"value": 8.363357543945312, "step": null, "ts": 1699712673.795136}]}, "version": 572}
{"obj": {"type": "LogFloats", "path": ["monitoring", "55538622", "cpu"], "values": [{"value": 57.4, "step": null, "ts": 1699712683.805495}]}, "version": 573}
{"obj": {"type": "LogFloats", "path": ["monitoring", "55538622", "memory"], "values": [{"value": 8.375717163085938, "step": null, "ts": 1699712683.805495}]}, "version": 574}
{"obj": {"type": "LogFloats", "path": ["monitoring", "55538622", "cpu"], "values": [{"value": 57.1, "step": null, "ts": 1699712693.8067899}]}, "version": 575}
{"obj": {"type": "LogFloats", "path": ["monitoring", "55538622", "memory"], "values": [{"value": 8.374588012695312, "step": null, "ts": 1699712693.8067899}]}, "version": 576}
{"obj": {"type": "LogFloats", "path": ["monitoring", "55538622", "cpu"], "values": [{"value": 59.2, "step": null, "ts": 1699712703.817203}]}, "version": 577}
{"obj": {"type": "LogFloats", "path": ["monitoring", "55538622", "memory"], "values": [{"value": 8.3564453125, "step": null, "ts": 1699712703.817203}]}, "version": 578}
{"obj": {"type": "LogFloats", "path": ["monitoring", "55538622", "cpu"], "values": [{"value": 59.5, "step": null, "ts": 1699712713.827552}]}, "version": 579}
{"obj": {"type": "LogFloats", "path": ["monitoring", "55538622", "memory"], "values": [{"value": 8.362350463867188, "step": null, "ts": 1699712713.827552}]}, "version": 580}
{"obj": {"type": "LogFloats", "path": ["monitoring", "55538622", "cpu"], "values": [{"value": 60.1, "step": null, "ts": 1699712723.837913}]}, "version": 581}
{"obj": {"type": "LogFloats", "path": ["monitoring", "55538622", "memory"], "values": [{"value": 8.372085571289062, "step": null, "ts": 1699712723.837913}]}, "version": 582}
{"obj": {"type": "LogFloats", "path": ["monitoring", "55538622", "cpu"], "values": [{"value": 58.8, "step": null, "ts": 1699712733.848261}]}, "version": 583}
{"obj": {"type": "LogFloats", "path": ["monitoring", "55538622", "memory"], "values": [{"value": 8.561233520507812, "step": null, "ts": 1699712733.848261}]}, "version": 584}
{"obj": {"type": "LogFloats", "path": ["monitoring", "55538622", "cpu"], "values": [{"value": 58.0, "step": null, "ts": 1699712743.858619}]}, "version": 585}
{"obj": {"type": "LogFloats", "path": ["monitoring", "55538622", "memory"], "values": [{"value": 8.787734985351562, "step": null, "ts": 1699712743.858619}]}, "version": 586}
{"obj": {"type": "LogFloats", "path": ["monitoring", "55538622", "cpu"], "values": [{"value": 57.8, "step": null, "ts": 1699712753.868971}]}, "version": 587}
{"obj": {"type": "LogFloats", "path": ["monitoring", "55538622", "memory"], "values": [{"value": 9.038803100585938, "step": null, "ts": 1699712753.868971}]}, "version": 588}
