{"op_code": 0, "worker_id": "f1a39de6-eb71-467e-bee6-53abf01d9827-140017899820864", "study_name": "RS_N10000_6030", "directions": [1]}
{"op_code": 4, "worker_id": "f1a39de6-eb71-467e-bee6-53abf01d9827-140017899820864", "study_id": 0, "datetime_start": "2023-12-17T12:58:43.777206"}
{"op_code": 5, "worker_id": "f1a39de6-eb71-467e-bee6-53abf01d9827-140017899820864", "trial_id": 0, "param_name": "sr", "param_value_internal": 0.0447599374359377, "distribution": "{\"name\": \"FloatDistribution\", \"attributes\": {\"step\": null, \"low\": 0.01, \"high\": 10.0, \"log\": true}}"}
{"op_code": 5, "worker_id": "f1a39de6-eb71-467e-bee6-53abf01d9827-140017899820864", "trial_id": 0, "param_name": "lr", "param_value_internal": 0.05110951188753825, "distribution": "{\"name\": \"FloatDistribution\", \"attributes\": {\"step\": null, \"low\": 0.001, \"high\": 1.0, \"log\": true}}"}
{"op_code": 5, "worker_id": "f1a39de6-eb71-467e-bee6-53abf01d9827-140017899820864", "trial_id": 0, "param_name": "iss", "param_value_internal": 0.23842500292247504, "distribution": "{\"name\": \"FloatDistribution\", \"attributes\": {\"step\": null, \"low\": 0.0, \"high\": 1.0, \"log\": false}}"}
{"op_code": 5, "worker_id": "f1a39de6-eb71-467e-bee6-53abf01d9827-140017899820864", "trial_id": 0, "param_name": "ridge", "param_value_internal": 0.00030026983324312677, "distribution": "{\"name\": \"FloatDistribution\", \"attributes\": {\"step\": null, \"low\": 1e-09, \"high\": 0.01, \"log\": true}}"}
{"op_code": 0, "worker_id": "725fc1e7-952a-464e-a1e7-414a05e81b22-140024077059904", "study_name": "RS_N10000_6030", "directions": [1]}
{"op_code": 4, "worker_id": "725fc1e7-952a-464e-a1e7-414a05e81b22-140024077059904", "study_id": 0, "datetime_start": "2023-12-17T12:58:43.815361"}
{"op_code": 5, "worker_id": "725fc1e7-952a-464e-a1e7-414a05e81b22-140024077059904", "trial_id": 1, "param_name": "sr", "param_value_internal": 0.2810791239367044, "distribution": "{\"name\": \"FloatDistribution\", \"attributes\": {\"step\": null, \"low\": 0.01, \"high\": 10.0, \"log\": true}}"}
{"op_code": 5, "worker_id": "725fc1e7-952a-464e-a1e7-414a05e81b22-140024077059904", "trial_id": 1, "param_name": "lr", "param_value_internal": 0.8064686021658354, "distribution": "{\"name\": \"FloatDistribution\", \"attributes\": {\"step\": null, \"low\": 0.001, \"high\": 1.0, \"log\": true}}"}
{"op_code": 0, "worker_id": "6eff56b2-aa86-42af-94b4-8ba4f6aee395-140283147020096", "study_name": "RS_N10000_6030", "directions": [1]}
{"op_code": 5, "worker_id": "725fc1e7-952a-464e-a1e7-414a05e81b22-140024077059904", "trial_id": 1, "param_name": "iss", "param_value_internal": 0.861780134823454, "distribution": "{\"name\": \"FloatDistribution\", \"attributes\": {\"step\": null, \"low\": 0.0, \"high\": 1.0, \"log\": false}}"}
{"op_code": 0, "worker_id": "d76217bb-51e5-4083-a913-7c33ef762dbf-140022504830784", "study_name": "RS_N10000_6030", "directions": [1]}
{"op_code": 5, "worker_id": "725fc1e7-952a-464e-a1e7-414a05e81b22-140024077059904", "trial_id": 1, "param_name": "ridge", "param_value_internal": 1.0797255760532681e-08, "distribution": "{\"name\": \"FloatDistribution\", \"attributes\": {\"step\": null, \"low\": 1e-09, \"high\": 0.01, \"log\": true}}"}
{"op_code": 0, "worker_id": "93b40f6c-7f8f-4e1c-9364-d07d4ee83af7-140266281260864", "study_name": "RS_N10000_6030", "directions": [1]}
{"op_code": 4, "worker_id": "d76217bb-51e5-4083-a913-7c33ef762dbf-140022504830784", "study_id": 0, "datetime_start": "2023-12-17T12:58:43.838292"}
{"op_code": 4, "worker_id": "6eff56b2-aa86-42af-94b4-8ba4f6aee395-140283147020096", "study_id": 0, "datetime_start": "2023-12-17T12:58:43.831784"}
{"op_code": 0, "worker_id": "089f7376-f43b-44e4-b9c1-a1a149fedb90-139761046923072", "study_name": "RS_N10000_6030", "directions": [1]}
{"op_code": 0, "worker_id": "f5267657-d3f9-41f6-b9c1-86bf57bf76af-139771089200960", "study_name": "RS_N10000_6030", "directions": [1]}
{"op_code": 0, "worker_id": "6c2443a5-1da5-4167-bc45-65e0e6e3122c-140504112260928", "study_name": "RS_N10000_6030", "directions": [1]}
{"op_code": 5, "worker_id": "6eff56b2-aa86-42af-94b4-8ba4f6aee395-140283147020096", "trial_id": 3, "param_name": "sr", "param_value_internal": 0.4650867210512849, "distribution": "{\"name\": \"FloatDistribution\", \"attributes\": {\"step\": null, \"low\": 0.01, \"high\": 10.0, \"log\": true}}"}
{"op_code": 4, "worker_id": "f5267657-d3f9-41f6-b9c1-86bf57bf76af-139771089200960", "study_id": 0, "datetime_start": "2023-12-17T12:58:43.957440"}
{"op_code": 4, "worker_id": "6c2443a5-1da5-4167-bc45-65e0e6e3122c-140504112260928", "study_id": 0, "datetime_start": "2023-12-17T12:58:43.959819"}
{"op_code": 4, "worker_id": "089f7376-f43b-44e4-b9c1-a1a149fedb90-139761046923072", "study_id": 0, "datetime_start": "2023-12-17T12:58:43.954167"}
{"op_code": 5, "worker_id": "f5267657-d3f9-41f6-b9c1-86bf57bf76af-139771089200960", "trial_id": 4, "param_name": "sr", "param_value_internal": 0.2565479759934953, "distribution": "{\"name\": \"FloatDistribution\", \"attributes\": {\"step\": null, \"low\": 0.01, \"high\": 10.0, \"log\": true}}"}
{"op_code": 5, "worker_id": "6c2443a5-1da5-4167-bc45-65e0e6e3122c-140504112260928", "trial_id": 5, "param_name": "sr", "param_value_internal": 0.014633430290879133, "distribution": "{\"name\": \"FloatDistribution\", \"attributes\": {\"step\": null, \"low\": 0.01, \"high\": 10.0, \"log\": true}}"}
{"op_code": 0, "worker_id": "1665b0e1-bf73-4e9a-af77-41d702fb5bb1-139786017498944", "study_name": "RS_N10000_6030", "directions": [1]}
{"op_code": 5, "worker_id": "6c2443a5-1da5-4167-bc45-65e0e6e3122c-140504112260928", "trial_id": 5, "param_name": "lr", "param_value_internal": 0.1284320300741579, "distribution": "{\"name\": \"FloatDistribution\", \"attributes\": {\"step\": null, \"low\": 0.001, \"high\": 1.0, \"log\": true}}"}
{"op_code": 0, "worker_id": "b3308a4d-2bfb-4457-b7b5-079f380598cb-139718168213312", "study_name": "RS_N10000_6030", "directions": [1]}
{"op_code": 5, "worker_id": "f5267657-d3f9-41f6-b9c1-86bf57bf76af-139771089200960", "trial_id": 4, "param_name": "lr", "param_value_internal": 0.2122355664669438, "distribution": "{\"name\": \"FloatDistribution\", \"attributes\": {\"step\": null, \"low\": 0.001, \"high\": 1.0, \"log\": true}}"}
{"op_code": 0, "worker_id": "ad46a857-db40-4137-aa33-70d2e00551fd-139819134695232", "study_name": "RS_N10000_6030", "directions": [1]}
{"op_code": 5, "worker_id": "f5267657-d3f9-41f6-b9c1-86bf57bf76af-139771089200960", "trial_id": 4, "param_name": "iss", "param_value_internal": 0.4888050833839085, "distribution": "{\"name\": \"FloatDistribution\", \"attributes\": {\"step\": null, \"low\": 0.0, \"high\": 1.0, \"log\": false}}"}
{"op_code": 4, "worker_id": "b3308a4d-2bfb-4457-b7b5-079f380598cb-139718168213312", "study_id": 0, "datetime_start": "2023-12-17T12:58:43.987096"}
{"op_code": 4, "worker_id": "1665b0e1-bf73-4e9a-af77-41d702fb5bb1-139786017498944", "study_id": 0, "datetime_start": "2023-12-17T12:58:43.982585"}
{"op_code": 4, "worker_id": "ad46a857-db40-4137-aa33-70d2e00551fd-139819134695232", "study_id": 0, "datetime_start": "2023-12-17T12:58:43.994218"}
{"op_code": 5, "worker_id": "b3308a4d-2bfb-4457-b7b5-079f380598cb-139718168213312", "trial_id": 7, "param_name": "sr", "param_value_internal": 2.4887402401069103, "distribution": "{\"name\": \"FloatDistribution\", \"attributes\": {\"step\": null, \"low\": 0.01, \"high\": 10.0, \"log\": true}}"}
{"op_code": 5, "worker_id": "f5267657-d3f9-41f6-b9c1-86bf57bf76af-139771089200960", "trial_id": 4, "param_name": "ridge", "param_value_internal": 9.661732113886951e-05, "distribution": "{\"name\": \"FloatDistribution\", \"attributes\": {\"step\": null, \"low\": 1e-09, \"high\": 0.01, \"log\": true}}"}
{"op_code": 5, "worker_id": "b3308a4d-2bfb-4457-b7b5-079f380598cb-139718168213312", "trial_id": 7, "param_name": "lr", "param_value_internal": 0.09180569300040967, "distribution": "{\"name\": \"FloatDistribution\", \"attributes\": {\"step\": null, \"low\": 0.001, \"high\": 1.0, \"log\": true}}"}
{"op_code": 5, "worker_id": "ad46a857-db40-4137-aa33-70d2e00551fd-139819134695232", "trial_id": 9, "param_name": "sr", "param_value_internal": 3.0833494365099487, "distribution": "{\"name\": \"FloatDistribution\", \"attributes\": {\"step\": null, \"low\": 0.01, \"high\": 10.0, \"log\": true}}"}
{"op_code": 5, "worker_id": "b3308a4d-2bfb-4457-b7b5-079f380598cb-139718168213312", "trial_id": 7, "param_name": "iss", "param_value_internal": 0.8437584537944768, "distribution": "{\"name\": \"FloatDistribution\", \"attributes\": {\"step\": null, \"low\": 0.0, \"high\": 1.0, \"log\": false}}"}
{"op_code": 5, "worker_id": "ad46a857-db40-4137-aa33-70d2e00551fd-139819134695232", "trial_id": 9, "param_name": "lr", "param_value_internal": 0.33098772408574745, "distribution": "{\"name\": \"FloatDistribution\", \"attributes\": {\"step\": null, \"low\": 0.001, \"high\": 1.0, \"log\": true}}"}
{"op_code": 0, "worker_id": "1f1978a2-e97e-4504-9517-5353e1dc6a79-140169081120576", "study_name": "RS_N10000_6030", "directions": [1]}
{"op_code": 5, "worker_id": "6c2443a5-1da5-4167-bc45-65e0e6e3122c-140504112260928", "trial_id": 5, "param_name": "iss", "param_value_internal": 0.8977653532632521, "distribution": "{\"name\": \"FloatDistribution\", \"attributes\": {\"step\": null, \"low\": 0.0, \"high\": 1.0, \"log\": false}}"}
{"op_code": 5, "worker_id": "1665b0e1-bf73-4e9a-af77-41d702fb5bb1-139786017498944", "trial_id": 8, "param_name": "sr", "param_value_internal": 0.7495023639130659, "distribution": "{\"name\": \"FloatDistribution\", \"attributes\": {\"step\": null, \"low\": 0.01, \"high\": 10.0, \"log\": true}}"}
{"op_code": 0, "worker_id": "602696c6-2347-4fe2-9139-4e50b57fcf7e-140114037233472", "study_name": "RS_N10000_6030", "directions": [1]}
{"op_code": 5, "worker_id": "1665b0e1-bf73-4e9a-af77-41d702fb5bb1-139786017498944", "trial_id": 8, "param_name": "lr", "param_value_internal": 0.024000994584793885, "distribution": "{\"name\": \"FloatDistribution\", \"attributes\": {\"step\": null, \"low\": 0.001, \"high\": 1.0, \"log\": true}}"}
{"op_code": 4, "worker_id": "1f1978a2-e97e-4504-9517-5353e1dc6a79-140169081120576", "study_id": 0, "datetime_start": "2023-12-17T12:58:44.024090"}
{"op_code": 5, "worker_id": "1665b0e1-bf73-4e9a-af77-41d702fb5bb1-139786017498944", "trial_id": 8, "param_name": "iss", "param_value_internal": 0.5589066851202439, "distribution": "{\"name\": \"FloatDistribution\", \"attributes\": {\"step\": null, \"low\": 0.0, \"high\": 1.0, \"log\": false}}"}
{"op_code": 4, "worker_id": "602696c6-2347-4fe2-9139-4e50b57fcf7e-140114037233472", "study_id": 0, "datetime_start": "2023-12-17T12:58:44.031885"}
{"op_code": 5, "worker_id": "1665b0e1-bf73-4e9a-af77-41d702fb5bb1-139786017498944", "trial_id": 8, "param_name": "ridge", "param_value_internal": 3.571003268183082e-08, "distribution": "{\"name\": \"FloatDistribution\", \"attributes\": {\"step\": null, \"low\": 1e-09, \"high\": 0.01, \"log\": true}}"}
{"op_code": 5, "worker_id": "1f1978a2-e97e-4504-9517-5353e1dc6a79-140169081120576", "trial_id": 10, "param_name": "sr", "param_value_internal": 0.021883895874496833, "distribution": "{\"name\": \"FloatDistribution\", \"attributes\": {\"step\": null, \"low\": 0.01, \"high\": 10.0, \"log\": true}}"}
{"op_code": 5, "worker_id": "602696c6-2347-4fe2-9139-4e50b57fcf7e-140114037233472", "trial_id": 11, "param_name": "sr", "param_value_internal": 0.07102527284658362, "distribution": "{\"name\": \"FloatDistribution\", \"attributes\": {\"step\": null, \"low\": 0.01, \"high\": 10.0, \"log\": true}}"}
{"op_code": 5, "worker_id": "1f1978a2-e97e-4504-9517-5353e1dc6a79-140169081120576", "trial_id": 10, "param_name": "lr", "param_value_internal": 0.7507337374911244, "distribution": "{\"name\": \"FloatDistribution\", \"attributes\": {\"step\": null, \"low\": 0.001, \"high\": 1.0, \"log\": true}}"}
{"op_code": 5, "worker_id": "602696c6-2347-4fe2-9139-4e50b57fcf7e-140114037233472", "trial_id": 11, "param_name": "lr", "param_value_internal": 0.011799067640823863, "distribution": "{\"name\": \"FloatDistribution\", \"attributes\": {\"step\": null, \"low\": 0.001, \"high\": 1.0, \"log\": true}}"}
{"op_code": 5, "worker_id": "1f1978a2-e97e-4504-9517-5353e1dc6a79-140169081120576", "trial_id": 10, "param_name": "iss", "param_value_internal": 0.6392058210205935, "distribution": "{\"name\": \"FloatDistribution\", \"attributes\": {\"step\": null, \"low\": 0.0, \"high\": 1.0, \"log\": false}}"}
{"op_code": 5, "worker_id": "602696c6-2347-4fe2-9139-4e50b57fcf7e-140114037233472", "trial_id": 11, "param_name": "iss", "param_value_internal": 0.504018074270393, "distribution": "{\"name\": \"FloatDistribution\", \"attributes\": {\"step\": null, \"low\": 0.0, \"high\": 1.0, \"log\": false}}"}
{"op_code": 5, "worker_id": "1f1978a2-e97e-4504-9517-5353e1dc6a79-140169081120576", "trial_id": 10, "param_name": "ridge", "param_value_internal": 0.002955515294619453, "distribution": "{\"name\": \"FloatDistribution\", \"attributes\": {\"step\": null, \"low\": 1e-09, \"high\": 0.01, \"log\": true}}"}
{"op_code": 5, "worker_id": "6c2443a5-1da5-4167-bc45-65e0e6e3122c-140504112260928", "trial_id": 5, "param_name": "ridge", "param_value_internal": 8.499385969490934e-07, "distribution": "{\"name\": \"FloatDistribution\", \"attributes\": {\"step\": null, \"low\": 1e-09, \"high\": 0.01, \"log\": true}}"}
{"op_code": 5, "worker_id": "602696c6-2347-4fe2-9139-4e50b57fcf7e-140114037233472", "trial_id": 11, "param_name": "ridge", "param_value_internal": 1.4659610966249113e-09, "distribution": "{\"name\": \"FloatDistribution\", \"attributes\": {\"step\": null, \"low\": 1e-09, \"high\": 0.01, \"log\": true}}"}
{"op_code": 5, "worker_id": "b3308a4d-2bfb-4457-b7b5-079f380598cb-139718168213312", "trial_id": 7, "param_name": "ridge", "param_value_internal": 4.3497882430468883e-07, "distribution": "{\"name\": \"FloatDistribution\", \"attributes\": {\"step\": null, \"low\": 1e-09, \"high\": 0.01, \"log\": true}}"}
{"op_code": 5, "worker_id": "ad46a857-db40-4137-aa33-70d2e00551fd-139819134695232", "trial_id": 9, "param_name": "iss", "param_value_internal": 0.02745950802636732, "distribution": "{\"name\": \"FloatDistribution\", \"attributes\": {\"step\": null, \"low\": 0.0, \"high\": 1.0, \"log\": false}}"}
{"op_code": 5, "worker_id": "ad46a857-db40-4137-aa33-70d2e00551fd-139819134695232", "trial_id": 9, "param_name": "ridge", "param_value_internal": 0.0008456801943756503, "distribution": "{\"name\": \"FloatDistribution\", \"attributes\": {\"step\": null, \"low\": 1e-09, \"high\": 0.01, \"log\": true}}"}
{"op_code": 5, "worker_id": "6eff56b2-aa86-42af-94b4-8ba4f6aee395-140283147020096", "trial_id": 3, "param_name": "lr", "param_value_internal": 0.270051165245735, "distribution": "{\"name\": \"FloatDistribution\", \"attributes\": {\"step\": null, \"low\": 0.001, \"high\": 1.0, \"log\": true}}"}
{"op_code": 5, "worker_id": "6eff56b2-aa86-42af-94b4-8ba4f6aee395-140283147020096", "trial_id": 3, "param_name": "iss", "param_value_internal": 0.05149642735978288, "distribution": "{\"name\": \"FloatDistribution\", \"attributes\": {\"step\": null, \"low\": 0.0, \"high\": 1.0, \"log\": false}}"}
{"op_code": 5, "worker_id": "6eff56b2-aa86-42af-94b4-8ba4f6aee395-140283147020096", "trial_id": 3, "param_name": "ridge", "param_value_internal": 1.5838543746634222e-05, "distribution": "{\"name\": \"FloatDistribution\", \"attributes\": {\"step\": null, \"low\": 1e-09, \"high\": 0.01, \"log\": true}}"}
{"op_code": 5, "worker_id": "d76217bb-51e5-4083-a913-7c33ef762dbf-140022504830784", "trial_id": 2, "param_name": "sr", "param_value_internal": 0.9918883496297769, "distribution": "{\"name\": \"FloatDistribution\", \"attributes\": {\"step\": null, \"low\": 0.01, \"high\": 10.0, \"log\": true}}"}
{"op_code": 5, "worker_id": "089f7376-f43b-44e4-b9c1-a1a149fedb90-139761046923072", "trial_id": 6, "param_name": "sr", "param_value_internal": 0.15101489401891582, "distribution": "{\"name\": \"FloatDistribution\", \"attributes\": {\"step\": null, \"low\": 0.01, \"high\": 10.0, \"log\": true}}"}
{"op_code": 5, "worker_id": "d76217bb-51e5-4083-a913-7c33ef762dbf-140022504830784", "trial_id": 2, "param_name": "lr", "param_value_internal": 0.10543238265965914, "distribution": "{\"name\": \"FloatDistribution\", \"attributes\": {\"step\": null, \"low\": 0.001, \"high\": 1.0, \"log\": true}}"}
{"op_code": 5, "worker_id": "d76217bb-51e5-4083-a913-7c33ef762dbf-140022504830784", "trial_id": 2, "param_name": "iss", "param_value_internal": 0.21395012936105373, "distribution": "{\"name\": \"FloatDistribution\", \"attributes\": {\"step\": null, \"low\": 0.0, \"high\": 1.0, \"log\": false}}"}
{"op_code": 5, "worker_id": "089f7376-f43b-44e4-b9c1-a1a149fedb90-139761046923072", "trial_id": 6, "param_name": "lr", "param_value_internal": 0.27061794198577604, "distribution": "{\"name\": \"FloatDistribution\", \"attributes\": {\"step\": null, \"low\": 0.001, \"high\": 1.0, \"log\": true}}"}
{"op_code": 5, "worker_id": "d76217bb-51e5-4083-a913-7c33ef762dbf-140022504830784", "trial_id": 2, "param_name": "ridge", "param_value_internal": 2.8685167867906946e-09, "distribution": "{\"name\": \"FloatDistribution\", \"attributes\": {\"step\": null, \"low\": 1e-09, \"high\": 0.01, \"log\": true}}"}
{"op_code": 5, "worker_id": "089f7376-f43b-44e4-b9c1-a1a149fedb90-139761046923072", "trial_id": 6, "param_name": "iss", "param_value_internal": 0.14109039160199865, "distribution": "{\"name\": \"FloatDistribution\", \"attributes\": {\"step\": null, \"low\": 0.0, \"high\": 1.0, \"log\": false}}"}
{"op_code": 5, "worker_id": "089f7376-f43b-44e4-b9c1-a1a149fedb90-139761046923072", "trial_id": 6, "param_name": "ridge", "param_value_internal": 1.9444968685334082e-08, "distribution": "{\"name\": \"FloatDistribution\", \"attributes\": {\"step\": null, \"low\": 1e-09, \"high\": 0.01, \"log\": true}}"}
{"op_code": 0, "worker_id": "fc6ce2cc-44cb-4db8-b517-3d22842d5930-140711818774336", "study_name": "RS_N10000_6030", "directions": [1]}
{"op_code": 0, "worker_id": "73db838b-5592-42ac-a8bf-903e51da5de8-140599849285440", "study_name": "RS_N10000_6030", "directions": [1]}
{"op_code": 4, "worker_id": "fc6ce2cc-44cb-4db8-b517-3d22842d5930-140711818774336", "study_id": 0, "datetime_start": "2023-12-17T12:58:44.152871"}
{"op_code": 5, "worker_id": "fc6ce2cc-44cb-4db8-b517-3d22842d5930-140711818774336", "trial_id": 12, "param_name": "sr", "param_value_internal": 3.0204109666356, "distribution": "{\"name\": \"FloatDistribution\", \"attributes\": {\"step\": null, \"low\": 0.01, \"high\": 10.0, \"log\": true}}"}
{"op_code": 4, "worker_id": "73db838b-5592-42ac-a8bf-903e51da5de8-140599849285440", "study_id": 0, "datetime_start": "2023-12-17T12:58:44.162182"}
{"op_code": 0, "worker_id": "5b97cc0f-3f1c-4120-bd72-7e6fa7f1d8b8-139780461418304", "study_name": "RS_N10000_6030", "directions": [1]}
{"op_code": 5, "worker_id": "fc6ce2cc-44cb-4db8-b517-3d22842d5930-140711818774336", "trial_id": 12, "param_name": "lr", "param_value_internal": 0.04356273545620813, "distribution": "{\"name\": \"FloatDistribution\", \"attributes\": {\"step\": null, \"low\": 0.001, \"high\": 1.0, \"log\": true}}"}
{"op_code": 5, "worker_id": "73db838b-5592-42ac-a8bf-903e51da5de8-140599849285440", "trial_id": 13, "param_name": "sr", "param_value_internal": 0.05464662199941213, "distribution": "{\"name\": \"FloatDistribution\", \"attributes\": {\"step\": null, \"low\": 0.01, \"high\": 10.0, \"log\": true}}"}
{"op_code": 5, "worker_id": "fc6ce2cc-44cb-4db8-b517-3d22842d5930-140711818774336", "trial_id": 12, "param_name": "iss", "param_value_internal": 0.9371504400310033, "distribution": "{\"name\": \"FloatDistribution\", \"attributes\": {\"step\": null, \"low\": 0.0, \"high\": 1.0, \"log\": false}}"}
{"op_code": 4, "worker_id": "5b97cc0f-3f1c-4120-bd72-7e6fa7f1d8b8-139780461418304", "study_id": 0, "datetime_start": "2023-12-17T12:58:44.176638"}
{"op_code": 5, "worker_id": "73db838b-5592-42ac-a8bf-903e51da5de8-140599849285440", "trial_id": 13, "param_name": "lr", "param_value_internal": 0.1341449820705892, "distribution": "{\"name\": \"FloatDistribution\", \"attributes\": {\"step\": null, \"low\": 0.001, \"high\": 1.0, \"log\": true}}"}
{"op_code": 5, "worker_id": "fc6ce2cc-44cb-4db8-b517-3d22842d5930-140711818774336", "trial_id": 12, "param_name": "ridge", "param_value_internal": 1.3662469441390068e-06, "distribution": "{\"name\": \"FloatDistribution\", \"attributes\": {\"step\": null, \"low\": 1e-09, \"high\": 0.01, \"log\": true}}"}
{"op_code": 5, "worker_id": "73db838b-5592-42ac-a8bf-903e51da5de8-140599849285440", "trial_id": 13, "param_name": "iss", "param_value_internal": 0.6208961591182147, "distribution": "{\"name\": \"FloatDistribution\", \"attributes\": {\"step\": null, \"low\": 0.0, \"high\": 1.0, \"log\": false}}"}
{"op_code": 5, "worker_id": "5b97cc0f-3f1c-4120-bd72-7e6fa7f1d8b8-139780461418304", "trial_id": 14, "param_name": "sr", "param_value_internal": 0.01480383830942208, "distribution": "{\"name\": \"FloatDistribution\", \"attributes\": {\"step\": null, \"low\": 0.01, \"high\": 10.0, \"log\": true}}"}
{"op_code": 5, "worker_id": "73db838b-5592-42ac-a8bf-903e51da5de8-140599849285440", "trial_id": 13, "param_name": "ridge", "param_value_internal": 1.1513031716608302e-06, "distribution": "{\"name\": \"FloatDistribution\", \"attributes\": {\"step\": null, \"low\": 1e-09, \"high\": 0.01, \"log\": true}}"}
{"op_code": 5, "worker_id": "5b97cc0f-3f1c-4120-bd72-7e6fa7f1d8b8-139780461418304", "trial_id": 14, "param_name": "lr", "param_value_internal": 0.044127244835384855, "distribution": "{\"name\": \"FloatDistribution\", \"attributes\": {\"step\": null, \"low\": 0.001, \"high\": 1.0, \"log\": true}}"}
{"op_code": 5, "worker_id": "5b97cc0f-3f1c-4120-bd72-7e6fa7f1d8b8-139780461418304", "trial_id": 14, "param_name": "iss", "param_value_internal": 0.46800819974958174, "distribution": "{\"name\": \"FloatDistribution\", \"attributes\": {\"step\": null, \"low\": 0.0, \"high\": 1.0, \"log\": false}}"}
{"op_code": 5, "worker_id": "5b97cc0f-3f1c-4120-bd72-7e6fa7f1d8b8-139780461418304", "trial_id": 14, "param_name": "ridge", "param_value_internal": 1.2801281208084972e-07, "distribution": "{\"name\": \"FloatDistribution\", \"attributes\": {\"step\": null, \"low\": 1e-09, \"high\": 0.01, \"log\": true}}"}
{"op_code": 0, "worker_id": "84e1f27f-eb6e-47fc-a7a8-d8eb97f0d5eb-139960476055360", "study_name": "RS_N10000_6030", "directions": [1]}
{"op_code": 4, "worker_id": "93b40f6c-7f8f-4e1c-9364-d07d4ee83af7-140266281260864", "study_id": 0, "datetime_start": "2023-12-17T12:58:43.841664"}
{"op_code": 4, "worker_id": "84e1f27f-eb6e-47fc-a7a8-d8eb97f0d5eb-139960476055360", "study_id": 0, "datetime_start": "2023-12-17T12:58:44.360498"}
{"op_code": 5, "worker_id": "84e1f27f-eb6e-47fc-a7a8-d8eb97f0d5eb-139960476055360", "trial_id": 16, "param_name": "sr", "param_value_internal": 0.3510130467961354, "distribution": "{\"name\": \"FloatDistribution\", \"attributes\": {\"step\": null, \"low\": 0.01, \"high\": 10.0, \"log\": true}}"}
{"op_code": 5, "worker_id": "93b40f6c-7f8f-4e1c-9364-d07d4ee83af7-140266281260864", "trial_id": 15, "param_name": "sr", "param_value_internal": 0.08752989746821933, "distribution": "{\"name\": \"FloatDistribution\", \"attributes\": {\"step\": null, \"low\": 0.01, \"high\": 10.0, \"log\": true}}"}
{"op_code": 5, "worker_id": "84e1f27f-eb6e-47fc-a7a8-d8eb97f0d5eb-139960476055360", "trial_id": 16, "param_name": "lr", "param_value_internal": 0.03171731587811673, "distribution": "{\"name\": \"FloatDistribution\", \"attributes\": {\"step\": null, \"low\": 0.001, \"high\": 1.0, \"log\": true}}"}
{"op_code": 5, "worker_id": "93b40f6c-7f8f-4e1c-9364-d07d4ee83af7-140266281260864", "trial_id": 15, "param_name": "lr", "param_value_internal": 0.0695136934672419, "distribution": "{\"name\": \"FloatDistribution\", \"attributes\": {\"step\": null, \"low\": 0.001, \"high\": 1.0, \"log\": true}}"}
{"op_code": 5, "worker_id": "84e1f27f-eb6e-47fc-a7a8-d8eb97f0d5eb-139960476055360", "trial_id": 16, "param_name": "iss", "param_value_internal": 0.5968933895802935, "distribution": "{\"name\": \"FloatDistribution\", \"attributes\": {\"step\": null, \"low\": 0.0, \"high\": 1.0, \"log\": false}}"}
{"op_code": 5, "worker_id": "93b40f6c-7f8f-4e1c-9364-d07d4ee83af7-140266281260864", "trial_id": 15, "param_name": "iss", "param_value_internal": 0.5675489291296053, "distribution": "{\"name\": \"FloatDistribution\", \"attributes\": {\"step\": null, \"low\": 0.0, \"high\": 1.0, \"log\": false}}"}
{"op_code": 5, "worker_id": "84e1f27f-eb6e-47fc-a7a8-d8eb97f0d5eb-139960476055360", "trial_id": 16, "param_name": "ridge", "param_value_internal": 2.4118731288155704e-09, "distribution": "{\"name\": \"FloatDistribution\", \"attributes\": {\"step\": null, \"low\": 1e-09, \"high\": 0.01, \"log\": true}}"}
{"op_code": 5, "worker_id": "93b40f6c-7f8f-4e1c-9364-d07d4ee83af7-140266281260864", "trial_id": 15, "param_name": "ridge", "param_value_internal": 0.0008084795152324759, "distribution": "{\"name\": \"FloatDistribution\", \"attributes\": {\"step\": null, \"low\": 1e-09, \"high\": 0.01, \"log\": true}}"}
{"op_code": 0, "worker_id": "430a699f-0c9a-4bfa-ac2c-3546c88daebf-140478892951360", "study_name": "RS_N10000_6030", "directions": [1]}
{"op_code": 4, "worker_id": "430a699f-0c9a-4bfa-ac2c-3546c88daebf-140478892951360", "study_id": 0, "datetime_start": "2023-12-17T12:58:44.412716"}
{"op_code": 5, "worker_id": "430a699f-0c9a-4bfa-ac2c-3546c88daebf-140478892951360", "trial_id": 17, "param_name": "sr", "param_value_internal": 0.2924897610539819, "distribution": "{\"name\": \"FloatDistribution\", \"attributes\": {\"step\": null, \"low\": 0.01, \"high\": 10.0, \"log\": true}}"}
{"op_code": 0, "worker_id": "1aa42634-5486-45fc-818f-14353553bc2a-140553551406912", "study_name": "RS_N10000_6030", "directions": [1]}
{"op_code": 5, "worker_id": "430a699f-0c9a-4bfa-ac2c-3546c88daebf-140478892951360", "trial_id": 17, "param_name": "lr", "param_value_internal": 0.1039898971330768, "distribution": "{\"name\": \"FloatDistribution\", \"attributes\": {\"step\": null, \"low\": 0.001, \"high\": 1.0, \"log\": true}}"}
{"op_code": 5, "worker_id": "430a699f-0c9a-4bfa-ac2c-3546c88daebf-140478892951360", "trial_id": 17, "param_name": "iss", "param_value_internal": 0.4919582261564538, "distribution": "{\"name\": \"FloatDistribution\", \"attributes\": {\"step\": null, \"low\": 0.0, \"high\": 1.0, \"log\": false}}"}
{"op_code": 5, "worker_id": "430a699f-0c9a-4bfa-ac2c-3546c88daebf-140478892951360", "trial_id": 17, "param_name": "ridge", "param_value_internal": 5.085903520270908e-07, "distribution": "{\"name\": \"FloatDistribution\", \"attributes\": {\"step\": null, \"low\": 1e-09, \"high\": 0.01, \"log\": true}}"}
{"op_code": 4, "worker_id": "1aa42634-5486-45fc-818f-14353553bc2a-140553551406912", "study_id": 0, "datetime_start": "2023-12-17T12:58:44.438120"}
{"op_code": 5, "worker_id": "1aa42634-5486-45fc-818f-14353553bc2a-140553551406912", "trial_id": 18, "param_name": "sr", "param_value_internal": 0.16257766376266133, "distribution": "{\"name\": \"FloatDistribution\", \"attributes\": {\"step\": null, \"low\": 0.01, \"high\": 10.0, \"log\": true}}"}
{"op_code": 5, "worker_id": "1aa42634-5486-45fc-818f-14353553bc2a-140553551406912", "trial_id": 18, "param_name": "lr", "param_value_internal": 0.059895625355132556, "distribution": "{\"name\": \"FloatDistribution\", \"attributes\": {\"step\": null, \"low\": 0.001, \"high\": 1.0, \"log\": true}}"}
{"op_code": 5, "worker_id": "1aa42634-5486-45fc-818f-14353553bc2a-140553551406912", "trial_id": 18, "param_name": "iss", "param_value_internal": 0.7010256419582495, "distribution": "{\"name\": \"FloatDistribution\", \"attributes\": {\"step\": null, \"low\": 0.0, \"high\": 1.0, \"log\": false}}"}
{"op_code": 5, "worker_id": "1aa42634-5486-45fc-818f-14353553bc2a-140553551406912", "trial_id": 18, "param_name": "ridge", "param_value_internal": 5.8310906325800416e-05, "distribution": "{\"name\": \"FloatDistribution\", \"attributes\": {\"step\": null, \"low\": 1e-09, \"high\": 0.01, \"log\": true}}"}
{"op_code": 0, "worker_id": "320b23bb-792e-4659-bf72-652b960c30c0-139866792744768", "study_name": "RS_N10000_6030", "directions": [1]}
{"op_code": 4, "worker_id": "320b23bb-792e-4659-bf72-652b960c30c0-139866792744768", "study_id": 0, "datetime_start": "2023-12-17T12:58:44.903097"}
{"op_code": 5, "worker_id": "320b23bb-792e-4659-bf72-652b960c30c0-139866792744768", "trial_id": 19, "param_name": "sr", "param_value_internal": 0.14443085151822074, "distribution": "{\"name\": \"FloatDistribution\", \"attributes\": {\"step\": null, \"low\": 0.01, \"high\": 10.0, \"log\": true}}"}
{"op_code": 5, "worker_id": "320b23bb-792e-4659-bf72-652b960c30c0-139866792744768", "trial_id": 19, "param_name": "lr", "param_value_internal": 0.0011781898289359779, "distribution": "{\"name\": \"FloatDistribution\", \"attributes\": {\"step\": null, \"low\": 0.001, \"high\": 1.0, \"log\": true}}"}
{"op_code": 5, "worker_id": "320b23bb-792e-4659-bf72-652b960c30c0-139866792744768", "trial_id": 19, "param_name": "iss", "param_value_internal": 0.1437421141434675, "distribution": "{\"name\": \"FloatDistribution\", \"attributes\": {\"step\": null, \"low\": 0.0, \"high\": 1.0, \"log\": false}}"}
{"op_code": 5, "worker_id": "320b23bb-792e-4659-bf72-652b960c30c0-139866792744768", "trial_id": 19, "param_name": "ridge", "param_value_internal": 2.8949118351801145e-05, "distribution": "{\"name\": \"FloatDistribution\", \"attributes\": {\"step\": null, \"low\": 1e-09, \"high\": 0.01, \"log\": true}}"}
{"op_code": 6, "worker_id": "5b97cc0f-3f1c-4120-bd72-7e6fa7f1d8b8-139780461418304", "trial_id": 14, "state": 1, "values": [0.01599610264632277], "datetime_complete": "2023-12-17T14:13:56.416069"}
{"op_code": 6, "worker_id": "d76217bb-51e5-4083-a913-7c33ef762dbf-140022504830784", "trial_id": 2, "state": 1, "values": [0.11092456035854581], "datetime_complete": "2023-12-17T14:14:00.143760"}
{"op_code": 6, "worker_id": "1665b0e1-bf73-4e9a-af77-41d702fb5bb1-139786017498944", "trial_id": 8, "state": 1, "values": [0.1661503014587692], "datetime_complete": "2023-12-17T14:14:02.425373"}
{"op_code": 6, "worker_id": "84e1f27f-eb6e-47fc-a7a8-d8eb97f0d5eb-139960476055360", "trial_id": 16, "state": 1, "values": [0.05301065797794863], "datetime_complete": "2023-12-17T14:14:43.228267"}
{"op_code": 6, "worker_id": "fc6ce2cc-44cb-4db8-b517-3d22842d5930-140711818774336", "trial_id": 12, "state": 1, "values": [3.003849665547516], "datetime_complete": "2023-12-17T14:14:52.761068"}
{"op_code": 6, "worker_id": "ad46a857-db40-4137-aa33-70d2e00551fd-139819134695232", "trial_id": 9, "state": 1, "values": [0.08700606488061857], "datetime_complete": "2023-12-17T14:15:01.735829"}
{"op_code": 6, "worker_id": "725fc1e7-952a-464e-a1e7-414a05e81b22-140024077059904", "trial_id": 1, "state": 1, "values": [0.02188423023387766], "datetime_complete": "2023-12-17T14:15:05.779235"}
{"op_code": 6, "worker_id": "6eff56b2-aa86-42af-94b4-8ba4f6aee395-140283147020096", "trial_id": 3, "state": 1, "values": [0.002269967982770608], "datetime_complete": "2023-12-17T14:15:17.252128"}
{"op_code": 6, "worker_id": "602696c6-2347-4fe2-9139-4e50b57fcf7e-140114037233472", "trial_id": 11, "state": 1, "values": [0.041585780486882364], "datetime_complete": "2023-12-17T14:15:40.607523"}
{"op_code": 6, "worker_id": "1f1978a2-e97e-4504-9517-5353e1dc6a79-140169081120576", "trial_id": 10, "state": 1, "values": [0.02030735833850393], "datetime_complete": "2023-12-17T14:15:45.701625"}
{"op_code": 6, "worker_id": "089f7376-f43b-44e4-b9c1-a1a149fedb90-139761046923072", "trial_id": 6, "state": 1, "values": [0.0023319447083085497], "datetime_complete": "2023-12-17T14:15:50.318341"}
{"op_code": 6, "worker_id": "f5267657-d3f9-41f6-b9c1-86bf57bf76af-139771089200960", "trial_id": 4, "state": 1, "values": [0.005502743376860989], "datetime_complete": "2023-12-17T14:15:54.795531"}
{"op_code": 6, "worker_id": "1aa42634-5486-45fc-818f-14353553bc2a-140553551406912", "trial_id": 18, "state": 1, "values": [0.014879570154400508], "datetime_complete": "2023-12-17T14:15:54.916350"}
{"op_code": 6, "worker_id": "430a699f-0c9a-4bfa-ac2c-3546c88daebf-140478892951360", "trial_id": 17, "state": 1, "values": [0.008016998065228206], "datetime_complete": "2023-12-17T14:16:08.945323"}
{"op_code": 6, "worker_id": "6c2443a5-1da5-4167-bc45-65e0e6e3122c-140504112260928", "trial_id": 5, "state": 1, "values": [0.016976346012548035], "datetime_complete": "2023-12-17T14:16:24.597520"}
{"op_code": 6, "worker_id": "93b40f6c-7f8f-4e1c-9364-d07d4ee83af7-140266281260864", "trial_id": 15, "state": 1, "values": [0.016183776259113387], "datetime_complete": "2023-12-17T14:16:41.002794"}
{"op_code": 6, "worker_id": "73db838b-5592-42ac-a8bf-903e51da5de8-140599849285440", "trial_id": 13, "state": 1, "values": [0.010442922667216614], "datetime_complete": "2023-12-17T14:16:54.984599"}
{"op_code": 6, "worker_id": "320b23bb-792e-4659-bf72-652b960c30c0-139866792744768", "trial_id": 19, "state": 1, "values": [0.05410273852550735], "datetime_complete": "2023-12-17T14:18:04.020930"}
{"op_code": 6, "worker_id": "b3308a4d-2bfb-4457-b7b5-079f380598cb-139718168213312", "trial_id": 7, "state": 1, "values": [0.2501423702556432], "datetime_complete": "2023-12-17T14:18:25.791618"}
{"op_code": 6, "worker_id": "f1a39de6-eb71-467e-bee6-53abf01d9827-140017899820864", "trial_id": 0, "state": 1, "values": [0.010867598674930137], "datetime_complete": "2023-12-17T14:19:20.313738"}
{"op_code": 7, "worker_id": "5b97cc0f-3f1c-4120-bd72-7e6fa7f1d8b8-139780461418304", "trial_id": 14, "step": 0, "intermediate_value": 0.01599610264632277}
