{"obj": {"type": "AssignString", "path": ["sys", "name"], "value": "Untitled"}, "version": 1}
{"obj": {"type": "AssignString", "path": ["sys", "description"], "value": ""}, "version": 2}
{"obj": {"type": "AssignString", "path": ["monitoring", "3e78df03", "hostname"], "value": "ManQueennoMacBook-Pro.local"}, "version": 3}
{"obj": {"type": "AssignString", "path": ["sys", "hostname"], "value": "ManQueennoMacBook-Pro.local"}, "version": 4}
{"obj": {"type": "AssignString", "path": ["monitoring", "3e78df03", "pid"], "value": "10994"}, "version": 5}
{"obj": {"type": "AssignString", "path": ["monitoring", "3e78df03", "tid"], "value": "8080793280"}, "version": 6}
{"obj": {"type": "AssignBool", "path": ["sys", "failed"], "value": false}, "version": 7}
{"obj": {"type": "ClearStringLog", "path": ["monitoring", "3e78df03", "stdout"]}, "version": 8}
{"obj": {"type": "ClearStringLog", "path": ["monitoring", "3e78df03", "stderr"]}, "version": 9}
{"obj": {"type": "AssignString", "path": ["source_code", "entrypoint"], "value": "2.1.3.py"}, "version": 10}
{"obj": {"type": "UploadFileSet", "path": ["source_code", "files"], "file_globs": ["/Users/manqueenmannequin/mygit/B4thesis_public/mywork/program/Rossler\u4e88\u6e2c_new/2/2.1/2.1.3.py"], "reset": "False"}, "version": 11}
{"obj": {"type": "UploadFile", "path": ["source_code", "diff"], "ext": "patch", "file_path": null, "tmp_file_name": "source_code_diff-1699691087.2476-2023-11-11_17.24.47.247600.patch", "clean_after_upload": false}, "version": 12}
{"obj": {"type": "ConfigFloatSeries", "path": ["monitoring", "3e78df03", "cpu"], "min": 0.0, "max": 100.0, "unit": "%"}, "version": 13}
{"obj": {"type": "ClearFloatLog", "path": ["monitoring", "3e78df03", "cpu"]}, "version": 14}
{"obj": {"type": "ConfigFloatSeries", "path": ["monitoring", "3e78df03", "memory"], "min": 0.0, "max": 16.0, "unit": "GB"}, "version": 15}
{"obj": {"type": "ClearFloatLog", "path": ["monitoring", "3e78df03", "memory"]}, "version": 16}
{"obj": {"type": "LogFloats", "path": ["monitoring", "3e78df03", "cpu"], "values": [{"value": 35.8, "step": null, "ts": 1699691087.255169}]}, "version": 17}
{"obj": {"type": "LogFloats", "path": ["monitoring", "3e78df03", "memory"], "values": [{"value": 11.123992919921875, "step": null, "ts": 1699691087.255169}]}, "version": 18}
{"obj": {"type": "LogStrings", "path": ["monitoring", "3e78df03", "stdout"], "values": [{"value": "https://app.neptune.ai/shokuno55/B4thesis/e/BTHES-40\n", "step": null, "ts": 1699691088.297152}]}, "version": 19}
{"obj": {"type": "LogStrings", "path": ["monitoring", "3e78df03", "stdout"], "values": [{"value": "Shutting down background jobs, please wait a moment...\n", "step": null, "ts": 1699691088.5245922}]}, "version": 20}
{"obj": {"type": "LogStrings", "path": ["monitoring", "3e78df03", "stdout"], "values": [{"value": "Done!\n", "step": null, "ts": 1699691089.077661}]}, "version": 21}
{"obj": {"type": "LogStrings", "path": ["monitoring", "3e78df03", "stdout"], "values": [{"value": "Waiting for the remaining 24 operations to synchronize with Neptune. Do not kill this process.\n", "step": null, "ts": 1699691089.077791}]}, "version": 22}
{"obj": {"type": "LogStrings", "path": ["monitoring", "3e78df03", "stdout"], "values": [{"value": "All 24 operations synced, thanks for waiting!\n", "step": null, "ts": 1699691089.7005172}]}, "version": 23}
{"obj": {"type": "LogStrings", "path": ["monitoring", "3e78df03", "stdout"], "values": [{"value": "Explore the metadata in the Neptune app:\n", "step": null, "ts": 1699691089.7012658}]}, "version": 24}
{"obj": {"type": "LogStrings", "path": ["monitoring", "3e78df03", "stdout"], "values": [{"value": "https://app.neptune.ai/shokuno55/B4thesis/e/BTHES-40/metadata\n", "step": null, "ts": 1699691089.701812}]}, "version": 25}
{"obj": {"type": "LogFloats", "path": ["monitoring", "3e78df03", "cpu"], "values": [{"value": 41.9, "step": null, "ts": 1699691097.2594008}]}, "version": 26}
{"obj": {"type": "LogFloats", "path": ["monitoring", "3e78df03", "memory"], "values": [{"value": 11.471145629882812, "step": null, "ts": 1699691097.2594008}]}, "version": 27}
{"obj": {"type": "LogFloats", "path": ["monitoring", "3e78df03", "cpu"], "values": [{"value": 34.8, "step": null, "ts": 1699691107.2630699}]}, "version": 28}
{"obj": {"type": "LogFloats", "path": ["monitoring", "3e78df03", "memory"], "values": [{"value": 11.504592895507812, "step": null, "ts": 1699691107.2630699}]}, "version": 29}
