{"obj": {"type": "AssignString", "path": ["sys", "name"], "value": "Untitled"}, "version": 1}
{"obj": {"type": "AssignString", "path": ["sys", "description"], "value": ""}, "version": 2}
{"obj": {"type": "AssignString", "path": ["monitoring", "3ed28c4c", "hostname"], "value": "ManQueennoMacBook-Pro.local"}, "version": 3}
{"obj": {"type": "AssignString", "path": ["sys", "hostname"], "value": "ManQueennoMacBook-Pro.local"}, "version": 4}
{"obj": {"type": "AssignString", "path": ["monitoring", "3ed28c4c", "pid"], "value": "16001"}, "version": 5}
{"obj": {"type": "AssignString", "path": ["monitoring", "3ed28c4c", "tid"], "value": "8080793280"}, "version": 6}
{"obj": {"type": "AssignBool", "path": ["sys", "failed"], "value": false}, "version": 7}
{"obj": {"type": "ClearStringLog", "path": ["monitoring", "3ed28c4c", "stdout"]}, "version": 8}
{"obj": {"type": "ClearStringLog", "path": ["monitoring", "3ed28c4c", "stderr"]}, "version": 9}
{"obj": {"type": "AssignString", "path": ["source_code", "entrypoint"], "value": "2.1.3.py"}, "version": 10}
{"obj": {"type": "UploadFileSet", "path": ["source_code", "files"], "file_globs": ["/Users/manqueenmannequin/mygit/B4thesis_public/mywork/program/Rossler\u4e88\u6e2c_new/2/2.1/2.1.3.py"], "reset": "False"}, "version": 11}
{"obj": {"type": "UploadFile", "path": ["source_code", "diff"], "ext": "patch", "file_path": null, "tmp_file_name": "source_code_diff-1699699165.658307-2023-11-11_19.39.25.658307.patch", "clean_after_upload": false}, "version": 12}
{"obj": {"type": "ConfigFloatSeries", "path": ["monitoring", "3ed28c4c", "cpu"], "min": 0.0, "max": 100.0, "unit": "%"}, "version": 13}
{"obj": {"type": "ClearFloatLog", "path": ["monitoring", "3ed28c4c", "cpu"]}, "version": 14}
{"obj": {"type": "ConfigFloatSeries", "path": ["monitoring", "3ed28c4c", "memory"], "min": 0.0, "max": 16.0, "unit": "GB"}, "version": 15}
{"obj": {"type": "ClearFloatLog", "path": ["monitoring", "3ed28c4c", "memory"]}, "version": 16}
{"obj": {"type": "LogStrings", "path": ["monitoring", "3ed28c4c", "stderr"], "values": [{"value": "Info (NVML): NVML Shared Library Not Found. GPU usage metrics may not be reported. For more information, see https://docs.neptune.ai/help/nvml_error/\n", "step": null, "ts": 1699699165.666143}]}, "version": 17}
{"obj": {"type": "LogFloats", "path": ["monitoring", "3ed28c4c", "cpu"], "values": [{"value": 27.2, "step": null, "ts": 1699699165.666024}]}, "version": 18}
{"obj": {"type": "LogFloats", "path": ["monitoring", "3ed28c4c", "memory"], "values": [{"value": 9.601943969726562, "step": null, "ts": 1699699165.666024}]}, "version": 19}
{"obj": {"type": "AssignString", "path": ["source_code", "integrations", "neptune-optuna"], "value": "1.1.0"}, "version": 20}
{"obj": {"type": "LogFloats", "path": ["monitoring", "3ed28c4c", "cpu"], "values": [{"value": 65.0, "step": null, "ts": 1699699175.669087}]}, "version": 21}
{"obj": {"type": "LogFloats", "path": ["monitoring", "3ed28c4c", "memory"], "values": [{"value": 9.6639404296875, "step": null, "ts": 1699699175.669087}]}, "version": 22}
{"obj": {"type": "LogFloats", "path": ["monitoring", "3ed28c4c", "cpu"], "values": [{"value": 24.8, "step": null, "ts": 1699699185.675361}]}, "version": 23}
{"obj": {"type": "LogFloats", "path": ["monitoring", "3ed28c4c", "memory"], "values": [{"value": 9.684600830078125, "step": null, "ts": 1699699185.675361}]}, "version": 24}
