{"obj": {"type": "AssignString", "path": ["sys", "name"], "value": "Untitled"}, "version": 1}
{"obj": {"type": "AssignString", "path": ["sys", "description"], "value": ""}, "version": 2}
{"obj": {"type": "AssignString", "path": ["monitoring", "5020ce8d", "hostname"], "value": "ManQueennoMacBook-Pro.local"}, "version": 3}
{"obj": {"type": "AssignString", "path": ["sys", "hostname"], "value": "ManQueennoMacBook-Pro.local"}, "version": 4}
{"obj": {"type": "AssignString", "path": ["monitoring", "5020ce8d", "pid"], "value": "11510"}, "version": 5}
{"obj": {"type": "AssignString", "path": ["monitoring", "5020ce8d", "tid"], "value": "8080793280"}, "version": 6}
{"obj": {"type": "AssignBool", "path": ["sys", "failed"], "value": false}, "version": 7}
{"obj": {"type": "ClearStringLog", "path": ["monitoring", "5020ce8d", "stdout"]}, "version": 8}
{"obj": {"type": "ClearStringLog", "path": ["monitoring", "5020ce8d", "stderr"]}, "version": 9}
{"obj": {"type": "AssignString", "path": ["source_code", "entrypoint"], "value": "2.1.3.py"}, "version": 10}
{"obj": {"type": "UploadFileSet", "path": ["source_code", "files"], "file_globs": ["/Users/manqueenmannequin/mygit/B4thesis_public/mywork/program/Rossler\u4e88\u6e2c_new/2/2.1/2.1.3.py"], "reset": "False"}, "version": 11}
{"obj": {"type": "UploadFile", "path": ["source_code", "diff"], "ext": "patch", "file_path": null, "tmp_file_name": "source_code_diff-1699692016.420842-2023-11-11_17.40.16.420842.patch", "clean_after_upload": false}, "version": 12}
{"obj": {"type": "ConfigFloatSeries", "path": ["monitoring", "5020ce8d", "cpu"], "min": 0.0, "max": 100.0, "unit": "%"}, "version": 13}
{"obj": {"type": "ClearFloatLog", "path": ["monitoring", "5020ce8d", "cpu"]}, "version": 14}
{"obj": {"type": "LogStrings", "path": ["monitoring", "5020ce8d", "stderr"], "values": [{"value": "Info (NVML): NVML Shared Library Not Found. GPU usage metrics may not be reported. For more information, see https://docs.neptune.ai/help/nvml_error/\n", "step": null, "ts": 1699692016.427454}]}, "version": 15}
{"obj": {"type": "ConfigFloatSeries", "path": ["monitoring", "5020ce8d", "memory"], "min": 0.0, "max": 16.0, "unit": "GB"}, "version": 16}
{"obj": {"type": "ClearFloatLog", "path": ["monitoring", "5020ce8d", "memory"]}, "version": 17}
{"obj": {"type": "LogFloats", "path": ["monitoring", "5020ce8d", "cpu"], "values": [{"value": 24.9, "step": null, "ts": 1699692016.4276779}]}, "version": 18}
{"obj": {"type": "LogFloats", "path": ["monitoring", "5020ce8d", "memory"], "values": [{"value": 11.32501220703125, "step": null, "ts": 1699692016.4276779}]}, "version": 19}
{"obj": {"type": "LogStrings", "path": ["monitoring", "5020ce8d", "stdout"], "values": [{"value": "https://app.neptune.ai/shokuno55/B4thesis/e/BTHES-57\n", "step": null, "ts": 1699692017.45434}]}, "version": 20}
{"obj": {"type": "LogFloats", "path": ["monitoring", "5020ce8d", "cpu"], "values": [{"value": 44.1, "step": null, "ts": 1699692026.4335182}]}, "version": 21}
{"obj": {"type": "LogFloats", "path": ["monitoring", "5020ce8d", "memory"], "values": [{"value": 11.603042602539062, "step": null, "ts": 1699692026.4335182}]}, "version": 22}
{"obj": {"type": "LogFloats", "path": ["monitoring", "5020ce8d", "cpu"], "values": [{"value": 49.2, "step": null, "ts": 1699692036.435958}]}, "version": 23}
{"obj": {"type": "LogFloats", "path": ["monitoring", "5020ce8d", "memory"], "values": [{"value": 11.354019165039062, "step": null, "ts": 1699692036.435958}]}, "version": 24}
