{"obj": {"type": "AssignString", "path": ["sys", "name"], "value": "Untitled"}, "version": 1}
{"obj": {"type": "AssignString", "path": ["sys", "description"], "value": ""}, "version": 2}
{"obj": {"type": "AssignString", "path": ["monitoring", "fd86eda6", "hostname"], "value": "ManQueennoMacBook-Pro.local"}, "version": 3}
{"obj": {"type": "AssignString", "path": ["sys", "hostname"], "value": "ManQueennoMacBook-Pro.local"}, "version": 4}
{"obj": {"type": "AssignString", "path": ["monitoring", "fd86eda6", "pid"], "value": "10995"}, "version": 5}
{"obj": {"type": "AssignString", "path": ["monitoring", "fd86eda6", "tid"], "value": "8080793280"}, "version": 6}
{"obj": {"type": "AssignBool", "path": ["sys", "failed"], "value": false}, "version": 7}
{"obj": {"type": "ClearStringLog", "path": ["monitoring", "fd86eda6", "stdout"]}, "version": 8}
{"obj": {"type": "ClearStringLog", "path": ["monitoring", "fd86eda6", "stderr"]}, "version": 9}
{"obj": {"type": "AssignString", "path": ["source_code", "entrypoint"], "value": "2.1.3.py"}, "version": 10}
{"obj": {"type": "UploadFileSet", "path": ["source_code", "files"], "file_globs": ["/Users/manqueenmannequin/mygit/B4thesis_public/mywork/program/Rossler\u4e88\u6e2c_new/2/2.1/2.1.3.py"], "reset": "False"}, "version": 11}
{"obj": {"type": "UploadFile", "path": ["source_code", "diff"], "ext": "patch", "file_path": null, "tmp_file_name": "source_code_diff-1699691087.390507-2023-11-11_17.24.47.390507.patch", "clean_after_upload": false}, "version": 12}
{"obj": {"type": "ConfigFloatSeries", "path": ["monitoring", "fd86eda6", "cpu"], "min": 0.0, "max": 100.0, "unit": "%"}, "version": 13}
{"obj": {"type": "ClearFloatLog", "path": ["monitoring", "fd86eda6", "cpu"]}, "version": 14}
{"obj": {"type": "ConfigFloatSeries", "path": ["monitoring", "fd86eda6", "memory"], "min": 0.0, "max": 16.0, "unit": "GB"}, "version": 15}
{"obj": {"type": "ClearFloatLog", "path": ["monitoring", "fd86eda6", "memory"]}, "version": 16}
{"obj": {"type": "LogFloats", "path": ["monitoring", "fd86eda6", "cpu"], "values": [{"value": 41.9, "step": null, "ts": 1699691087.398039}]}, "version": 17}
{"obj": {"type": "LogFloats", "path": ["monitoring", "fd86eda6", "memory"], "values": [{"value": 11.156707763671875, "step": null, "ts": 1699691087.398039}]}, "version": 18}
{"obj": {"type": "LogStrings", "path": ["monitoring", "fd86eda6", "stdout"], "values": [{"value": "https://app.neptune.ai/shokuno55/B4thesis/e/BTHES-43\n", "step": null, "ts": 1699691088.4565802}]}, "version": 19}
{"obj": {"type": "LogFloats", "path": ["monitoring", "fd86eda6", "cpu"], "values": [{"value": 40.1, "step": null, "ts": 1699691097.4036322}]}, "version": 20}
{"obj": {"type": "LogFloats", "path": ["monitoring", "fd86eda6", "memory"], "values": [{"value": 11.47442626953125, "step": null, "ts": 1699691097.4036322}]}, "version": 21}
{"obj": {"type": "LogFloats", "path": ["monitoring", "fd86eda6", "cpu"], "values": [{"value": 35.1, "step": null, "ts": 1699691107.4082618}]}, "version": 22}
{"obj": {"type": "LogFloats", "path": ["monitoring", "fd86eda6", "memory"], "values": [{"value": 11.518722534179688, "step": null, "ts": 1699691107.4082618}]}, "version": 23}
