{"op_code": 0, "worker_id": "554afe44-08da-4fbc-8d6e-fef519477634-140635866986304", "study_name": "optuna_tutorial_2023-11-20_23-35-56.txt", "directions": [1]}
{"op_code": 4, "worker_id": "554afe44-08da-4fbc-8d6e-fef519477634-140635866986304", "study_id": 0, "datetime_start": "2023-11-20T23:35:57.775395"}
{"op_code": 5, "worker_id": "554afe44-08da-4fbc-8d6e-fef519477634-140635866986304", "trial_id": 0, "param_name": "sr", "param_value_internal": 2.966485356507863, "distribution": "{\"name\": \"FloatDistribution\", \"attributes\": {\"step\": null, \"low\": 0.01, \"high\": 10.0, \"log\": true}}"}
{"op_code": 5, "worker_id": "554afe44-08da-4fbc-8d6e-fef519477634-140635866986304", "trial_id": 0, "param_name": "lr", "param_value_internal": 0.6886578889214425, "distribution": "{\"name\": \"FloatDistribution\", \"attributes\": {\"step\": null, \"low\": 0.001, \"high\": 1.0, \"log\": true}}"}
{"op_code": 5, "worker_id": "554afe44-08da-4fbc-8d6e-fef519477634-140635866986304", "trial_id": 0, "param_name": "iss", "param_value_internal": 0.4141208806986114, "distribution": "{\"name\": \"FloatDistribution\", \"attributes\": {\"step\": null, \"low\": 0.0, \"high\": 1.0, \"log\": false}}"}
{"op_code": 0, "worker_id": "7136d180-a6d4-4f73-9ad8-e4c0e9edf797-140335056561984", "study_name": "optuna_tutorial_2023-11-20_23-35-56.txt", "directions": [1]}
{"op_code": 5, "worker_id": "554afe44-08da-4fbc-8d6e-fef519477634-140635866986304", "trial_id": 0, "param_name": "ridge", "param_value_internal": 5.548113115730036e-08, "distribution": "{\"name\": \"FloatDistribution\", \"attributes\": {\"step\": null, \"low\": 1e-09, \"high\": 0.01, \"log\": true}}"}
{"op_code": 0, "worker_id": "071692d2-f9fd-4a7d-ad5b-b37b3a8a1d83-140020490905408", "study_name": "optuna_tutorial_2023-11-20_23-35-56.txt", "directions": [1]}
{"op_code": 4, "worker_id": "7136d180-a6d4-4f73-9ad8-e4c0e9edf797-140335056561984", "study_id": 0, "datetime_start": "2023-11-20T23:35:57.814389"}
{"op_code": 0, "worker_id": "62a727eb-32c1-4548-8cc2-44046ae72084-140610164311872", "study_name": "optuna_tutorial_2023-11-20_23-35-56.txt", "directions": [1]}
{"op_code": 5, "worker_id": "7136d180-a6d4-4f73-9ad8-e4c0e9edf797-140335056561984", "trial_id": 1, "param_name": "sr", "param_value_internal": 0.052174164953533296, "distribution": "{\"name\": \"FloatDistribution\", \"attributes\": {\"step\": null, \"low\": 0.01, \"high\": 10.0, \"log\": true}}"}
{"op_code": 0, "worker_id": "7567440d-7176-46db-b769-c695613d71d6-140016283572032", "study_name": "optuna_tutorial_2023-11-20_23-35-56.txt", "directions": [1]}
{"op_code": 5, "worker_id": "7136d180-a6d4-4f73-9ad8-e4c0e9edf797-140335056561984", "trial_id": 1, "param_name": "lr", "param_value_internal": 0.0024807119399005836, "distribution": "{\"name\": \"FloatDistribution\", \"attributes\": {\"step\": null, \"low\": 0.001, \"high\": 1.0, \"log\": true}}"}
{"op_code": 0, "worker_id": "0e0af9d5-c613-4537-a7c7-97dd225bdb37-140082578061120", "study_name": "optuna_tutorial_2023-11-20_23-35-56.txt", "directions": [1]}
{"op_code": 5, "worker_id": "7136d180-a6d4-4f73-9ad8-e4c0e9edf797-140335056561984", "trial_id": 1, "param_name": "iss", "param_value_internal": 0.01919391549768812, "distribution": "{\"name\": \"FloatDistribution\", \"attributes\": {\"step\": null, \"low\": 0.0, \"high\": 1.0, \"log\": false}}"}
{"op_code": 0, "worker_id": "4643b1fd-7b42-4e58-8c66-2c8b4d159a01-140258782054208", "study_name": "optuna_tutorial_2023-11-20_23-35-56.txt", "directions": [1]}
{"op_code": 0, "worker_id": "1565492e-7756-4aa1-8987-728ab67543ea-139622995216192", "study_name": "optuna_tutorial_2023-11-20_23-35-56.txt", "directions": [1]}
{"op_code": 0, "worker_id": "7bced891-cf12-44ca-9710-0c6f72ec08fd-140702424946496", "study_name": "optuna_tutorial_2023-11-20_23-35-56.txt", "directions": [1]}
{"op_code": 5, "worker_id": "7136d180-a6d4-4f73-9ad8-e4c0e9edf797-140335056561984", "trial_id": 1, "param_name": "ridge", "param_value_internal": 0.002681006326312128, "distribution": "{\"name\": \"FloatDistribution\", \"attributes\": {\"step\": null, \"low\": 1e-09, \"high\": 0.01, \"log\": true}}"}
{"op_code": 4, "worker_id": "1565492e-7756-4aa1-8987-728ab67543ea-139622995216192", "study_id": 0, "datetime_start": "2023-11-20T23:35:57.967800"}
{"op_code": 4, "worker_id": "7bced891-cf12-44ca-9710-0c6f72ec08fd-140702424946496", "study_id": 0, "datetime_start": "2023-11-20T23:35:57.975117"}
{"op_code": 4, "worker_id": "7567440d-7176-46db-b769-c695613d71d6-140016283572032", "study_id": 0, "datetime_start": "2023-11-20T23:35:57.941252"}
{"op_code": 5, "worker_id": "1565492e-7756-4aa1-8987-728ab67543ea-139622995216192", "trial_id": 2, "param_name": "sr", "param_value_internal": 1.264143123673635, "distribution": "{\"name\": \"FloatDistribution\", \"attributes\": {\"step\": null, \"low\": 0.01, \"high\": 10.0, \"log\": true}}"}
{"op_code": 5, "worker_id": "7bced891-cf12-44ca-9710-0c6f72ec08fd-140702424946496", "trial_id": 3, "param_name": "sr", "param_value_internal": 0.03149479808885121, "distribution": "{\"name\": \"FloatDistribution\", \"attributes\": {\"step\": null, \"low\": 0.01, \"high\": 10.0, \"log\": true}}"}
{"op_code": 5, "worker_id": "1565492e-7756-4aa1-8987-728ab67543ea-139622995216192", "trial_id": 2, "param_name": "lr", "param_value_internal": 0.01612027288629308, "distribution": "{\"name\": \"FloatDistribution\", \"attributes\": {\"step\": null, \"low\": 0.001, \"high\": 1.0, \"log\": true}}"}
{"op_code": 5, "worker_id": "7567440d-7176-46db-b769-c695613d71d6-140016283572032", "trial_id": 4, "param_name": "sr", "param_value_internal": 1.932888039671363, "distribution": "{\"name\": \"FloatDistribution\", \"attributes\": {\"step\": null, \"low\": 0.01, \"high\": 10.0, \"log\": true}}"}
{"op_code": 5, "worker_id": "1565492e-7756-4aa1-8987-728ab67543ea-139622995216192", "trial_id": 2, "param_name": "iss", "param_value_internal": 0.20415449281166775, "distribution": "{\"name\": \"FloatDistribution\", \"attributes\": {\"step\": null, \"low\": 0.0, \"high\": 1.0, \"log\": false}}"}
{"op_code": 5, "worker_id": "7567440d-7176-46db-b769-c695613d71d6-140016283572032", "trial_id": 4, "param_name": "lr", "param_value_internal": 0.007579176362176424, "distribution": "{\"name\": \"FloatDistribution\", \"attributes\": {\"step\": null, \"low\": 0.001, \"high\": 1.0, \"log\": true}}"}
{"op_code": 0, "worker_id": "b75c6ca8-8784-455a-892c-d985278cddc0-140589729183552", "study_name": "optuna_tutorial_2023-11-20_23-35-56.txt", "directions": [1]}
{"op_code": 5, "worker_id": "7567440d-7176-46db-b769-c695613d71d6-140016283572032", "trial_id": 4, "param_name": "iss", "param_value_internal": 0.3519000160119208, "distribution": "{\"name\": \"FloatDistribution\", \"attributes\": {\"step\": null, \"low\": 0.0, \"high\": 1.0, \"log\": false}}"}
{"op_code": 0, "worker_id": "bb243d2f-ba97-49dd-9d27-2463855d5d0d-140360496494400", "study_name": "optuna_tutorial_2023-11-20_23-35-56.txt", "directions": [1]}
{"op_code": 5, "worker_id": "7567440d-7176-46db-b769-c695613d71d6-140016283572032", "trial_id": 4, "param_name": "ridge", "param_value_internal": 0.0017046586749135363, "distribution": "{\"name\": \"FloatDistribution\", \"attributes\": {\"step\": null, \"low\": 1e-09, \"high\": 0.01, \"log\": true}}"}
{"op_code": 0, "worker_id": "37a52bba-ea3c-4f47-82ca-93d908b3372d-140668152698688", "study_name": "optuna_tutorial_2023-11-20_23-35-56.txt", "directions": [1]}
{"op_code": 4, "worker_id": "bb243d2f-ba97-49dd-9d27-2463855d5d0d-140360496494400", "study_id": 0, "datetime_start": "2023-11-20T23:35:58.031064"}
{"op_code": 0, "worker_id": "49ff6580-48a5-40a6-98fd-071e5d7ec5ac-139808777168704", "study_name": "optuna_tutorial_2023-11-20_23-35-56.txt", "directions": [1]}
{"op_code": 4, "worker_id": "4643b1fd-7b42-4e58-8c66-2c8b4d159a01-140258782054208", "study_id": 0, "datetime_start": "2023-11-20T23:35:57.964346"}
{"op_code": 4, "worker_id": "37a52bba-ea3c-4f47-82ca-93d908b3372d-140668152698688", "study_id": 0, "datetime_start": "2023-11-20T23:35:58.040397"}
{"op_code": 4, "worker_id": "b75c6ca8-8784-455a-892c-d985278cddc0-140589729183552", "study_id": 0, "datetime_start": "2023-11-20T23:35:58.024269"}
{"op_code": 4, "worker_id": "49ff6580-48a5-40a6-98fd-071e5d7ec5ac-139808777168704", "study_id": 0, "datetime_start": "2023-11-20T23:35:58.046123"}
{"op_code": 5, "worker_id": "4643b1fd-7b42-4e58-8c66-2c8b4d159a01-140258782054208", "trial_id": 6, "param_name": "sr", "param_value_internal": 0.12109306279807111, "distribution": "{\"name\": \"FloatDistribution\", \"attributes\": {\"step\": null, \"low\": 0.01, \"high\": 10.0, \"log\": true}}"}
{"op_code": 5, "worker_id": "37a52bba-ea3c-4f47-82ca-93d908b3372d-140668152698688", "trial_id": 7, "param_name": "sr", "param_value_internal": 1.8889269684786745, "distribution": "{\"name\": \"FloatDistribution\", \"attributes\": {\"step\": null, \"low\": 0.01, \"high\": 10.0, \"log\": true}}"}
{"op_code": 5, "worker_id": "4643b1fd-7b42-4e58-8c66-2c8b4d159a01-140258782054208", "trial_id": 6, "param_name": "lr", "param_value_internal": 0.02462228610041382, "distribution": "{\"name\": \"FloatDistribution\", \"attributes\": {\"step\": null, \"low\": 0.001, \"high\": 1.0, \"log\": true}}"}
{"op_code": 0, "worker_id": "d473f52a-30d5-491c-9939-141043ba3b1b-139942466668352", "study_name": "optuna_tutorial_2023-11-20_23-35-56.txt", "directions": [1]}
{"op_code": 5, "worker_id": "b75c6ca8-8784-455a-892c-d985278cddc0-140589729183552", "trial_id": 8, "param_name": "sr", "param_value_internal": 1.7547789327302625, "distribution": "{\"name\": \"FloatDistribution\", \"attributes\": {\"step\": null, \"low\": 0.01, \"high\": 10.0, \"log\": true}}"}
{"op_code": 0, "worker_id": "e6804113-fd52-446c-9628-70bd940c6f3c-139802399213376", "study_name": "optuna_tutorial_2023-11-20_23-35-56.txt", "directions": [1]}
{"op_code": 5, "worker_id": "b75c6ca8-8784-455a-892c-d985278cddc0-140589729183552", "trial_id": 8, "param_name": "lr", "param_value_internal": 0.0016115766351193178, "distribution": "{\"name\": \"FloatDistribution\", \"attributes\": {\"step\": null, \"low\": 0.001, \"high\": 1.0, \"log\": true}}"}
{"op_code": 5, "worker_id": "4643b1fd-7b42-4e58-8c66-2c8b4d159a01-140258782054208", "trial_id": 6, "param_name": "iss", "param_value_internal": 0.013200607251710905, "distribution": "{\"name\": \"FloatDistribution\", \"attributes\": {\"step\": null, \"low\": 0.0, \"high\": 1.0, \"log\": false}}"}
{"op_code": 4, "worker_id": "e6804113-fd52-446c-9628-70bd940c6f3c-139802399213376", "study_id": 0, "datetime_start": "2023-11-20T23:35:58.081298"}
{"op_code": 5, "worker_id": "37a52bba-ea3c-4f47-82ca-93d908b3372d-140668152698688", "trial_id": 7, "param_name": "lr", "param_value_internal": 0.005162229731305837, "distribution": "{\"name\": \"FloatDistribution\", \"attributes\": {\"step\": null, \"low\": 0.001, \"high\": 1.0, \"log\": true}}"}
{"op_code": 5, "worker_id": "e6804113-fd52-446c-9628-70bd940c6f3c-139802399213376", "trial_id": 10, "param_name": "sr", "param_value_internal": 0.2331858711981661, "distribution": "{\"name\": \"FloatDistribution\", \"attributes\": {\"step\": null, \"low\": 0.01, \"high\": 10.0, \"log\": true}}"}
{"op_code": 5, "worker_id": "b75c6ca8-8784-455a-892c-d985278cddc0-140589729183552", "trial_id": 8, "param_name": "iss", "param_value_internal": 0.8040064124043867, "distribution": "{\"name\": \"FloatDistribution\", \"attributes\": {\"step\": null, \"low\": 0.0, \"high\": 1.0, \"log\": false}}"}
{"op_code": 5, "worker_id": "37a52bba-ea3c-4f47-82ca-93d908b3372d-140668152698688", "trial_id": 7, "param_name": "iss", "param_value_internal": 0.4667854705327876, "distribution": "{\"name\": \"FloatDistribution\", \"attributes\": {\"step\": null, \"low\": 0.0, \"high\": 1.0, \"log\": false}}"}
{"op_code": 0, "worker_id": "663ae145-bb62-4988-b5f4-05ba8c9a34fd-139999184549696", "study_name": "optuna_tutorial_2023-11-20_23-35-56.txt", "directions": [1]}
{"op_code": 5, "worker_id": "b75c6ca8-8784-455a-892c-d985278cddc0-140589729183552", "trial_id": 8, "param_name": "ridge", "param_value_internal": 3.5725006680665175e-06, "distribution": "{\"name\": \"FloatDistribution\", \"attributes\": {\"step\": null, \"low\": 1e-09, \"high\": 0.01, \"log\": true}}"}
{"op_code": 0, "worker_id": "f8304fc0-fe85-4027-bd6a-a029cb3cf169-140184064264000", "study_name": "optuna_tutorial_2023-11-20_23-35-56.txt", "directions": [1]}
{"op_code": 0, "worker_id": "8fe1794f-0784-4d58-8523-9ddd420b0fb1-140517231744832", "study_name": "optuna_tutorial_2023-11-20_23-35-56.txt", "directions": [1]}
{"op_code": 4, "worker_id": "663ae145-bb62-4988-b5f4-05ba8c9a34fd-139999184549696", "study_id": 0, "datetime_start": "2023-11-20T23:35:58.110658"}
{"op_code": 5, "worker_id": "e6804113-fd52-446c-9628-70bd940c6f3c-139802399213376", "trial_id": 10, "param_name": "lr", "param_value_internal": 0.11931315166295733, "distribution": "{\"name\": \"FloatDistribution\", \"attributes\": {\"step\": null, \"low\": 0.001, \"high\": 1.0, \"log\": true}}"}
{"op_code": 0, "worker_id": "effe835c-a1a1-4167-898d-b62617d33b0e-140269586921280", "study_name": "optuna_tutorial_2023-11-20_23-35-56.txt", "directions": [1]}
{"op_code": 5, "worker_id": "663ae145-bb62-4988-b5f4-05ba8c9a34fd-139999184549696", "trial_id": 11, "param_name": "sr", "param_value_internal": 0.13896934960476698, "distribution": "{\"name\": \"FloatDistribution\", \"attributes\": {\"step\": null, \"low\": 0.01, \"high\": 10.0, \"log\": true}}"}
{"op_code": 4, "worker_id": "8fe1794f-0784-4d58-8523-9ddd420b0fb1-140517231744832", "study_id": 0, "datetime_start": "2023-11-20T23:35:58.121405"}
{"op_code": 5, "worker_id": "663ae145-bb62-4988-b5f4-05ba8c9a34fd-139999184549696", "trial_id": 11, "param_name": "lr", "param_value_internal": 0.05092742849156352, "distribution": "{\"name\": \"FloatDistribution\", \"attributes\": {\"step\": null, \"low\": 0.001, \"high\": 1.0, \"log\": true}}"}
{"op_code": 5, "worker_id": "7bced891-cf12-44ca-9710-0c6f72ec08fd-140702424946496", "trial_id": 3, "param_name": "lr", "param_value_internal": 0.04883175378974652, "distribution": "{\"name\": \"FloatDistribution\", \"attributes\": {\"step\": null, \"low\": 0.001, \"high\": 1.0, \"log\": true}}"}
{"op_code": 5, "worker_id": "8fe1794f-0784-4d58-8523-9ddd420b0fb1-140517231744832", "trial_id": 12, "param_name": "sr", "param_value_internal": 0.02707662533316037, "distribution": "{\"name\": \"FloatDistribution\", \"attributes\": {\"step\": null, \"low\": 0.01, \"high\": 10.0, \"log\": true}}"}
{"op_code": 0, "worker_id": "81443e0c-19c2-471f-9068-5d712cc6dcc0-140697517889344", "study_name": "optuna_tutorial_2023-11-20_23-35-56.txt", "directions": [1]}
{"op_code": 0, "worker_id": "41f47954-c5ac-4316-a67b-63dc7a49795e-140512048858944", "study_name": "optuna_tutorial_2023-11-20_23-35-56.txt", "directions": [1]}
{"op_code": 5, "worker_id": "663ae145-bb62-4988-b5f4-05ba8c9a34fd-139999184549696", "trial_id": 11, "param_name": "iss", "param_value_internal": 0.2639148270306194, "distribution": "{\"name\": \"FloatDistribution\", \"attributes\": {\"step\": null, \"low\": 0.0, \"high\": 1.0, \"log\": false}}"}
{"op_code": 0, "worker_id": "cd85dda9-9bb8-482e-a9c5-5951db18d2f9-139707841111872", "study_name": "optuna_tutorial_2023-11-20_23-35-56.txt", "directions": [1]}
{"op_code": 0, "worker_id": "8e6aba76-2efb-419c-bfdd-e948d977ee65-139648225818432", "study_name": "optuna_tutorial_2023-11-20_23-35-56.txt", "directions": [1]}
{"op_code": 5, "worker_id": "663ae145-bb62-4988-b5f4-05ba8c9a34fd-139999184549696", "trial_id": 11, "param_name": "ridge", "param_value_internal": 2.978863800101971e-07, "distribution": "{\"name\": \"FloatDistribution\", \"attributes\": {\"step\": null, \"low\": 1e-09, \"high\": 0.01, \"log\": true}}"}
{"op_code": 0, "worker_id": "1d0dd40c-c9f7-4ea2-955d-2d1f2542a5fc-140170925872960", "study_name": "optuna_tutorial_2023-11-20_23-35-56.txt", "directions": [1]}
{"op_code": 0, "worker_id": "9faf4797-7fb9-4bb8-a392-2fb49237d2d4-139667735668544", "study_name": "optuna_tutorial_2023-11-20_23-35-56.txt", "directions": [1]}
{"op_code": 0, "worker_id": "3267cf88-7624-4af9-b52e-4e598d3088e8-140596309075776", "study_name": "optuna_tutorial_2023-11-20_23-35-56.txt", "directions": [1]}
{"op_code": 0, "worker_id": "aa2e2753-6c92-4caa-8296-81e207991cef-140255061264192", "study_name": "optuna_tutorial_2023-11-20_23-35-56.txt", "directions": [1]}
{"op_code": 4, "worker_id": "9faf4797-7fb9-4bb8-a392-2fb49237d2d4-139667735668544", "study_id": 0, "datetime_start": "2023-11-20T23:35:58.172324"}
{"op_code": 4, "worker_id": "1d0dd40c-c9f7-4ea2-955d-2d1f2542a5fc-140170925872960", "study_id": 0, "datetime_start": "2023-11-20T23:35:58.172579"}
{"op_code": 5, "worker_id": "7bced891-cf12-44ca-9710-0c6f72ec08fd-140702424946496", "trial_id": 3, "param_name": "iss", "param_value_internal": 0.2672107756947515, "distribution": "{\"name\": \"FloatDistribution\", \"attributes\": {\"step\": null, \"low\": 0.0, \"high\": 1.0, \"log\": false}}"}
{"op_code": 5, "worker_id": "9faf4797-7fb9-4bb8-a392-2fb49237d2d4-139667735668544", "trial_id": 13, "param_name": "sr", "param_value_internal": 0.018094180570257107, "distribution": "{\"name\": \"FloatDistribution\", \"attributes\": {\"step\": null, \"low\": 0.01, \"high\": 10.0, \"log\": true}}"}
{"op_code": 5, "worker_id": "7bced891-cf12-44ca-9710-0c6f72ec08fd-140702424946496", "trial_id": 3, "param_name": "ridge", "param_value_internal": 5.011734335214873e-06, "distribution": "{\"name\": \"FloatDistribution\", \"attributes\": {\"step\": null, \"low\": 1e-09, \"high\": 0.01, \"log\": true}}"}
{"op_code": 5, "worker_id": "9faf4797-7fb9-4bb8-a392-2fb49237d2d4-139667735668544", "trial_id": 13, "param_name": "lr", "param_value_internal": 0.19218076578573146, "distribution": "{\"name\": \"FloatDistribution\", \"attributes\": {\"step\": null, \"low\": 0.001, \"high\": 1.0, \"log\": true}}"}
{"op_code": 0, "worker_id": "822e0fbf-a4ed-4bd1-a6bd-04ee10b4417d-139630802356032", "study_name": "optuna_tutorial_2023-11-20_23-35-56.txt", "directions": [1]}
{"op_code": 0, "worker_id": "9668e1d1-8811-40c3-bba2-1f5301a0306b-139900491532096", "study_name": "optuna_tutorial_2023-11-20_23-35-56.txt", "directions": [1]}
{"op_code": 5, "worker_id": "9faf4797-7fb9-4bb8-a392-2fb49237d2d4-139667735668544", "trial_id": 13, "param_name": "iss", "param_value_internal": 0.3482336715889811, "distribution": "{\"name\": \"FloatDistribution\", \"attributes\": {\"step\": null, \"low\": 0.0, \"high\": 1.0, \"log\": false}}"}
{"op_code": 5, "worker_id": "1d0dd40c-c9f7-4ea2-955d-2d1f2542a5fc-140170925872960", "trial_id": 14, "param_name": "sr", "param_value_internal": 0.19988996741383522, "distribution": "{\"name\": \"FloatDistribution\", \"attributes\": {\"step\": null, \"low\": 0.01, \"high\": 10.0, \"log\": true}}"}
{"op_code": 0, "worker_id": "c488e9e0-0a1a-49ea-81b3-db08ded6af4b-139669055420224", "study_name": "optuna_tutorial_2023-11-20_23-35-56.txt", "directions": [1]}
{"op_code": 5, "worker_id": "1d0dd40c-c9f7-4ea2-955d-2d1f2542a5fc-140170925872960", "trial_id": 14, "param_name": "lr", "param_value_internal": 0.0029471150046788577, "distribution": "{\"name\": \"FloatDistribution\", \"attributes\": {\"step\": null, \"low\": 0.001, \"high\": 1.0, \"log\": true}}"}
{"op_code": 4, "worker_id": "9668e1d1-8811-40c3-bba2-1f5301a0306b-139900491532096", "study_id": 0, "datetime_start": "2023-11-20T23:35:58.207603"}
{"op_code": 5, "worker_id": "9faf4797-7fb9-4bb8-a392-2fb49237d2d4-139667735668544", "trial_id": 13, "param_name": "ridge", "param_value_internal": 0.0005493158728365685, "distribution": "{\"name\": \"FloatDistribution\", \"attributes\": {\"step\": null, \"low\": 1e-09, \"high\": 0.01, \"log\": true}}"}
{"op_code": 5, "worker_id": "4643b1fd-7b42-4e58-8c66-2c8b4d159a01-140258782054208", "trial_id": 6, "param_name": "ridge", "param_value_internal": 4.03178950200556e-06, "distribution": "{\"name\": \"FloatDistribution\", \"attributes\": {\"step\": null, \"low\": 1e-09, \"high\": 0.01, \"log\": true}}"}
{"op_code": 5, "worker_id": "9668e1d1-8811-40c3-bba2-1f5301a0306b-139900491532096", "trial_id": 15, "param_name": "sr", "param_value_internal": 0.6299048789715793, "distribution": "{\"name\": \"FloatDistribution\", \"attributes\": {\"step\": null, \"low\": 0.01, \"high\": 10.0, \"log\": true}}"}
{"op_code": 0, "worker_id": "b01c1848-c2df-4f59-aa84-9a13fbf80c17-139779792820032", "study_name": "optuna_tutorial_2023-11-20_23-35-56.txt", "directions": [1]}
{"op_code": 4, "worker_id": "c488e9e0-0a1a-49ea-81b3-db08ded6af4b-139669055420224", "study_id": 0, "datetime_start": "2023-11-20T23:35:58.217776"}
{"op_code": 0, "worker_id": "00f08d51-5dbc-448e-91fd-b8fadc409e5f-140524229625664", "study_name": "optuna_tutorial_2023-11-20_23-35-56.txt", "directions": [1]}
{"op_code": 5, "worker_id": "1d0dd40c-c9f7-4ea2-955d-2d1f2542a5fc-140170925872960", "trial_id": 14, "param_name": "iss", "param_value_internal": 0.6079928601973608, "distribution": "{\"name\": \"FloatDistribution\", \"attributes\": {\"step\": null, \"low\": 0.0, \"high\": 1.0, \"log\": false}}"}
{"op_code": 4, "worker_id": "b01c1848-c2df-4f59-aa84-9a13fbf80c17-139779792820032", "study_id": 0, "datetime_start": "2023-11-20T23:35:58.235449"}
{"op_code": 5, "worker_id": "1d0dd40c-c9f7-4ea2-955d-2d1f2542a5fc-140170925872960", "trial_id": 14, "param_name": "ridge", "param_value_internal": 6.019603181864387e-05, "distribution": "{\"name\": \"FloatDistribution\", \"attributes\": {\"step\": null, \"low\": 1e-09, \"high\": 0.01, \"log\": true}}"}
{"op_code": 4, "worker_id": "00f08d51-5dbc-448e-91fd-b8fadc409e5f-140524229625664", "study_id": 0, "datetime_start": "2023-11-20T23:35:58.242586"}
{"op_code": 5, "worker_id": "b01c1848-c2df-4f59-aa84-9a13fbf80c17-139779792820032", "trial_id": 17, "param_name": "sr", "param_value_internal": 2.3981289168943696, "distribution": "{\"name\": \"FloatDistribution\", \"attributes\": {\"step\": null, \"low\": 0.01, \"high\": 10.0, \"log\": true}}"}
{"op_code": 0, "worker_id": "1480836d-691e-4d4e-af6a-db220d8b316a-140131065403200", "study_name": "optuna_tutorial_2023-11-20_23-35-56.txt", "directions": [1]}
{"op_code": 5, "worker_id": "00f08d51-5dbc-448e-91fd-b8fadc409e5f-140524229625664", "trial_id": 18, "param_name": "sr", "param_value_internal": 1.5899858266405988, "distribution": "{\"name\": \"FloatDistribution\", \"attributes\": {\"step\": null, \"low\": 0.01, \"high\": 10.0, \"log\": true}}"}
{"op_code": 5, "worker_id": "b01c1848-c2df-4f59-aa84-9a13fbf80c17-139779792820032", "trial_id": 17, "param_name": "lr", "param_value_internal": 0.5388787425751767, "distribution": "{\"name\": \"FloatDistribution\", \"attributes\": {\"step\": null, \"low\": 0.001, \"high\": 1.0, \"log\": true}}"}
{"op_code": 5, "worker_id": "e6804113-fd52-446c-9628-70bd940c6f3c-139802399213376", "trial_id": 10, "param_name": "iss", "param_value_internal": 0.7910788870326202, "distribution": "{\"name\": \"FloatDistribution\", \"attributes\": {\"step\": null, \"low\": 0.0, \"high\": 1.0, \"log\": false}}"}
{"op_code": 5, "worker_id": "b01c1848-c2df-4f59-aa84-9a13fbf80c17-139779792820032", "trial_id": 17, "param_name": "iss", "param_value_internal": 0.15656975124772632, "distribution": "{\"name\": \"FloatDistribution\", \"attributes\": {\"step\": null, \"low\": 0.0, \"high\": 1.0, \"log\": false}}"}
{"op_code": 0, "worker_id": "a20760e5-0790-4c16-831c-918179435b19-140042449143616", "study_name": "optuna_tutorial_2023-11-20_23-35-56.txt", "directions": [1]}
{"op_code": 0, "worker_id": "69bbb2c5-8fe8-4c7d-9c4e-748c98c28b9a-140028527535936", "study_name": "optuna_tutorial_2023-11-20_23-35-56.txt", "directions": [1]}
{"op_code": 4, "worker_id": "1480836d-691e-4d4e-af6a-db220d8b316a-140131065403200", "study_id": 0, "datetime_start": "2023-11-20T23:35:58.260351"}
{"op_code": 0, "worker_id": "40800eb8-e20d-4093-a00a-b2179febad90-140378721367872", "study_name": "optuna_tutorial_2023-11-20_23-35-56.txt", "directions": [1]}
{"op_code": 4, "worker_id": "a20760e5-0790-4c16-831c-918179435b19-140042449143616", "study_id": 0, "datetime_start": "2023-11-20T23:35:58.275695"}
{"op_code": 5, "worker_id": "1480836d-691e-4d4e-af6a-db220d8b316a-140131065403200", "trial_id": 19, "param_name": "sr", "param_value_internal": 0.08866710588479376, "distribution": "{\"name\": \"FloatDistribution\", \"attributes\": {\"step\": null, \"low\": 0.01, \"high\": 10.0, \"log\": true}}"}
{"op_code": 4, "worker_id": "69bbb2c5-8fe8-4c7d-9c4e-748c98c28b9a-140028527535936", "study_id": 0, "datetime_start": "2023-11-20T23:35:58.277239"}
{"op_code": 5, "worker_id": "a20760e5-0790-4c16-831c-918179435b19-140042449143616", "trial_id": 20, "param_name": "sr", "param_value_internal": 0.5387617461395499, "distribution": "{\"name\": \"FloatDistribution\", \"attributes\": {\"step\": null, \"low\": 0.01, \"high\": 10.0, \"log\": true}}"}
{"op_code": 4, "worker_id": "41f47954-c5ac-4316-a67b-63dc7a49795e-140512048858944", "study_id": 0, "datetime_start": "2023-11-20T23:35:58.154066"}
{"op_code": 4, "worker_id": "cd85dda9-9bb8-482e-a9c5-5951db18d2f9-139707841111872", "study_id": 0, "datetime_start": "2023-11-20T23:35:58.158753"}
{"op_code": 5, "worker_id": "1480836d-691e-4d4e-af6a-db220d8b316a-140131065403200", "trial_id": 19, "param_name": "lr", "param_value_internal": 0.0066472582889491975, "distribution": "{\"name\": \"FloatDistribution\", \"attributes\": {\"step\": null, \"low\": 0.001, \"high\": 1.0, \"log\": true}}"}
{"op_code": 5, "worker_id": "41f47954-c5ac-4316-a67b-63dc7a49795e-140512048858944", "trial_id": 22, "param_name": "sr", "param_value_internal": 0.0303113996168287, "distribution": "{\"name\": \"FloatDistribution\", \"attributes\": {\"step\": null, \"low\": 0.01, \"high\": 10.0, \"log\": true}}"}
{"op_code": 5, "worker_id": "69bbb2c5-8fe8-4c7d-9c4e-748c98c28b9a-140028527535936", "trial_id": 21, "param_name": "sr", "param_value_internal": 1.4696589613014677, "distribution": "{\"name\": \"FloatDistribution\", \"attributes\": {\"step\": null, \"low\": 0.01, \"high\": 10.0, \"log\": true}}"}
{"op_code": 5, "worker_id": "cd85dda9-9bb8-482e-a9c5-5951db18d2f9-139707841111872", "trial_id": 23, "param_name": "sr", "param_value_internal": 4.482595277038258, "distribution": "{\"name\": \"FloatDistribution\", \"attributes\": {\"step\": null, \"low\": 0.01, \"high\": 10.0, \"log\": true}}"}
{"op_code": 5, "worker_id": "69bbb2c5-8fe8-4c7d-9c4e-748c98c28b9a-140028527535936", "trial_id": 21, "param_name": "lr", "param_value_internal": 0.12575226498823527, "distribution": "{\"name\": \"FloatDistribution\", \"attributes\": {\"step\": null, \"low\": 0.001, \"high\": 1.0, \"log\": true}}"}
{"op_code": 5, "worker_id": "cd85dda9-9bb8-482e-a9c5-5951db18d2f9-139707841111872", "trial_id": 23, "param_name": "lr", "param_value_internal": 0.051976080446730105, "distribution": "{\"name\": \"FloatDistribution\", \"attributes\": {\"step\": null, \"low\": 0.001, \"high\": 1.0, \"log\": true}}"}
{"op_code": 5, "worker_id": "69bbb2c5-8fe8-4c7d-9c4e-748c98c28b9a-140028527535936", "trial_id": 21, "param_name": "iss", "param_value_internal": 0.021313010423755552, "distribution": "{\"name\": \"FloatDistribution\", \"attributes\": {\"step\": null, \"low\": 0.0, \"high\": 1.0, \"log\": false}}"}
{"op_code": 4, "worker_id": "aa2e2753-6c92-4caa-8296-81e207991cef-140255061264192", "study_id": 0, "datetime_start": "2023-11-20T23:35:58.183012"}
{"op_code": 5, "worker_id": "69bbb2c5-8fe8-4c7d-9c4e-748c98c28b9a-140028527535936", "trial_id": 21, "param_name": "ridge", "param_value_internal": 9.104677358147223e-08, "distribution": "{\"name\": \"FloatDistribution\", \"attributes\": {\"step\": null, \"low\": 1e-09, \"high\": 0.01, \"log\": true}}"}
{"op_code": 4, "worker_id": "40800eb8-e20d-4093-a00a-b2179febad90-140378721367872", "study_id": 0, "datetime_start": "2023-11-20T23:35:58.285322"}
{"op_code": 5, "worker_id": "aa2e2753-6c92-4caa-8296-81e207991cef-140255061264192", "trial_id": 24, "param_name": "sr", "param_value_internal": 9.709789531937599, "distribution": "{\"name\": \"FloatDistribution\", \"attributes\": {\"step\": null, \"low\": 0.01, \"high\": 10.0, \"log\": true}}"}
{"op_code": 5, "worker_id": "a20760e5-0790-4c16-831c-918179435b19-140042449143616", "trial_id": 20, "param_name": "lr", "param_value_internal": 0.03355983323673178, "distribution": "{\"name\": \"FloatDistribution\", \"attributes\": {\"step\": null, \"low\": 0.001, \"high\": 1.0, \"log\": true}}"}
{"op_code": 5, "worker_id": "aa2e2753-6c92-4caa-8296-81e207991cef-140255061264192", "trial_id": 24, "param_name": "lr", "param_value_internal": 0.002607502022595199, "distribution": "{\"name\": \"FloatDistribution\", \"attributes\": {\"step\": null, \"low\": 0.001, \"high\": 1.0, \"log\": true}}"}
{"op_code": 5, "worker_id": "a20760e5-0790-4c16-831c-918179435b19-140042449143616", "trial_id": 20, "param_name": "iss", "param_value_internal": 0.6828260854338417, "distribution": "{\"name\": \"FloatDistribution\", \"attributes\": {\"step\": null, \"low\": 0.0, \"high\": 1.0, \"log\": false}}"}
{"op_code": 5, "worker_id": "aa2e2753-6c92-4caa-8296-81e207991cef-140255061264192", "trial_id": 24, "param_name": "iss", "param_value_internal": 0.860389068406051, "distribution": "{\"name\": \"FloatDistribution\", \"attributes\": {\"step\": null, \"low\": 0.0, \"high\": 1.0, \"log\": false}}"}
{"op_code": 5, "worker_id": "a20760e5-0790-4c16-831c-918179435b19-140042449143616", "trial_id": 20, "param_name": "ridge", "param_value_internal": 3.686465470166833e-07, "distribution": "{\"name\": \"FloatDistribution\", \"attributes\": {\"step\": null, \"low\": 1e-09, \"high\": 0.01, \"log\": true}}"}
{"op_code": 4, "worker_id": "071692d2-f9fd-4a7d-ad5b-b37b3a8a1d83-140020490905408", "study_id": 0, "datetime_start": "2023-11-20T23:35:57.822639"}
{"op_code": 5, "worker_id": "aa2e2753-6c92-4caa-8296-81e207991cef-140255061264192", "trial_id": 24, "param_name": "ridge", "param_value_internal": 8.448837273556894e-07, "distribution": "{\"name\": \"FloatDistribution\", \"attributes\": {\"step\": null, \"low\": 1e-09, \"high\": 0.01, \"log\": true}}"}
{"op_code": 5, "worker_id": "40800eb8-e20d-4093-a00a-b2179febad90-140378721367872", "trial_id": 25, "param_name": "sr", "param_value_internal": 0.21783376576894128, "distribution": "{\"name\": \"FloatDistribution\", \"attributes\": {\"step\": null, \"low\": 0.01, \"high\": 10.0, \"log\": true}}"}
{"op_code": 5, "worker_id": "071692d2-f9fd-4a7d-ad5b-b37b3a8a1d83-140020490905408", "trial_id": 26, "param_name": "sr", "param_value_internal": 0.045956826386099575, "distribution": "{\"name\": \"FloatDistribution\", \"attributes\": {\"step\": null, \"low\": 0.01, \"high\": 10.0, \"log\": true}}"}
{"op_code": 5, "worker_id": "40800eb8-e20d-4093-a00a-b2179febad90-140378721367872", "trial_id": 25, "param_name": "lr", "param_value_internal": 0.0018365010473244542, "distribution": "{\"name\": \"FloatDistribution\", \"attributes\": {\"step\": null, \"low\": 0.001, \"high\": 1.0, \"log\": true}}"}
{"op_code": 5, "worker_id": "071692d2-f9fd-4a7d-ad5b-b37b3a8a1d83-140020490905408", "trial_id": 26, "param_name": "lr", "param_value_internal": 0.004621451550874802, "distribution": "{\"name\": \"FloatDistribution\", \"attributes\": {\"step\": null, \"low\": 0.001, \"high\": 1.0, \"log\": true}}"}
{"op_code": 0, "worker_id": "45730258-c16e-4346-b364-90202bee6b7f-140182797387584", "study_name": "optuna_tutorial_2023-11-20_23-35-56.txt", "directions": [1]}
{"op_code": 5, "worker_id": "071692d2-f9fd-4a7d-ad5b-b37b3a8a1d83-140020490905408", "trial_id": 26, "param_name": "iss", "param_value_internal": 0.920140390103438, "distribution": "{\"name\": \"FloatDistribution\", \"attributes\": {\"step\": null, \"low\": 0.0, \"high\": 1.0, \"log\": false}}"}
{"op_code": 0, "worker_id": "85fbe674-4a66-408d-afe7-a5c8223d3776-139892633540416", "study_name": "optuna_tutorial_2023-11-20_23-35-56.txt", "directions": [1]}
{"op_code": 5, "worker_id": "071692d2-f9fd-4a7d-ad5b-b37b3a8a1d83-140020490905408", "trial_id": 26, "param_name": "ridge", "param_value_internal": 0.0047561493827768, "distribution": "{\"name\": \"FloatDistribution\", \"attributes\": {\"step\": null, \"low\": 1e-09, \"high\": 0.01, \"log\": true}}"}
{"op_code": 4, "worker_id": "45730258-c16e-4346-b364-90202bee6b7f-140182797387584", "study_id": 0, "datetime_start": "2023-11-20T23:35:58.366347"}
{"op_code": 5, "worker_id": "41f47954-c5ac-4316-a67b-63dc7a49795e-140512048858944", "trial_id": 22, "param_name": "lr", "param_value_internal": 0.0030205031344071012, "distribution": "{\"name\": \"FloatDistribution\", \"attributes\": {\"step\": null, \"low\": 0.001, \"high\": 1.0, \"log\": true}}"}
{"op_code": 5, "worker_id": "45730258-c16e-4346-b364-90202bee6b7f-140182797387584", "trial_id": 27, "param_name": "sr", "param_value_internal": 0.6425540448795226, "distribution": "{\"name\": \"FloatDistribution\", \"attributes\": {\"step\": null, \"low\": 0.01, \"high\": 10.0, \"log\": true}}"}
{"op_code": 4, "worker_id": "85fbe674-4a66-408d-afe7-a5c8223d3776-139892633540416", "study_id": 0, "datetime_start": "2023-11-20T23:35:58.375077"}
{"op_code": 5, "worker_id": "41f47954-c5ac-4316-a67b-63dc7a49795e-140512048858944", "trial_id": 22, "param_name": "iss", "param_value_internal": 0.5536196198834629, "distribution": "{\"name\": \"FloatDistribution\", \"attributes\": {\"step\": null, \"low\": 0.0, \"high\": 1.0, \"log\": false}}"}
{"op_code": 5, "worker_id": "85fbe674-4a66-408d-afe7-a5c8223d3776-139892633540416", "trial_id": 28, "param_name": "sr", "param_value_internal": 2.581708775020451, "distribution": "{\"name\": \"FloatDistribution\", \"attributes\": {\"step\": null, \"low\": 0.01, \"high\": 10.0, \"log\": true}}"}
{"op_code": 5, "worker_id": "41f47954-c5ac-4316-a67b-63dc7a49795e-140512048858944", "trial_id": 22, "param_name": "ridge", "param_value_internal": 9.360375001214589e-09, "distribution": "{\"name\": \"FloatDistribution\", \"attributes\": {\"step\": null, \"low\": 1e-09, \"high\": 0.01, \"log\": true}}"}
{"op_code": 5, "worker_id": "85fbe674-4a66-408d-afe7-a5c8223d3776-139892633540416", "trial_id": 28, "param_name": "lr", "param_value_internal": 0.6068129492422991, "distribution": "{\"name\": \"FloatDistribution\", \"attributes\": {\"step\": null, \"low\": 0.001, \"high\": 1.0, \"log\": true}}"}
{"op_code": 5, "worker_id": "85fbe674-4a66-408d-afe7-a5c8223d3776-139892633540416", "trial_id": 28, "param_name": "iss", "param_value_internal": 0.8772595677666757, "distribution": "{\"name\": \"FloatDistribution\", \"attributes\": {\"step\": null, \"low\": 0.0, \"high\": 1.0, \"log\": false}}"}
{"op_code": 5, "worker_id": "85fbe674-4a66-408d-afe7-a5c8223d3776-139892633540416", "trial_id": 28, "param_name": "ridge", "param_value_internal": 2.996188231617307e-08, "distribution": "{\"name\": \"FloatDistribution\", \"attributes\": {\"step\": null, \"low\": 1e-09, \"high\": 0.01, \"log\": true}}"}
{"op_code": 5, "worker_id": "45730258-c16e-4346-b364-90202bee6b7f-140182797387584", "trial_id": 27, "param_name": "lr", "param_value_internal": 0.13081214248117756, "distribution": "{\"name\": \"FloatDistribution\", \"attributes\": {\"step\": null, \"low\": 0.001, \"high\": 1.0, \"log\": true}}"}
{"op_code": 5, "worker_id": "b01c1848-c2df-4f59-aa84-9a13fbf80c17-139779792820032", "trial_id": 17, "param_name": "ridge", "param_value_internal": 0.00010573550316099211, "distribution": "{\"name\": \"FloatDistribution\", \"attributes\": {\"step\": null, \"low\": 1e-09, \"high\": 0.01, \"log\": true}}"}
{"op_code": 5, "worker_id": "45730258-c16e-4346-b364-90202bee6b7f-140182797387584", "trial_id": 27, "param_name": "iss", "param_value_internal": 0.11309603626848364, "distribution": "{\"name\": \"FloatDistribution\", \"attributes\": {\"step\": null, \"low\": 0.0, \"high\": 1.0, \"log\": false}}"}
{"op_code": 5, "worker_id": "8fe1794f-0784-4d58-8523-9ddd420b0fb1-140517231744832", "trial_id": 12, "param_name": "lr", "param_value_internal": 0.02538028170977664, "distribution": "{\"name\": \"FloatDistribution\", \"attributes\": {\"step\": null, \"low\": 0.001, \"high\": 1.0, \"log\": true}}"}
{"op_code": 0, "worker_id": "47c34724-d61d-45ed-9f0a-d6397f8881b4-140312208291648", "study_name": "optuna_tutorial_2023-11-20_23-35-56.txt", "directions": [1]}
{"op_code": 5, "worker_id": "45730258-c16e-4346-b364-90202bee6b7f-140182797387584", "trial_id": 27, "param_name": "ridge", "param_value_internal": 1.3922180093655707e-06, "distribution": "{\"name\": \"FloatDistribution\", \"attributes\": {\"step\": null, \"low\": 1e-09, \"high\": 0.01, \"log\": true}}"}
{"op_code": 4, "worker_id": "81443e0c-19c2-471f-9068-5d712cc6dcc0-140697517889344", "study_id": 0, "datetime_start": "2023-11-20T23:35:58.149558"}
{"op_code": 5, "worker_id": "8fe1794f-0784-4d58-8523-9ddd420b0fb1-140517231744832", "trial_id": 12, "param_name": "iss", "param_value_internal": 0.8691460576500861, "distribution": "{\"name\": \"FloatDistribution\", \"attributes\": {\"step\": null, \"low\": 0.0, \"high\": 1.0, \"log\": false}}"}
{"op_code": 4, "worker_id": "47c34724-d61d-45ed-9f0a-d6397f8881b4-140312208291648", "study_id": 0, "datetime_start": "2023-11-20T23:35:58.419737"}
{"op_code": 5, "worker_id": "8fe1794f-0784-4d58-8523-9ddd420b0fb1-140517231744832", "trial_id": 12, "param_name": "ridge", "param_value_internal": 3.6867956271861104e-06, "distribution": "{\"name\": \"FloatDistribution\", \"attributes\": {\"step\": null, \"low\": 1e-09, \"high\": 0.01, \"log\": true}}"}
{"op_code": 5, "worker_id": "81443e0c-19c2-471f-9068-5d712cc6dcc0-140697517889344", "trial_id": 29, "param_name": "sr", "param_value_internal": 0.19873407853472305, "distribution": "{\"name\": \"FloatDistribution\", \"attributes\": {\"step\": null, \"low\": 0.01, \"high\": 10.0, \"log\": true}}"}
{"op_code": 5, "worker_id": "47c34724-d61d-45ed-9f0a-d6397f8881b4-140312208291648", "trial_id": 30, "param_name": "sr", "param_value_internal": 0.07884704047829107, "distribution": "{\"name\": \"FloatDistribution\", \"attributes\": {\"step\": null, \"low\": 0.01, \"high\": 10.0, \"log\": true}}"}
{"op_code": 5, "worker_id": "81443e0c-19c2-471f-9068-5d712cc6dcc0-140697517889344", "trial_id": 29, "param_name": "lr", "param_value_internal": 0.002026409489152858, "distribution": "{\"name\": \"FloatDistribution\", \"attributes\": {\"step\": null, \"low\": 0.001, \"high\": 1.0, \"log\": true}}"}
{"op_code": 0, "worker_id": "9e7193a5-7cc1-471a-a672-429e9dd813c2-139786274654016", "study_name": "optuna_tutorial_2023-11-20_23-35-56.txt", "directions": [1]}
{"op_code": 5, "worker_id": "81443e0c-19c2-471f-9068-5d712cc6dcc0-140697517889344", "trial_id": 29, "param_name": "iss", "param_value_internal": 0.7135536050626907, "distribution": "{\"name\": \"FloatDistribution\", \"attributes\": {\"step\": null, \"low\": 0.0, \"high\": 1.0, \"log\": false}}"}
{"op_code": 0, "worker_id": "4327a72c-e366-4db0-8cc8-aa2eae980120-140196542330688", "study_name": "optuna_tutorial_2023-11-20_23-35-56.txt", "directions": [1]}
{"op_code": 5, "worker_id": "81443e0c-19c2-471f-9068-5d712cc6dcc0-140697517889344", "trial_id": 29, "param_name": "ridge", "param_value_internal": 4.385369650468849e-07, "distribution": "{\"name\": \"FloatDistribution\", \"attributes\": {\"step\": null, \"low\": 1e-09, \"high\": 0.01, \"log\": true}}"}
{"op_code": 4, "worker_id": "9e7193a5-7cc1-471a-a672-429e9dd813c2-139786274654016", "study_id": 0, "datetime_start": "2023-11-20T23:35:58.447248"}
{"op_code": 5, "worker_id": "47c34724-d61d-45ed-9f0a-d6397f8881b4-140312208291648", "trial_id": 30, "param_name": "lr", "param_value_internal": 0.0022984225878209313, "distribution": "{\"name\": \"FloatDistribution\", \"attributes\": {\"step\": null, \"low\": 0.001, \"high\": 1.0, \"log\": true}}"}
{"op_code": 4, "worker_id": "4327a72c-e366-4db0-8cc8-aa2eae980120-140196542330688", "study_id": 0, "datetime_start": "2023-11-20T23:35:58.452672"}
{"op_code": 5, "worker_id": "47c34724-d61d-45ed-9f0a-d6397f8881b4-140312208291648", "trial_id": 30, "param_name": "iss", "param_value_internal": 0.19099829529382018, "distribution": "{\"name\": \"FloatDistribution\", \"attributes\": {\"step\": null, \"low\": 0.0, \"high\": 1.0, \"log\": false}}"}
{"op_code": 0, "worker_id": "1d05b5c6-350f-4771-8ef0-5e1883a27fa3-140446664841024", "study_name": "optuna_tutorial_2023-11-20_23-35-56.txt", "directions": [1]}
{"op_code": 5, "worker_id": "47c34724-d61d-45ed-9f0a-d6397f8881b4-140312208291648", "trial_id": 30, "param_name": "ridge", "param_value_internal": 3.191719447708591e-07, "distribution": "{\"name\": \"FloatDistribution\", \"attributes\": {\"step\": null, \"low\": 1e-09, \"high\": 0.01, \"log\": true}}"}
{"op_code": 4, "worker_id": "822e0fbf-a4ed-4bd1-a6bd-04ee10b4417d-139630802356032", "study_id": 0, "datetime_start": "2023-11-20T23:35:58.203454"}
{"op_code": 5, "worker_id": "4327a72c-e366-4db0-8cc8-aa2eae980120-140196542330688", "trial_id": 32, "param_name": "sr", "param_value_internal": 0.23953455132166188, "distribution": "{\"name\": \"FloatDistribution\", \"attributes\": {\"step\": null, \"low\": 0.01, \"high\": 10.0, \"log\": true}}"}
{"op_code": 5, "worker_id": "9e7193a5-7cc1-471a-a672-429e9dd813c2-139786274654016", "trial_id": 31, "param_name": "sr", "param_value_internal": 0.31052304760340615, "distribution": "{\"name\": \"FloatDistribution\", \"attributes\": {\"step\": null, \"low\": 0.01, \"high\": 10.0, \"log\": true}}"}
{"op_code": 5, "worker_id": "4327a72c-e366-4db0-8cc8-aa2eae980120-140196542330688", "trial_id": 32, "param_name": "lr", "param_value_internal": 0.008360712853245036, "distribution": "{\"name\": \"FloatDistribution\", \"attributes\": {\"step\": null, \"low\": 0.001, \"high\": 1.0, \"log\": true}}"}
{"op_code": 5, "worker_id": "9e7193a5-7cc1-471a-a672-429e9dd813c2-139786274654016", "trial_id": 31, "param_name": "lr", "param_value_internal": 0.00814091636368828, "distribution": "{\"name\": \"FloatDistribution\", \"attributes\": {\"step\": null, \"low\": 0.001, \"high\": 1.0, \"log\": true}}"}
{"op_code": 5, "worker_id": "4327a72c-e366-4db0-8cc8-aa2eae980120-140196542330688", "trial_id": 32, "param_name": "iss", "param_value_internal": 0.5550600840910136, "distribution": "{\"name\": \"FloatDistribution\", \"attributes\": {\"step\": null, \"low\": 0.0, \"high\": 1.0, \"log\": false}}"}
{"op_code": 5, "worker_id": "9e7193a5-7cc1-471a-a672-429e9dd813c2-139786274654016", "trial_id": 31, "param_name": "iss", "param_value_internal": 0.9985836089062199, "distribution": "{\"name\": \"FloatDistribution\", \"attributes\": {\"step\": null, \"low\": 0.0, \"high\": 1.0, \"log\": false}}"}
{"op_code": 5, "worker_id": "4327a72c-e366-4db0-8cc8-aa2eae980120-140196542330688", "trial_id": 32, "param_name": "ridge", "param_value_internal": 4.4395255067864437e-07, "distribution": "{\"name\": \"FloatDistribution\", \"attributes\": {\"step\": null, \"low\": 1e-09, \"high\": 0.01, \"log\": true}}"}
{"op_code": 0, "worker_id": "7b741b57-61de-4604-8997-bbb9b27e552d-139872143107904", "study_name": "optuna_tutorial_2023-11-20_23-35-56.txt", "directions": [1]}
{"op_code": 5, "worker_id": "9e7193a5-7cc1-471a-a672-429e9dd813c2-139786274654016", "trial_id": 31, "param_name": "ridge", "param_value_internal": 1.6020600235063623e-07, "distribution": "{\"name\": \"FloatDistribution\", \"attributes\": {\"step\": null, \"low\": 1e-09, \"high\": 0.01, \"log\": true}}"}
{"op_code": 0, "worker_id": "6ada9c95-6888-4ca8-bf4b-07a7770642d1-140630536509248", "study_name": "optuna_tutorial_2023-11-20_23-35-56.txt", "directions": [1]}
{"op_code": 0, "worker_id": "7ca18e38-266d-442b-9bd0-ea1a855c90a4-140422721718080", "study_name": "optuna_tutorial_2023-11-20_23-35-56.txt", "directions": [1]}
{"op_code": 4, "worker_id": "7b741b57-61de-4604-8997-bbb9b27e552d-139872143107904", "study_id": 0, "datetime_start": "2023-11-20T23:35:58.499448"}
{"op_code": 5, "worker_id": "7b741b57-61de-4604-8997-bbb9b27e552d-139872143107904", "trial_id": 34, "param_name": "sr", "param_value_internal": 3.6421162673334875, "distribution": "{\"name\": \"FloatDistribution\", \"attributes\": {\"step\": null, \"low\": 0.01, \"high\": 10.0, \"log\": true}}"}
{"op_code": 5, "worker_id": "822e0fbf-a4ed-4bd1-a6bd-04ee10b4417d-139630802356032", "trial_id": 33, "param_name": "sr", "param_value_internal": 0.01706390152187691, "distribution": "{\"name\": \"FloatDistribution\", \"attributes\": {\"step\": null, \"low\": 0.01, \"high\": 10.0, \"log\": true}}"}
{"op_code": 5, "worker_id": "7b741b57-61de-4604-8997-bbb9b27e552d-139872143107904", "trial_id": 34, "param_name": "lr", "param_value_internal": 0.09604082421556359, "distribution": "{\"name\": \"FloatDistribution\", \"attributes\": {\"step\": null, \"low\": 0.001, \"high\": 1.0, \"log\": true}}"}
{"op_code": 5, "worker_id": "822e0fbf-a4ed-4bd1-a6bd-04ee10b4417d-139630802356032", "trial_id": 33, "param_name": "lr", "param_value_internal": 0.8648330274696387, "distribution": "{\"name\": \"FloatDistribution\", \"attributes\": {\"step\": null, \"low\": 0.001, \"high\": 1.0, \"log\": true}}"}
{"op_code": 5, "worker_id": "7b741b57-61de-4604-8997-bbb9b27e552d-139872143107904", "trial_id": 34, "param_name": "iss", "param_value_internal": 0.13303302532158057, "distribution": "{\"name\": \"FloatDistribution\", \"attributes\": {\"step\": null, \"low\": 0.0, \"high\": 1.0, \"log\": false}}"}
{"op_code": 5, "worker_id": "822e0fbf-a4ed-4bd1-a6bd-04ee10b4417d-139630802356032", "trial_id": 33, "param_name": "iss", "param_value_internal": 0.6871956281588032, "distribution": "{\"name\": \"FloatDistribution\", \"attributes\": {\"step\": null, \"low\": 0.0, \"high\": 1.0, \"log\": false}}"}
{"op_code": 5, "worker_id": "7b741b57-61de-4604-8997-bbb9b27e552d-139872143107904", "trial_id": 34, "param_name": "ridge", "param_value_internal": 1.5733504514356637e-09, "distribution": "{\"name\": \"FloatDistribution\", \"attributes\": {\"step\": null, \"low\": 1e-09, \"high\": 0.01, \"log\": true}}"}
{"op_code": 5, "worker_id": "822e0fbf-a4ed-4bd1-a6bd-04ee10b4417d-139630802356032", "trial_id": 33, "param_name": "ridge", "param_value_internal": 7.66708992053225e-08, "distribution": "{\"name\": \"FloatDistribution\", \"attributes\": {\"step\": null, \"low\": 1e-09, \"high\": 0.01, \"log\": true}}"}
{"op_code": 5, "worker_id": "e6804113-fd52-446c-9628-70bd940c6f3c-139802399213376", "trial_id": 10, "param_name": "ridge", "param_value_internal": 4.957973565075002e-07, "distribution": "{\"name\": \"FloatDistribution\", \"attributes\": {\"step\": null, \"low\": 1e-09, \"high\": 0.01, \"log\": true}}"}
{"op_code": 4, "worker_id": "7ca18e38-266d-442b-9bd0-ea1a855c90a4-140422721718080", "study_id": 0, "datetime_start": "2023-11-20T23:35:58.511843"}
{"op_code": 4, "worker_id": "6ada9c95-6888-4ca8-bf4b-07a7770642d1-140630536509248", "study_id": 0, "datetime_start": "2023-11-20T23:35:58.516121"}
{"op_code": 5, "worker_id": "7ca18e38-266d-442b-9bd0-ea1a855c90a4-140422721718080", "trial_id": 35, "param_name": "sr", "param_value_internal": 8.032810048074856, "distribution": "{\"name\": \"FloatDistribution\", \"attributes\": {\"step\": null, \"low\": 0.01, \"high\": 10.0, \"log\": true}}"}
{"op_code": 4, "worker_id": "1d05b5c6-350f-4771-8ef0-5e1883a27fa3-140446664841024", "study_id": 0, "datetime_start": "2023-11-20T23:35:58.473326"}
{"op_code": 5, "worker_id": "6ada9c95-6888-4ca8-bf4b-07a7770642d1-140630536509248", "trial_id": 36, "param_name": "sr", "param_value_internal": 0.012789929500813507, "distribution": "{\"name\": \"FloatDistribution\", \"attributes\": {\"step\": null, \"low\": 0.01, \"high\": 10.0, \"log\": true}}"}
{"op_code": 5, "worker_id": "7ca18e38-266d-442b-9bd0-ea1a855c90a4-140422721718080", "trial_id": 35, "param_name": "lr", "param_value_internal": 0.2252772761076813, "distribution": "{\"name\": \"FloatDistribution\", \"attributes\": {\"step\": null, \"low\": 0.001, \"high\": 1.0, \"log\": true}}"}
{"op_code": 5, "worker_id": "1d05b5c6-350f-4771-8ef0-5e1883a27fa3-140446664841024", "trial_id": 37, "param_name": "sr", "param_value_internal": 0.09408472117029346, "distribution": "{\"name\": \"FloatDistribution\", \"attributes\": {\"step\": null, \"low\": 0.01, \"high\": 10.0, \"log\": true}}"}
{"op_code": 5, "worker_id": "6ada9c95-6888-4ca8-bf4b-07a7770642d1-140630536509248", "trial_id": 36, "param_name": "lr", "param_value_internal": 0.3589218984898673, "distribution": "{\"name\": \"FloatDistribution\", \"attributes\": {\"step\": null, \"low\": 0.001, \"high\": 1.0, \"log\": true}}"}
{"op_code": 5, "worker_id": "1d05b5c6-350f-4771-8ef0-5e1883a27fa3-140446664841024", "trial_id": 37, "param_name": "lr", "param_value_internal": 0.019347556311262233, "distribution": "{\"name\": \"FloatDistribution\", \"attributes\": {\"step\": null, \"low\": 0.001, \"high\": 1.0, \"log\": true}}"}
{"op_code": 5, "worker_id": "6ada9c95-6888-4ca8-bf4b-07a7770642d1-140630536509248", "trial_id": 36, "param_name": "iss", "param_value_internal": 0.4374480827455097, "distribution": "{\"name\": \"FloatDistribution\", \"attributes\": {\"step\": null, \"low\": 0.0, \"high\": 1.0, \"log\": false}}"}
{"op_code": 5, "worker_id": "bb243d2f-ba97-49dd-9d27-2463855d5d0d-140360496494400", "trial_id": 5, "param_name": "sr", "param_value_internal": 2.2330169223668443, "distribution": "{\"name\": \"FloatDistribution\", \"attributes\": {\"step\": null, \"low\": 0.01, \"high\": 10.0, \"log\": true}}"}
{"op_code": 5, "worker_id": "6ada9c95-6888-4ca8-bf4b-07a7770642d1-140630536509248", "trial_id": 36, "param_name": "ridge", "param_value_internal": 1.382586658044911e-09, "distribution": "{\"name\": \"FloatDistribution\", \"attributes\": {\"step\": null, \"low\": 1e-09, \"high\": 0.01, \"log\": true}}"}
{"op_code": 5, "worker_id": "1d05b5c6-350f-4771-8ef0-5e1883a27fa3-140446664841024", "trial_id": 37, "param_name": "iss", "param_value_internal": 0.10056427984546601, "distribution": "{\"name\": \"FloatDistribution\", \"attributes\": {\"step\": null, \"low\": 0.0, \"high\": 1.0, \"log\": false}}"}
{"op_code": 5, "worker_id": "bb243d2f-ba97-49dd-9d27-2463855d5d0d-140360496494400", "trial_id": 5, "param_name": "lr", "param_value_internal": 0.3849185149313827, "distribution": "{\"name\": \"FloatDistribution\", \"attributes\": {\"step\": null, \"low\": 0.001, \"high\": 1.0, \"log\": true}}"}
{"op_code": 5, "worker_id": "1d05b5c6-350f-4771-8ef0-5e1883a27fa3-140446664841024", "trial_id": 37, "param_name": "ridge", "param_value_internal": 1.454847803456136e-09, "distribution": "{\"name\": \"FloatDistribution\", \"attributes\": {\"step\": null, \"low\": 1e-09, \"high\": 0.01, \"log\": true}}"}
{"op_code": 5, "worker_id": "bb243d2f-ba97-49dd-9d27-2463855d5d0d-140360496494400", "trial_id": 5, "param_name": "iss", "param_value_internal": 0.29690219313361454, "distribution": "{\"name\": \"FloatDistribution\", \"attributes\": {\"step\": null, \"low\": 0.0, \"high\": 1.0, \"log\": false}}"}
{"op_code": 5, "worker_id": "bb243d2f-ba97-49dd-9d27-2463855d5d0d-140360496494400", "trial_id": 5, "param_name": "ridge", "param_value_internal": 4.4679757760792844e-05, "distribution": "{\"name\": \"FloatDistribution\", \"attributes\": {\"step\": null, \"low\": 1e-09, \"high\": 0.01, \"log\": true}}"}
{"op_code": 5, "worker_id": "7ca18e38-266d-442b-9bd0-ea1a855c90a4-140422721718080", "trial_id": 35, "param_name": "iss", "param_value_internal": 0.5083434670180963, "distribution": "{\"name\": \"FloatDistribution\", \"attributes\": {\"step\": null, \"low\": 0.0, \"high\": 1.0, \"log\": false}}"}
{"op_code": 5, "worker_id": "7ca18e38-266d-442b-9bd0-ea1a855c90a4-140422721718080", "trial_id": 35, "param_name": "ridge", "param_value_internal": 2.09952858676115e-05, "distribution": "{\"name\": \"FloatDistribution\", \"attributes\": {\"step\": null, \"low\": 1e-09, \"high\": 0.01, \"log\": true}}"}
{"op_code": 4, "worker_id": "d473f52a-30d5-491c-9939-141043ba3b1b-139942466668352", "study_id": 0, "datetime_start": "2023-11-20T23:35:58.075625"}
{"op_code": 0, "worker_id": "aa758849-f2f7-4412-b31d-d963a6c5df10-139990181177152", "study_name": "optuna_tutorial_2023-11-20_23-35-56.txt", "directions": [1]}
{"op_code": 5, "worker_id": "d473f52a-30d5-491c-9939-141043ba3b1b-139942466668352", "trial_id": 38, "param_name": "sr", "param_value_internal": 0.05588299697911053, "distribution": "{\"name\": \"FloatDistribution\", \"attributes\": {\"step\": null, \"low\": 0.01, \"high\": 10.0, \"log\": true}}"}
{"op_code": 5, "worker_id": "d473f52a-30d5-491c-9939-141043ba3b1b-139942466668352", "trial_id": 38, "param_name": "lr", "param_value_internal": 0.00260514067486526, "distribution": "{\"name\": \"FloatDistribution\", \"attributes\": {\"step\": null, \"low\": 0.001, \"high\": 1.0, \"log\": true}}"}
{"op_code": 5, "worker_id": "d473f52a-30d5-491c-9939-141043ba3b1b-139942466668352", "trial_id": 38, "param_name": "iss", "param_value_internal": 0.9285921166785213, "distribution": "{\"name\": \"FloatDistribution\", \"attributes\": {\"step\": null, \"low\": 0.0, \"high\": 1.0, \"log\": false}}"}
{"op_code": 5, "worker_id": "40800eb8-e20d-4093-a00a-b2179febad90-140378721367872", "trial_id": 25, "param_name": "iss", "param_value_internal": 0.2760471367897128, "distribution": "{\"name\": \"FloatDistribution\", \"attributes\": {\"step\": null, \"low\": 0.0, \"high\": 1.0, \"log\": false}}"}
{"op_code": 4, "worker_id": "aa758849-f2f7-4412-b31d-d963a6c5df10-139990181177152", "study_id": 0, "datetime_start": "2023-11-20T23:35:58.614916"}
{"op_code": 5, "worker_id": "d473f52a-30d5-491c-9939-141043ba3b1b-139942466668352", "trial_id": 38, "param_name": "ridge", "param_value_internal": 4.429089144378577e-08, "distribution": "{\"name\": \"FloatDistribution\", \"attributes\": {\"step\": null, \"low\": 1e-09, \"high\": 0.01, \"log\": true}}"}
{"op_code": 5, "worker_id": "aa758849-f2f7-4412-b31d-d963a6c5df10-139990181177152", "trial_id": 39, "param_name": "sr", "param_value_internal": 0.9915356153925751, "distribution": "{\"name\": \"FloatDistribution\", \"attributes\": {\"step\": null, \"low\": 0.01, \"high\": 10.0, \"log\": true}}"}
{"op_code": 5, "worker_id": "40800eb8-e20d-4093-a00a-b2179febad90-140378721367872", "trial_id": 25, "param_name": "ridge", "param_value_internal": 4.399528775275741e-06, "distribution": "{\"name\": \"FloatDistribution\", \"attributes\": {\"step\": null, \"low\": 1e-09, \"high\": 0.01, \"log\": true}}"}
{"op_code": 5, "worker_id": "aa758849-f2f7-4412-b31d-d963a6c5df10-139990181177152", "trial_id": 39, "param_name": "lr", "param_value_internal": 0.030874085598780476, "distribution": "{\"name\": \"FloatDistribution\", \"attributes\": {\"step\": null, \"low\": 0.001, \"high\": 1.0, \"log\": true}}"}
{"op_code": 5, "worker_id": "aa758849-f2f7-4412-b31d-d963a6c5df10-139990181177152", "trial_id": 39, "param_name": "iss", "param_value_internal": 0.5384033571261054, "distribution": "{\"name\": \"FloatDistribution\", \"attributes\": {\"step\": null, \"low\": 0.0, \"high\": 1.0, \"log\": false}}"}
{"op_code": 4, "worker_id": "f8304fc0-fe85-4027-bd6a-a029cb3cf169-140184064264000", "study_id": 0, "datetime_start": "2023-11-20T23:35:58.116524"}
{"op_code": 5, "worker_id": "aa758849-f2f7-4412-b31d-d963a6c5df10-139990181177152", "trial_id": 39, "param_name": "ridge", "param_value_internal": 3.7398063873848536e-07, "distribution": "{\"name\": \"FloatDistribution\", \"attributes\": {\"step\": null, \"low\": 1e-09, \"high\": 0.01, \"log\": true}}"}
{"op_code": 5, "worker_id": "f8304fc0-fe85-4027-bd6a-a029cb3cf169-140184064264000", "trial_id": 40, "param_name": "sr", "param_value_internal": 0.024048441205469583, "distribution": "{\"name\": \"FloatDistribution\", \"attributes\": {\"step\": null, \"low\": 0.01, \"high\": 10.0, \"log\": true}}"}
{"op_code": 5, "worker_id": "f8304fc0-fe85-4027-bd6a-a029cb3cf169-140184064264000", "trial_id": 40, "param_name": "lr", "param_value_internal": 0.0545162509263444, "distribution": "{\"name\": \"FloatDistribution\", \"attributes\": {\"step\": null, \"low\": 0.001, \"high\": 1.0, \"log\": true}}"}
{"op_code": 5, "worker_id": "f8304fc0-fe85-4027-bd6a-a029cb3cf169-140184064264000", "trial_id": 40, "param_name": "iss", "param_value_internal": 0.5841059915240333, "distribution": "{\"name\": \"FloatDistribution\", \"attributes\": {\"step\": null, \"low\": 0.0, \"high\": 1.0, \"log\": false}}"}
{"op_code": 5, "worker_id": "f8304fc0-fe85-4027-bd6a-a029cb3cf169-140184064264000", "trial_id": 40, "param_name": "ridge", "param_value_internal": 5.199924803558993e-08, "distribution": "{\"name\": \"FloatDistribution\", \"attributes\": {\"step\": null, \"low\": 1e-09, \"high\": 0.01, \"log\": true}}"}
{"op_code": 4, "worker_id": "8e6aba76-2efb-419c-bfdd-e948d977ee65-139648225818432", "study_id": 0, "datetime_start": "2023-11-20T23:35:58.165423"}
{"op_code": 5, "worker_id": "8e6aba76-2efb-419c-bfdd-e948d977ee65-139648225818432", "trial_id": 41, "param_name": "sr", "param_value_internal": 0.12429158436066519, "distribution": "{\"name\": \"FloatDistribution\", \"attributes\": {\"step\": null, \"low\": 0.01, \"high\": 10.0, \"log\": true}}"}
{"op_code": 4, "worker_id": "3267cf88-7624-4af9-b52e-4e598d3088e8-140596309075776", "study_id": 0, "datetime_start": "2023-11-20T23:35:58.179195"}
{"op_code": 5, "worker_id": "8e6aba76-2efb-419c-bfdd-e948d977ee65-139648225818432", "trial_id": 41, "param_name": "lr", "param_value_internal": 0.0637962609446058, "distribution": "{\"name\": \"FloatDistribution\", \"attributes\": {\"step\": null, \"low\": 0.001, \"high\": 1.0, \"log\": true}}"}
{"op_code": 5, "worker_id": "8e6aba76-2efb-419c-bfdd-e948d977ee65-139648225818432", "trial_id": 41, "param_name": "iss", "param_value_internal": 0.5276764943752295, "distribution": "{\"name\": \"FloatDistribution\", \"attributes\": {\"step\": null, \"low\": 0.0, \"high\": 1.0, \"log\": false}}"}
{"op_code": 5, "worker_id": "8e6aba76-2efb-419c-bfdd-e948d977ee65-139648225818432", "trial_id": 41, "param_name": "ridge", "param_value_internal": 2.875103515491275e-09, "distribution": "{\"name\": \"FloatDistribution\", \"attributes\": {\"step\": null, \"low\": 1e-09, \"high\": 0.01, \"log\": true}}"}
{"op_code": 5, "worker_id": "3267cf88-7624-4af9-b52e-4e598d3088e8-140596309075776", "trial_id": 42, "param_name": "sr", "param_value_internal": 0.01356361189512146, "distribution": "{\"name\": \"FloatDistribution\", \"attributes\": {\"step\": null, \"low\": 0.01, \"high\": 10.0, \"log\": true}}"}
{"op_code": 5, "worker_id": "3267cf88-7624-4af9-b52e-4e598d3088e8-140596309075776", "trial_id": 42, "param_name": "lr", "param_value_internal": 0.07652908503567227, "distribution": "{\"name\": \"FloatDistribution\", \"attributes\": {\"step\": null, \"low\": 0.001, \"high\": 1.0, \"log\": true}}"}
{"op_code": 5, "worker_id": "3267cf88-7624-4af9-b52e-4e598d3088e8-140596309075776", "trial_id": 42, "param_name": "iss", "param_value_internal": 0.4725407269218912, "distribution": "{\"name\": \"FloatDistribution\", \"attributes\": {\"step\": null, \"low\": 0.0, \"high\": 1.0, \"log\": false}}"}
{"op_code": 5, "worker_id": "3267cf88-7624-4af9-b52e-4e598d3088e8-140596309075776", "trial_id": 42, "param_name": "ridge", "param_value_internal": 2.2822575433003602e-09, "distribution": "{\"name\": \"FloatDistribution\", \"attributes\": {\"step\": null, \"low\": 1e-09, \"high\": 0.01, \"log\": true}}"}
{"op_code": 5, "worker_id": "9668e1d1-8811-40c3-bba2-1f5301a0306b-139900491532096", "trial_id": 15, "param_name": "lr", "param_value_internal": 0.18945719751617968, "distribution": "{\"name\": \"FloatDistribution\", \"attributes\": {\"step\": null, \"low\": 0.001, \"high\": 1.0, \"log\": true}}"}
{"op_code": 5, "worker_id": "c488e9e0-0a1a-49ea-81b3-db08ded6af4b-139669055420224", "trial_id": 16, "param_name": "sr", "param_value_internal": 1.7850690356167744, "distribution": "{\"name\": \"FloatDistribution\", \"attributes\": {\"step\": null, \"low\": 0.01, \"high\": 10.0, \"log\": true}}"}
{"op_code": 5, "worker_id": "9668e1d1-8811-40c3-bba2-1f5301a0306b-139900491532096", "trial_id": 15, "param_name": "iss", "param_value_internal": 0.4428832862880131, "distribution": "{\"name\": \"FloatDistribution\", \"attributes\": {\"step\": null, \"low\": 0.0, \"high\": 1.0, \"log\": false}}"}
{"op_code": 5, "worker_id": "9668e1d1-8811-40c3-bba2-1f5301a0306b-139900491532096", "trial_id": 15, "param_name": "ridge", "param_value_internal": 4.926199260880331e-06, "distribution": "{\"name\": \"FloatDistribution\", \"attributes\": {\"step\": null, \"low\": 1e-09, \"high\": 0.01, \"log\": true}}"}
{"op_code": 5, "worker_id": "c488e9e0-0a1a-49ea-81b3-db08ded6af4b-139669055420224", "trial_id": 16, "param_name": "lr", "param_value_internal": 0.6444951150255153, "distribution": "{\"name\": \"FloatDistribution\", \"attributes\": {\"step\": null, \"low\": 0.001, \"high\": 1.0, \"log\": true}}"}
{"op_code": 5, "worker_id": "c488e9e0-0a1a-49ea-81b3-db08ded6af4b-139669055420224", "trial_id": 16, "param_name": "iss", "param_value_internal": 0.5227531380106941, "distribution": "{\"name\": \"FloatDistribution\", \"attributes\": {\"step\": null, \"low\": 0.0, \"high\": 1.0, \"log\": false}}"}
{"op_code": 5, "worker_id": "00f08d51-5dbc-448e-91fd-b8fadc409e5f-140524229625664", "trial_id": 18, "param_name": "lr", "param_value_internal": 0.19198386422277144, "distribution": "{\"name\": \"FloatDistribution\", \"attributes\": {\"step\": null, \"low\": 0.001, \"high\": 1.0, \"log\": true}}"}
{"op_code": 5, "worker_id": "c488e9e0-0a1a-49ea-81b3-db08ded6af4b-139669055420224", "trial_id": 16, "param_name": "ridge", "param_value_internal": 0.009426475536472039, "distribution": "{\"name\": \"FloatDistribution\", \"attributes\": {\"step\": null, \"low\": 1e-09, \"high\": 0.01, \"log\": true}}"}
{"op_code": 5, "worker_id": "00f08d51-5dbc-448e-91fd-b8fadc409e5f-140524229625664", "trial_id": 18, "param_name": "iss", "param_value_internal": 0.6952694133768977, "distribution": "{\"name\": \"FloatDistribution\", \"attributes\": {\"step\": null, \"low\": 0.0, \"high\": 1.0, \"log\": false}}"}
{"op_code": 5, "worker_id": "00f08d51-5dbc-448e-91fd-b8fadc409e5f-140524229625664", "trial_id": 18, "param_name": "ridge", "param_value_internal": 0.008595716948822404, "distribution": "{\"name\": \"FloatDistribution\", \"attributes\": {\"step\": null, \"low\": 1e-09, \"high\": 0.01, \"log\": true}}"}
{"op_code": 0, "worker_id": "230c299c-33e3-4b4f-bdfb-47be1cb152f2-139951173470016", "study_name": "optuna_tutorial_2023-11-20_23-35-56.txt", "directions": [1]}
{"op_code": 5, "worker_id": "1480836d-691e-4d4e-af6a-db220d8b316a-140131065403200", "trial_id": 19, "param_name": "iss", "param_value_internal": 0.04667526089927221, "distribution": "{\"name\": \"FloatDistribution\", \"attributes\": {\"step\": null, \"low\": 0.0, \"high\": 1.0, \"log\": false}}"}
{"op_code": 5, "worker_id": "1480836d-691e-4d4e-af6a-db220d8b316a-140131065403200", "trial_id": 19, "param_name": "ridge", "param_value_internal": 7.336191912408962e-06, "distribution": "{\"name\": \"FloatDistribution\", \"attributes\": {\"step\": null, \"low\": 1e-09, \"high\": 0.01, \"log\": true}}"}
{"op_code": 5, "worker_id": "cd85dda9-9bb8-482e-a9c5-5951db18d2f9-139707841111872", "trial_id": 23, "param_name": "iss", "param_value_internal": 0.9701397178937367, "distribution": "{\"name\": \"FloatDistribution\", \"attributes\": {\"step\": null, \"low\": 0.0, \"high\": 1.0, \"log\": false}}"}
{"op_code": 0, "worker_id": "2be91d3d-272c-4713-9b68-5a033ee0f319-139767795332928", "study_name": "optuna_tutorial_2023-11-20_23-35-56.txt", "directions": [1]}
{"op_code": 4, "worker_id": "230c299c-33e3-4b4f-bdfb-47be1cb152f2-139951173470016", "study_id": 0, "datetime_start": "2023-11-20T23:35:58.825978"}
{"op_code": 5, "worker_id": "cd85dda9-9bb8-482e-a9c5-5951db18d2f9-139707841111872", "trial_id": 23, "param_name": "ridge", "param_value_internal": 0.00727578446009566, "distribution": "{\"name\": \"FloatDistribution\", \"attributes\": {\"step\": null, \"low\": 1e-09, \"high\": 0.01, \"log\": true}}"}
{"op_code": 4, "worker_id": "2be91d3d-272c-4713-9b68-5a033ee0f319-139767795332928", "study_id": 0, "datetime_start": "2023-11-20T23:35:58.847658"}
{"op_code": 5, "worker_id": "230c299c-33e3-4b4f-bdfb-47be1cb152f2-139951173470016", "trial_id": 43, "param_name": "sr", "param_value_internal": 0.275131750498911, "distribution": "{\"name\": \"FloatDistribution\", \"attributes\": {\"step\": null, \"low\": 0.01, \"high\": 10.0, \"log\": true}}"}
{"op_code": 5, "worker_id": "2be91d3d-272c-4713-9b68-5a033ee0f319-139767795332928", "trial_id": 44, "param_name": "sr", "param_value_internal": 0.060396308364486444, "distribution": "{\"name\": \"FloatDistribution\", \"attributes\": {\"step\": null, \"low\": 0.01, \"high\": 10.0, \"log\": true}}"}
{"op_code": 0, "worker_id": "03183d77-56fc-48b5-b811-e0231e0648a3-140215631193920", "study_name": "optuna_tutorial_2023-11-20_23-35-56.txt", "directions": [1]}
{"op_code": 5, "worker_id": "2be91d3d-272c-4713-9b68-5a033ee0f319-139767795332928", "trial_id": 44, "param_name": "lr", "param_value_internal": 0.8646753482539474, "distribution": "{\"name\": \"FloatDistribution\", \"attributes\": {\"step\": null, \"low\": 0.001, \"high\": 1.0, \"log\": true}}"}
{"op_code": 5, "worker_id": "2be91d3d-272c-4713-9b68-5a033ee0f319-139767795332928", "trial_id": 44, "param_name": "iss", "param_value_internal": 0.8970893712414337, "distribution": "{\"name\": \"FloatDistribution\", \"attributes\": {\"step\": null, \"low\": 0.0, \"high\": 1.0, \"log\": false}}"}
{"op_code": 5, "worker_id": "230c299c-33e3-4b4f-bdfb-47be1cb152f2-139951173470016", "trial_id": 43, "param_name": "lr", "param_value_internal": 0.2535034737811816, "distribution": "{\"name\": \"FloatDistribution\", \"attributes\": {\"step\": null, \"low\": 0.001, \"high\": 1.0, \"log\": true}}"}
{"op_code": 5, "worker_id": "2be91d3d-272c-4713-9b68-5a033ee0f319-139767795332928", "trial_id": 44, "param_name": "ridge", "param_value_internal": 3.3857635697912185e-08, "distribution": "{\"name\": \"FloatDistribution\", \"attributes\": {\"step\": null, \"low\": 1e-09, \"high\": 0.01, \"log\": true}}"}
{"op_code": 5, "worker_id": "230c299c-33e3-4b4f-bdfb-47be1cb152f2-139951173470016", "trial_id": 43, "param_name": "iss", "param_value_internal": 0.5597667594833826, "distribution": "{\"name\": \"FloatDistribution\", \"attributes\": {\"step\": null, \"low\": 0.0, \"high\": 1.0, \"log\": false}}"}
{"op_code": 4, "worker_id": "03183d77-56fc-48b5-b811-e0231e0648a3-140215631193920", "study_id": 0, "datetime_start": "2023-11-20T23:35:58.876769"}
{"op_code": 5, "worker_id": "230c299c-33e3-4b4f-bdfb-47be1cb152f2-139951173470016", "trial_id": 43, "param_name": "ridge", "param_value_internal": 0.00048552410003251275, "distribution": "{\"name\": \"FloatDistribution\", \"attributes\": {\"step\": null, \"low\": 1e-09, \"high\": 0.01, \"log\": true}}"}
{"op_code": 5, "worker_id": "03183d77-56fc-48b5-b811-e0231e0648a3-140215631193920", "trial_id": 45, "param_name": "sr", "param_value_internal": 0.032689354294758326, "distribution": "{\"name\": \"FloatDistribution\", \"attributes\": {\"step\": null, \"low\": 0.01, \"high\": 10.0, \"log\": true}}"}
{"op_code": 5, "worker_id": "03183d77-56fc-48b5-b811-e0231e0648a3-140215631193920", "trial_id": 45, "param_name": "lr", "param_value_internal": 0.33776601320463423, "distribution": "{\"name\": \"FloatDistribution\", \"attributes\": {\"step\": null, \"low\": 0.001, \"high\": 1.0, \"log\": true}}"}
{"op_code": 5, "worker_id": "03183d77-56fc-48b5-b811-e0231e0648a3-140215631193920", "trial_id": 45, "param_name": "iss", "param_value_internal": 0.2652181142797295, "distribution": "{\"name\": \"FloatDistribution\", \"attributes\": {\"step\": null, \"low\": 0.0, \"high\": 1.0, \"log\": false}}"}
{"op_code": 5, "worker_id": "03183d77-56fc-48b5-b811-e0231e0648a3-140215631193920", "trial_id": 45, "param_name": "ridge", "param_value_internal": 1.7894503570120303e-07, "distribution": "{\"name\": \"FloatDistribution\", \"attributes\": {\"step\": null, \"low\": 1e-09, \"high\": 0.01, \"log\": true}}"}
{"op_code": 0, "worker_id": "4190e0bf-b039-42f4-ae68-ca408c4f1c9d-140434846414656", "study_name": "optuna_tutorial_2023-11-20_23-35-56.txt", "directions": [1]}
{"op_code": 0, "worker_id": "7be40c13-2a73-456f-9caa-6e61d4e69d4c-140282968958784", "study_name": "optuna_tutorial_2023-11-20_23-35-56.txt", "directions": [1]}
{"op_code": 4, "worker_id": "4190e0bf-b039-42f4-ae68-ca408c4f1c9d-140434846414656", "study_id": 0, "datetime_start": "2023-11-20T23:35:58.927576"}
{"op_code": 5, "worker_id": "4190e0bf-b039-42f4-ae68-ca408c4f1c9d-140434846414656", "trial_id": 46, "param_name": "sr", "param_value_internal": 0.4141398307963621, "distribution": "{\"name\": \"FloatDistribution\", \"attributes\": {\"step\": null, \"low\": 0.01, \"high\": 10.0, \"log\": true}}"}
{"op_code": 5, "worker_id": "4190e0bf-b039-42f4-ae68-ca408c4f1c9d-140434846414656", "trial_id": 46, "param_name": "lr", "param_value_internal": 0.16282537490619178, "distribution": "{\"name\": \"FloatDistribution\", \"attributes\": {\"step\": null, \"low\": 0.001, \"high\": 1.0, \"log\": true}}"}
{"op_code": 5, "worker_id": "4190e0bf-b039-42f4-ae68-ca408c4f1c9d-140434846414656", "trial_id": 46, "param_name": "iss", "param_value_internal": 0.030547570810991576, "distribution": "{\"name\": \"FloatDistribution\", \"attributes\": {\"step\": null, \"low\": 0.0, \"high\": 1.0, \"log\": false}}"}
{"op_code": 4, "worker_id": "7be40c13-2a73-456f-9caa-6e61d4e69d4c-140282968958784", "study_id": 0, "datetime_start": "2023-11-20T23:35:58.943065"}
{"op_code": 5, "worker_id": "4190e0bf-b039-42f4-ae68-ca408c4f1c9d-140434846414656", "trial_id": 46, "param_name": "ridge", "param_value_internal": 4.002028325747653e-06, "distribution": "{\"name\": \"FloatDistribution\", \"attributes\": {\"step\": null, \"low\": 1e-09, \"high\": 0.01, \"log\": true}}"}
{"op_code": 5, "worker_id": "7be40c13-2a73-456f-9caa-6e61d4e69d4c-140282968958784", "trial_id": 47, "param_name": "sr", "param_value_internal": 1.1844966093610663, "distribution": "{\"name\": \"FloatDistribution\", \"attributes\": {\"step\": null, \"low\": 0.01, \"high\": 10.0, \"log\": true}}"}
{"op_code": 5, "worker_id": "7be40c13-2a73-456f-9caa-6e61d4e69d4c-140282968958784", "trial_id": 47, "param_name": "lr", "param_value_internal": 0.16897049221690072, "distribution": "{\"name\": \"FloatDistribution\", \"attributes\": {\"step\": null, \"low\": 0.001, \"high\": 1.0, \"log\": true}}"}
{"op_code": 5, "worker_id": "7be40c13-2a73-456f-9caa-6e61d4e69d4c-140282968958784", "trial_id": 47, "param_name": "iss", "param_value_internal": 0.5593203689673103, "distribution": "{\"name\": \"FloatDistribution\", \"attributes\": {\"step\": null, \"low\": 0.0, \"high\": 1.0, \"log\": false}}"}
{"op_code": 5, "worker_id": "7be40c13-2a73-456f-9caa-6e61d4e69d4c-140282968958784", "trial_id": 47, "param_name": "ridge", "param_value_internal": 0.0003596115328897844, "distribution": "{\"name\": \"FloatDistribution\", \"attributes\": {\"step\": null, \"low\": 1e-09, \"high\": 0.01, \"log\": true}}"}
{"op_code": 4, "worker_id": "0e0af9d5-c613-4537-a7c7-97dd225bdb37-140082578061120", "study_id": 0, "datetime_start": "2023-11-20T23:35:57.952968"}
{"op_code": 0, "worker_id": "5722f0ba-f35e-4bd0-8f5c-21b8827e4ec9-139649444955968", "study_name": "optuna_tutorial_2023-11-20_23-35-56.txt", "directions": [1]}
{"op_code": 5, "worker_id": "0e0af9d5-c613-4537-a7c7-97dd225bdb37-140082578061120", "trial_id": 48, "param_name": "sr", "param_value_internal": 0.23784521544781265, "distribution": "{\"name\": \"FloatDistribution\", \"attributes\": {\"step\": null, \"low\": 0.01, \"high\": 10.0, \"log\": true}}"}
{"op_code": 4, "worker_id": "5722f0ba-f35e-4bd0-8f5c-21b8827e4ec9-139649444955968", "study_id": 0, "datetime_start": "2023-11-20T23:35:59.018921"}
{"op_code": 5, "worker_id": "0e0af9d5-c613-4537-a7c7-97dd225bdb37-140082578061120", "trial_id": 48, "param_name": "lr", "param_value_internal": 0.004920205791645336, "distribution": "{\"name\": \"FloatDistribution\", \"attributes\": {\"step\": null, \"low\": 0.001, \"high\": 1.0, \"log\": true}}"}
{"op_code": 5, "worker_id": "5722f0ba-f35e-4bd0-8f5c-21b8827e4ec9-139649444955968", "trial_id": 49, "param_name": "sr", "param_value_internal": 1.4102441536119263, "distribution": "{\"name\": \"FloatDistribution\", \"attributes\": {\"step\": null, \"low\": 0.01, \"high\": 10.0, \"log\": true}}"}
{"op_code": 0, "worker_id": "e61eb0e5-1b49-405c-a693-9bc6738837b3-139774008395584", "study_name": "optuna_tutorial_2023-11-20_23-35-56.txt", "directions": [1]}
{"op_code": 0, "worker_id": "01fa2ff0-3c32-40ad-be8e-dc5e6dada344-140575582746432", "study_name": "optuna_tutorial_2023-11-20_23-35-56.txt", "directions": [1]}
{"op_code": 5, "worker_id": "5722f0ba-f35e-4bd0-8f5c-21b8827e4ec9-139649444955968", "trial_id": 49, "param_name": "lr", "param_value_internal": 0.04628642077235601, "distribution": "{\"name\": \"FloatDistribution\", \"attributes\": {\"step\": null, \"low\": 0.001, \"high\": 1.0, \"log\": true}}"}
{"op_code": 5, "worker_id": "0e0af9d5-c613-4537-a7c7-97dd225bdb37-140082578061120", "trial_id": 48, "param_name": "iss", "param_value_internal": 0.5065748302898154, "distribution": "{\"name\": \"FloatDistribution\", \"attributes\": {\"step\": null, \"low\": 0.0, \"high\": 1.0, \"log\": false}}"}
{"op_code": 5, "worker_id": "5722f0ba-f35e-4bd0-8f5c-21b8827e4ec9-139649444955968", "trial_id": 49, "param_name": "iss", "param_value_internal": 0.3959912381352262, "distribution": "{\"name\": \"FloatDistribution\", \"attributes\": {\"step\": null, \"low\": 0.0, \"high\": 1.0, \"log\": false}}"}
{"op_code": 5, "worker_id": "0e0af9d5-c613-4537-a7c7-97dd225bdb37-140082578061120", "trial_id": 48, "param_name": "ridge", "param_value_internal": 1.7491649661444223e-08, "distribution": "{\"name\": \"FloatDistribution\", \"attributes\": {\"step\": null, \"low\": 1e-09, \"high\": 0.01, \"log\": true}}"}
{"op_code": 5, "worker_id": "5722f0ba-f35e-4bd0-8f5c-21b8827e4ec9-139649444955968", "trial_id": 49, "param_name": "ridge", "param_value_internal": 8.67833527076805e-05, "distribution": "{\"name\": \"FloatDistribution\", \"attributes\": {\"step\": null, \"low\": 1e-09, \"high\": 0.01, \"log\": true}}"}
{"op_code": 4, "worker_id": "01fa2ff0-3c32-40ad-be8e-dc5e6dada344-140575582746432", "study_id": 0, "datetime_start": "2023-11-20T23:35:59.047093"}
{"op_code": 4, "worker_id": "e61eb0e5-1b49-405c-a693-9bc6738837b3-139774008395584", "study_id": 0, "datetime_start": "2023-11-20T23:35:59.048732"}
{"op_code": 5, "worker_id": "01fa2ff0-3c32-40ad-be8e-dc5e6dada344-140575582746432", "trial_id": 50, "param_name": "sr", "param_value_internal": 9.577168276934058, "distribution": "{\"name\": \"FloatDistribution\", \"attributes\": {\"step\": null, \"low\": 0.01, \"high\": 10.0, \"log\": true}}"}
{"op_code": 5, "worker_id": "01fa2ff0-3c32-40ad-be8e-dc5e6dada344-140575582746432", "trial_id": 50, "param_name": "lr", "param_value_internal": 0.0024432823119360154, "distribution": "{\"name\": \"FloatDistribution\", \"attributes\": {\"step\": null, \"low\": 0.001, \"high\": 1.0, \"log\": true}}"}
{"op_code": 5, "worker_id": "e61eb0e5-1b49-405c-a693-9bc6738837b3-139774008395584", "trial_id": 51, "param_name": "sr", "param_value_internal": 4.7185020852521316, "distribution": "{\"name\": \"FloatDistribution\", \"attributes\": {\"step\": null, \"low\": 0.01, \"high\": 10.0, \"log\": true}}"}
{"op_code": 5, "worker_id": "01fa2ff0-3c32-40ad-be8e-dc5e6dada344-140575582746432", "trial_id": 50, "param_name": "iss", "param_value_internal": 0.7444641749976798, "distribution": "{\"name\": \"FloatDistribution\", \"attributes\": {\"step\": null, \"low\": 0.0, \"high\": 1.0, \"log\": false}}"}
{"op_code": 5, "worker_id": "e61eb0e5-1b49-405c-a693-9bc6738837b3-139774008395584", "trial_id": 51, "param_name": "lr", "param_value_internal": 0.011249402861379723, "distribution": "{\"name\": \"FloatDistribution\", \"attributes\": {\"step\": null, \"low\": 0.001, \"high\": 1.0, \"log\": true}}"}
{"op_code": 5, "worker_id": "01fa2ff0-3c32-40ad-be8e-dc5e6dada344-140575582746432", "trial_id": 50, "param_name": "ridge", "param_value_internal": 0.00030125005016561795, "distribution": "{\"name\": \"FloatDistribution\", \"attributes\": {\"step\": null, \"low\": 1e-09, \"high\": 0.01, \"log\": true}}"}
{"op_code": 5, "worker_id": "e61eb0e5-1b49-405c-a693-9bc6738837b3-139774008395584", "trial_id": 51, "param_name": "iss", "param_value_internal": 0.798563835656499, "distribution": "{\"name\": \"FloatDistribution\", \"attributes\": {\"step\": null, \"low\": 0.0, \"high\": 1.0, \"log\": false}}"}
{"op_code": 5, "worker_id": "e61eb0e5-1b49-405c-a693-9bc6738837b3-139774008395584", "trial_id": 51, "param_name": "ridge", "param_value_internal": 0.0001608176913587429, "distribution": "{\"name\": \"FloatDistribution\", \"attributes\": {\"step\": null, \"low\": 1e-09, \"high\": 0.01, \"log\": true}}"}
{"op_code": 5, "worker_id": "49ff6580-48a5-40a6-98fd-071e5d7ec5ac-139808777168704", "trial_id": 9, "param_name": "sr", "param_value_internal": 7.724404815537107, "distribution": "{\"name\": \"FloatDistribution\", \"attributes\": {\"step\": null, \"low\": 0.01, \"high\": 10.0, \"log\": true}}"}
{"op_code": 5, "worker_id": "49ff6580-48a5-40a6-98fd-071e5d7ec5ac-139808777168704", "trial_id": 9, "param_name": "lr", "param_value_internal": 0.015851844758316212, "distribution": "{\"name\": \"FloatDistribution\", \"attributes\": {\"step\": null, \"low\": 0.001, \"high\": 1.0, \"log\": true}}"}
{"op_code": 5, "worker_id": "49ff6580-48a5-40a6-98fd-071e5d7ec5ac-139808777168704", "trial_id": 9, "param_name": "iss", "param_value_internal": 0.007043111469525742, "distribution": "{\"name\": \"FloatDistribution\", \"attributes\": {\"step\": null, \"low\": 0.0, \"high\": 1.0, \"log\": false}}"}
{"op_code": 5, "worker_id": "49ff6580-48a5-40a6-98fd-071e5d7ec5ac-139808777168704", "trial_id": 9, "param_name": "ridge", "param_value_internal": 2.637961587742112e-07, "distribution": "{\"name\": \"FloatDistribution\", \"attributes\": {\"step\": null, \"low\": 1e-09, \"high\": 0.01, \"log\": true}}"}
{"op_code": 5, "worker_id": "37a52bba-ea3c-4f47-82ca-93d908b3372d-140668152698688", "trial_id": 7, "param_name": "ridge", "param_value_internal": 6.371010950272289e-07, "distribution": "{\"name\": \"FloatDistribution\", \"attributes\": {\"step\": null, \"low\": 1e-09, \"high\": 0.01, \"log\": true}}"}
{"op_code": 4, "worker_id": "effe835c-a1a1-4167-898d-b62617d33b0e-140269586921280", "study_id": 0, "datetime_start": "2023-11-20T23:35:58.133434"}
{"op_code": 5, "worker_id": "effe835c-a1a1-4167-898d-b62617d33b0e-140269586921280", "trial_id": 52, "param_name": "sr", "param_value_internal": 0.07764462209263415, "distribution": "{\"name\": \"FloatDistribution\", \"attributes\": {\"step\": null, \"low\": 0.01, \"high\": 10.0, \"log\": true}}"}
{"op_code": 5, "worker_id": "effe835c-a1a1-4167-898d-b62617d33b0e-140269586921280", "trial_id": 52, "param_name": "lr", "param_value_internal": 0.18384898783732462, "distribution": "{\"name\": \"FloatDistribution\", \"attributes\": {\"step\": null, \"low\": 0.001, \"high\": 1.0, \"log\": true}}"}
{"op_code": 5, "worker_id": "effe835c-a1a1-4167-898d-b62617d33b0e-140269586921280", "trial_id": 52, "param_name": "iss", "param_value_internal": 0.8397392136301692, "distribution": "{\"name\": \"FloatDistribution\", \"attributes\": {\"step\": null, \"low\": 0.0, \"high\": 1.0, \"log\": false}}"}
{"op_code": 5, "worker_id": "effe835c-a1a1-4167-898d-b62617d33b0e-140269586921280", "trial_id": 52, "param_name": "ridge", "param_value_internal": 1.3774379981792215e-06, "distribution": "{\"name\": \"FloatDistribution\", \"attributes\": {\"step\": null, \"low\": 1e-09, \"high\": 0.01, \"log\": true}}"}
{"op_code": 0, "worker_id": "ac17185c-fb6c-4de6-8701-62e242856241-139697474008896", "study_name": "optuna_tutorial_2023-11-20_23-35-56.txt", "directions": [1]}
{"op_code": 4, "worker_id": "ac17185c-fb6c-4de6-8701-62e242856241-139697474008896", "study_id": 0, "datetime_start": "2023-11-20T23:35:59.241464"}
{"op_code": 5, "worker_id": "ac17185c-fb6c-4de6-8701-62e242856241-139697474008896", "trial_id": 53, "param_name": "sr", "param_value_internal": 0.22169366217927858, "distribution": "{\"name\": \"FloatDistribution\", \"attributes\": {\"step\": null, \"low\": 0.01, \"high\": 10.0, \"log\": true}}"}
{"op_code": 5, "worker_id": "ac17185c-fb6c-4de6-8701-62e242856241-139697474008896", "trial_id": 53, "param_name": "lr", "param_value_internal": 0.7035577292429736, "distribution": "{\"name\": \"FloatDistribution\", \"attributes\": {\"step\": null, \"low\": 0.001, \"high\": 1.0, \"log\": true}}"}
{"op_code": 5, "worker_id": "ac17185c-fb6c-4de6-8701-62e242856241-139697474008896", "trial_id": 53, "param_name": "iss", "param_value_internal": 0.8986009849150656, "distribution": "{\"name\": \"FloatDistribution\", \"attributes\": {\"step\": null, \"low\": 0.0, \"high\": 1.0, \"log\": false}}"}
{"op_code": 5, "worker_id": "ac17185c-fb6c-4de6-8701-62e242856241-139697474008896", "trial_id": 53, "param_name": "ridge", "param_value_internal": 1.1899939412198761e-07, "distribution": "{\"name\": \"FloatDistribution\", \"attributes\": {\"step\": null, \"low\": 1e-09, \"high\": 0.01, \"log\": true}}"}
{"op_code": 4, "worker_id": "62a727eb-32c1-4548-8cc2-44046ae72084-140610164311872", "study_id": 0, "datetime_start": "2023-11-20T23:35:57.836610"}
{"op_code": 0, "worker_id": "22ddae8f-ace2-4d13-8424-cde6fe35c84f-140625162671936", "study_name": "optuna_tutorial_2023-11-20_23-35-56.txt", "directions": [1]}
{"op_code": 0, "worker_id": "ec0ef072-ba4c-484d-a625-f8f312bd3a06-140014663665472", "study_name": "optuna_tutorial_2023-11-20_23-35-56.txt", "directions": [1]}
{"op_code": 5, "worker_id": "62a727eb-32c1-4548-8cc2-44046ae72084-140610164311872", "trial_id": 54, "param_name": "sr", "param_value_internal": 0.37546053331327106, "distribution": "{\"name\": \"FloatDistribution\", \"attributes\": {\"step\": null, \"low\": 0.01, \"high\": 10.0, \"log\": true}}"}
{"op_code": 4, "worker_id": "22ddae8f-ace2-4d13-8424-cde6fe35c84f-140625162671936", "study_id": 0, "datetime_start": "2023-11-20T23:35:59.897908"}
{"op_code": 5, "worker_id": "62a727eb-32c1-4548-8cc2-44046ae72084-140610164311872", "trial_id": 54, "param_name": "lr", "param_value_internal": 0.002061746130616526, "distribution": "{\"name\": \"FloatDistribution\", \"attributes\": {\"step\": null, \"low\": 0.001, \"high\": 1.0, \"log\": true}}"}
{"op_code": 5, "worker_id": "22ddae8f-ace2-4d13-8424-cde6fe35c84f-140625162671936", "trial_id": 55, "param_name": "sr", "param_value_internal": 0.41553112489730193, "distribution": "{\"name\": \"FloatDistribution\", \"attributes\": {\"step\": null, \"low\": 0.01, \"high\": 10.0, \"log\": true}}"}
{"op_code": 5, "worker_id": "62a727eb-32c1-4548-8cc2-44046ae72084-140610164311872", "trial_id": 54, "param_name": "iss", "param_value_internal": 0.6138995662598955, "distribution": "{\"name\": \"FloatDistribution\", \"attributes\": {\"step\": null, \"low\": 0.0, \"high\": 1.0, \"log\": false}}"}
{"op_code": 5, "worker_id": "22ddae8f-ace2-4d13-8424-cde6fe35c84f-140625162671936", "trial_id": 55, "param_name": "lr", "param_value_internal": 0.4602619924490481, "distribution": "{\"name\": \"FloatDistribution\", \"attributes\": {\"step\": null, \"low\": 0.001, \"high\": 1.0, \"log\": true}}"}
{"op_code": 4, "worker_id": "ec0ef072-ba4c-484d-a625-f8f312bd3a06-140014663665472", "study_id": 0, "datetime_start": "2023-11-20T23:35:59.913732"}
{"op_code": 5, "worker_id": "62a727eb-32c1-4548-8cc2-44046ae72084-140610164311872", "trial_id": 54, "param_name": "ridge", "param_value_internal": 0.005683383650829792, "distribution": "{\"name\": \"FloatDistribution\", \"attributes\": {\"step\": null, \"low\": 1e-09, \"high\": 0.01, \"log\": true}}"}
{"op_code": 5, "worker_id": "22ddae8f-ace2-4d13-8424-cde6fe35c84f-140625162671936", "trial_id": 55, "param_name": "iss", "param_value_internal": 0.49122376103653054, "distribution": "{\"name\": \"FloatDistribution\", \"attributes\": {\"step\": null, \"low\": 0.0, \"high\": 1.0, \"log\": false}}"}
{"op_code": 5, "worker_id": "ec0ef072-ba4c-484d-a625-f8f312bd3a06-140014663665472", "trial_id": 56, "param_name": "sr", "param_value_internal": 1.3040303569597833, "distribution": "{\"name\": \"FloatDistribution\", \"attributes\": {\"step\": null, \"low\": 0.01, \"high\": 10.0, \"log\": true}}"}
{"op_code": 5, "worker_id": "22ddae8f-ace2-4d13-8424-cde6fe35c84f-140625162671936", "trial_id": 55, "param_name": "ridge", "param_value_internal": 0.009172195815396444, "distribution": "{\"name\": \"FloatDistribution\", \"attributes\": {\"step\": null, \"low\": 1e-09, \"high\": 0.01, \"log\": true}}"}
{"op_code": 5, "worker_id": "ec0ef072-ba4c-484d-a625-f8f312bd3a06-140014663665472", "trial_id": 56, "param_name": "lr", "param_value_internal": 0.0012026560192981628, "distribution": "{\"name\": \"FloatDistribution\", \"attributes\": {\"step\": null, \"low\": 0.001, \"high\": 1.0, \"log\": true}}"}
{"op_code": 5, "worker_id": "ec0ef072-ba4c-484d-a625-f8f312bd3a06-140014663665472", "trial_id": 56, "param_name": "iss", "param_value_internal": 0.7033417843664242, "distribution": "{\"name\": \"FloatDistribution\", \"attributes\": {\"step\": null, \"low\": 0.0, \"high\": 1.0, \"log\": false}}"}
{"op_code": 5, "worker_id": "ec0ef072-ba4c-484d-a625-f8f312bd3a06-140014663665472", "trial_id": 56, "param_name": "ridge", "param_value_internal": 0.0003229886280558557, "distribution": "{\"name\": \"FloatDistribution\", \"attributes\": {\"step\": null, \"low\": 1e-09, \"high\": 0.01, \"log\": true}}"}
{"op_code": 0, "worker_id": "ccc8de2a-30d5-424a-9e81-beea152b22b4-139715130799936", "study_name": "optuna_tutorial_2023-11-20_23-35-56.txt", "directions": [1]}
{"op_code": 5, "worker_id": "1565492e-7756-4aa1-8987-728ab67543ea-139622995216192", "trial_id": 2, "param_name": "ridge", "param_value_internal": 7.168203054671391e-07, "distribution": "{\"name\": \"FloatDistribution\", \"attributes\": {\"step\": null, \"low\": 1e-09, \"high\": 0.01, \"log\": true}}"}
{"op_code": 4, "worker_id": "ccc8de2a-30d5-424a-9e81-beea152b22b4-139715130799936", "study_id": 0, "datetime_start": "2023-11-20T23:36:00.065904"}
{"op_code": 5, "worker_id": "ccc8de2a-30d5-424a-9e81-beea152b22b4-139715130799936", "trial_id": 57, "param_name": "sr", "param_value_internal": 0.24690717587641958, "distribution": "{\"name\": \"FloatDistribution\", \"attributes\": {\"step\": null, \"low\": 0.01, \"high\": 10.0, \"log\": true}}"}
{"op_code": 5, "worker_id": "ccc8de2a-30d5-424a-9e81-beea152b22b4-139715130799936", "trial_id": 57, "param_name": "lr", "param_value_internal": 0.0252029861140524, "distribution": "{\"name\": \"FloatDistribution\", \"attributes\": {\"step\": null, \"low\": 0.001, \"high\": 1.0, \"log\": true}}"}
{"op_code": 5, "worker_id": "ccc8de2a-30d5-424a-9e81-beea152b22b4-139715130799936", "trial_id": 57, "param_name": "iss", "param_value_internal": 0.2382601326585273, "distribution": "{\"name\": \"FloatDistribution\", \"attributes\": {\"step\": null, \"low\": 0.0, \"high\": 1.0, \"log\": false}}"}
{"op_code": 5, "worker_id": "ccc8de2a-30d5-424a-9e81-beea152b22b4-139715130799936", "trial_id": 57, "param_name": "ridge", "param_value_internal": 0.00018119312208505307, "distribution": "{\"name\": \"FloatDistribution\", \"attributes\": {\"step\": null, \"low\": 1e-09, \"high\": 0.01, \"log\": true}}"}
{"op_code": 0, "worker_id": "d790c250-69a9-4acc-b29e-e97f7b19a01a-140096543024960", "study_name": "optuna_tutorial_2023-11-20_23-35-56.txt", "directions": [1]}
{"op_code": 4, "worker_id": "d790c250-69a9-4acc-b29e-e97f7b19a01a-140096543024960", "study_id": 0, "datetime_start": "2023-11-20T23:36:00.928107"}
{"op_code": 5, "worker_id": "d790c250-69a9-4acc-b29e-e97f7b19a01a-140096543024960", "trial_id": 58, "param_name": "sr", "param_value_internal": 1.0365524364606709, "distribution": "{\"name\": \"FloatDistribution\", \"attributes\": {\"step\": null, \"low\": 0.01, \"high\": 10.0, \"log\": true}}"}
{"op_code": 5, "worker_id": "d790c250-69a9-4acc-b29e-e97f7b19a01a-140096543024960", "trial_id": 58, "param_name": "lr", "param_value_internal": 0.01066930292515839, "distribution": "{\"name\": \"FloatDistribution\", \"attributes\": {\"step\": null, \"low\": 0.001, \"high\": 1.0, \"log\": true}}"}
{"op_code": 5, "worker_id": "d790c250-69a9-4acc-b29e-e97f7b19a01a-140096543024960", "trial_id": 58, "param_name": "iss", "param_value_internal": 0.8563394613388743, "distribution": "{\"name\": \"FloatDistribution\", \"attributes\": {\"step\": null, \"low\": 0.0, \"high\": 1.0, \"log\": false}}"}
{"op_code": 5, "worker_id": "d790c250-69a9-4acc-b29e-e97f7b19a01a-140096543024960", "trial_id": 58, "param_name": "ridge", "param_value_internal": 0.00024409613506958436, "distribution": "{\"name\": \"FloatDistribution\", \"attributes\": {\"step\": null, \"low\": 1e-09, \"high\": 0.01, \"log\": true}}"}
{"op_code": 0, "worker_id": "c33b32c5-0380-4af9-9306-0d3a3de2f1e5-139737642645312", "study_name": "optuna_tutorial_2023-11-20_23-35-56.txt", "directions": [1]}
{"op_code": 4, "worker_id": "c33b32c5-0380-4af9-9306-0d3a3de2f1e5-139737642645312", "study_id": 0, "datetime_start": "2023-11-20T23:36:01.968072"}
{"op_code": 5, "worker_id": "c33b32c5-0380-4af9-9306-0d3a3de2f1e5-139737642645312", "trial_id": 59, "param_name": "sr", "param_value_internal": 0.1800537384115062, "distribution": "{\"name\": \"FloatDistribution\", \"attributes\": {\"step\": null, \"low\": 0.01, \"high\": 10.0, \"log\": true}}"}
{"op_code": 5, "worker_id": "c33b32c5-0380-4af9-9306-0d3a3de2f1e5-139737642645312", "trial_id": 59, "param_name": "lr", "param_value_internal": 0.022621129135700982, "distribution": "{\"name\": \"FloatDistribution\", \"attributes\": {\"step\": null, \"low\": 0.001, \"high\": 1.0, \"log\": true}}"}
{"op_code": 5, "worker_id": "c33b32c5-0380-4af9-9306-0d3a3de2f1e5-139737642645312", "trial_id": 59, "param_name": "iss", "param_value_internal": 0.07774571422131049, "distribution": "{\"name\": \"FloatDistribution\", \"attributes\": {\"step\": null, \"low\": 0.0, \"high\": 1.0, \"log\": false}}"}
{"op_code": 5, "worker_id": "c33b32c5-0380-4af9-9306-0d3a3de2f1e5-139737642645312", "trial_id": 59, "param_name": "ridge", "param_value_internal": 0.0001370898000085892, "distribution": "{\"name\": \"FloatDistribution\", \"attributes\": {\"step\": null, \"low\": 1e-09, \"high\": 0.01, \"log\": true}}"}
