{"op_code": 0, "worker_id": "58adb108-9f5d-4b20-a9be-de9d7ed7cc79-139937569163072", "study_name": "optuna_tutorial_2023-11-20_19-34-32.txt", "directions": [1]}
{"op_code": 0, "worker_id": "4b1c786c-e994-4893-a18d-25d616a380db-140584436385600", "study_name": "optuna_tutorial_2023-11-20_19-34-32.txt", "directions": [1]}
{"op_code": 4, "worker_id": "58adb108-9f5d-4b20-a9be-de9d7ed7cc79-139937569163072", "study_id": 0, "datetime_start": "2023-11-20T19:34:33.634631"}
{"op_code": 0, "worker_id": "69a9cd3d-03de-4645-83f7-4b1d1361760a-140515884037952", "study_name": "optuna_tutorial_2023-11-20_19-34-32.txt", "directions": [1]}
{"op_code": 0, "worker_id": "fcfc6225-e9ec-4102-8298-289e0b9eca44-139850038224704", "study_name": "optuna_tutorial_2023-11-20_19-34-32.txt", "directions": [1]}
{"op_code": 5, "worker_id": "58adb108-9f5d-4b20-a9be-de9d7ed7cc79-139937569163072", "trial_id": 0, "param_name": "sr", "param_value_internal": 0.9925296497358782, "distribution": "{\"name\": \"FloatDistribution\", \"attributes\": {\"step\": null, \"low\": 0.01, \"high\": 10.0, \"log\": true}}"}
{"op_code": 0, "worker_id": "27a672c4-f662-4a35-a439-69c542e56f75-139742347622208", "study_name": "optuna_tutorial_2023-11-20_19-34-32.txt", "directions": [1]}
{"op_code": 5, "worker_id": "58adb108-9f5d-4b20-a9be-de9d7ed7cc79-139937569163072", "trial_id": 0, "param_name": "lr", "param_value_internal": 0.0025679879741360143, "distribution": "{\"name\": \"FloatDistribution\", \"attributes\": {\"step\": null, \"low\": 0.001, \"high\": 1.0, \"log\": true}}"}
{"op_code": 0, "worker_id": "5f36b0f3-1b81-4dfa-bba4-5c8e0645b4f2-140337574541120", "study_name": "optuna_tutorial_2023-11-20_19-34-32.txt", "directions": [1]}
{"op_code": 4, "worker_id": "69a9cd3d-03de-4645-83f7-4b1d1361760a-140515884037952", "study_id": 0, "datetime_start": "2023-11-20T19:34:33.755996"}
{"op_code": 4, "worker_id": "27a672c4-f662-4a35-a439-69c542e56f75-139742347622208", "study_id": 0, "datetime_start": "2023-11-20T19:34:33.770627"}
{"op_code": 4, "worker_id": "4b1c786c-e994-4893-a18d-25d616a380db-140584436385600", "study_id": 0, "datetime_start": "2023-11-20T19:34:33.646953"}
{"op_code": 5, "worker_id": "69a9cd3d-03de-4645-83f7-4b1d1361760a-140515884037952", "trial_id": 1, "param_name": "sr", "param_value_internal": 6.116151628261173, "distribution": "{\"name\": \"FloatDistribution\", \"attributes\": {\"step\": null, \"low\": 0.01, \"high\": 10.0, \"log\": true}}"}
{"op_code": 5, "worker_id": "58adb108-9f5d-4b20-a9be-de9d7ed7cc79-139937569163072", "trial_id": 0, "param_name": "iss", "param_value_internal": 0.26721532983450347, "distribution": "{\"name\": \"FloatDistribution\", \"attributes\": {\"step\": null, \"low\": 0.0, \"high\": 1.0, \"log\": false}}"}
{"op_code": 5, "worker_id": "4b1c786c-e994-4893-a18d-25d616a380db-140584436385600", "trial_id": 3, "param_name": "sr", "param_value_internal": 0.36573462934711226, "distribution": "{\"name\": \"FloatDistribution\", \"attributes\": {\"step\": null, \"low\": 0.01, \"high\": 10.0, \"log\": true}}"}
{"op_code": 0, "worker_id": "f796f427-28b2-4cf2-b481-d446d4a98f35-140657962469184", "study_name": "optuna_tutorial_2023-11-20_19-34-32.txt", "directions": [1]}
{"op_code": 0, "worker_id": "7dde73dc-5e4d-47ee-b8b0-2200d934ce60-140083057276736", "study_name": "optuna_tutorial_2023-11-20_19-34-32.txt", "directions": [1]}
{"op_code": 4, "worker_id": "5f36b0f3-1b81-4dfa-bba4-5c8e0645b4f2-140337574541120", "study_id": 0, "datetime_start": "2023-11-20T19:34:33.777145"}
{"op_code": 5, "worker_id": "4b1c786c-e994-4893-a18d-25d616a380db-140584436385600", "trial_id": 3, "param_name": "lr", "param_value_internal": 0.016563242314458163, "distribution": "{\"name\": \"FloatDistribution\", \"attributes\": {\"step\": null, \"low\": 0.001, \"high\": 1.0, \"log\": true}}"}
{"op_code": 4, "worker_id": "f796f427-28b2-4cf2-b481-d446d4a98f35-140657962469184", "study_id": 0, "datetime_start": "2023-11-20T19:34:33.809794"}
{"op_code": 5, "worker_id": "69a9cd3d-03de-4645-83f7-4b1d1361760a-140515884037952", "trial_id": 1, "param_name": "lr", "param_value_internal": 0.011160898873817729, "distribution": "{\"name\": \"FloatDistribution\", \"attributes\": {\"step\": null, \"low\": 0.001, \"high\": 1.0, \"log\": true}}"}
{"op_code": 0, "worker_id": "c94a2c60-e443-47ea-b7fb-9f525ee20fc6-139764528527168", "study_name": "optuna_tutorial_2023-11-20_19-34-32.txt", "directions": [1]}
{"op_code": 0, "worker_id": "ad22ddd0-89c2-454e-bd9f-a350f4cd405d-139891239225152", "study_name": "optuna_tutorial_2023-11-20_19-34-32.txt", "directions": [1]}
{"op_code": 0, "worker_id": "032310cd-983d-4090-96fb-eb007ef949c2-140260434724672", "study_name": "optuna_tutorial_2023-11-20_19-34-32.txt", "directions": [1]}
{"op_code": 5, "worker_id": "f796f427-28b2-4cf2-b481-d446d4a98f35-140657962469184", "trial_id": 5, "param_name": "sr", "param_value_internal": 0.5957123512774202, "distribution": "{\"name\": \"FloatDistribution\", \"attributes\": {\"step\": null, \"low\": 0.01, \"high\": 10.0, \"log\": true}}"}
{"op_code": 4, "worker_id": "ad22ddd0-89c2-454e-bd9f-a350f4cd405d-139891239225152", "study_id": 0, "datetime_start": "2023-11-20T19:34:33.836485"}
{"op_code": 5, "worker_id": "f796f427-28b2-4cf2-b481-d446d4a98f35-140657962469184", "trial_id": 5, "param_name": "lr", "param_value_internal": 0.09321714136480978, "distribution": "{\"name\": \"FloatDistribution\", \"attributes\": {\"step\": null, \"low\": 0.001, \"high\": 1.0, \"log\": true}}"}
{"op_code": 0, "worker_id": "5de8a60f-70b9-4ece-a0c1-ddd77182a9a7-140021072287552", "study_name": "optuna_tutorial_2023-11-20_19-34-32.txt", "directions": [1]}
{"op_code": 0, "worker_id": "254889f7-b961-4581-bed7-bc7152be86e7-139806265567040", "study_name": "optuna_tutorial_2023-11-20_19-34-32.txt", "directions": [1]}
{"op_code": 0, "worker_id": "472594ac-4586-4842-b656-211a3ac774d9-139967835981632", "study_name": "optuna_tutorial_2023-11-20_19-34-32.txt", "directions": [1]}
{"op_code": 5, "worker_id": "f796f427-28b2-4cf2-b481-d446d4a98f35-140657962469184", "trial_id": 5, "param_name": "iss", "param_value_internal": 0.8648183481950764, "distribution": "{\"name\": \"FloatDistribution\", \"attributes\": {\"step\": null, \"low\": 0.0, \"high\": 1.0, \"log\": false}}"}
{"op_code": 4, "worker_id": "254889f7-b961-4581-bed7-bc7152be86e7-139806265567040", "study_id": 0, "datetime_start": "2023-11-20T19:34:33.865398"}
{"op_code": 4, "worker_id": "472594ac-4586-4842-b656-211a3ac774d9-139967835981632", "study_id": 0, "datetime_start": "2023-11-20T19:34:33.869131"}
{"op_code": 5, "worker_id": "254889f7-b961-4581-bed7-bc7152be86e7-139806265567040", "trial_id": 7, "param_name": "sr", "param_value_internal": 0.813289165950793, "distribution": "{\"name\": \"FloatDistribution\", \"attributes\": {\"step\": null, \"low\": 0.01, \"high\": 10.0, \"log\": true}}"}
{"op_code": 4, "worker_id": "032310cd-983d-4090-96fb-eb007ef949c2-140260434724672", "study_id": 0, "datetime_start": "2023-11-20T19:34:33.842378"}
{"op_code": 5, "worker_id": "254889f7-b961-4581-bed7-bc7152be86e7-139806265567040", "trial_id": 7, "param_name": "lr", "param_value_internal": 0.1471624501868599, "distribution": "{\"name\": \"FloatDistribution\", \"attributes\": {\"step\": null, \"low\": 0.001, \"high\": 1.0, \"log\": true}}"}
{"op_code": 5, "worker_id": "472594ac-4586-4842-b656-211a3ac774d9-139967835981632", "trial_id": 8, "param_name": "sr", "param_value_internal": 0.029903176969691397, "distribution": "{\"name\": \"FloatDistribution\", \"attributes\": {\"step\": null, \"low\": 0.01, \"high\": 10.0, \"log\": true}}"}
{"op_code": 5, "worker_id": "032310cd-983d-4090-96fb-eb007ef949c2-140260434724672", "trial_id": 9, "param_name": "sr", "param_value_internal": 0.05519298061064803, "distribution": "{\"name\": \"FloatDistribution\", \"attributes\": {\"step\": null, \"low\": 0.01, \"high\": 10.0, \"log\": true}}"}
{"op_code": 0, "worker_id": "67f132a2-8b3c-4728-a058-265606342b86-140186897708864", "study_name": "optuna_tutorial_2023-11-20_19-34-32.txt", "directions": [1]}
{"op_code": 4, "worker_id": "fcfc6225-e9ec-4102-8298-289e0b9eca44-139850038224704", "study_id": 0, "datetime_start": "2023-11-20T19:34:33.760427"}
{"op_code": 5, "worker_id": "032310cd-983d-4090-96fb-eb007ef949c2-140260434724672", "trial_id": 9, "param_name": "lr", "param_value_internal": 0.006315245890513667, "distribution": "{\"name\": \"FloatDistribution\", \"attributes\": {\"step\": null, \"low\": 0.001, \"high\": 1.0, \"log\": true}}"}
{"op_code": 4, "worker_id": "c94a2c60-e443-47ea-b7fb-9f525ee20fc6-139764528527168", "study_id": 0, "datetime_start": "2023-11-20T19:34:33.833736"}
{"op_code": 5, "worker_id": "fcfc6225-e9ec-4102-8298-289e0b9eca44-139850038224704", "trial_id": 10, "param_name": "sr", "param_value_internal": 0.028461902213458998, "distribution": "{\"name\": \"FloatDistribution\", \"attributes\": {\"step\": null, \"low\": 0.01, \"high\": 10.0, \"log\": true}}"}
{"op_code": 0, "worker_id": "016ef065-a6aa-41e0-9327-7d48b8a1f452-139829307053888", "study_name": "optuna_tutorial_2023-11-20_19-34-32.txt", "directions": [1]}
{"op_code": 0, "worker_id": "774ebdee-8602-4493-93d8-257f80ec8820-140113289410368", "study_name": "optuna_tutorial_2023-11-20_19-34-32.txt", "directions": [1]}
{"op_code": 0, "worker_id": "fd321bae-489b-430d-bb58-476d80c2adc6-140003727824704", "study_name": "optuna_tutorial_2023-11-20_19-34-32.txt", "directions": [1]}
{"op_code": 0, "worker_id": "daa49d09-a514-4e61-a904-756509e5c464-140362170181440", "study_name": "optuna_tutorial_2023-11-20_19-34-32.txt", "directions": [1]}
{"op_code": 5, "worker_id": "c94a2c60-e443-47ea-b7fb-9f525ee20fc6-139764528527168", "trial_id": 11, "param_name": "sr", "param_value_internal": 1.0909074110178707, "distribution": "{\"name\": \"FloatDistribution\", \"attributes\": {\"step\": null, \"low\": 0.01, \"high\": 10.0, \"log\": true}}"}
{"op_code": 0, "worker_id": "569aa557-d3ed-4fe8-b5af-18d760b53e93-139904301037376", "study_name": "optuna_tutorial_2023-11-20_19-34-32.txt", "directions": [1]}
{"op_code": 5, "worker_id": "f796f427-28b2-4cf2-b481-d446d4a98f35-140657962469184", "trial_id": 5, "param_name": "ridge", "param_value_internal": 8.325295651889324e-08, "distribution": "{\"name\": \"FloatDistribution\", \"attributes\": {\"step\": null, \"low\": 1e-09, \"high\": 0.01, \"log\": true}}"}
{"op_code": 0, "worker_id": "3fc00460-9fe8-4744-86a9-e8b0fc257f96-139688984078144", "study_name": "optuna_tutorial_2023-11-20_19-34-32.txt", "directions": [1]}
{"op_code": 0, "worker_id": "8d9fca31-e5a6-47e9-afca-f04450bfcd21-139690113447744", "study_name": "optuna_tutorial_2023-11-20_19-34-32.txt", "directions": [1]}
{"op_code": 5, "worker_id": "c94a2c60-e443-47ea-b7fb-9f525ee20fc6-139764528527168", "trial_id": 11, "param_name": "lr", "param_value_internal": 0.5186399885244224, "distribution": "{\"name\": \"FloatDistribution\", \"attributes\": {\"step\": null, \"low\": 0.001, \"high\": 1.0, \"log\": true}}"}
{"op_code": 4, "worker_id": "569aa557-d3ed-4fe8-b5af-18d760b53e93-139904301037376", "study_id": 0, "datetime_start": "2023-11-20T19:34:33.955128"}
{"op_code": 5, "worker_id": "fcfc6225-e9ec-4102-8298-289e0b9eca44-139850038224704", "trial_id": 10, "param_name": "lr", "param_value_internal": 0.001560230637913409, "distribution": "{\"name\": \"FloatDistribution\", \"attributes\": {\"step\": null, \"low\": 0.001, \"high\": 1.0, \"log\": true}}"}
{"op_code": 5, "worker_id": "c94a2c60-e443-47ea-b7fb-9f525ee20fc6-139764528527168", "trial_id": 11, "param_name": "iss", "param_value_internal": 0.18930450782416897, "distribution": "{\"name\": \"FloatDistribution\", \"attributes\": {\"step\": null, \"low\": 0.0, \"high\": 1.0, \"log\": false}}"}
{"op_code": 0, "worker_id": "9a14d19f-c731-44dc-ae63-3a0840c60759-140276026660672", "study_name": "optuna_tutorial_2023-11-20_19-34-32.txt", "directions": [1]}
{"op_code": 5, "worker_id": "fcfc6225-e9ec-4102-8298-289e0b9eca44-139850038224704", "trial_id": 10, "param_name": "iss", "param_value_internal": 0.06142491641779946, "distribution": "{\"name\": \"FloatDistribution\", \"attributes\": {\"step\": null, \"low\": 0.0, \"high\": 1.0, \"log\": false}}"}
{"op_code": 4, "worker_id": "8d9fca31-e5a6-47e9-afca-f04450bfcd21-139690113447744", "study_id": 0, "datetime_start": "2023-11-20T19:34:33.967602"}
{"op_code": 0, "worker_id": "b41d7a97-cb46-48a1-9f2a-9f8ef2eaa429-139984160585536", "study_name": "optuna_tutorial_2023-11-20_19-34-32.txt", "directions": [1]}
{"op_code": 4, "worker_id": "daa49d09-a514-4e61-a904-756509e5c464-140362170181440", "study_id": 0, "datetime_start": "2023-11-20T19:34:33.943648"}
{"op_code": 5, "worker_id": "ad22ddd0-89c2-454e-bd9f-a350f4cd405d-139891239225152", "trial_id": 6, "param_name": "sr", "param_value_internal": 0.08299247664715562, "distribution": "{\"name\": \"FloatDistribution\", \"attributes\": {\"step\": null, \"low\": 0.01, \"high\": 10.0, \"log\": true}}"}
{"op_code": 5, "worker_id": "daa49d09-a514-4e61-a904-756509e5c464-140362170181440", "trial_id": 14, "param_name": "sr", "param_value_internal": 0.3242596093210667, "distribution": "{\"name\": \"FloatDistribution\", \"attributes\": {\"step\": null, \"low\": 0.01, \"high\": 10.0, \"log\": true}}"}
{"op_code": 5, "worker_id": "8d9fca31-e5a6-47e9-afca-f04450bfcd21-139690113447744", "trial_id": 13, "param_name": "sr", "param_value_internal": 0.10386452699128086, "distribution": "{\"name\": \"FloatDistribution\", \"attributes\": {\"step\": null, \"low\": 0.01, \"high\": 10.0, \"log\": true}}"}
{"op_code": 0, "worker_id": "9b2e5957-6b7c-44ec-8d9e-64309bc49605-140169018378048", "study_name": "optuna_tutorial_2023-11-20_19-34-32.txt", "directions": [1]}
{"op_code": 4, "worker_id": "b41d7a97-cb46-48a1-9f2a-9f8ef2eaa429-139984160585536", "study_id": 0, "datetime_start": "2023-11-20T19:34:33.996130"}
{"op_code": 4, "worker_id": "774ebdee-8602-4493-93d8-257f80ec8820-140113289410368", "study_id": 0, "datetime_start": "2023-11-20T19:34:33.931428"}
{"op_code": 5, "worker_id": "daa49d09-a514-4e61-a904-756509e5c464-140362170181440", "trial_id": 14, "param_name": "lr", "param_value_internal": 0.005704651474702958, "distribution": "{\"name\": \"FloatDistribution\", \"attributes\": {\"step\": null, \"low\": 0.001, \"high\": 1.0, \"log\": true}}"}
{"op_code": 5, "worker_id": "8d9fca31-e5a6-47e9-afca-f04450bfcd21-139690113447744", "trial_id": 13, "param_name": "lr", "param_value_internal": 0.8237986837366782, "distribution": "{\"name\": \"FloatDistribution\", \"attributes\": {\"step\": null, \"low\": 0.001, \"high\": 1.0, \"log\": true}}"}
{"op_code": 5, "worker_id": "774ebdee-8602-4493-93d8-257f80ec8820-140113289410368", "trial_id": 16, "param_name": "sr", "param_value_internal": 5.562874618521491, "distribution": "{\"name\": \"FloatDistribution\", \"attributes\": {\"step\": null, \"low\": 0.01, \"high\": 10.0, \"log\": true}}"}
{"op_code": 5, "worker_id": "8d9fca31-e5a6-47e9-afca-f04450bfcd21-139690113447744", "trial_id": 13, "param_name": "iss", "param_value_internal": 0.5672644623543253, "distribution": "{\"name\": \"FloatDistribution\", \"attributes\": {\"step\": null, \"low\": 0.0, \"high\": 1.0, \"log\": false}}"}
{"op_code": 4, "worker_id": "9b2e5957-6b7c-44ec-8d9e-64309bc49605-140169018378048", "study_id": 0, "datetime_start": "2023-11-20T19:34:34.014249"}
{"op_code": 0, "worker_id": "9332d9aa-c10a-4f71-beab-2b4e481c052c-139628884842304", "study_name": "optuna_tutorial_2023-11-20_19-34-32.txt", "directions": [1]}
{"op_code": 5, "worker_id": "8d9fca31-e5a6-47e9-afca-f04450bfcd21-139690113447744", "trial_id": 13, "param_name": "ridge", "param_value_internal": 3.0421829198634166e-05, "distribution": "{\"name\": \"FloatDistribution\", \"attributes\": {\"step\": null, \"low\": 1e-09, \"high\": 0.01, \"log\": true}}"}
{"op_code": 5, "worker_id": "ad22ddd0-89c2-454e-bd9f-a350f4cd405d-139891239225152", "trial_id": 6, "param_name": "lr", "param_value_internal": 0.0031360320047772966, "distribution": "{\"name\": \"FloatDistribution\", \"attributes\": {\"step\": null, \"low\": 0.001, \"high\": 1.0, \"log\": true}}"}
{"op_code": 5, "worker_id": "daa49d09-a514-4e61-a904-756509e5c464-140362170181440", "trial_id": 14, "param_name": "iss", "param_value_internal": 0.383151589802899, "distribution": "{\"name\": \"FloatDistribution\", \"attributes\": {\"step\": null, \"low\": 0.0, \"high\": 1.0, \"log\": false}}"}
{"op_code": 4, "worker_id": "9332d9aa-c10a-4f71-beab-2b4e481c052c-139628884842304", "study_id": 0, "datetime_start": "2023-11-20T19:34:34.037473"}
{"op_code": 5, "worker_id": "daa49d09-a514-4e61-a904-756509e5c464-140362170181440", "trial_id": 14, "param_name": "ridge", "param_value_internal": 0.0013044005109428664, "distribution": "{\"name\": \"FloatDistribution\", \"attributes\": {\"step\": null, \"low\": 1e-09, \"high\": 0.01, \"log\": true}}"}
{"op_code": 5, "worker_id": "ad22ddd0-89c2-454e-bd9f-a350f4cd405d-139891239225152", "trial_id": 6, "param_name": "iss", "param_value_internal": 0.40119614823167005, "distribution": "{\"name\": \"FloatDistribution\", \"attributes\": {\"step\": null, \"low\": 0.0, \"high\": 1.0, \"log\": false}}"}
{"op_code": 5, "worker_id": "9332d9aa-c10a-4f71-beab-2b4e481c052c-139628884842304", "trial_id": 18, "param_name": "sr", "param_value_internal": 7.7800358639588385, "distribution": "{\"name\": \"FloatDistribution\", \"attributes\": {\"step\": null, \"low\": 0.01, \"high\": 10.0, \"log\": true}}"}
{"op_code": 5, "worker_id": "ad22ddd0-89c2-454e-bd9f-a350f4cd405d-139891239225152", "trial_id": 6, "param_name": "ridge", "param_value_internal": 5.419494126374338e-09, "distribution": "{\"name\": \"FloatDistribution\", \"attributes\": {\"step\": null, \"low\": 1e-09, \"high\": 0.01, \"log\": true}}"}
{"op_code": 5, "worker_id": "fcfc6225-e9ec-4102-8298-289e0b9eca44-139850038224704", "trial_id": 10, "param_name": "ridge", "param_value_internal": 3.683397535187389e-08, "distribution": "{\"name\": \"FloatDistribution\", \"attributes\": {\"step\": null, \"low\": 1e-09, \"high\": 0.01, \"log\": true}}"}
{"op_code": 0, "worker_id": "ab91ad30-1dfd-4447-bb7f-8fbe8a365675-139828442449728", "study_name": "optuna_tutorial_2023-11-20_19-34-32.txt", "directions": [1]}
{"op_code": 0, "worker_id": "efe1c994-7c10-43c5-9ad3-21648be12c2c-140244471125824", "study_name": "optuna_tutorial_2023-11-20_19-34-32.txt", "directions": [1]}
{"op_code": 5, "worker_id": "9332d9aa-c10a-4f71-beab-2b4e481c052c-139628884842304", "trial_id": 18, "param_name": "lr", "param_value_internal": 0.013227529467466706, "distribution": "{\"name\": \"FloatDistribution\", \"attributes\": {\"step\": null, \"low\": 0.001, \"high\": 1.0, \"log\": true}}"}
{"op_code": 0, "worker_id": "23c7cc81-2289-4f78-b2ca-cec2d5e6aa0b-139955467204416", "study_name": "optuna_tutorial_2023-11-20_19-34-32.txt", "directions": [1]}
{"op_code": 5, "worker_id": "9332d9aa-c10a-4f71-beab-2b4e481c052c-139628884842304", "trial_id": 18, "param_name": "iss", "param_value_internal": 0.15177007989960556, "distribution": "{\"name\": \"FloatDistribution\", \"attributes\": {\"step\": null, \"low\": 0.0, \"high\": 1.0, \"log\": false}}"}
{"op_code": 4, "worker_id": "ab91ad30-1dfd-4447-bb7f-8fbe8a365675-139828442449728", "study_id": 0, "datetime_start": "2023-11-20T19:34:34.067861"}
{"op_code": 0, "worker_id": "e49f9622-7774-4e02-8485-c65df9de78ab-140443052832576", "study_name": "optuna_tutorial_2023-11-20_19-34-32.txt", "directions": [1]}
{"op_code": 4, "worker_id": "fd321bae-489b-430d-bb58-476d80c2adc6-140003727824704", "study_id": 0, "datetime_start": "2023-11-20T19:34:33.937440"}
{"op_code": 5, "worker_id": "ab91ad30-1dfd-4447-bb7f-8fbe8a365675-139828442449728", "trial_id": 19, "param_name": "sr", "param_value_internal": 4.6060774641838025, "distribution": "{\"name\": \"FloatDistribution\", \"attributes\": {\"step\": null, \"low\": 0.01, \"high\": 10.0, \"log\": true}}"}
{"op_code": 5, "worker_id": "4b1c786c-e994-4893-a18d-25d616a380db-140584436385600", "trial_id": 3, "param_name": "iss", "param_value_internal": 0.9810921292692827, "distribution": "{\"name\": \"FloatDistribution\", \"attributes\": {\"step\": null, \"low\": 0.0, \"high\": 1.0, \"log\": false}}"}
{"op_code": 4, "worker_id": "23c7cc81-2289-4f78-b2ca-cec2d5e6aa0b-139955467204416", "study_id": 0, "datetime_start": "2023-11-20T19:34:34.077430"}
{"op_code": 5, "worker_id": "fd321bae-489b-430d-bb58-476d80c2adc6-140003727824704", "trial_id": 20, "param_name": "sr", "param_value_internal": 0.03514839109451378, "distribution": "{\"name\": \"FloatDistribution\", \"attributes\": {\"step\": null, \"low\": 0.01, \"high\": 10.0, \"log\": true}}"}
{"op_code": 5, "worker_id": "774ebdee-8602-4493-93d8-257f80ec8820-140113289410368", "trial_id": 16, "param_name": "lr", "param_value_internal": 0.0014816546792526073, "distribution": "{\"name\": \"FloatDistribution\", \"attributes\": {\"step\": null, \"low\": 0.001, \"high\": 1.0, \"log\": true}}"}
{"op_code": 5, "worker_id": "23c7cc81-2289-4f78-b2ca-cec2d5e6aa0b-139955467204416", "trial_id": 21, "param_name": "sr", "param_value_internal": 1.13890436112937, "distribution": "{\"name\": \"FloatDistribution\", \"attributes\": {\"step\": null, \"low\": 0.01, \"high\": 10.0, \"log\": true}}"}
{"op_code": 4, "worker_id": "e49f9622-7774-4e02-8485-c65df9de78ab-140443052832576", "study_id": 0, "datetime_start": "2023-11-20T19:34:34.089462"}
{"op_code": 5, "worker_id": "9b2e5957-6b7c-44ec-8d9e-64309bc49605-140169018378048", "trial_id": 17, "param_name": "sr", "param_value_internal": 2.6723910803922033, "distribution": "{\"name\": \"FloatDistribution\", \"attributes\": {\"step\": null, \"low\": 0.01, \"high\": 10.0, \"log\": true}}"}
{"op_code": 0, "worker_id": "961f0ad2-6bbe-4684-bed0-efd6a821d7d1-140166022379328", "study_name": "optuna_tutorial_2023-11-20_19-34-32.txt", "directions": [1]}
{"op_code": 5, "worker_id": "e49f9622-7774-4e02-8485-c65df9de78ab-140443052832576", "trial_id": 22, "param_name": "sr", "param_value_internal": 0.3508553997355073, "distribution": "{\"name\": \"FloatDistribution\", \"attributes\": {\"step\": null, \"low\": 0.01, \"high\": 10.0, \"log\": true}}"}
{"op_code": 5, "worker_id": "9b2e5957-6b7c-44ec-8d9e-64309bc49605-140169018378048", "trial_id": 17, "param_name": "lr", "param_value_internal": 0.30770336971730305, "distribution": "{\"name\": \"FloatDistribution\", \"attributes\": {\"step\": null, \"low\": 0.001, \"high\": 1.0, \"log\": true}}"}
{"op_code": 5, "worker_id": "e49f9622-7774-4e02-8485-c65df9de78ab-140443052832576", "trial_id": 22, "param_name": "lr", "param_value_internal": 0.0017855900744627358, "distribution": "{\"name\": \"FloatDistribution\", \"attributes\": {\"step\": null, \"low\": 0.001, \"high\": 1.0, \"log\": true}}"}
