{"op_code": 0, "worker_id": "7749551b-c957-4c0f-975c-c888e3e71df6-8126815936", "study_name": "12_5_19_24_rossler_data_with_shifted_force_8", "directions": [1]}
{"op_code": 4, "worker_id": "7749551b-c957-4c0f-975c-c888e3e71df6-8126815936", "study_id": 0, "datetime_start": "2023-12-05T19:28:17.227731"}
{"op_code": 5, "worker_id": "7749551b-c957-4c0f-975c-c888e3e71df6-8126815936", "trial_id": 0, "param_name": "sr", "param_value_internal": 0.3431377723429843, "distribution": "{\"name\": \"FloatDistribution\", \"attributes\": {\"step\": null, \"low\": 0.01, \"high\": 10.0, \"log\": true}}"}
{"op_code": 5, "worker_id": "7749551b-c957-4c0f-975c-c888e3e71df6-8126815936", "trial_id": 0, "param_name": "lr", "param_value_internal": 0.28929383774542833, "distribution": "{\"name\": \"FloatDistribution\", \"attributes\": {\"step\": null, \"low\": 0.001, \"high\": 1.0, \"log\": true}}"}
{"op_code": 5, "worker_id": "7749551b-c957-4c0f-975c-c888e3e71df6-8126815936", "trial_id": 0, "param_name": "iss", "param_value_internal": 0.25220335644594805, "distribution": "{\"name\": \"FloatDistribution\", \"attributes\": {\"step\": null, \"low\": 0.0, \"high\": 1.0, \"log\": false}}"}
{"op_code": 5, "worker_id": "7749551b-c957-4c0f-975c-c888e3e71df6-8126815936", "trial_id": 0, "param_name": "ridge", "param_value_internal": 4.007363641236346e-06, "distribution": "{\"name\": \"FloatDistribution\", \"attributes\": {\"step\": null, \"low\": 1e-09, \"high\": 0.01, \"log\": true}}"}
{"op_code": 0, "worker_id": "8b264468-8f87-499e-95f9-d58daef8c1fd-8126815936", "study_name": "12_5_19_24_rossler_data_with_shifted_force_8", "directions": [1]}
{"op_code": 4, "worker_id": "8b264468-8f87-499e-95f9-d58daef8c1fd-8126815936", "study_id": 0, "datetime_start": "2023-12-05T19:28:17.231592"}
{"op_code": 5, "worker_id": "8b264468-8f87-499e-95f9-d58daef8c1fd-8126815936", "trial_id": 1, "param_name": "sr", "param_value_internal": 2.7732244311998397, "distribution": "{\"name\": \"FloatDistribution\", \"attributes\": {\"step\": null, \"low\": 0.01, \"high\": 10.0, \"log\": true}}"}
{"op_code": 5, "worker_id": "8b264468-8f87-499e-95f9-d58daef8c1fd-8126815936", "trial_id": 1, "param_name": "lr", "param_value_internal": 0.005383888506010758, "distribution": "{\"name\": \"FloatDistribution\", \"attributes\": {\"step\": null, \"low\": 0.001, \"high\": 1.0, \"log\": true}}"}
{"op_code": 5, "worker_id": "8b264468-8f87-499e-95f9-d58daef8c1fd-8126815936", "trial_id": 1, "param_name": "iss", "param_value_internal": 0.6767648576582682, "distribution": "{\"name\": \"FloatDistribution\", \"attributes\": {\"step\": null, \"low\": 0.0, \"high\": 1.0, \"log\": false}}"}
{"op_code": 5, "worker_id": "8b264468-8f87-499e-95f9-d58daef8c1fd-8126815936", "trial_id": 1, "param_name": "ridge", "param_value_internal": 0.0004242158770071787, "distribution": "{\"name\": \"FloatDistribution\", \"attributes\": {\"step\": null, \"low\": 1e-09, \"high\": 0.01, \"log\": true}}"}
{"op_code": 0, "worker_id": "6ee8329b-2f4e-4425-98d2-6a621b678bbb-8126815936", "study_name": "12_5_19_24_rossler_data_with_shifted_force_8", "directions": [1]}
{"op_code": 0, "worker_id": "512a69b0-0ec8-4ff7-a2f4-db3eeb994c20-8126815936", "study_name": "12_5_19_24_rossler_data_with_shifted_force_8", "directions": [1]}
{"op_code": 4, "worker_id": "6ee8329b-2f4e-4425-98d2-6a621b678bbb-8126815936", "study_id": 0, "datetime_start": "2023-12-05T19:28:17.251058"}
{"op_code": 4, "worker_id": "512a69b0-0ec8-4ff7-a2f4-db3eeb994c20-8126815936", "study_id": 0, "datetime_start": "2023-12-05T19:28:17.251318"}
{"op_code": 5, "worker_id": "6ee8329b-2f4e-4425-98d2-6a621b678bbb-8126815936", "trial_id": 2, "param_name": "sr", "param_value_internal": 0.04492479941711872, "distribution": "{\"name\": \"FloatDistribution\", \"attributes\": {\"step\": null, \"low\": 0.01, \"high\": 10.0, \"log\": true}}"}
{"op_code": 5, "worker_id": "6ee8329b-2f4e-4425-98d2-6a621b678bbb-8126815936", "trial_id": 2, "param_name": "lr", "param_value_internal": 0.0025052906580719193, "distribution": "{\"name\": \"FloatDistribution\", \"attributes\": {\"step\": null, \"low\": 0.001, \"high\": 1.0, \"log\": true}}"}
{"op_code": 5, "worker_id": "6ee8329b-2f4e-4425-98d2-6a621b678bbb-8126815936", "trial_id": 2, "param_name": "iss", "param_value_internal": 0.8624571786347346, "distribution": "{\"name\": \"FloatDistribution\", \"attributes\": {\"step\": null, \"low\": 0.0, \"high\": 1.0, \"log\": false}}"}
{"op_code": 5, "worker_id": "6ee8329b-2f4e-4425-98d2-6a621b678bbb-8126815936", "trial_id": 2, "param_name": "ridge", "param_value_internal": 0.00010521983402065905, "distribution": "{\"name\": \"FloatDistribution\", \"attributes\": {\"step\": null, \"low\": 1e-09, \"high\": 0.01, \"log\": true}}"}
{"op_code": 5, "worker_id": "512a69b0-0ec8-4ff7-a2f4-db3eeb994c20-8126815936", "trial_id": 3, "param_name": "sr", "param_value_internal": 3.8026412142176893, "distribution": "{\"name\": \"FloatDistribution\", \"attributes\": {\"step\": null, \"low\": 0.01, \"high\": 10.0, \"log\": true}}"}
{"op_code": 5, "worker_id": "512a69b0-0ec8-4ff7-a2f4-db3eeb994c20-8126815936", "trial_id": 3, "param_name": "lr", "param_value_internal": 0.022021546049033235, "distribution": "{\"name\": \"FloatDistribution\", \"attributes\": {\"step\": null, \"low\": 0.001, \"high\": 1.0, \"log\": true}}"}
{"op_code": 5, "worker_id": "512a69b0-0ec8-4ff7-a2f4-db3eeb994c20-8126815936", "trial_id": 3, "param_name": "iss", "param_value_internal": 0.9039888879187605, "distribution": "{\"name\": \"FloatDistribution\", \"attributes\": {\"step\": null, \"low\": 0.0, \"high\": 1.0, \"log\": false}}"}
{"op_code": 5, "worker_id": "512a69b0-0ec8-4ff7-a2f4-db3eeb994c20-8126815936", "trial_id": 3, "param_name": "ridge", "param_value_internal": 3.271408425660378e-05, "distribution": "{\"name\": \"FloatDistribution\", \"attributes\": {\"step\": null, \"low\": 1e-09, \"high\": 0.01, \"log\": true}}"}
{"op_code": 0, "worker_id": "13bf362b-c23e-4e99-b041-abddf5801b9b-8126815936", "study_name": "12_5_19_24_rossler_data_with_shifted_force_8", "directions": [1]}
{"op_code": 4, "worker_id": "13bf362b-c23e-4e99-b041-abddf5801b9b-8126815936", "study_id": 0, "datetime_start": "2023-12-05T19:28:22.190244"}
{"op_code": 5, "worker_id": "13bf362b-c23e-4e99-b041-abddf5801b9b-8126815936", "trial_id": 4, "param_name": "sr", "param_value_internal": 0.0724778770282093, "distribution": "{\"name\": \"FloatDistribution\", \"attributes\": {\"step\": null, \"low\": 0.01, \"high\": 10.0, \"log\": true}}"}
{"op_code": 5, "worker_id": "13bf362b-c23e-4e99-b041-abddf5801b9b-8126815936", "trial_id": 4, "param_name": "lr", "param_value_internal": 0.739918518472642, "distribution": "{\"name\": \"FloatDistribution\", \"attributes\": {\"step\": null, \"low\": 0.001, \"high\": 1.0, \"log\": true}}"}
{"op_code": 5, "worker_id": "13bf362b-c23e-4e99-b041-abddf5801b9b-8126815936", "trial_id": 4, "param_name": "iss", "param_value_internal": 0.846919278626893, "distribution": "{\"name\": \"FloatDistribution\", \"attributes\": {\"step\": null, \"low\": 0.0, \"high\": 1.0, \"log\": false}}"}
{"op_code": 5, "worker_id": "13bf362b-c23e-4e99-b041-abddf5801b9b-8126815936", "trial_id": 4, "param_name": "ridge", "param_value_internal": 7.58996986134488e-06, "distribution": "{\"name\": \"FloatDistribution\", \"attributes\": {\"step\": null, \"low\": 1e-09, \"high\": 0.01, \"log\": true}}"}
{"op_code": 0, "worker_id": "3b718044-5cca-4a7e-9c8c-5ec51550ec94-8126815936", "study_name": "12_5_19_24_rossler_data_with_shifted_force_8", "directions": [1]}
{"op_code": 0, "worker_id": "48d44e5b-263b-4f12-bab0-c472a3f829b6-8126815936", "study_name": "12_5_19_24_rossler_data_with_shifted_force_8", "directions": [1]}
{"op_code": 4, "worker_id": "3b718044-5cca-4a7e-9c8c-5ec51550ec94-8126815936", "study_id": 0, "datetime_start": "2023-12-05T19:28:22.215594"}
{"op_code": 4, "worker_id": "48d44e5b-263b-4f12-bab0-c472a3f829b6-8126815936", "study_id": 0, "datetime_start": "2023-12-05T19:28:22.215894"}
{"op_code": 5, "worker_id": "3b718044-5cca-4a7e-9c8c-5ec51550ec94-8126815936", "trial_id": 5, "param_name": "sr", "param_value_internal": 0.3213943723133262, "distribution": "{\"name\": \"FloatDistribution\", \"attributes\": {\"step\": null, \"low\": 0.01, \"high\": 10.0, \"log\": true}}"}
{"op_code": 5, "worker_id": "3b718044-5cca-4a7e-9c8c-5ec51550ec94-8126815936", "trial_id": 5, "param_name": "lr", "param_value_internal": 0.016675546562424117, "distribution": "{\"name\": \"FloatDistribution\", \"attributes\": {\"step\": null, \"low\": 0.001, \"high\": 1.0, \"log\": true}}"}
{"op_code": 5, "worker_id": "3b718044-5cca-4a7e-9c8c-5ec51550ec94-8126815936", "trial_id": 5, "param_name": "iss", "param_value_internal": 0.294944990617807, "distribution": "{\"name\": \"FloatDistribution\", \"attributes\": {\"step\": null, \"low\": 0.0, \"high\": 1.0, \"log\": false}}"}
{"op_code": 5, "worker_id": "3b718044-5cca-4a7e-9c8c-5ec51550ec94-8126815936", "trial_id": 5, "param_name": "ridge", "param_value_internal": 0.00016231600469112796, "distribution": "{\"name\": \"FloatDistribution\", \"attributes\": {\"step\": null, \"low\": 1e-09, \"high\": 0.01, \"log\": true}}"}
{"op_code": 5, "worker_id": "48d44e5b-263b-4f12-bab0-c472a3f829b6-8126815936", "trial_id": 6, "param_name": "sr", "param_value_internal": 4.701608416196188, "distribution": "{\"name\": \"FloatDistribution\", \"attributes\": {\"step\": null, \"low\": 0.01, \"high\": 10.0, \"log\": true}}"}
{"op_code": 5, "worker_id": "48d44e5b-263b-4f12-bab0-c472a3f829b6-8126815936", "trial_id": 6, "param_name": "lr", "param_value_internal": 0.056399375433620204, "distribution": "{\"name\": \"FloatDistribution\", \"attributes\": {\"step\": null, \"low\": 0.001, \"high\": 1.0, \"log\": true}}"}
{"op_code": 5, "worker_id": "48d44e5b-263b-4f12-bab0-c472a3f829b6-8126815936", "trial_id": 6, "param_name": "iss", "param_value_internal": 0.6535751196482887, "distribution": "{\"name\": \"FloatDistribution\", \"attributes\": {\"step\": null, \"low\": 0.0, \"high\": 1.0, \"log\": false}}"}
{"op_code": 5, "worker_id": "48d44e5b-263b-4f12-bab0-c472a3f829b6-8126815936", "trial_id": 6, "param_name": "ridge", "param_value_internal": 0.0024562643194604265, "distribution": "{\"name\": \"FloatDistribution\", \"attributes\": {\"step\": null, \"low\": 1e-09, \"high\": 0.01, \"log\": true}}"}
{"op_code": 0, "worker_id": "64ee5173-3cfc-4c83-a5ca-3bdfca8baacd-8126815936", "study_name": "12_5_19_24_rossler_data_with_shifted_force_8", "directions": [1]}
{"op_code": 4, "worker_id": "64ee5173-3cfc-4c83-a5ca-3bdfca8baacd-8126815936", "study_id": 0, "datetime_start": "2023-12-05T19:28:22.244544"}
{"op_code": 5, "worker_id": "64ee5173-3cfc-4c83-a5ca-3bdfca8baacd-8126815936", "trial_id": 7, "param_name": "sr", "param_value_internal": 0.04993166519354842, "distribution": "{\"name\": \"FloatDistribution\", \"attributes\": {\"step\": null, \"low\": 0.01, \"high\": 10.0, \"log\": true}}"}
{"op_code": 5, "worker_id": "64ee5173-3cfc-4c83-a5ca-3bdfca8baacd-8126815936", "trial_id": 7, "param_name": "lr", "param_value_internal": 0.11951608134313581, "distribution": "{\"name\": \"FloatDistribution\", \"attributes\": {\"step\": null, \"low\": 0.001, \"high\": 1.0, \"log\": true}}"}
{"op_code": 5, "worker_id": "64ee5173-3cfc-4c83-a5ca-3bdfca8baacd-8126815936", "trial_id": 7, "param_name": "iss", "param_value_internal": 0.5395086784067521, "distribution": "{\"name\": \"FloatDistribution\", \"attributes\": {\"step\": null, \"low\": 0.0, \"high\": 1.0, \"log\": false}}"}
{"op_code": 5, "worker_id": "64ee5173-3cfc-4c83-a5ca-3bdfca8baacd-8126815936", "trial_id": 7, "param_name": "ridge", "param_value_internal": 9.629380875109776e-07, "distribution": "{\"name\": \"FloatDistribution\", \"attributes\": {\"step\": null, \"low\": 1e-09, \"high\": 0.01, \"log\": true}}"}
{"op_code": 0, "worker_id": "b0723efc-187d-4faa-9968-92611baee6b9-8126815936", "study_name": "12_5_19_24_rossler_data_with_shifted_force_8", "directions": [1]}
{"op_code": 4, "worker_id": "b0723efc-187d-4faa-9968-92611baee6b9-8126815936", "study_id": 0, "datetime_start": "2023-12-05T19:28:26.331305"}
{"op_code": 5, "worker_id": "b0723efc-187d-4faa-9968-92611baee6b9-8126815936", "trial_id": 8, "param_name": "sr", "param_value_internal": 7.10859755863503, "distribution": "{\"name\": \"FloatDistribution\", \"attributes\": {\"step\": null, \"low\": 0.01, \"high\": 10.0, \"log\": true}}"}
{"op_code": 5, "worker_id": "b0723efc-187d-4faa-9968-92611baee6b9-8126815936", "trial_id": 8, "param_name": "lr", "param_value_internal": 0.01597540369414975, "distribution": "{\"name\": \"FloatDistribution\", \"attributes\": {\"step\": null, \"low\": 0.001, \"high\": 1.0, \"log\": true}}"}
{"op_code": 5, "worker_id": "b0723efc-187d-4faa-9968-92611baee6b9-8126815936", "trial_id": 8, "param_name": "iss", "param_value_internal": 0.7826522931595453, "distribution": "{\"name\": \"FloatDistribution\", \"attributes\": {\"step\": null, \"low\": 0.0, \"high\": 1.0, \"log\": false}}"}
{"op_code": 5, "worker_id": "b0723efc-187d-4faa-9968-92611baee6b9-8126815936", "trial_id": 8, "param_name": "ridge", "param_value_internal": 0.0027869554923350554, "distribution": "{\"name\": \"FloatDistribution\", \"attributes\": {\"step\": null, \"low\": 1e-09, \"high\": 0.01, \"log\": true}}"}
{"op_code": 0, "worker_id": "b92a7e01-6461-45e0-9c42-0d501f09ba94-8126815936", "study_name": "12_5_19_24_rossler_data_with_shifted_force_8", "directions": [1]}
{"op_code": 4, "worker_id": "b92a7e01-6461-45e0-9c42-0d501f09ba94-8126815936", "study_id": 0, "datetime_start": "2023-12-05T19:28:26.345492"}
{"op_code": 5, "worker_id": "b92a7e01-6461-45e0-9c42-0d501f09ba94-8126815936", "trial_id": 9, "param_name": "sr", "param_value_internal": 0.011606561896605208, "distribution": "{\"name\": \"FloatDistribution\", \"attributes\": {\"step\": null, \"low\": 0.01, \"high\": 10.0, \"log\": true}}"}
{"op_code": 5, "worker_id": "b92a7e01-6461-45e0-9c42-0d501f09ba94-8126815936", "trial_id": 9, "param_name": "lr", "param_value_internal": 0.6564774862622818, "distribution": "{\"name\": \"FloatDistribution\", \"attributes\": {\"step\": null, \"low\": 0.001, \"high\": 1.0, \"log\": true}}"}
{"op_code": 5, "worker_id": "b92a7e01-6461-45e0-9c42-0d501f09ba94-8126815936", "trial_id": 9, "param_name": "iss", "param_value_internal": 0.8293955433179037, "distribution": "{\"name\": \"FloatDistribution\", \"attributes\": {\"step\": null, \"low\": 0.0, \"high\": 1.0, \"log\": false}}"}
{"op_code": 5, "worker_id": "b92a7e01-6461-45e0-9c42-0d501f09ba94-8126815936", "trial_id": 9, "param_name": "ridge", "param_value_internal": 0.003296779468757813, "distribution": "{\"name\": \"FloatDistribution\", \"attributes\": {\"step\": null, \"low\": 1e-09, \"high\": 0.01, \"log\": true}}"}
{"op_code": 0, "worker_id": "c291c9ad-bf14-48f2-97a9-594d2ea87075-8126815936", "study_name": "12_5_19_24_rossler_data_with_shifted_force_8", "directions": [1]}
{"op_code": 4, "worker_id": "c291c9ad-bf14-48f2-97a9-594d2ea87075-8126815936", "study_id": 0, "datetime_start": "2023-12-05T19:28:26.352554"}
{"op_code": 5, "worker_id": "c291c9ad-bf14-48f2-97a9-594d2ea87075-8126815936", "trial_id": 10, "param_name": "sr", "param_value_internal": 0.8730627132886829, "distribution": "{\"name\": \"FloatDistribution\", \"attributes\": {\"step\": null, \"low\": 0.01, \"high\": 10.0, \"log\": true}}"}
{"op_code": 5, "worker_id": "c291c9ad-bf14-48f2-97a9-594d2ea87075-8126815936", "trial_id": 10, "param_name": "lr", "param_value_internal": 0.005249925618843756, "distribution": "{\"name\": \"FloatDistribution\", \"attributes\": {\"step\": null, \"low\": 0.001, \"high\": 1.0, \"log\": true}}"}
{"op_code": 5, "worker_id": "c291c9ad-bf14-48f2-97a9-594d2ea87075-8126815936", "trial_id": 10, "param_name": "iss", "param_value_internal": 0.15384245149538578, "distribution": "{\"name\": \"FloatDistribution\", \"attributes\": {\"step\": null, \"low\": 0.0, \"high\": 1.0, \"log\": false}}"}
{"op_code": 5, "worker_id": "c291c9ad-bf14-48f2-97a9-594d2ea87075-8126815936", "trial_id": 10, "param_name": "ridge", "param_value_internal": 3.336342606786654e-07, "distribution": "{\"name\": \"FloatDistribution\", \"attributes\": {\"step\": null, \"low\": 1e-09, \"high\": 0.01, \"log\": true}}"}
{"op_code": 0, "worker_id": "653eb4c4-65fc-40b7-8cdc-a8ea531041ab-8126815936", "study_name": "12_5_19_24_rossler_data_with_shifted_force_8", "directions": [1]}
{"op_code": 4, "worker_id": "653eb4c4-65fc-40b7-8cdc-a8ea531041ab-8126815936", "study_id": 0, "datetime_start": "2023-12-05T19:28:26.355905"}
{"op_code": 5, "worker_id": "653eb4c4-65fc-40b7-8cdc-a8ea531041ab-8126815936", "trial_id": 11, "param_name": "sr", "param_value_internal": 0.026445388802405993, "distribution": "{\"name\": \"FloatDistribution\", \"attributes\": {\"step\": null, \"low\": 0.01, \"high\": 10.0, \"log\": true}}"}
{"op_code": 5, "worker_id": "653eb4c4-65fc-40b7-8cdc-a8ea531041ab-8126815936", "trial_id": 11, "param_name": "lr", "param_value_internal": 0.062308739746721034, "distribution": "{\"name\": \"FloatDistribution\", \"attributes\": {\"step\": null, \"low\": 0.001, \"high\": 1.0, \"log\": true}}"}
{"op_code": 5, "worker_id": "653eb4c4-65fc-40b7-8cdc-a8ea531041ab-8126815936", "trial_id": 11, "param_name": "iss", "param_value_internal": 0.5490629136537761, "distribution": "{\"name\": \"FloatDistribution\", \"attributes\": {\"step\": null, \"low\": 0.0, \"high\": 1.0, \"log\": false}}"}
{"op_code": 5, "worker_id": "653eb4c4-65fc-40b7-8cdc-a8ea531041ab-8126815936", "trial_id": 11, "param_name": "ridge", "param_value_internal": 1.9632122797423086e-05, "distribution": "{\"name\": \"FloatDistribution\", \"attributes\": {\"step\": null, \"low\": 1e-09, \"high\": 0.01, \"log\": true}}"}
{"op_code": 0, "worker_id": "7cf4dbde-01e4-4af1-bd25-6485792b00fc-8126815936", "study_name": "12_5_19_24_rossler_data_with_shifted_force_8", "directions": [1]}
{"op_code": 4, "worker_id": "7cf4dbde-01e4-4af1-bd25-6485792b00fc-8126815936", "study_id": 0, "datetime_start": "2023-12-05T19:28:30.396573"}
{"op_code": 5, "worker_id": "7cf4dbde-01e4-4af1-bd25-6485792b00fc-8126815936", "trial_id": 12, "param_name": "sr", "param_value_internal": 0.05141454045723039, "distribution": "{\"name\": \"FloatDistribution\", \"attributes\": {\"step\": null, \"low\": 0.01, \"high\": 10.0, \"log\": true}}"}
{"op_code": 5, "worker_id": "7cf4dbde-01e4-4af1-bd25-6485792b00fc-8126815936", "trial_id": 12, "param_name": "lr", "param_value_internal": 0.003176250940104182, "distribution": "{\"name\": \"FloatDistribution\", \"attributes\": {\"step\": null, \"low\": 0.001, \"high\": 1.0, \"log\": true}}"}
{"op_code": 5, "worker_id": "7cf4dbde-01e4-4af1-bd25-6485792b00fc-8126815936", "trial_id": 12, "param_name": "iss", "param_value_internal": 0.16781883533600328, "distribution": "{\"name\": \"FloatDistribution\", \"attributes\": {\"step\": null, \"low\": 0.0, \"high\": 1.0, \"log\": false}}"}
{"op_code": 5, "worker_id": "7cf4dbde-01e4-4af1-bd25-6485792b00fc-8126815936", "trial_id": 12, "param_name": "ridge", "param_value_internal": 1.3469951704522712e-05, "distribution": "{\"name\": \"FloatDistribution\", \"attributes\": {\"step\": null, \"low\": 1e-09, \"high\": 0.01, \"log\": true}}"}
{"op_code": 0, "worker_id": "a32a1440-b99c-4485-aeb1-fbc2a58c7922-8126815936", "study_name": "12_5_19_24_rossler_data_with_shifted_force_8", "directions": [1]}
{"op_code": 4, "worker_id": "a32a1440-b99c-4485-aeb1-fbc2a58c7922-8126815936", "study_id": 0, "datetime_start": "2023-12-05T19:28:30.421404"}
{"op_code": 5, "worker_id": "a32a1440-b99c-4485-aeb1-fbc2a58c7922-8126815936", "trial_id": 13, "param_name": "sr", "param_value_internal": 0.08837524072450771, "distribution": "{\"name\": \"FloatDistribution\", \"attributes\": {\"step\": null, \"low\": 0.01, \"high\": 10.0, \"log\": true}}"}
{"op_code": 5, "worker_id": "a32a1440-b99c-4485-aeb1-fbc2a58c7922-8126815936", "trial_id": 13, "param_name": "lr", "param_value_internal": 0.004586810781361646, "distribution": "{\"name\": \"FloatDistribution\", \"attributes\": {\"step\": null, \"low\": 0.001, \"high\": 1.0, \"log\": true}}"}
{"op_code": 0, "worker_id": "ebd5ff48-5b3e-4670-84a6-16009a8a9ecd-8126815936", "study_name": "12_5_19_24_rossler_data_with_shifted_force_8", "directions": [1]}
{"op_code": 5, "worker_id": "a32a1440-b99c-4485-aeb1-fbc2a58c7922-8126815936", "trial_id": 13, "param_name": "iss", "param_value_internal": 0.6126863906529932, "distribution": "{\"name\": \"FloatDistribution\", \"attributes\": {\"step\": null, \"low\": 0.0, \"high\": 1.0, \"log\": false}}"}
{"op_code": 5, "worker_id": "a32a1440-b99c-4485-aeb1-fbc2a58c7922-8126815936", "trial_id": 13, "param_name": "ridge", "param_value_internal": 0.000539724520845538, "distribution": "{\"name\": \"FloatDistribution\", \"attributes\": {\"step\": null, \"low\": 1e-09, \"high\": 0.01, \"log\": true}}"}
{"op_code": 4, "worker_id": "ebd5ff48-5b3e-4670-84a6-16009a8a9ecd-8126815936", "study_id": 0, "datetime_start": "2023-12-05T19:28:30.424153"}
{"op_code": 5, "worker_id": "ebd5ff48-5b3e-4670-84a6-16009a8a9ecd-8126815936", "trial_id": 14, "param_name": "sr", "param_value_internal": 0.7698082844615896, "distribution": "{\"name\": \"FloatDistribution\", \"attributes\": {\"step\": null, \"low\": 0.01, \"high\": 10.0, \"log\": true}}"}
{"op_code": 5, "worker_id": "ebd5ff48-5b3e-4670-84a6-16009a8a9ecd-8126815936", "trial_id": 14, "param_name": "lr", "param_value_internal": 0.010362421336075144, "distribution": "{\"name\": \"FloatDistribution\", \"attributes\": {\"step\": null, \"low\": 0.001, \"high\": 1.0, \"log\": true}}"}
{"op_code": 0, "worker_id": "3e306722-b9aa-4dcf-96ba-bba2bfbcf347-8126815936", "study_name": "12_5_19_24_rossler_data_with_shifted_force_8", "directions": [1]}
{"op_code": 5, "worker_id": "ebd5ff48-5b3e-4670-84a6-16009a8a9ecd-8126815936", "trial_id": 14, "param_name": "iss", "param_value_internal": 0.4379426067228529, "distribution": "{\"name\": \"FloatDistribution\", \"attributes\": {\"step\": null, \"low\": 0.0, \"high\": 1.0, \"log\": false}}"}
{"op_code": 5, "worker_id": "ebd5ff48-5b3e-4670-84a6-16009a8a9ecd-8126815936", "trial_id": 14, "param_name": "ridge", "param_value_internal": 7.364729883886607e-09, "distribution": "{\"name\": \"FloatDistribution\", \"attributes\": {\"step\": null, \"low\": 1e-09, \"high\": 0.01, \"log\": true}}"}
{"op_code": 4, "worker_id": "3e306722-b9aa-4dcf-96ba-bba2bfbcf347-8126815936", "study_id": 0, "datetime_start": "2023-12-05T19:28:30.428624"}
{"op_code": 5, "worker_id": "3e306722-b9aa-4dcf-96ba-bba2bfbcf347-8126815936", "trial_id": 15, "param_name": "sr", "param_value_internal": 0.011422135533293533, "distribution": "{\"name\": \"FloatDistribution\", \"attributes\": {\"step\": null, \"low\": 0.01, \"high\": 10.0, \"log\": true}}"}
{"op_code": 5, "worker_id": "3e306722-b9aa-4dcf-96ba-bba2bfbcf347-8126815936", "trial_id": 15, "param_name": "lr", "param_value_internal": 0.9769340428031197, "distribution": "{\"name\": \"FloatDistribution\", \"attributes\": {\"step\": null, \"low\": 0.001, \"high\": 1.0, \"log\": true}}"}
{"op_code": 5, "worker_id": "3e306722-b9aa-4dcf-96ba-bba2bfbcf347-8126815936", "trial_id": 15, "param_name": "iss", "param_value_internal": 0.027841175246925087, "distribution": "{\"name\": \"FloatDistribution\", \"attributes\": {\"step\": null, \"low\": 0.0, \"high\": 1.0, \"log\": false}}"}
{"op_code": 5, "worker_id": "3e306722-b9aa-4dcf-96ba-bba2bfbcf347-8126815936", "trial_id": 15, "param_name": "ridge", "param_value_internal": 5.87727395753367e-05, "distribution": "{\"name\": \"FloatDistribution\", \"attributes\": {\"step\": null, \"low\": 1e-09, \"high\": 0.01, \"log\": true}}"}
{"op_code": 0, "worker_id": "e037e4ce-31d9-4425-b46d-a0d7b4ac6e01-8126815936", "study_name": "12_5_19_24_rossler_data_with_shifted_force_8", "directions": [1]}
{"op_code": 4, "worker_id": "e037e4ce-31d9-4425-b46d-a0d7b4ac6e01-8126815936", "study_id": 0, "datetime_start": "2023-12-05T19:28:41.019089"}
{"op_code": 5, "worker_id": "e037e4ce-31d9-4425-b46d-a0d7b4ac6e01-8126815936", "trial_id": 16, "param_name": "sr", "param_value_internal": 0.7236782229608669, "distribution": "{\"name\": \"FloatDistribution\", \"attributes\": {\"step\": null, \"low\": 0.01, \"high\": 10.0, \"log\": true}}"}
{"op_code": 5, "worker_id": "e037e4ce-31d9-4425-b46d-a0d7b4ac6e01-8126815936", "trial_id": 16, "param_name": "lr", "param_value_internal": 0.07704364336861429, "distribution": "{\"name\": \"FloatDistribution\", \"attributes\": {\"step\": null, \"low\": 0.001, \"high\": 1.0, \"log\": true}}"}
{"op_code": 5, "worker_id": "e037e4ce-31d9-4425-b46d-a0d7b4ac6e01-8126815936", "trial_id": 16, "param_name": "iss", "param_value_internal": 0.741223840276139, "distribution": "{\"name\": \"FloatDistribution\", \"attributes\": {\"step\": null, \"low\": 0.0, \"high\": 1.0, \"log\": false}}"}
{"op_code": 5, "worker_id": "e037e4ce-31d9-4425-b46d-a0d7b4ac6e01-8126815936", "trial_id": 16, "param_name": "ridge", "param_value_internal": 3.696058504727873e-07, "distribution": "{\"name\": \"FloatDistribution\", \"attributes\": {\"step\": null, \"low\": 1e-09, \"high\": 0.01, \"log\": true}}"}
{"op_code": 0, "worker_id": "96335de7-cb25-4efe-9f87-2e36995ca9a6-8126815936", "study_name": "12_5_19_24_rossler_data_with_shifted_force_8", "directions": [1]}
{"op_code": 4, "worker_id": "96335de7-cb25-4efe-9f87-2e36995ca9a6-8126815936", "study_id": 0, "datetime_start": "2023-12-05T19:28:41.041979"}
{"op_code": 5, "worker_id": "96335de7-cb25-4efe-9f87-2e36995ca9a6-8126815936", "trial_id": 17, "param_name": "sr", "param_value_internal": 0.026799906620181852, "distribution": "{\"name\": \"FloatDistribution\", \"attributes\": {\"step\": null, \"low\": 0.01, \"high\": 10.0, \"log\": true}}"}
{"op_code": 5, "worker_id": "96335de7-cb25-4efe-9f87-2e36995ca9a6-8126815936", "trial_id": 17, "param_name": "lr", "param_value_internal": 0.653090371966297, "distribution": "{\"name\": \"FloatDistribution\", \"attributes\": {\"step\": null, \"low\": 0.001, \"high\": 1.0, \"log\": true}}"}
{"op_code": 5, "worker_id": "96335de7-cb25-4efe-9f87-2e36995ca9a6-8126815936", "trial_id": 17, "param_name": "iss", "param_value_internal": 0.9755911507967656, "distribution": "{\"name\": \"FloatDistribution\", \"attributes\": {\"step\": null, \"low\": 0.0, \"high\": 1.0, \"log\": false}}"}
{"op_code": 5, "worker_id": "96335de7-cb25-4efe-9f87-2e36995ca9a6-8126815936", "trial_id": 17, "param_name": "ridge", "param_value_internal": 2.4178024419986927e-06, "distribution": "{\"name\": \"FloatDistribution\", \"attributes\": {\"step\": null, \"low\": 1e-09, \"high\": 0.01, \"log\": true}}"}
{"op_code": 0, "worker_id": "85684c35-ccb4-4bed-a94c-805115019dc3-8126815936", "study_name": "12_5_19_24_rossler_data_with_shifted_force_8", "directions": [1]}
{"op_code": 4, "worker_id": "85684c35-ccb4-4bed-a94c-805115019dc3-8126815936", "study_id": 0, "datetime_start": "2023-12-05T19:28:41.048599"}
{"op_code": 5, "worker_id": "85684c35-ccb4-4bed-a94c-805115019dc3-8126815936", "trial_id": 18, "param_name": "sr", "param_value_internal": 0.1423027598188429, "distribution": "{\"name\": \"FloatDistribution\", \"attributes\": {\"step\": null, \"low\": 0.01, \"high\": 10.0, \"log\": true}}"}
{"op_code": 5, "worker_id": "85684c35-ccb4-4bed-a94c-805115019dc3-8126815936", "trial_id": 18, "param_name": "lr", "param_value_internal": 0.0012039333393089483, "distribution": "{\"name\": \"FloatDistribution\", \"attributes\": {\"step\": null, \"low\": 0.001, \"high\": 1.0, \"log\": true}}"}
{"op_code": 5, "worker_id": "85684c35-ccb4-4bed-a94c-805115019dc3-8126815936", "trial_id": 18, "param_name": "iss", "param_value_internal": 0.45905810694653004, "distribution": "{\"name\": \"FloatDistribution\", \"attributes\": {\"step\": null, \"low\": 0.0, \"high\": 1.0, \"log\": false}}"}
{"op_code": 5, "worker_id": "85684c35-ccb4-4bed-a94c-805115019dc3-8126815936", "trial_id": 18, "param_name": "ridge", "param_value_internal": 2.0715612277992298e-05, "distribution": "{\"name\": \"FloatDistribution\", \"attributes\": {\"step\": null, \"low\": 1e-09, \"high\": 0.01, \"log\": true}}"}
{"op_code": 0, "worker_id": "c761fbba-a475-4825-ac11-9acee2c8ef61-8126815936", "study_name": "12_5_19_24_rossler_data_with_shifted_force_8", "directions": [1]}
{"op_code": 4, "worker_id": "c761fbba-a475-4825-ac11-9acee2c8ef61-8126815936", "study_id": 0, "datetime_start": "2023-12-05T19:28:41.055656"}
{"op_code": 5, "worker_id": "c761fbba-a475-4825-ac11-9acee2c8ef61-8126815936", "trial_id": 19, "param_name": "sr", "param_value_internal": 0.01390026088252936, "distribution": "{\"name\": \"FloatDistribution\", \"attributes\": {\"step\": null, \"low\": 0.01, \"high\": 10.0, \"log\": true}}"}
{"op_code": 5, "worker_id": "c761fbba-a475-4825-ac11-9acee2c8ef61-8126815936", "trial_id": 19, "param_name": "lr", "param_value_internal": 0.11867228389895987, "distribution": "{\"name\": \"FloatDistribution\", \"attributes\": {\"step\": null, \"low\": 0.001, \"high\": 1.0, \"log\": true}}"}
{"op_code": 5, "worker_id": "c761fbba-a475-4825-ac11-9acee2c8ef61-8126815936", "trial_id": 19, "param_name": "iss", "param_value_internal": 0.24438884029804786, "distribution": "{\"name\": \"FloatDistribution\", \"attributes\": {\"step\": null, \"low\": 0.0, \"high\": 1.0, \"log\": false}}"}
{"op_code": 5, "worker_id": "c761fbba-a475-4825-ac11-9acee2c8ef61-8126815936", "trial_id": 19, "param_name": "ridge", "param_value_internal": 2.3729712990837992e-06, "distribution": "{\"name\": \"FloatDistribution\", \"attributes\": {\"step\": null, \"low\": 1e-09, \"high\": 0.01, \"log\": true}}"}
