{"obj": {"type": "AssignString", "path": ["sys", "name"], "value": "Untitled"}, "version": 1}
{"obj": {"type": "AssignString", "path": ["sys", "description"], "value": ""}, "version": 2}
{"obj": {"type": "AssignString", "path": ["monitoring", "3e78df03", "hostname"], "value": "ManQueennoMacBook-Pro.local"}, "version": 3}
{"obj": {"type": "AssignString", "path": ["sys", "hostname"], "value": "ManQueennoMacBook-Pro.local"}, "version": 4}
{"obj": {"type": "AssignString", "path": ["monitoring", "3e78df03", "pid"], "value": "10994"}, "version": 5}
{"obj": {"type": "AssignString", "path": ["monitoring", "3e78df03", "tid"], "value": "8080793280"}, "version": 6}
{"obj": {"type": "AssignBool", "path": ["sys", "failed"], "value": false}, "version": 7}
{"obj": {"type": "ClearStringLog", "path": ["monitoring", "3e78df03", "stdout"]}, "version": 8}
{"obj": {"type": "ClearStringLog", "path": ["monitoring", "3e78df03", "stderr"]}, "version": 9}
{"obj": {"type": "AssignString", "path": ["source_code", "entrypoint"], "value": "2.1.3.py"}, "version": 10}
{"obj": {"type": "UploadFileSet", "path": ["source_code", "files"], "file_globs": ["/Users/manqueenmannequin/mygit/B4thesis_public/mywork/program/Rossler\u4e88\u6e2c_new/2/2.1/2.1.3.py"], "reset": "False"}, "version": 11}
{"obj": {"type": "UploadFile", "path": ["source_code", "diff"], "ext": "patch", "file_path": null, "tmp_file_name": "source_code_diff-1699691086.123907-2023-11-11_17.24.46.123907.patch", "clean_after_upload": false}, "version": 12}
{"obj": {"type": "ConfigFloatSeries", "path": ["monitoring", "3e78df03", "cpu"], "min": 0.0, "max": 100.0, "unit": "%"}, "version": 13}
{"obj": {"type": "ClearFloatLog", "path": ["monitoring", "3e78df03", "cpu"]}, "version": 14}
{"obj": {"type": "ConfigFloatSeries", "path": ["monitoring", "3e78df03", "memory"], "min": 0.0, "max": 16.0, "unit": "GB"}, "version": 15}
{"obj": {"type": "ClearFloatLog", "path": ["monitoring", "3e78df03", "memory"]}, "version": 16}
{"obj": {"type": "LogStrings", "path": ["monitoring", "3e78df03", "stderr"], "values": [{"value": "Info (NVML): NVML Shared Library Not Found. GPU usage metrics may not be reported. For more information, see https://docs.neptune.ai/help/nvml_error/\n", "step": null, "ts": 1699691086.132266}]}, "version": 17}
{"obj": {"type": "LogFloats", "path": ["monitoring", "3e78df03", "cpu"], "values": [{"value": 44.5, "step": null, "ts": 1699691086.132373}]}, "version": 18}
{"obj": {"type": "LogFloats", "path": ["monitoring", "3e78df03", "memory"], "values": [{"value": 10.972152709960938, "step": null, "ts": 1699691086.132373}]}, "version": 19}
{"obj": {"type": "LogStrings", "path": ["monitoring", "3e78df03", "stdout"], "values": [{"value": "https://app.neptune.ai/shokuno55/B4thesis/e/BTHES-36\n", "step": null, "ts": 1699691087.2487411}]}, "version": 20}
{"obj": {"type": "LogStrings", "path": ["monitoring", "3e78df03", "stdout"], "values": [{"value": "https://app.neptune.ai/shokuno55/B4thesis/e/BTHES-40\n", "step": null, "ts": 1699691088.2968478}]}, "version": 21}
{"obj": {"type": "LogStrings", "path": ["monitoring", "3e78df03", "stdout"], "values": [{"value": "Shutting down background jobs, please wait a moment...\n", "step": null, "ts": 1699691088.524683}]}, "version": 22}
{"obj": {"type": "LogStrings", "path": ["monitoring", "3e78df03", "stdout"], "values": [{"value": "Done!\n", "step": null, "ts": 1699691089.077288}]}, "version": 23}
{"obj": {"type": "LogStrings", "path": ["monitoring", "3e78df03", "stdout"], "values": [{"value": "Waiting for the remaining 24 operations to synchronize with Neptune. Do not kill this process.\n", "step": null, "ts": 1699691089.0775528}]}, "version": 24}
{"obj": {"type": "LogStrings", "path": ["monitoring", "3e78df03", "stdout"], "values": [{"value": "All 24 operations synced, thanks for waiting!\n", "step": null, "ts": 1699691089.700429}]}, "version": 25}
{"obj": {"type": "LogStrings", "path": ["monitoring", "3e78df03", "stdout"], "values": [{"value": "Explore the metadata in the Neptune app:\n", "step": null, "ts": 1699691089.7013178}]}, "version": 26}
{"obj": {"type": "LogStrings", "path": ["monitoring", "3e78df03", "stdout"], "values": [{"value": "https://app.neptune.ai/shokuno55/B4thesis/e/BTHES-40/metadata\n", "step": null, "ts": 1699691089.7015848}]}, "version": 27}
{"obj": {"type": "LogFloats", "path": ["monitoring", "3e78df03", "cpu"], "values": [{"value": 65.1, "step": null, "ts": 1699691096.139837}]}, "version": 28}
{"obj": {"type": "LogFloats", "path": ["monitoring", "3e78df03", "memory"], "values": [{"value": 11.184829711914062, "step": null, "ts": 1699691096.139837}]}, "version": 29}
{"obj": {"type": "LogFloats", "path": ["monitoring", "3e78df03", "cpu"], "values": [{"value": 42.3, "step": null, "ts": 1699691106.1442938}]}, "version": 30}
{"obj": {"type": "LogFloats", "path": ["monitoring", "3e78df03", "memory"], "values": [{"value": 11.458358764648438, "step": null, "ts": 1699691106.1442938}]}, "version": 31}
{"obj": {"type": "LogFloats", "path": ["monitoring", "3e78df03", "cpu"], "values": [{"value": 26.4, "step": null, "ts": 1699691116.149724}]}, "version": 32}
{"obj": {"type": "LogFloats", "path": ["monitoring", "3e78df03", "memory"], "values": [{"value": 11.22869873046875, "step": null, "ts": 1699691116.149724}]}, "version": 33}
