{"obj": {"type": "AssignString", "path": ["sys", "name"], "value": "Untitled"}, "version": 1}
{"obj": {"type": "AssignString", "path": ["sys", "description"], "value": ""}, "version": 2}
{"obj": {"type": "AssignString", "path": ["monitoring", "d3d4279c", "hostname"], "value": "ManQueennoMacBook-Pro.local"}, "version": 3}
{"obj": {"type": "AssignString", "path": ["sys", "hostname"], "value": "ManQueennoMacBook-Pro.local"}, "version": 4}
{"obj": {"type": "AssignString", "path": ["monitoring", "d3d4279c", "pid"], "value": "15678"}, "version": 5}
{"obj": {"type": "AssignString", "path": ["monitoring", "d3d4279c", "tid"], "value": "8080793280"}, "version": 6}
{"obj": {"type": "AssignBool", "path": ["sys", "failed"], "value": false}, "version": 7}
{"obj": {"type": "ClearStringLog", "path": ["monitoring", "d3d4279c", "stdout"]}, "version": 8}
{"obj": {"type": "ClearStringLog", "path": ["monitoring", "d3d4279c", "stderr"]}, "version": 9}
{"obj": {"type": "AssignString", "path": ["source_code", "entrypoint"], "value": "para.2.1.py"}, "version": 10}
{"obj": {"type": "UploadFileSet", "path": ["source_code", "files"], "file_globs": ["/Users/manqueenmannequin/mygit/B4thesis_public/mywork/program/Rossler\u4e88\u6e2c_new/2/2.1/para.2.1.py"], "reset": "False"}, "version": 11}
{"obj": {"type": "UploadFile", "path": ["source_code", "diff"], "ext": "patch", "file_path": null, "tmp_file_name": "source_code_diff-1699698313.054179-2023-11-11_19.25.13.054179.patch", "clean_after_upload": false}, "version": 12}
{"obj": {"type": "ConfigFloatSeries", "path": ["monitoring", "d3d4279c", "cpu"], "min": 0.0, "max": 100.0, "unit": "%"}, "version": 13}
{"obj": {"type": "ClearFloatLog", "path": ["monitoring", "d3d4279c", "cpu"]}, "version": 14}
{"obj": {"type": "LogStrings", "path": ["monitoring", "d3d4279c", "stderr"], "values": [{"value": "Info (NVML): NVML Shared Library Not Found. GPU usage metrics may not be reported. For more information, see https://docs.neptune.ai/help/nvml_error/\n", "step": null, "ts": 1699698313.060784}]}, "version": 15}
{"obj": {"type": "ConfigFloatSeries", "path": ["monitoring", "d3d4279c", "memory"], "min": 0.0, "max": 16.0, "unit": "GB"}, "version": 16}
{"obj": {"type": "ClearFloatLog", "path": ["monitoring", "d3d4279c", "memory"]}, "version": 17}
{"obj": {"type": "LogFloats", "path": ["monitoring", "d3d4279c", "cpu"], "values": [{"value": 27.0, "step": null, "ts": 1699698313.061225}]}, "version": 18}
{"obj": {"type": "LogFloats", "path": ["monitoring", "d3d4279c", "memory"], "values": [{"value": 9.64202880859375, "step": null, "ts": 1699698313.061225}]}, "version": 19}
{"obj": {"type": "LogFloats", "path": ["monitoring", "d3d4279c", "cpu"], "values": [{"value": 52.4, "step": null, "ts": 1699698323.067595}]}, "version": 20}
{"obj": {"type": "LogFloats", "path": ["monitoring", "d3d4279c", "memory"], "values": [{"value": 9.682586669921875, "step": null, "ts": 1699698323.067595}]}, "version": 21}
