{"obj": {"type": "AssignString", "path": ["sys", "name"], "value": "Untitled"}, "version": 1}
{"obj": {"type": "AssignString", "path": ["sys", "description"], "value": ""}, "version": 2}
{"obj": {"type": "AssignString", "path": ["monitoring", "ba92d700", "hostname"], "value": "ManQueennoMacBook-Pro.local"}, "version": 3}
{"obj": {"type": "AssignString", "path": ["sys", "hostname"], "value": "ManQueennoMacBook-Pro.local"}, "version": 4}
{"obj": {"type": "AssignString", "path": ["monitoring", "ba92d700", "pid"], "value": "12042"}, "version": 5}
{"obj": {"type": "AssignString", "path": ["monitoring", "ba92d700", "tid"], "value": "8080793280"}, "version": 6}
{"obj": {"type": "AssignBool", "path": ["sys", "failed"], "value": false}, "version": 7}
{"obj": {"type": "ClearStringLog", "path": ["monitoring", "ba92d700", "stdout"]}, "version": 8}
{"obj": {"type": "ClearStringLog", "path": ["monitoring", "ba92d700", "stderr"]}, "version": 9}
{"obj": {"type": "AssignString", "path": ["source_code", "entrypoint"], "value": "2.1.3.py"}, "version": 10}
{"obj": {"type": "UploadFileSet", "path": ["source_code", "files"], "file_globs": ["/Users/manqueenmannequin/mygit/B4thesis_public/mywork/program/Rossler\u4e88\u6e2c_new/2/2.1/2.1.3.py"], "reset": "False"}, "version": 11}
{"obj": {"type": "UploadFile", "path": ["source_code", "diff"], "ext": "patch", "file_path": null, "tmp_file_name": "source_code_diff-1699692119.992322-2023-11-11_17.41.59.992322.patch", "clean_after_upload": false}, "version": 12}
{"obj": {"type": "ConfigFloatSeries", "path": ["monitoring", "ba92d700", "cpu"], "min": 0.0, "max": 100.0, "unit": "%"}, "version": 13}
{"obj": {"type": "ClearFloatLog", "path": ["monitoring", "ba92d700", "cpu"]}, "version": 14}
{"obj": {"type": "LogStrings", "path": ["monitoring", "ba92d700", "stderr"], "values": [{"value": "Info (NVML): NVML Shared Library Not Found. GPU usage metrics may not be reported. For more information, see https://docs.neptune.ai/help/nvml_error/\n", "step": null, "ts": 1699692119.997578}]}, "version": 15}
{"obj": {"type": "ConfigFloatSeries", "path": ["monitoring", "ba92d700", "memory"], "min": 0.0, "max": 16.0, "unit": "GB"}, "version": 16}
{"obj": {"type": "ClearFloatLog", "path": ["monitoring", "ba92d700", "memory"]}, "version": 17}
{"obj": {"type": "LogFloats", "path": ["monitoring", "ba92d700", "cpu"], "values": [{"value": 24.5, "step": null, "ts": 1699692119.997919}]}, "version": 18}
{"obj": {"type": "LogFloats", "path": ["monitoring", "ba92d700", "memory"], "values": [{"value": 11.150650024414062, "step": null, "ts": 1699692119.997919}]}, "version": 19}
{"obj": {"type": "LogStrings", "path": ["monitoring", "ba92d700", "stdout"], "values": [{"value": "https://app.neptune.ai/shokuno55/B4thesis/e/BTHES-59\n", "step": null, "ts": 1699692121.0511}]}, "version": 20}
{"obj": {"type": "LogFloats", "path": ["monitoring", "ba92d700", "cpu"], "values": [{"value": 39.7, "step": null, "ts": 1699692130.000582}]}, "version": 21}
{"obj": {"type": "LogFloats", "path": ["monitoring", "ba92d700", "memory"], "values": [{"value": 11.250076293945312, "step": null, "ts": 1699692130.000582}]}, "version": 22}
{"obj": {"type": "LogFloats", "path": ["monitoring", "ba92d700", "cpu"], "values": [{"value": 36.2, "step": null, "ts": 1699692140.006065}]}, "version": 23}
{"obj": {"type": "LogFloats", "path": ["monitoring", "ba92d700", "memory"], "values": [{"value": 11.334457397460938, "step": null, "ts": 1699692140.006065}]}, "version": 24}
{"obj": {"type": "LogFloats", "path": ["monitoring", "ba92d700", "cpu"], "values": [{"value": 38.3, "step": null, "ts": 1699692150.011552}]}, "version": 25}
{"obj": {"type": "LogFloats", "path": ["monitoring", "ba92d700", "memory"], "values": [{"value": 11.1663818359375, "step": null, "ts": 1699692150.011552}]}, "version": 26}
{"obj": {"type": "LogFloats", "path": ["monitoring", "ba92d700", "cpu"], "values": [{"value": 35.5, "step": null, "ts": 1699692160.016809}]}, "version": 27}
{"obj": {"type": "LogFloats", "path": ["monitoring", "ba92d700", "memory"], "values": [{"value": 11.20428466796875, "step": null, "ts": 1699692160.016809}]}, "version": 28}
{"obj": {"type": "LogFloats", "path": ["monitoring", "ba92d700", "cpu"], "values": [{"value": 48.9, "step": null, "ts": 1699692170.022269}]}, "version": 29}
{"obj": {"type": "LogFloats", "path": ["monitoring", "ba92d700", "memory"], "values": [{"value": 11.582687377929688, "step": null, "ts": 1699692170.022269}]}, "version": 30}
{"obj": {"type": "LogFloats", "path": ["monitoring", "ba92d700", "cpu"], "values": [{"value": 36.1, "step": null, "ts": 1699692180.023166}]}, "version": 31}
{"obj": {"type": "LogFloats", "path": ["monitoring", "ba92d700", "memory"], "values": [{"value": 10.839950561523438, "step": null, "ts": 1699692180.023166}]}, "version": 32}
{"obj": {"type": "LogFloats", "path": ["monitoring", "ba92d700", "cpu"], "values": [{"value": 38.0, "step": null, "ts": 1699692190.0285518}]}, "version": 33}
{"obj": {"type": "LogFloats", "path": ["monitoring", "ba92d700", "memory"], "values": [{"value": 11.042938232421875, "step": null, "ts": 1699692190.0285518}]}, "version": 34}
{"obj": {"type": "LogFloats", "path": ["monitoring", "ba92d700", "cpu"], "values": [{"value": 34.0, "step": null, "ts": 1699692200.030091}]}, "version": 35}
{"obj": {"type": "LogFloats", "path": ["monitoring", "ba92d700", "memory"], "values": [{"value": 11.091842651367188, "step": null, "ts": 1699692200.030091}]}, "version": 36}
{"obj": {"type": "LogFloats", "path": ["monitoring", "ba92d700", "cpu"], "values": [{"value": 35.1, "step": null, "ts": 1699692210.03466}]}, "version": 37}
{"obj": {"type": "LogFloats", "path": ["monitoring", "ba92d700", "memory"], "values": [{"value": 11.150634765625, "step": null, "ts": 1699692210.03466}]}, "version": 38}
{"obj": {"type": "LogFloats", "path": ["monitoring", "ba92d700", "cpu"], "values": [{"value": 33.9, "step": null, "ts": 1699692220.04016}]}, "version": 39}
{"obj": {"type": "LogFloats", "path": ["monitoring", "ba92d700", "memory"], "values": [{"value": 11.224807739257812, "step": null, "ts": 1699692220.04016}]}, "version": 40}
{"obj": {"type": "LogFloats", "path": ["monitoring", "ba92d700", "cpu"], "values": [{"value": 33.5, "step": null, "ts": 1699692230.045673}]}, "version": 41}
{"obj": {"type": "LogFloats", "path": ["monitoring", "ba92d700", "memory"], "values": [{"value": 11.287918090820312, "step": null, "ts": 1699692230.045673}]}, "version": 42}
{"obj": {"type": "LogFloats", "path": ["monitoring", "ba92d700", "cpu"], "values": [{"value": 40.7, "step": null, "ts": 1699692240.05109}]}, "version": 43}
{"obj": {"type": "LogFloats", "path": ["monitoring", "ba92d700", "memory"], "values": [{"value": 11.534454345703125, "step": null, "ts": 1699692240.05109}]}, "version": 44}
{"obj": {"type": "LogFloats", "path": ["monitoring", "ba92d700", "cpu"], "values": [{"value": 71.3, "step": null, "ts": 1699692250.0535839}]}, "version": 45}
{"obj": {"type": "LogFloats", "path": ["monitoring", "ba92d700", "memory"], "values": [{"value": 11.191482543945312, "step": null, "ts": 1699692250.0535839}]}, "version": 46}
{"obj": {"type": "LogFloats", "path": ["monitoring", "ba92d700", "cpu"], "values": [{"value": 35.5, "step": null, "ts": 1699692260.0591118}]}, "version": 47}
{"obj": {"type": "LogFloats", "path": ["monitoring", "ba92d700", "memory"], "values": [{"value": 11.36865234375, "step": null, "ts": 1699692260.0591118}]}, "version": 48}
