{"obj": {"type": "AssignString", "path": ["sys", "name"], "value": "Untitled"}, "version": 1}
{"obj": {"type": "AssignString", "path": ["sys", "description"], "value": ""}, "version": 2}
{"obj": {"type": "AssignString", "path": ["monitoring", "1773a9fe", "hostname"], "value": "ManQueennoMacBook-Pro.local"}, "version": 3}
{"obj": {"type": "AssignString", "path": ["sys", "hostname"], "value": "ManQueennoMacBook-Pro.local"}, "version": 4}
{"obj": {"type": "AssignString", "path": ["monitoring", "1773a9fe", "pid"], "value": "11206"}, "version": 5}
{"obj": {"type": "AssignString", "path": ["monitoring", "1773a9fe", "tid"], "value": "8080793280"}, "version": 6}
{"obj": {"type": "AssignBool", "path": ["sys", "failed"], "value": false}, "version": 7}
{"obj": {"type": "ClearStringLog", "path": ["monitoring", "1773a9fe", "stdout"]}, "version": 8}
{"obj": {"type": "ClearStringLog", "path": ["monitoring", "1773a9fe", "stderr"]}, "version": 9}
{"obj": {"type": "AssignString", "path": ["source_code", "entrypoint"], "value": "2.1.3.py"}, "version": 10}
{"obj": {"type": "UploadFileSet", "path": ["source_code", "files"], "file_globs": ["/Users/manqueenmannequin/mygit/B4thesis_public/mywork/program/Rossler\u4e88\u6e2c_new/2/2.1/2.1.3.py"], "reset": "False"}, "version": 11}
{"obj": {"type": "UploadFile", "path": ["source_code", "diff"], "ext": "patch", "file_path": null, "tmp_file_name": "source_code_diff-1699691362.335926-2023-11-11_17.29.22.335926.patch", "clean_after_upload": false}, "version": 12}
{"obj": {"type": "ConfigFloatSeries", "path": ["monitoring", "1773a9fe", "cpu"], "min": 0.0, "max": 100.0, "unit": "%"}, "version": 13}
{"obj": {"type": "ClearFloatLog", "path": ["monitoring", "1773a9fe", "cpu"]}, "version": 14}
{"obj": {"type": "LogStrings", "path": ["monitoring", "1773a9fe", "stderr"], "values": [{"value": "Info (NVML): NVML Shared Library Not Found. GPU usage metrics may not be reported. For more information, see https://docs.neptune.ai/help/nvml_error/\n", "step": null, "ts": 1699691362.3416162}]}, "version": 15}
{"obj": {"type": "ConfigFloatSeries", "path": ["monitoring", "1773a9fe", "memory"], "min": 0.0, "max": 16.0, "unit": "GB"}, "version": 16}
{"obj": {"type": "ClearFloatLog", "path": ["monitoring", "1773a9fe", "memory"]}, "version": 17}
{"obj": {"type": "LogFloats", "path": ["monitoring", "1773a9fe", "cpu"], "values": [{"value": 37.7, "step": null, "ts": 1699691362.3421628}]}, "version": 18}
{"obj": {"type": "LogFloats", "path": ["monitoring", "1773a9fe", "memory"], "values": [{"value": 11.048065185546875, "step": null, "ts": 1699691362.3421628}]}, "version": 19}
{"obj": {"type": "LogStrings", "path": ["monitoring", "1773a9fe", "stdout"], "values": [{"value": "https://app.neptune.ai/shokuno55/B4thesis/e/BTHES-50\n", "step": null, "ts": 1699691363.39726}]}, "version": 20}
{"obj": {"type": "LogStrings", "path": ["monitoring", "1773a9fe", "stdout"], "values": [{"value": "Shutting down background jobs, please wait a moment...\n", "step": null, "ts": 1699691372.0874162}]}, "version": 21}
{"obj": {"type": "LogStrings", "path": ["monitoring", "1773a9fe", "stdout"], "values": [{"value": "Done!\n", "step": null, "ts": 1699691372.317394}]}, "version": 22}
{"obj": {"type": "LogStrings", "path": ["monitoring", "1773a9fe", "stdout"], "values": [{"value": "Waiting for the remaining 52 operations to synchronize with Neptune. Do not kill this process.\n", "step": null, "ts": 1699691372.319173}]}, "version": 23}
{"obj": {"type": "LogFloats", "path": ["monitoring", "1773a9fe", "cpu"], "values": [{"value": 66.3, "step": null, "ts": 1699691372.347559}]}, "version": 24}
{"obj": {"type": "LogFloats", "path": ["monitoring", "1773a9fe", "memory"], "values": [{"value": 11.284912109375, "step": null, "ts": 1699691372.347559}]}, "version": 25}
{"obj": {"type": "LogFloats", "path": ["monitoring", "1773a9fe", "cpu"], "values": [{"value": 38.2, "step": null, "ts": 1699691382.3531368}]}, "version": 26}
{"obj": {"type": "LogFloats", "path": ["monitoring", "1773a9fe", "memory"], "values": [{"value": 11.529891967773438, "step": null, "ts": 1699691382.3531368}]}, "version": 27}
{"obj": {"type": "LogStrings", "path": ["monitoring", "1773a9fe", "stdout"], "values": [{"value": "All 52 operations synced, thanks for waiting!\n", "step": null, "ts": 1699691382.840947}]}, "version": 28}
{"obj": {"type": "LogStrings", "path": ["monitoring", "1773a9fe", "stdout"], "values": [{"value": "Explore the metadata in the Neptune app:\n", "step": null, "ts": 1699691382.842304}]}, "version": 29}
{"obj": {"type": "LogStrings", "path": ["monitoring", "1773a9fe", "stdout"], "values": [{"value": "https://app.neptune.ai/shokuno55/B4thesis/e/BTHES-50/metadata\n", "step": null, "ts": 1699691382.842431}]}, "version": 30}
