{"obj": {"type": "AssignString", "path": ["sys", "name"], "value": "Untitled"}, "version": 1}
{"obj": {"type": "AssignString", "path": ["sys", "description"], "value": ""}, "version": 2}
{"obj": {"type": "AssignString", "path": ["monitoring", "710ecad1", "hostname"], "value": "ManQueennoMacBook-Pro.local"}, "version": 3}
{"obj": {"type": "AssignString", "path": ["sys", "hostname"], "value": "ManQueennoMacBook-Pro.local"}, "version": 4}
{"obj": {"type": "AssignString", "path": ["monitoring", "710ecad1", "pid"], "value": "11205"}, "version": 5}
{"obj": {"type": "AssignString", "path": ["monitoring", "710ecad1", "tid"], "value": "8080793280"}, "version": 6}
{"obj": {"type": "AssignBool", "path": ["sys", "failed"], "value": false}, "version": 7}
{"obj": {"type": "ClearStringLog", "path": ["monitoring", "710ecad1", "stdout"]}, "version": 8}
{"obj": {"type": "ClearStringLog", "path": ["monitoring", "710ecad1", "stderr"]}, "version": 9}
{"obj": {"type": "AssignString", "path": ["source_code", "entrypoint"], "value": "2.1.3.py"}, "version": 10}
{"obj": {"type": "UploadFileSet", "path": ["source_code", "files"], "file_globs": ["/Users/manqueenmannequin/mygit/B4thesis_public/mywork/program/Rossler\u4e88\u6e2c_new/2/2.1/2.1.3.py"], "reset": "False"}, "version": 11}
{"obj": {"type": "UploadFile", "path": ["source_code", "diff"], "ext": "patch", "file_path": null, "tmp_file_name": "source_code_diff-1699691362.355906-2023-11-11_17.29.22.355906.patch", "clean_after_upload": false}, "version": 12}
{"obj": {"type": "ConfigFloatSeries", "path": ["monitoring", "710ecad1", "cpu"], "min": 0.0, "max": 100.0, "unit": "%"}, "version": 13}
{"obj": {"type": "ClearFloatLog", "path": ["monitoring", "710ecad1", "cpu"]}, "version": 14}
{"obj": {"type": "ConfigFloatSeries", "path": ["monitoring", "710ecad1", "memory"], "min": 0.0, "max": 16.0, "unit": "GB"}, "version": 15}
{"obj": {"type": "ClearFloatLog", "path": ["monitoring", "710ecad1", "memory"]}, "version": 16}
{"obj": {"type": "LogFloats", "path": ["monitoring", "710ecad1", "cpu"], "values": [{"value": 37.7, "step": null, "ts": 1699691362.361469}]}, "version": 17}
{"obj": {"type": "LogFloats", "path": ["monitoring", "710ecad1", "memory"], "values": [{"value": 11.0289306640625, "step": null, "ts": 1699691362.361469}]}, "version": 18}
{"obj": {"type": "LogStrings", "path": ["monitoring", "710ecad1", "stderr"], "values": [{"value": "Info (NVML): NVML Shared Library Not Found. GPU usage metrics may not be reported. For more information, see https://docs.neptune.ai/help/nvml_error/\n", "step": null, "ts": 1699691362.363001}]}, "version": 19}
{"obj": {"type": "LogStrings", "path": ["monitoring", "710ecad1", "stdout"], "values": [{"value": "https://app.neptune.ai/shokuno55/B4thesis/e/BTHES-52\n", "step": null, "ts": 1699691363.3993301}]}, "version": 20}
{"obj": {"type": "LogFloats", "path": ["monitoring", "710ecad1", "cpu"], "values": [{"value": 66.2, "step": null, "ts": 1699691372.368163}]}, "version": 21}
{"obj": {"type": "LogFloats", "path": ["monitoring", "710ecad1", "memory"], "values": [{"value": 11.284042358398438, "step": null, "ts": 1699691372.368163}]}, "version": 22}
{"obj": {"type": "LogStrings", "path": ["monitoring", "710ecad1", "stdout"], "values": [{"value": "Shutting down background jobs, please wait a moment...\n", "step": null, "ts": 1699691377.45842}]}, "version": 23}
{"obj": {"type": "LogStrings", "path": ["monitoring", "710ecad1", "stdout"], "values": [{"value": "Done!\n", "step": null, "ts": 1699691377.721486}]}, "version": 24}
{"obj": {"type": "LogStrings", "path": ["monitoring", "710ecad1", "stdout"], "values": [{"value": "Waiting for the remaining 101 operations to synchronize with Neptune. Do not kill this process.\n", "step": null, "ts": 1699691377.722294}]}, "version": 25}
{"obj": {"type": "LogFloats", "path": ["monitoring", "710ecad1", "cpu"], "values": [{"value": 37.5, "step": null, "ts": 1699691382.369859}]}, "version": 26}
{"obj": {"type": "LogFloats", "path": ["monitoring", "710ecad1", "memory"], "values": [{"value": 11.529678344726562, "step": null, "ts": 1699691382.369859}]}, "version": 27}
