{"obj": {"type": "AssignString", "path": ["sys", "name"], "value": "Untitled"}, "version": 1}
{"obj": {"type": "AssignString", "path": ["sys", "description"], "value": ""}, "version": 2}
{"obj": {"type": "AssignString", "path": ["monitoring", "20547788", "hostname"], "value": "ManQueennoMacBook-Pro.local"}, "version": 3}
{"obj": {"type": "AssignString", "path": ["sys", "hostname"], "value": "ManQueennoMacBook-Pro.local"}, "version": 4}
{"obj": {"type": "AssignString", "path": ["monitoring", "20547788", "pid"], "value": "10997"}, "version": 5}
{"obj": {"type": "AssignString", "path": ["monitoring", "20547788", "tid"], "value": "8080793280"}, "version": 6}
{"obj": {"type": "AssignBool", "path": ["sys", "failed"], "value": false}, "version": 7}
{"obj": {"type": "ClearStringLog", "path": ["monitoring", "20547788", "stdout"]}, "version": 8}
{"obj": {"type": "ClearStringLog", "path": ["monitoring", "20547788", "stderr"]}, "version": 9}
{"obj": {"type": "AssignString", "path": ["source_code", "entrypoint"], "value": "2.1.3.py"}, "version": 10}
{"obj": {"type": "UploadFileSet", "path": ["source_code", "files"], "file_globs": ["/Users/manqueenmannequin/mygit/B4thesis_public/mywork/program/Rossler\u4e88\u6e2c_new/2/2.1/2.1.3.py"], "reset": "False"}, "version": 11}
{"obj": {"type": "UploadFile", "path": ["source_code", "diff"], "ext": "patch", "file_path": null, "tmp_file_name": "source_code_diff-1699691087.392708-2023-11-11_17.24.47.392708.patch", "clean_after_upload": false}, "version": 12}
{"obj": {"type": "ConfigFloatSeries", "path": ["monitoring", "20547788", "cpu"], "min": 0.0, "max": 100.0, "unit": "%"}, "version": 13}
{"obj": {"type": "ClearFloatLog", "path": ["monitoring", "20547788", "cpu"]}, "version": 14}
{"obj": {"type": "ConfigFloatSeries", "path": ["monitoring", "20547788", "memory"], "min": 0.0, "max": 16.0, "unit": "GB"}, "version": 15}
{"obj": {"type": "ClearFloatLog", "path": ["monitoring", "20547788", "memory"]}, "version": 16}
{"obj": {"type": "LogFloats", "path": ["monitoring", "20547788", "cpu"], "values": [{"value": 41.8, "step": null, "ts": 1699691087.402058}]}, "version": 17}
{"obj": {"type": "LogFloats", "path": ["monitoring", "20547788", "memory"], "values": [{"value": 11.161422729492188, "step": null, "ts": 1699691087.402058}]}, "version": 18}
{"obj": {"type": "LogStrings", "path": ["monitoring", "20547788", "stdout"], "values": [{"value": "https://app.neptune.ai/shokuno55/B4thesis/e/BTHES-41\n", "step": null, "ts": 1699691088.4337332}]}, "version": 19}
{"obj": {"type": "LogFloats", "path": ["monitoring", "20547788", "cpu"], "values": [{"value": 40.1, "step": null, "ts": 1699691097.406572}]}, "version": 20}
{"obj": {"type": "LogFloats", "path": ["monitoring", "20547788", "memory"], "values": [{"value": 11.47442626953125, "step": null, "ts": 1699691097.406572}]}, "version": 21}
{"obj": {"type": "LogStrings", "path": ["monitoring", "20547788", "stdout"], "values": [{"value": "Shutting down background jobs, please wait a moment...\n", "step": null, "ts": 1699691106.515828}]}, "version": 22}
{"obj": {"type": "LogStrings", "path": ["monitoring", "20547788", "stdout"], "values": [{"value": "Done!\n", "step": null, "ts": 1699691106.746558}]}, "version": 23}
{"obj": {"type": "LogStrings", "path": ["monitoring", "20547788", "stdout"], "values": [{"value": "Waiting for the remaining 148 operations to synchronize with Neptune. Do not kill this process.\n", "step": null, "ts": 1699691106.7468429}]}, "version": 24}
{"obj": {"type": "LogFloats", "path": ["monitoring", "20547788", "cpu"], "values": [{"value": 35.4, "step": null, "ts": 1699691107.4110348}]}, "version": 25}
{"obj": {"type": "LogFloats", "path": ["monitoring", "20547788", "memory"], "values": [{"value": 11.517974853515625, "step": null, "ts": 1699691107.4110348}]}, "version": 26}
