{"obj": {"type": "AssignString", "path": ["sys", "name"], "value": "Untitled"}, "version": 1}
{"obj": {"type": "AssignString", "path": ["sys", "description"], "value": ""}, "version": 2}
{"obj": {"type": "AssignString", "path": ["monitoring", "79e075a2", "hostname"], "value": "ManQueennoMacBook-Pro.local"}, "version": 3}
{"obj": {"type": "AssignString", "path": ["sys", "hostname"], "value": "ManQueennoMacBook-Pro.local"}, "version": 4}
{"obj": {"type": "AssignString", "path": ["monitoring", "79e075a2", "pid"], "value": "22161"}, "version": 5}
{"obj": {"type": "AssignString", "path": ["monitoring", "79e075a2", "tid"], "value": "8080793280"}, "version": 6}
{"obj": {"type": "AssignBool", "path": ["sys", "failed"], "value": false}, "version": 7}
{"obj": {"type": "ClearStringLog", "path": ["monitoring", "79e075a2", "stdout"]}, "version": 8}
{"obj": {"type": "ClearStringLog", "path": ["monitoring", "79e075a2", "stderr"]}, "version": 9}
{"obj": {"type": "AssignString", "path": ["source_code", "entrypoint"], "value": "2.1.3.py"}, "version": 10}
{"obj": {"type": "UploadFileSet", "path": ["source_code", "files"], "file_globs": ["/Users/manqueenmannequin/mygit/B4thesis_public/mywork/program/Rossler\u4e88\u6e2c_new/2/2.1/2.1.3.py"], "reset": "False"}, "version": 11}
{"obj": {"type": "UploadFile", "path": ["source_code", "diff"], "ext": "patch", "file_path": null, "tmp_file_name": "source_code_diff-1699714724.219343-2023-11-11_23.58.44.219343.patch", "clean_after_upload": false}, "version": 12}
{"obj": {"type": "ConfigFloatSeries", "path": ["monitoring", "79e075a2", "cpu"], "min": 0.0, "max": 100.0, "unit": "%"}, "version": 13}
{"obj": {"type": "ClearFloatLog", "path": ["monitoring", "79e075a2", "cpu"]}, "version": 14}
{"obj": {"type": "LogStrings", "path": ["monitoring", "79e075a2", "stderr"], "values": [{"value": "Info (NVML): NVML Shared Library Not Found. GPU usage metrics may not be reported. For more information, see https://docs.neptune.ai/help/nvml_error/\n", "step": null, "ts": 1699714724.225136}]}, "version": 15}
{"obj": {"type": "ConfigFloatSeries", "path": ["monitoring", "79e075a2", "memory"], "min": 0.0, "max": 16.0, "unit": "GB"}, "version": 16}
{"obj": {"type": "ClearFloatLog", "path": ["monitoring", "79e075a2", "memory"]}, "version": 17}
{"obj": {"type": "LogFloats", "path": ["monitoring", "79e075a2", "cpu"], "values": [{"value": 37.0, "step": null, "ts": 1699714724.2258}]}, "version": 18}
{"obj": {"type": "AssignString", "path": ["source_code", "integrations", "neptune-optuna"], "value": "1.1.0"}, "version": 19}
{"obj": {"type": "LogFloats", "path": ["monitoring", "79e075a2", "memory"], "values": [{"value": 9.754425048828125, "step": null, "ts": 1699714724.2258}]}, "version": 20}
{"obj": {"type": "LogFloats", "path": ["monitoring", "79e075a2", "cpu"], "values": [{"value": 71.0, "step": null, "ts": 1699714734.229745}]}, "version": 21}
{"obj": {"type": "LogFloats", "path": ["monitoring", "79e075a2", "memory"], "values": [{"value": 9.968048095703125, "step": null, "ts": 1699714734.229745}]}, "version": 22}
{"obj": {"type": "LogFloats", "path": ["monitoring", "79e075a2", "cpu"], "values": [{"value": 71.9, "step": null, "ts": 1699714744.231507}]}, "version": 23}
{"obj": {"type": "LogFloats", "path": ["monitoring", "79e075a2", "memory"], "values": [{"value": 10.170944213867188, "step": null, "ts": 1699714744.231507}]}, "version": 24}
{"obj": {"type": "LogFloats", "path": ["monitoring", "79e075a2", "cpu"], "values": [{"value": 99.5, "step": null, "ts": 1699714874.107904}]}, "version": 25}
{"obj": {"type": "LogFloats", "path": ["monitoring", "79e075a2", "memory"], "values": [{"value": 9.118560791015625, "step": null, "ts": 1699714874.107904}]}, "version": 26}
{"obj": {"type": "LogFloats", "path": ["monitoring", "79e075a2", "cpu"], "values": [{"value": 83.6, "step": null, "ts": 1699714884.109272}]}, "version": 27}
{"obj": {"type": "LogFloats", "path": ["monitoring", "79e075a2", "memory"], "values": [{"value": 8.537521362304688, "step": null, "ts": 1699714884.109272}]}, "version": 28}
