{"op_code": 0, "worker_id": "69631c17-3462-461d-b814-d4893238bbc5-139888123549504", "study_name": "VDP_random_6030100", "directions": [1]}
{"op_code": 4, "worker_id": "69631c17-3462-461d-b814-d4893238bbc5-139888123549504", "study_id": 0, "datetime_start": "2023-12-26T15:18:38.519396"}
{"op_code": 5, "worker_id": "69631c17-3462-461d-b814-d4893238bbc5-139888123549504", "trial_id": 0, "param_name": "sr", "param_value_internal": 0.9596985824356851, "distribution": "{\"name\": \"FloatDistribution\", \"attributes\": {\"step\": null, \"low\": 0.01, \"high\": 10.0, \"log\": true}}"}
{"op_code": 5, "worker_id": "69631c17-3462-461d-b814-d4893238bbc5-139888123549504", "trial_id": 0, "param_name": "lr", "param_value_internal": 0.4261965727613183, "distribution": "{\"name\": \"FloatDistribution\", \"attributes\": {\"step\": null, \"low\": 0.001, \"high\": 1.0, \"log\": true}}"}
{"op_code": 5, "worker_id": "69631c17-3462-461d-b814-d4893238bbc5-139888123549504", "trial_id": 0, "param_name": "iss", "param_value_internal": 0.9301645020954006, "distribution": "{\"name\": \"FloatDistribution\", \"attributes\": {\"step\": null, \"low\": 0.0, \"high\": 1.0, \"log\": false}}"}
{"op_code": 5, "worker_id": "69631c17-3462-461d-b814-d4893238bbc5-139888123549504", "trial_id": 0, "param_name": "ridge", "param_value_internal": 4.5430397875160875e-05, "distribution": "{\"name\": \"FloatDistribution\", \"attributes\": {\"step\": null, \"low\": 1e-09, \"high\": 0.01, \"log\": true}}"}
{"op_code": 0, "worker_id": "77710e28-82fb-4e87-93ba-25794a8ab440-139651286652736", "study_name": "VDP_random_6030100", "directions": [1]}
{"op_code": 4, "worker_id": "77710e28-82fb-4e87-93ba-25794a8ab440-139651286652736", "study_id": 0, "datetime_start": "2023-12-26T15:18:38.554707"}
{"op_code": 0, "worker_id": "b0d4ebd3-16e8-4521-bd57-fdfe8fcfd4a4-139889445939008", "study_name": "VDP_random_6030100", "directions": [1]}
{"op_code": 5, "worker_id": "77710e28-82fb-4e87-93ba-25794a8ab440-139651286652736", "trial_id": 1, "param_name": "sr", "param_value_internal": 0.2881815028219968, "distribution": "{\"name\": \"FloatDistribution\", \"attributes\": {\"step\": null, \"low\": 0.01, \"high\": 10.0, \"log\": true}}"}
{"op_code": 0, "worker_id": "e343c5be-5f82-4f10-aa8b-d587007cfaff-140251350443840", "study_name": "VDP_random_6030100", "directions": [1]}
{"op_code": 5, "worker_id": "77710e28-82fb-4e87-93ba-25794a8ab440-139651286652736", "trial_id": 1, "param_name": "lr", "param_value_internal": 0.0016846301276017197, "distribution": "{\"name\": \"FloatDistribution\", \"attributes\": {\"step\": null, \"low\": 0.001, \"high\": 1.0, \"log\": true}}"}
{"op_code": 4, "worker_id": "b0d4ebd3-16e8-4521-bd57-fdfe8fcfd4a4-139889445939008", "study_id": 0, "datetime_start": "2023-12-26T15:18:38.567585"}
{"op_code": 0, "worker_id": "3a5f4525-1cd5-4cb7-a556-6ae34beb2459-140367630075712", "study_name": "VDP_random_6030100", "directions": [1]}
{"op_code": 0, "worker_id": "d0e75e10-15aa-4277-a2d9-2e64b0800dde-139809520834368", "study_name": "VDP_random_6030100", "directions": [1]}
{"op_code": 5, "worker_id": "b0d4ebd3-16e8-4521-bd57-fdfe8fcfd4a4-139889445939008", "trial_id": 2, "param_name": "sr", "param_value_internal": 2.836991312550964, "distribution": "{\"name\": \"FloatDistribution\", \"attributes\": {\"step\": null, \"low\": 0.01, \"high\": 10.0, \"log\": true}}"}
{"op_code": 0, "worker_id": "70d9e330-cca4-4fc7-8ad7-47d59713eea2-139860418090816", "study_name": "VDP_random_6030100", "directions": [1]}
{"op_code": 5, "worker_id": "b0d4ebd3-16e8-4521-bd57-fdfe8fcfd4a4-139889445939008", "trial_id": 2, "param_name": "lr", "param_value_internal": 0.023380358090102114, "distribution": "{\"name\": \"FloatDistribution\", \"attributes\": {\"step\": null, \"low\": 0.001, \"high\": 1.0, \"log\": true}}"}
{"op_code": 0, "worker_id": "21320292-aa2f-430e-b5c5-7431685ff371-140327904225088", "study_name": "VDP_random_6030100", "directions": [1]}
{"op_code": 5, "worker_id": "b0d4ebd3-16e8-4521-bd57-fdfe8fcfd4a4-139889445939008", "trial_id": 2, "param_name": "iss", "param_value_internal": 0.9363483130246383, "distribution": "{\"name\": \"FloatDistribution\", \"attributes\": {\"step\": null, \"low\": 0.0, \"high\": 1.0, \"log\": false}}"}
{"op_code": 4, "worker_id": "70d9e330-cca4-4fc7-8ad7-47d59713eea2-139860418090816", "study_id": 0, "datetime_start": "2023-12-26T15:18:38.691115"}
{"op_code": 5, "worker_id": "b0d4ebd3-16e8-4521-bd57-fdfe8fcfd4a4-139889445939008", "trial_id": 2, "param_name": "ridge", "param_value_internal": 2.513106173610792e-08, "distribution": "{\"name\": \"FloatDistribution\", \"attributes\": {\"step\": null, \"low\": 1e-09, \"high\": 0.01, \"log\": true}}"}
{"op_code": 0, "worker_id": "e7cde8e3-09ce-4667-ab68-fd821ad65c0c-140507913729856", "study_name": "VDP_random_6030100", "directions": [1]}
{"op_code": 0, "worker_id": "59ea42e5-f47d-4bbd-9176-90b1a0968bfb-140279910553408", "study_name": "VDP_random_6030100", "directions": [1]}
{"op_code": 4, "worker_id": "21320292-aa2f-430e-b5c5-7431685ff371-140327904225088", "study_id": 0, "datetime_start": "2023-12-26T15:18:38.697709"}
{"op_code": 0, "worker_id": "5d7ff59b-dbe7-4673-86df-ab0c5aef4e45-140642751477568", "study_name": "VDP_random_6030100", "directions": [1]}
{"op_code": 4, "worker_id": "e7cde8e3-09ce-4667-ab68-fd821ad65c0c-140507913729856", "study_id": 0, "datetime_start": "2023-12-26T15:18:38.711570"}
{"op_code": 0, "worker_id": "61848c23-66d6-48a5-aa3c-f63ba3d002d9-140372874729280", "study_name": "VDP_random_6030100", "directions": [1]}
{"op_code": 0, "worker_id": "6117d878-71a2-49df-9ed8-b209807794c9-140595384514368", "study_name": "VDP_random_6030100", "directions": [1]}
{"op_code": 5, "worker_id": "e7cde8e3-09ce-4667-ab68-fd821ad65c0c-140507913729856", "trial_id": 5, "param_name": "sr", "param_value_internal": 0.018087197481822557, "distribution": "{\"name\": \"FloatDistribution\", \"attributes\": {\"step\": null, \"low\": 0.01, \"high\": 10.0, \"log\": true}}"}
{"op_code": 4, "worker_id": "5d7ff59b-dbe7-4673-86df-ab0c5aef4e45-140642751477568", "study_id": 0, "datetime_start": "2023-12-26T15:18:38.721935"}
{"op_code": 0, "worker_id": "26b58bf8-9e7e-4201-9219-15abc36a42a2-140307740157760", "study_name": "VDP_random_6030100", "directions": [1]}
{"op_code": 4, "worker_id": "59ea42e5-f47d-4bbd-9176-90b1a0968bfb-140279910553408", "study_id": 0, "datetime_start": "2023-12-26T15:18:38.714755"}
{"op_code": 5, "worker_id": "5d7ff59b-dbe7-4673-86df-ab0c5aef4e45-140642751477568", "trial_id": 6, "param_name": "sr", "param_value_internal": 9.127294258527613, "distribution": "{\"name\": \"FloatDistribution\", \"attributes\": {\"step\": null, \"low\": 0.01, \"high\": 10.0, \"log\": true}}"}
{"op_code": 4, "worker_id": "6117d878-71a2-49df-9ed8-b209807794c9-140595384514368", "study_id": 0, "datetime_start": "2023-12-26T15:18:38.730730"}
{"op_code": 4, "worker_id": "26b58bf8-9e7e-4201-9219-15abc36a42a2-140307740157760", "study_id": 0, "datetime_start": "2023-12-26T15:18:38.740862"}
{"op_code": 4, "worker_id": "61848c23-66d6-48a5-aa3c-f63ba3d002d9-140372874729280", "study_id": 0, "datetime_start": "2023-12-26T15:18:38.726950"}
{"op_code": 0, "worker_id": "de9872d8-0a7f-4479-b9ea-602d5e926e2a-140486342399808", "study_name": "VDP_random_6030100", "directions": [1]}
{"op_code": 5, "worker_id": "5d7ff59b-dbe7-4673-86df-ab0c5aef4e45-140642751477568", "trial_id": 6, "param_name": "lr", "param_value_internal": 0.24965067587562081, "distribution": "{\"name\": \"FloatDistribution\", \"attributes\": {\"step\": null, \"low\": 0.001, \"high\": 1.0, \"log\": true}}"}
{"op_code": 0, "worker_id": "fe6898ee-d1c5-4d7e-89d2-dca6e3ccfa25-139918517020480", "study_name": "VDP_random_6030100", "directions": [1]}
{"op_code": 0, "worker_id": "881c1da2-b950-45a2-9d2f-b58f3f23e38f-140328478271296", "study_name": "VDP_random_6030100", "directions": [1]}
{"op_code": 4, "worker_id": "de9872d8-0a7f-4479-b9ea-602d5e926e2a-140486342399808", "study_id": 0, "datetime_start": "2023-12-26T15:18:38.760047"}
{"op_code": 4, "worker_id": "fe6898ee-d1c5-4d7e-89d2-dca6e3ccfa25-139918517020480", "study_id": 0, "datetime_start": "2023-12-26T15:18:38.764890"}
{"op_code": 0, "worker_id": "6574da76-6363-4f65-809e-986b67e7f7cf-140313367516992", "study_name": "VDP_random_6030100", "directions": [1]}
{"op_code": 5, "worker_id": "70d9e330-cca4-4fc7-8ad7-47d59713eea2-139860418090816", "trial_id": 3, "param_name": "sr", "param_value_internal": 0.2316597845279302, "distribution": "{\"name\": \"FloatDistribution\", \"attributes\": {\"step\": null, \"low\": 0.01, \"high\": 10.0, \"log\": true}}"}
{"op_code": 0, "worker_id": "66f74853-0c3c-40ea-a26c-efabb72197f3-140073823180608", "study_name": "VDP_random_6030100", "directions": [1]}
{"op_code": 0, "worker_id": "7ebc6cd3-8ac4-425e-ba77-288f25912d6a-140650984482624", "study_name": "VDP_random_6030100", "directions": [1]}
{"op_code": 4, "worker_id": "6574da76-6363-4f65-809e-986b67e7f7cf-140313367516992", "study_id": 0, "datetime_start": "2023-12-26T15:18:38.779058"}
{"op_code": 5, "worker_id": "6117d878-71a2-49df-9ed8-b209807794c9-140595384514368", "trial_id": 8, "param_name": "sr", "param_value_internal": 0.012825787230478343, "distribution": "{\"name\": \"FloatDistribution\", \"attributes\": {\"step\": null, \"low\": 0.01, \"high\": 10.0, \"log\": true}}"}
{"op_code": 4, "worker_id": "881c1da2-b950-45a2-9d2f-b58f3f23e38f-140328478271296", "study_id": 0, "datetime_start": "2023-12-26T15:18:38.769051"}
{"op_code": 0, "worker_id": "1e034b82-7780-476f-9dd1-3dac5542f662-139996362811200", "study_name": "VDP_random_6030100", "directions": [1]}
{"op_code": 5, "worker_id": "6574da76-6363-4f65-809e-986b67e7f7cf-140313367516992", "trial_id": 13, "param_name": "sr", "param_value_internal": 2.65716385562374, "distribution": "{\"name\": \"FloatDistribution\", \"attributes\": {\"step\": null, \"low\": 0.01, \"high\": 10.0, \"log\": true}}"}
{"op_code": 4, "worker_id": "7ebc6cd3-8ac4-425e-ba77-288f25912d6a-140650984482624", "study_id": 0, "datetime_start": "2023-12-26T15:18:38.789488"}
{"op_code": 5, "worker_id": "6117d878-71a2-49df-9ed8-b209807794c9-140595384514368", "trial_id": 8, "param_name": "lr", "param_value_internal": 0.008598756003661525, "distribution": "{\"name\": \"FloatDistribution\", \"attributes\": {\"step\": null, \"low\": 0.001, \"high\": 1.0, \"log\": true}}"}
{"op_code": 4, "worker_id": "1e034b82-7780-476f-9dd1-3dac5542f662-139996362811200", "study_id": 0, "datetime_start": "2023-12-26T15:18:38.803889"}
{"op_code": 5, "worker_id": "7ebc6cd3-8ac4-425e-ba77-288f25912d6a-140650984482624", "trial_id": 15, "param_name": "sr", "param_value_internal": 0.016574563573627805, "distribution": "{\"name\": \"FloatDistribution\", \"attributes\": {\"step\": null, \"low\": 0.01, \"high\": 10.0, \"log\": true}}"}
{"op_code": 5, "worker_id": "6574da76-6363-4f65-809e-986b67e7f7cf-140313367516992", "trial_id": 13, "param_name": "lr", "param_value_internal": 0.03856058950891923, "distribution": "{\"name\": \"FloatDistribution\", \"attributes\": {\"step\": null, \"low\": 0.001, \"high\": 1.0, \"log\": true}}"}
{"op_code": 5, "worker_id": "1e034b82-7780-476f-9dd1-3dac5542f662-139996362811200", "trial_id": 16, "param_name": "sr", "param_value_internal": 0.7935555620216493, "distribution": "{\"name\": \"FloatDistribution\", \"attributes\": {\"step\": null, \"low\": 0.01, \"high\": 10.0, \"log\": true}}"}
{"op_code": 5, "worker_id": "7ebc6cd3-8ac4-425e-ba77-288f25912d6a-140650984482624", "trial_id": 15, "param_name": "lr", "param_value_internal": 0.060277220849171614, "distribution": "{\"name\": \"FloatDistribution\", \"attributes\": {\"step\": null, \"low\": 0.001, \"high\": 1.0, \"log\": true}}"}
{"op_code": 5, "worker_id": "6574da76-6363-4f65-809e-986b67e7f7cf-140313367516992", "trial_id": 13, "param_name": "iss", "param_value_internal": 0.8640429983642055, "distribution": "{\"name\": \"FloatDistribution\", \"attributes\": {\"step\": null, \"low\": 0.0, \"high\": 1.0, \"log\": false}}"}
{"op_code": 5, "worker_id": "7ebc6cd3-8ac4-425e-ba77-288f25912d6a-140650984482624", "trial_id": 15, "param_name": "iss", "param_value_internal": 0.13554313354887026, "distribution": "{\"name\": \"FloatDistribution\", \"attributes\": {\"step\": null, \"low\": 0.0, \"high\": 1.0, \"log\": false}}"}
{"op_code": 5, "worker_id": "5d7ff59b-dbe7-4673-86df-ab0c5aef4e45-140642751477568", "trial_id": 6, "param_name": "iss", "param_value_internal": 0.15153919568414664, "distribution": "{\"name\": \"FloatDistribution\", \"attributes\": {\"step\": null, \"low\": 0.0, \"high\": 1.0, \"log\": false}}"}
{"op_code": 5, "worker_id": "1e034b82-7780-476f-9dd1-3dac5542f662-139996362811200", "trial_id": 16, "param_name": "lr", "param_value_internal": 0.40351643723599245, "distribution": "{\"name\": \"FloatDistribution\", \"attributes\": {\"step\": null, \"low\": 0.001, \"high\": 1.0, \"log\": true}}"}
{"op_code": 5, "worker_id": "5d7ff59b-dbe7-4673-86df-ab0c5aef4e45-140642751477568", "trial_id": 6, "param_name": "ridge", "param_value_internal": 6.445220002188539e-05, "distribution": "{\"name\": \"FloatDistribution\", \"attributes\": {\"step\": null, \"low\": 1e-09, \"high\": 0.01, \"log\": true}}"}
{"op_code": 5, "worker_id": "1e034b82-7780-476f-9dd1-3dac5542f662-139996362811200", "trial_id": 16, "param_name": "iss", "param_value_internal": 0.4959206380612411, "distribution": "{\"name\": \"FloatDistribution\", \"attributes\": {\"step\": null, \"low\": 0.0, \"high\": 1.0, \"log\": false}}"}
{"op_code": 0, "worker_id": "40e2bbd9-39bb-40d1-b8ad-512479940459-139806551643968", "study_name": "VDP_random_6030100", "directions": [1]}
{"op_code": 5, "worker_id": "1e034b82-7780-476f-9dd1-3dac5542f662-139996362811200", "trial_id": 16, "param_name": "ridge", "param_value_internal": 0.0015451949344038225, "distribution": "{\"name\": \"FloatDistribution\", \"attributes\": {\"step\": null, \"low\": 1e-09, \"high\": 0.01, \"log\": true}}"}
{"op_code": 5, "worker_id": "7ebc6cd3-8ac4-425e-ba77-288f25912d6a-140650984482624", "trial_id": 15, "param_name": "ridge", "param_value_internal": 1.0669626134199895e-08, "distribution": "{\"name\": \"FloatDistribution\", \"attributes\": {\"step\": null, \"low\": 1e-09, \"high\": 0.01, \"log\": true}}"}
{"op_code": 5, "worker_id": "21320292-aa2f-430e-b5c5-7431685ff371-140327904225088", "trial_id": 4, "param_name": "sr", "param_value_internal": 0.010803291274324972, "distribution": "{\"name\": \"FloatDistribution\", \"attributes\": {\"step\": null, \"low\": 0.01, \"high\": 10.0, \"log\": true}}"}
{"op_code": 4, "worker_id": "40e2bbd9-39bb-40d1-b8ad-512479940459-139806551643968", "study_id": 0, "datetime_start": "2023-12-26T15:18:38.849017"}
{"op_code": 5, "worker_id": "21320292-aa2f-430e-b5c5-7431685ff371-140327904225088", "trial_id": 4, "param_name": "lr", "param_value_internal": 0.004439398909868748, "distribution": "{\"name\": \"FloatDistribution\", \"attributes\": {\"step\": null, \"low\": 0.001, \"high\": 1.0, \"log\": true}}"}
{"op_code": 5, "worker_id": "6574da76-6363-4f65-809e-986b67e7f7cf-140313367516992", "trial_id": 13, "param_name": "ridge", "param_value_internal": 2.3932649675027267e-05, "distribution": "{\"name\": \"FloatDistribution\", \"attributes\": {\"step\": null, \"low\": 1e-09, \"high\": 0.01, \"log\": true}}"}
{"op_code": 5, "worker_id": "21320292-aa2f-430e-b5c5-7431685ff371-140327904225088", "trial_id": 4, "param_name": "iss", "param_value_internal": 0.3915742485415806, "distribution": "{\"name\": \"FloatDistribution\", \"attributes\": {\"step\": null, \"low\": 0.0, \"high\": 1.0, \"log\": false}}"}
{"op_code": 5, "worker_id": "40e2bbd9-39bb-40d1-b8ad-512479940459-139806551643968", "trial_id": 17, "param_name": "sr", "param_value_internal": 0.39502610432996454, "distribution": "{\"name\": \"FloatDistribution\", \"attributes\": {\"step\": null, \"low\": 0.01, \"high\": 10.0, \"log\": true}}"}
{"op_code": 5, "worker_id": "21320292-aa2f-430e-b5c5-7431685ff371-140327904225088", "trial_id": 4, "param_name": "ridge", "param_value_internal": 0.00045698589454630647, "distribution": "{\"name\": \"FloatDistribution\", \"attributes\": {\"step\": null, \"low\": 1e-09, \"high\": 0.01, \"log\": true}}"}
{"op_code": 5, "worker_id": "40e2bbd9-39bb-40d1-b8ad-512479940459-139806551643968", "trial_id": 17, "param_name": "lr", "param_value_internal": 0.017429845062847487, "distribution": "{\"name\": \"FloatDistribution\", \"attributes\": {\"step\": null, \"low\": 0.001, \"high\": 1.0, \"log\": true}}"}
{"op_code": 5, "worker_id": "59ea42e5-f47d-4bbd-9176-90b1a0968bfb-140279910553408", "trial_id": 7, "param_name": "sr", "param_value_internal": 0.35992137671110314, "distribution": "{\"name\": \"FloatDistribution\", \"attributes\": {\"step\": null, \"low\": 0.01, \"high\": 10.0, \"log\": true}}"}
{"op_code": 0, "worker_id": "1561d8b1-6cb4-4188-ad5f-ea6704262c7c-140114851592000", "study_name": "VDP_random_6030100", "directions": [1]}
{"op_code": 5, "worker_id": "40e2bbd9-39bb-40d1-b8ad-512479940459-139806551643968", "trial_id": 17, "param_name": "iss", "param_value_internal": 0.7542819273572825, "distribution": "{\"name\": \"FloatDistribution\", \"attributes\": {\"step\": null, \"low\": 0.0, \"high\": 1.0, \"log\": false}}"}
{"op_code": 5, "worker_id": "59ea42e5-f47d-4bbd-9176-90b1a0968bfb-140279910553408", "trial_id": 7, "param_name": "lr", "param_value_internal": 0.001698622803928819, "distribution": "{\"name\": \"FloatDistribution\", \"attributes\": {\"step\": null, \"low\": 0.001, \"high\": 1.0, \"log\": true}}"}
{"op_code": 5, "worker_id": "26b58bf8-9e7e-4201-9219-15abc36a42a2-140307740157760", "trial_id": 9, "param_name": "sr", "param_value_internal": 6.8968582053886545, "distribution": "{\"name\": \"FloatDistribution\", \"attributes\": {\"step\": null, \"low\": 0.01, \"high\": 10.0, \"log\": true}}"}
{"op_code": 5, "worker_id": "59ea42e5-f47d-4bbd-9176-90b1a0968bfb-140279910553408", "trial_id": 7, "param_name": "iss", "param_value_internal": 0.4473652526965455, "distribution": "{\"name\": \"FloatDistribution\", \"attributes\": {\"step\": null, \"low\": 0.0, \"high\": 1.0, \"log\": false}}"}
{"op_code": 5, "worker_id": "26b58bf8-9e7e-4201-9219-15abc36a42a2-140307740157760", "trial_id": 9, "param_name": "lr", "param_value_internal": 0.011319620775131618, "distribution": "{\"name\": \"FloatDistribution\", \"attributes\": {\"step\": null, \"low\": 0.001, \"high\": 1.0, \"log\": true}}"}
{"op_code": 5, "worker_id": "59ea42e5-f47d-4bbd-9176-90b1a0968bfb-140279910553408", "trial_id": 7, "param_name": "ridge", "param_value_internal": 0.003426725710027829, "distribution": "{\"name\": \"FloatDistribution\", \"attributes\": {\"step\": null, \"low\": 1e-09, \"high\": 0.01, \"log\": true}}"}
{"op_code": 5, "worker_id": "26b58bf8-9e7e-4201-9219-15abc36a42a2-140307740157760", "trial_id": 9, "param_name": "iss", "param_value_internal": 0.9808661544253744, "distribution": "{\"name\": \"FloatDistribution\", \"attributes\": {\"step\": null, \"low\": 0.0, \"high\": 1.0, \"log\": false}}"}
{"op_code": 4, "worker_id": "1561d8b1-6cb4-4188-ad5f-ea6704262c7c-140114851592000", "study_id": 0, "datetime_start": "2023-12-26T15:18:38.888231"}
{"op_code": 5, "worker_id": "40e2bbd9-39bb-40d1-b8ad-512479940459-139806551643968", "trial_id": 17, "param_name": "ridge", "param_value_internal": 1.013268797599747e-05, "distribution": "{\"name\": \"FloatDistribution\", \"attributes\": {\"step\": null, \"low\": 1e-09, \"high\": 0.01, \"log\": true}}"}
{"op_code": 5, "worker_id": "26b58bf8-9e7e-4201-9219-15abc36a42a2-140307740157760", "trial_id": 9, "param_name": "ridge", "param_value_internal": 0.00042762697055442216, "distribution": "{\"name\": \"FloatDistribution\", \"attributes\": {\"step\": null, \"low\": 1e-09, \"high\": 0.01, \"log\": true}}"}
{"op_code": 5, "worker_id": "fe6898ee-d1c5-4d7e-89d2-dca6e3ccfa25-139918517020480", "trial_id": 12, "param_name": "sr", "param_value_internal": 0.014980388251569244, "distribution": "{\"name\": \"FloatDistribution\", \"attributes\": {\"step\": null, \"low\": 0.01, \"high\": 10.0, \"log\": true}}"}
{"op_code": 5, "worker_id": "70d9e330-cca4-4fc7-8ad7-47d59713eea2-139860418090816", "trial_id": 3, "param_name": "lr", "param_value_internal": 0.07221592227070099, "distribution": "{\"name\": \"FloatDistribution\", \"attributes\": {\"step\": null, \"low\": 0.001, \"high\": 1.0, \"log\": true}}"}
{"op_code": 0, "worker_id": "0255d349-f6d5-4f45-a61e-0514c7657797-140654455064384", "study_name": "VDP_random_6030100", "directions": [1]}
{"op_code": 5, "worker_id": "fe6898ee-d1c5-4d7e-89d2-dca6e3ccfa25-139918517020480", "trial_id": 12, "param_name": "lr", "param_value_internal": 0.010197753068408642, "distribution": "{\"name\": \"FloatDistribution\", \"attributes\": {\"step\": null, \"low\": 0.001, \"high\": 1.0, \"log\": true}}"}
{"op_code": 4, "worker_id": "66f74853-0c3c-40ea-a26c-efabb72197f3-140073823180608", "study_id": 0, "datetime_start": "2023-12-26T15:18:38.785131"}
{"op_code": 5, "worker_id": "fe6898ee-d1c5-4d7e-89d2-dca6e3ccfa25-139918517020480", "trial_id": 12, "param_name": "iss", "param_value_internal": 0.5509559192950032, "distribution": "{\"name\": \"FloatDistribution\", \"attributes\": {\"step\": null, \"low\": 0.0, \"high\": 1.0, \"log\": false}}"}
{"op_code": 4, "worker_id": "0255d349-f6d5-4f45-a61e-0514c7657797-140654455064384", "study_id": 0, "datetime_start": "2023-12-26T15:18:38.923859"}
{"op_code": 5, "worker_id": "fe6898ee-d1c5-4d7e-89d2-dca6e3ccfa25-139918517020480", "trial_id": 12, "param_name": "ridge", "param_value_internal": 8.494810012777448e-08, "distribution": "{\"name\": \"FloatDistribution\", \"attributes\": {\"step\": null, \"low\": 1e-09, \"high\": 0.01, \"log\": true}}"}
{"op_code": 5, "worker_id": "66f74853-0c3c-40ea-a26c-efabb72197f3-140073823180608", "trial_id": 19, "param_name": "sr", "param_value_internal": 8.682084614111917, "distribution": "{\"name\": \"FloatDistribution\", \"attributes\": {\"step\": null, \"low\": 0.01, \"high\": 10.0, \"log\": true}}"}
{"op_code": 5, "worker_id": "0255d349-f6d5-4f45-a61e-0514c7657797-140654455064384", "trial_id": 20, "param_name": "sr", "param_value_internal": 0.1895919777725304, "distribution": "{\"name\": \"FloatDistribution\", \"attributes\": {\"step\": null, \"low\": 0.01, \"high\": 10.0, \"log\": true}}"}
{"op_code": 5, "worker_id": "66f74853-0c3c-40ea-a26c-efabb72197f3-140073823180608", "trial_id": 19, "param_name": "lr", "param_value_internal": 0.0021437793153648225, "distribution": "{\"name\": \"FloatDistribution\", \"attributes\": {\"step\": null, \"low\": 0.001, \"high\": 1.0, \"log\": true}}"}
{"op_code": 5, "worker_id": "6117d878-71a2-49df-9ed8-b209807794c9-140595384514368", "trial_id": 8, "param_name": "iss", "param_value_internal": 0.5382288513577278, "distribution": "{\"name\": \"FloatDistribution\", \"attributes\": {\"step\": null, \"low\": 0.0, \"high\": 1.0, \"log\": false}}"}
{"op_code": 5, "worker_id": "66f74853-0c3c-40ea-a26c-efabb72197f3-140073823180608", "trial_id": 19, "param_name": "iss", "param_value_internal": 0.43947640293693635, "distribution": "{\"name\": \"FloatDistribution\", \"attributes\": {\"step\": null, \"low\": 0.0, \"high\": 1.0, \"log\": false}}"}
{"op_code": 0, "worker_id": "a67fe46d-e07d-4f75-b439-00d747b763b7-140285177382720", "study_name": "VDP_random_6030100", "directions": [1]}
{"op_code": 5, "worker_id": "6117d878-71a2-49df-9ed8-b209807794c9-140595384514368", "trial_id": 8, "param_name": "ridge", "param_value_internal": 0.00024983993255565983, "distribution": "{\"name\": \"FloatDistribution\", \"attributes\": {\"step\": null, \"low\": 1e-09, \"high\": 0.01, \"log\": true}}"}
{"op_code": 5, "worker_id": "66f74853-0c3c-40ea-a26c-efabb72197f3-140073823180608", "trial_id": 19, "param_name": "ridge", "param_value_internal": 0.0003162061700616887, "distribution": "{\"name\": \"FloatDistribution\", \"attributes\": {\"step\": null, \"low\": 1e-09, \"high\": 0.01, \"log\": true}}"}
{"op_code": 4, "worker_id": "a67fe46d-e07d-4f75-b439-00d747b763b7-140285177382720", "study_id": 0, "datetime_start": "2023-12-26T15:18:38.960990"}
{"op_code": 5, "worker_id": "a67fe46d-e07d-4f75-b439-00d747b763b7-140285177382720", "trial_id": 21, "param_name": "sr", "param_value_internal": 0.056505177610596743, "distribution": "{\"name\": \"FloatDistribution\", \"attributes\": {\"step\": null, \"low\": 0.01, \"high\": 10.0, \"log\": true}}"}
{"op_code": 5, "worker_id": "a67fe46d-e07d-4f75-b439-00d747b763b7-140285177382720", "trial_id": 21, "param_name": "lr", "param_value_internal": 0.0018584208616731846, "distribution": "{\"name\": \"FloatDistribution\", \"attributes\": {\"step\": null, \"low\": 0.001, \"high\": 1.0, \"log\": true}}"}
{"op_code": 5, "worker_id": "0255d349-f6d5-4f45-a61e-0514c7657797-140654455064384", "trial_id": 20, "param_name": "lr", "param_value_internal": 0.011659055774395792, "distribution": "{\"name\": \"FloatDistribution\", \"attributes\": {\"step\": null, \"low\": 0.001, \"high\": 1.0, \"log\": true}}"}
{"op_code": 5, "worker_id": "a67fe46d-e07d-4f75-b439-00d747b763b7-140285177382720", "trial_id": 21, "param_name": "iss", "param_value_internal": 0.6633323871523883, "distribution": "{\"name\": \"FloatDistribution\", \"attributes\": {\"step\": null, \"low\": 0.0, \"high\": 1.0, \"log\": false}}"}
{"op_code": 5, "worker_id": "0255d349-f6d5-4f45-a61e-0514c7657797-140654455064384", "trial_id": 20, "param_name": "iss", "param_value_internal": 0.9484804235577321, "distribution": "{\"name\": \"FloatDistribution\", \"attributes\": {\"step\": null, \"low\": 0.0, \"high\": 1.0, \"log\": false}}"}
{"op_code": 5, "worker_id": "a67fe46d-e07d-4f75-b439-00d747b763b7-140285177382720", "trial_id": 21, "param_name": "ridge", "param_value_internal": 3.847004737375412e-09, "distribution": "{\"name\": \"FloatDistribution\", \"attributes\": {\"step\": null, \"low\": 1e-09, \"high\": 0.01, \"log\": true}}"}
{"op_code": 5, "worker_id": "0255d349-f6d5-4f45-a61e-0514c7657797-140654455064384", "trial_id": 20, "param_name": "ridge", "param_value_internal": 0.0008704952640629402, "distribution": "{\"name\": \"FloatDistribution\", \"attributes\": {\"step\": null, \"low\": 1e-09, \"high\": 0.01, \"log\": true}}"}
{"op_code": 5, "worker_id": "e7cde8e3-09ce-4667-ab68-fd821ad65c0c-140507913729856", "trial_id": 5, "param_name": "lr", "param_value_internal": 0.0033259688988454424, "distribution": "{\"name\": \"FloatDistribution\", \"attributes\": {\"step\": null, \"low\": 0.001, \"high\": 1.0, \"log\": true}}"}
{"op_code": 5, "worker_id": "e7cde8e3-09ce-4667-ab68-fd821ad65c0c-140507913729856", "trial_id": 5, "param_name": "iss", "param_value_internal": 0.9381169523252848, "distribution": "{\"name\": \"FloatDistribution\", \"attributes\": {\"step\": null, \"low\": 0.0, \"high\": 1.0, \"log\": false}}"}
{"op_code": 5, "worker_id": "e7cde8e3-09ce-4667-ab68-fd821ad65c0c-140507913729856", "trial_id": 5, "param_name": "ridge", "param_value_internal": 7.124760006125024e-09, "distribution": "{\"name\": \"FloatDistribution\", \"attributes\": {\"step\": null, \"low\": 1e-09, \"high\": 0.01, \"log\": true}}"}
{"op_code": 5, "worker_id": "61848c23-66d6-48a5-aa3c-f63ba3d002d9-140372874729280", "trial_id": 10, "param_name": "sr", "param_value_internal": 4.955700822393167, "distribution": "{\"name\": \"FloatDistribution\", \"attributes\": {\"step\": null, \"low\": 0.01, \"high\": 10.0, \"log\": true}}"}
{"op_code": 5, "worker_id": "61848c23-66d6-48a5-aa3c-f63ba3d002d9-140372874729280", "trial_id": 10, "param_name": "lr", "param_value_internal": 0.0015733623218162367, "distribution": "{\"name\": \"FloatDistribution\", \"attributes\": {\"step\": null, \"low\": 0.001, \"high\": 1.0, \"log\": true}}"}
{"op_code": 5, "worker_id": "61848c23-66d6-48a5-aa3c-f63ba3d002d9-140372874729280", "trial_id": 10, "param_name": "iss", "param_value_internal": 0.8313098579926312, "distribution": "{\"name\": \"FloatDistribution\", \"attributes\": {\"step\": null, \"low\": 0.0, \"high\": 1.0, \"log\": false}}"}
{"op_code": 5, "worker_id": "61848c23-66d6-48a5-aa3c-f63ba3d002d9-140372874729280", "trial_id": 10, "param_name": "ridge", "param_value_internal": 1.667919340147179e-06, "distribution": "{\"name\": \"FloatDistribution\", \"attributes\": {\"step\": null, \"low\": 1e-09, \"high\": 0.01, \"log\": true}}"}
{"op_code": 5, "worker_id": "de9872d8-0a7f-4479-b9ea-602d5e926e2a-140486342399808", "trial_id": 11, "param_name": "sr", "param_value_internal": 0.02972403193903016, "distribution": "{\"name\": \"FloatDistribution\", \"attributes\": {\"step\": null, \"low\": 0.01, \"high\": 10.0, \"log\": true}}"}
{"op_code": 5, "worker_id": "1561d8b1-6cb4-4188-ad5f-ea6704262c7c-140114851592000", "trial_id": 18, "param_name": "sr", "param_value_internal": 0.012517193003506816, "distribution": "{\"name\": \"FloatDistribution\", \"attributes\": {\"step\": null, \"low\": 0.01, \"high\": 10.0, \"log\": true}}"}
{"op_code": 5, "worker_id": "de9872d8-0a7f-4479-b9ea-602d5e926e2a-140486342399808", "trial_id": 11, "param_name": "lr", "param_value_internal": 0.09483222232638419, "distribution": "{\"name\": \"FloatDistribution\", \"attributes\": {\"step\": null, \"low\": 0.001, \"high\": 1.0, \"log\": true}}"}
{"op_code": 5, "worker_id": "1561d8b1-6cb4-4188-ad5f-ea6704262c7c-140114851592000", "trial_id": 18, "param_name": "lr", "param_value_internal": 0.02300152656371718, "distribution": "{\"name\": \"FloatDistribution\", \"attributes\": {\"step\": null, \"low\": 0.001, \"high\": 1.0, \"log\": true}}"}
{"op_code": 5, "worker_id": "de9872d8-0a7f-4479-b9ea-602d5e926e2a-140486342399808", "trial_id": 11, "param_name": "iss", "param_value_internal": 0.5014045651688541, "distribution": "{\"name\": \"FloatDistribution\", \"attributes\": {\"step\": null, \"low\": 0.0, \"high\": 1.0, \"log\": false}}"}
{"op_code": 5, "worker_id": "70d9e330-cca4-4fc7-8ad7-47d59713eea2-139860418090816", "trial_id": 3, "param_name": "iss", "param_value_internal": 0.3950547351134053, "distribution": "{\"name\": \"FloatDistribution\", \"attributes\": {\"step\": null, \"low\": 0.0, \"high\": 1.0, \"log\": false}}"}
{"op_code": 5, "worker_id": "1561d8b1-6cb4-4188-ad5f-ea6704262c7c-140114851592000", "trial_id": 18, "param_name": "iss", "param_value_internal": 0.5834229038297502, "distribution": "{\"name\": \"FloatDistribution\", \"attributes\": {\"step\": null, \"low\": 0.0, \"high\": 1.0, \"log\": false}}"}
{"op_code": 5, "worker_id": "70d9e330-cca4-4fc7-8ad7-47d59713eea2-139860418090816", "trial_id": 3, "param_name": "ridge", "param_value_internal": 2.510674213787677e-09, "distribution": "{\"name\": \"FloatDistribution\", \"attributes\": {\"step\": null, \"low\": 1e-09, \"high\": 0.01, \"log\": true}}"}
{"op_code": 5, "worker_id": "1561d8b1-6cb4-4188-ad5f-ea6704262c7c-140114851592000", "trial_id": 18, "param_name": "ridge", "param_value_internal": 0.0021780070341287146, "distribution": "{\"name\": \"FloatDistribution\", \"attributes\": {\"step\": null, \"low\": 1e-09, \"high\": 0.01, \"log\": true}}"}
{"op_code": 5, "worker_id": "de9872d8-0a7f-4479-b9ea-602d5e926e2a-140486342399808", "trial_id": 11, "param_name": "ridge", "param_value_internal": 3.662706725356731e-05, "distribution": "{\"name\": \"FloatDistribution\", \"attributes\": {\"step\": null, \"low\": 1e-09, \"high\": 0.01, \"log\": true}}"}
{"op_code": 4, "worker_id": "e343c5be-5f82-4f10-aa8b-d587007cfaff-140251350443840", "study_id": 0, "datetime_start": "2023-12-26T15:18:38.572323"}
{"op_code": 4, "worker_id": "3a5f4525-1cd5-4cb7-a556-6ae34beb2459-140367630075712", "study_id": 0, "datetime_start": "2023-12-26T15:18:38.579851"}
{"op_code": 4, "worker_id": "d0e75e10-15aa-4277-a2d9-2e64b0800dde-139809520834368", "study_id": 0, "datetime_start": "2023-12-26T15:18:38.583782"}
{"op_code": 5, "worker_id": "e343c5be-5f82-4f10-aa8b-d587007cfaff-140251350443840", "trial_id": 22, "param_name": "sr", "param_value_internal": 0.014368207377111914, "distribution": "{\"name\": \"FloatDistribution\", \"attributes\": {\"step\": null, \"low\": 0.01, \"high\": 10.0, \"log\": true}}"}
{"op_code": 5, "worker_id": "3a5f4525-1cd5-4cb7-a556-6ae34beb2459-140367630075712", "trial_id": 23, "param_name": "sr", "param_value_internal": 0.10465944514789915, "distribution": "{\"name\": \"FloatDistribution\", \"attributes\": {\"step\": null, \"low\": 0.01, \"high\": 10.0, \"log\": true}}"}
{"op_code": 5, "worker_id": "e343c5be-5f82-4f10-aa8b-d587007cfaff-140251350443840", "trial_id": 22, "param_name": "lr", "param_value_internal": 0.032214103263282286, "distribution": "{\"name\": \"FloatDistribution\", \"attributes\": {\"step\": null, \"low\": 0.001, \"high\": 1.0, \"log\": true}}"}
{"op_code": 5, "worker_id": "3a5f4525-1cd5-4cb7-a556-6ae34beb2459-140367630075712", "trial_id": 23, "param_name": "lr", "param_value_internal": 0.41984689605433095, "distribution": "{\"name\": \"FloatDistribution\", \"attributes\": {\"step\": null, \"low\": 0.001, \"high\": 1.0, \"log\": true}}"}
{"op_code": 5, "worker_id": "d0e75e10-15aa-4277-a2d9-2e64b0800dde-139809520834368", "trial_id": 24, "param_name": "sr", "param_value_internal": 0.27806176667751337, "distribution": "{\"name\": \"FloatDistribution\", \"attributes\": {\"step\": null, \"low\": 0.01, \"high\": 10.0, \"log\": true}}"}
{"op_code": 5, "worker_id": "3a5f4525-1cd5-4cb7-a556-6ae34beb2459-140367630075712", "trial_id": 23, "param_name": "iss", "param_value_internal": 0.4757908655054153, "distribution": "{\"name\": \"FloatDistribution\", \"attributes\": {\"step\": null, \"low\": 0.0, \"high\": 1.0, \"log\": false}}"}
{"op_code": 5, "worker_id": "d0e75e10-15aa-4277-a2d9-2e64b0800dde-139809520834368", "trial_id": 24, "param_name": "lr", "param_value_internal": 0.010423284334215426, "distribution": "{\"name\": \"FloatDistribution\", \"attributes\": {\"step\": null, \"low\": 0.001, \"high\": 1.0, \"log\": true}}"}
{"op_code": 5, "worker_id": "e343c5be-5f82-4f10-aa8b-d587007cfaff-140251350443840", "trial_id": 22, "param_name": "iss", "param_value_internal": 0.8008730732398903, "distribution": "{\"name\": \"FloatDistribution\", \"attributes\": {\"step\": null, \"low\": 0.0, \"high\": 1.0, \"log\": false}}"}
{"op_code": 5, "worker_id": "d0e75e10-15aa-4277-a2d9-2e64b0800dde-139809520834368", "trial_id": 24, "param_name": "iss", "param_value_internal": 0.44056707358140934, "distribution": "{\"name\": \"FloatDistribution\", \"attributes\": {\"step\": null, \"low\": 0.0, \"high\": 1.0, \"log\": false}}"}
{"op_code": 5, "worker_id": "e343c5be-5f82-4f10-aa8b-d587007cfaff-140251350443840", "trial_id": 22, "param_name": "ridge", "param_value_internal": 8.380802984423216e-05, "distribution": "{\"name\": \"FloatDistribution\", \"attributes\": {\"step\": null, \"low\": 1e-09, \"high\": 0.01, \"log\": true}}"}
{"op_code": 5, "worker_id": "3a5f4525-1cd5-4cb7-a556-6ae34beb2459-140367630075712", "trial_id": 23, "param_name": "ridge", "param_value_internal": 0.0019028571031650845, "distribution": "{\"name\": \"FloatDistribution\", \"attributes\": {\"step\": null, \"low\": 1e-09, \"high\": 0.01, \"log\": true}}"}
{"op_code": 5, "worker_id": "d0e75e10-15aa-4277-a2d9-2e64b0800dde-139809520834368", "trial_id": 24, "param_name": "ridge", "param_value_internal": 0.00169737708387595, "distribution": "{\"name\": \"FloatDistribution\", \"attributes\": {\"step\": null, \"low\": 1e-09, \"high\": 0.01, \"log\": true}}"}
{"op_code": 0, "worker_id": "605fa691-e3ae-4058-8f06-701591644cf6-139669193832256", "study_name": "VDP_random_6030100", "directions": [1]}
{"op_code": 4, "worker_id": "605fa691-e3ae-4058-8f06-701591644cf6-139669193832256", "study_id": 0, "datetime_start": "2023-12-26T15:18:39.156505"}
{"op_code": 0, "worker_id": "a5b3e9f9-3c16-44df-9242-dbf13264deeb-139944717821760", "study_name": "VDP_random_6030100", "directions": [1]}
{"op_code": 5, "worker_id": "605fa691-e3ae-4058-8f06-701591644cf6-139669193832256", "trial_id": 25, "param_name": "sr", "param_value_internal": 0.7379068642819537, "distribution": "{\"name\": \"FloatDistribution\", \"attributes\": {\"step\": null, \"low\": 0.01, \"high\": 10.0, \"log\": true}}"}
{"op_code": 5, "worker_id": "605fa691-e3ae-4058-8f06-701591644cf6-139669193832256", "trial_id": 25, "param_name": "lr", "param_value_internal": 0.013696633857725236, "distribution": "{\"name\": \"FloatDistribution\", \"attributes\": {\"step\": null, \"low\": 0.001, \"high\": 1.0, \"log\": true}}"}
{"op_code": 5, "worker_id": "605fa691-e3ae-4058-8f06-701591644cf6-139669193832256", "trial_id": 25, "param_name": "iss", "param_value_internal": 0.2569035996957666, "distribution": "{\"name\": \"FloatDistribution\", \"attributes\": {\"step\": null, \"low\": 0.0, \"high\": 1.0, \"log\": false}}"}
{"op_code": 4, "worker_id": "a5b3e9f9-3c16-44df-9242-dbf13264deeb-139944717821760", "study_id": 0, "datetime_start": "2023-12-26T15:18:39.173284"}
{"op_code": 5, "worker_id": "605fa691-e3ae-4058-8f06-701591644cf6-139669193832256", "trial_id": 25, "param_name": "ridge", "param_value_internal": 1.426020633110812e-09, "distribution": "{\"name\": \"FloatDistribution\", \"attributes\": {\"step\": null, \"low\": 1e-09, \"high\": 0.01, \"log\": true}}"}
{"op_code": 5, "worker_id": "a5b3e9f9-3c16-44df-9242-dbf13264deeb-139944717821760", "trial_id": 26, "param_name": "sr", "param_value_internal": 0.0667998519945441, "distribution": "{\"name\": \"FloatDistribution\", \"attributes\": {\"step\": null, \"low\": 0.01, \"high\": 10.0, \"log\": true}}"}
{"op_code": 5, "worker_id": "a5b3e9f9-3c16-44df-9242-dbf13264deeb-139944717821760", "trial_id": 26, "param_name": "lr", "param_value_internal": 0.010470773986424254, "distribution": "{\"name\": \"FloatDistribution\", \"attributes\": {\"step\": null, \"low\": 0.001, \"high\": 1.0, \"log\": true}}"}
{"op_code": 5, "worker_id": "a5b3e9f9-3c16-44df-9242-dbf13264deeb-139944717821760", "trial_id": 26, "param_name": "iss", "param_value_internal": 0.19100520355242, "distribution": "{\"name\": \"FloatDistribution\", \"attributes\": {\"step\": null, \"low\": 0.0, \"high\": 1.0, \"log\": false}}"}
{"op_code": 5, "worker_id": "a5b3e9f9-3c16-44df-9242-dbf13264deeb-139944717821760", "trial_id": 26, "param_name": "ridge", "param_value_internal": 4.0803450422050226e-05, "distribution": "{\"name\": \"FloatDistribution\", \"attributes\": {\"step\": null, \"low\": 1e-09, \"high\": 0.01, \"log\": true}}"}
{"op_code": 5, "worker_id": "881c1da2-b950-45a2-9d2f-b58f3f23e38f-140328478271296", "trial_id": 14, "param_name": "sr", "param_value_internal": 1.3389973627071736, "distribution": "{\"name\": \"FloatDistribution\", \"attributes\": {\"step\": null, \"low\": 0.01, \"high\": 10.0, \"log\": true}}"}
{"op_code": 5, "worker_id": "881c1da2-b950-45a2-9d2f-b58f3f23e38f-140328478271296", "trial_id": 14, "param_name": "lr", "param_value_internal": 0.29453891605943583, "distribution": "{\"name\": \"FloatDistribution\", \"attributes\": {\"step\": null, \"low\": 0.001, \"high\": 1.0, \"log\": true}}"}
{"op_code": 5, "worker_id": "881c1da2-b950-45a2-9d2f-b58f3f23e38f-140328478271296", "trial_id": 14, "param_name": "iss", "param_value_internal": 0.57710482518112, "distribution": "{\"name\": \"FloatDistribution\", \"attributes\": {\"step\": null, \"low\": 0.0, \"high\": 1.0, \"log\": false}}"}
{"op_code": 5, "worker_id": "881c1da2-b950-45a2-9d2f-b58f3f23e38f-140328478271296", "trial_id": 14, "param_name": "ridge", "param_value_internal": 4.800527611789071e-06, "distribution": "{\"name\": \"FloatDistribution\", \"attributes\": {\"step\": null, \"low\": 1e-09, \"high\": 0.01, \"log\": true}}"}
{"op_code": 5, "worker_id": "77710e28-82fb-4e87-93ba-25794a8ab440-139651286652736", "trial_id": 1, "param_name": "iss", "param_value_internal": 0.08419624365029532, "distribution": "{\"name\": \"FloatDistribution\", \"attributes\": {\"step\": null, \"low\": 0.0, \"high\": 1.0, \"log\": false}}"}
{"op_code": 5, "worker_id": "77710e28-82fb-4e87-93ba-25794a8ab440-139651286652736", "trial_id": 1, "param_name": "ridge", "param_value_internal": 0.00020489930743721203, "distribution": "{\"name\": \"FloatDistribution\", \"attributes\": {\"step\": null, \"low\": 1e-09, \"high\": 0.01, \"log\": true}}"}
{"op_code": 0, "worker_id": "c1830ca2-f2ad-4000-9bda-0748e98ede42-140200876627776", "study_name": "VDP_random_6030100", "directions": [1]}
{"op_code": 4, "worker_id": "c1830ca2-f2ad-4000-9bda-0748e98ede42-140200876627776", "study_id": 0, "datetime_start": "2023-12-26T15:18:39.649721"}
{"op_code": 5, "worker_id": "c1830ca2-f2ad-4000-9bda-0748e98ede42-140200876627776", "trial_id": 27, "param_name": "sr", "param_value_internal": 0.021715704929702564, "distribution": "{\"name\": \"FloatDistribution\", \"attributes\": {\"step\": null, \"low\": 0.01, \"high\": 10.0, \"log\": true}}"}
{"op_code": 5, "worker_id": "c1830ca2-f2ad-4000-9bda-0748e98ede42-140200876627776", "trial_id": 27, "param_name": "lr", "param_value_internal": 0.011066049140390683, "distribution": "{\"name\": \"FloatDistribution\", \"attributes\": {\"step\": null, \"low\": 0.001, \"high\": 1.0, \"log\": true}}"}
{"op_code": 5, "worker_id": "c1830ca2-f2ad-4000-9bda-0748e98ede42-140200876627776", "trial_id": 27, "param_name": "iss", "param_value_internal": 0.9376618560746128, "distribution": "{\"name\": \"FloatDistribution\", \"attributes\": {\"step\": null, \"low\": 0.0, \"high\": 1.0, \"log\": false}}"}
{"op_code": 5, "worker_id": "c1830ca2-f2ad-4000-9bda-0748e98ede42-140200876627776", "trial_id": 27, "param_name": "ridge", "param_value_internal": 3.471481242319243e-09, "distribution": "{\"name\": \"FloatDistribution\", \"attributes\": {\"step\": null, \"low\": 1e-09, \"high\": 0.01, \"log\": true}}"}
{"op_code": 0, "worker_id": "b8db4496-f7f1-4def-a4f4-7631a6ff5d88-140298407950144", "study_name": "VDP_random_6030100", "directions": [1]}
{"op_code": 0, "worker_id": "93d77f0b-9391-45bd-b7e6-8569ba5bf42f-140651286501184", "study_name": "VDP_random_6030100", "directions": [1]}
{"op_code": 4, "worker_id": "b8db4496-f7f1-4def-a4f4-7631a6ff5d88-140298407950144", "study_id": 0, "datetime_start": "2023-12-26T15:18:39.699034"}
{"op_code": 5, "worker_id": "b8db4496-f7f1-4def-a4f4-7631a6ff5d88-140298407950144", "trial_id": 28, "param_name": "sr", "param_value_internal": 1.818294315892941, "distribution": "{\"name\": \"FloatDistribution\", \"attributes\": {\"step\": null, \"low\": 0.01, \"high\": 10.0, \"log\": true}}"}
{"op_code": 5, "worker_id": "b8db4496-f7f1-4def-a4f4-7631a6ff5d88-140298407950144", "trial_id": 28, "param_name": "lr", "param_value_internal": 0.00624058778651567, "distribution": "{\"name\": \"FloatDistribution\", \"attributes\": {\"step\": null, \"low\": 0.001, \"high\": 1.0, \"log\": true}}"}
{"op_code": 5, "worker_id": "b8db4496-f7f1-4def-a4f4-7631a6ff5d88-140298407950144", "trial_id": 28, "param_name": "iss", "param_value_internal": 0.39896435409777775, "distribution": "{\"name\": \"FloatDistribution\", \"attributes\": {\"step\": null, \"low\": 0.0, \"high\": 1.0, \"log\": false}}"}
{"op_code": 5, "worker_id": "b8db4496-f7f1-4def-a4f4-7631a6ff5d88-140298407950144", "trial_id": 28, "param_name": "ridge", "param_value_internal": 9.223435349746259e-09, "distribution": "{\"name\": \"FloatDistribution\", \"attributes\": {\"step\": null, \"low\": 1e-09, \"high\": 0.01, \"log\": true}}"}
{"op_code": 4, "worker_id": "93d77f0b-9391-45bd-b7e6-8569ba5bf42f-140651286501184", "study_id": 0, "datetime_start": "2023-12-26T15:18:39.718300"}
{"op_code": 5, "worker_id": "93d77f0b-9391-45bd-b7e6-8569ba5bf42f-140651286501184", "trial_id": 29, "param_name": "sr", "param_value_internal": 0.3484070448041979, "distribution": "{\"name\": \"FloatDistribution\", \"attributes\": {\"step\": null, \"low\": 0.01, \"high\": 10.0, \"log\": true}}"}
{"op_code": 5, "worker_id": "93d77f0b-9391-45bd-b7e6-8569ba5bf42f-140651286501184", "trial_id": 29, "param_name": "lr", "param_value_internal": 0.07799898524413978, "distribution": "{\"name\": \"FloatDistribution\", \"attributes\": {\"step\": null, \"low\": 0.001, \"high\": 1.0, \"log\": true}}"}
{"op_code": 5, "worker_id": "93d77f0b-9391-45bd-b7e6-8569ba5bf42f-140651286501184", "trial_id": 29, "param_name": "iss", "param_value_internal": 0.763582456568205, "distribution": "{\"name\": \"FloatDistribution\", \"attributes\": {\"step\": null, \"low\": 0.0, \"high\": 1.0, \"log\": false}}"}
{"op_code": 5, "worker_id": "93d77f0b-9391-45bd-b7e6-8569ba5bf42f-140651286501184", "trial_id": 29, "param_name": "ridge", "param_value_internal": 3.510906752333741e-06, "distribution": "{\"name\": \"FloatDistribution\", \"attributes\": {\"step\": null, \"low\": 1e-09, \"high\": 0.01, \"log\": true}}"}
{"op_code": 0, "worker_id": "8deb0387-78d7-46b3-a0e5-dc651e599a39-140217148602176", "study_name": "VDP_random_6030100", "directions": [1]}
{"op_code": 0, "worker_id": "62eda3b8-f56a-40fb-9ca8-a8ea211a0615-139781343942464", "study_name": "VDP_random_6030100", "directions": [1]}
{"op_code": 0, "worker_id": "09a14f5c-15cd-4f7f-8b30-4cb725ec330c-140098561763136", "study_name": "VDP_random_6030100", "directions": [1]}
{"op_code": 0, "worker_id": "bf7a2c49-16b0-488f-bd8a-815422c7c735-139739714283328", "study_name": "VDP_random_6030100", "directions": [1]}
{"op_code": 4, "worker_id": "8deb0387-78d7-46b3-a0e5-dc651e599a39-140217148602176", "study_id": 0, "datetime_start": "2023-12-26T15:42:47.641739"}
{"op_code": 0, "worker_id": "e463de32-b313-42ca-82a4-e0f8f92612a7-140507516671808", "study_name": "VDP_random_6030100", "directions": [1]}
{"op_code": 4, "worker_id": "62eda3b8-f56a-40fb-9ca8-a8ea211a0615-139781343942464", "study_id": 0, "datetime_start": "2023-12-26T15:42:47.648827"}
{"op_code": 0, "worker_id": "a24f74f5-0099-481b-955b-c11bb4aadea6-139716873086784", "study_name": "VDP_random_6030100", "directions": [1]}
{"op_code": 0, "worker_id": "d5688642-2370-472c-be48-28ab7db244ac-140467321960256", "study_name": "VDP_random_6030100", "directions": [1]}
{"op_code": 0, "worker_id": "c45ac2b2-2616-41d5-8a4f-de059bd62868-140346508277568", "study_name": "VDP_random_6030100", "directions": [1]}
{"op_code": 0, "worker_id": "4d5ca60c-8de6-4cf0-ab89-c23320adbcd0-140600568600384", "study_name": "VDP_random_6030100", "directions": [1]}
{"op_code": 0, "worker_id": "2248d77a-b4bd-4cbb-b8b4-1b1f726c1cba-140157207828288", "study_name": "VDP_random_6030100", "directions": [1]}
{"op_code": 0, "worker_id": "9e3ea305-d8a8-4dfb-ae30-a3be34598eff-139926468749120", "study_name": "VDP_random_6030100", "directions": [1]}
{"op_code": 4, "worker_id": "c45ac2b2-2616-41d5-8a4f-de059bd62868-140346508277568", "study_id": 0, "datetime_start": "2023-12-26T15:42:47.773436"}
{"op_code": 4, "worker_id": "2248d77a-b4bd-4cbb-b8b4-1b1f726c1cba-140157207828288", "study_id": 0, "datetime_start": "2023-12-26T15:42:47.775925"}
{"op_code": 4, "worker_id": "4d5ca60c-8de6-4cf0-ab89-c23320adbcd0-140600568600384", "study_id": 0, "datetime_start": "2023-12-26T15:42:47.774381"}
{"op_code": 5, "worker_id": "c45ac2b2-2616-41d5-8a4f-de059bd62868-140346508277568", "trial_id": 32, "param_name": "sr", "param_value_internal": 0.6543247884796285, "distribution": "{\"name\": \"FloatDistribution\", \"attributes\": {\"step\": null, \"low\": 0.01, \"high\": 10.0, \"log\": true}}"}
{"op_code": 5, "worker_id": "2248d77a-b4bd-4cbb-b8b4-1b1f726c1cba-140157207828288", "trial_id": 33, "param_name": "sr", "param_value_internal": 0.21641224291538277, "distribution": "{\"name\": \"FloatDistribution\", \"attributes\": {\"step\": null, \"low\": 0.01, \"high\": 10.0, \"log\": true}}"}
{"op_code": 4, "worker_id": "9e3ea305-d8a8-4dfb-ae30-a3be34598eff-139926468749120", "study_id": 0, "datetime_start": "2023-12-26T15:42:47.786159"}
{"op_code": 5, "worker_id": "4d5ca60c-8de6-4cf0-ab89-c23320adbcd0-140600568600384", "trial_id": 34, "param_name": "sr", "param_value_internal": 0.9521585142824376, "distribution": "{\"name\": \"FloatDistribution\", \"attributes\": {\"step\": null, \"low\": 0.01, \"high\": 10.0, \"log\": true}}"}
{"op_code": 5, "worker_id": "2248d77a-b4bd-4cbb-b8b4-1b1f726c1cba-140157207828288", "trial_id": 33, "param_name": "lr", "param_value_internal": 0.0016929050783148743, "distribution": "{\"name\": \"FloatDistribution\", \"attributes\": {\"step\": null, \"low\": 0.001, \"high\": 1.0, \"log\": true}}"}
{"op_code": 4, "worker_id": "d5688642-2370-472c-be48-28ab7db244ac-140467321960256", "study_id": 0, "datetime_start": "2023-12-26T15:42:47.670065"}
{"op_code": 5, "worker_id": "4d5ca60c-8de6-4cf0-ab89-c23320adbcd0-140600568600384", "trial_id": 34, "param_name": "lr", "param_value_internal": 0.2884698141632401, "distribution": "{\"name\": \"FloatDistribution\", \"attributes\": {\"step\": null, \"low\": 0.001, \"high\": 1.0, \"log\": true}}"}
{"op_code": 0, "worker_id": "067d6349-2e1e-43f3-9282-b961bb5ca20e-140548309980992", "study_name": "VDP_random_6030100", "directions": [1]}
{"op_code": 5, "worker_id": "d5688642-2370-472c-be48-28ab7db244ac-140467321960256", "trial_id": 36, "param_name": "sr", "param_value_internal": 5.435526055388188, "distribution": "{\"name\": \"FloatDistribution\", \"attributes\": {\"step\": null, \"low\": 0.01, \"high\": 10.0, \"log\": true}}"}
{"op_code": 5, "worker_id": "4d5ca60c-8de6-4cf0-ab89-c23320adbcd0-140600568600384", "trial_id": 34, "param_name": "iss", "param_value_internal": 0.8087345176001639, "distribution": "{\"name\": \"FloatDistribution\", \"attributes\": {\"step\": null, \"low\": 0.0, \"high\": 1.0, \"log\": false}}"}
{"op_code": 0, "worker_id": "3b644c81-11f4-416f-ba16-0f5c10709fd2-140237605115712", "study_name": "VDP_random_6030100", "directions": [1]}
{"op_code": 5, "worker_id": "4d5ca60c-8de6-4cf0-ab89-c23320adbcd0-140600568600384", "trial_id": 34, "param_name": "ridge", "param_value_internal": 0.00020978515997913434, "distribution": "{\"name\": \"FloatDistribution\", \"attributes\": {\"step\": null, \"low\": 1e-09, \"high\": 0.01, \"log\": true}}"}
{"op_code": 4, "worker_id": "067d6349-2e1e-43f3-9282-b961bb5ca20e-140548309980992", "study_id": 0, "datetime_start": "2023-12-26T15:42:47.821022"}
{"op_code": 5, "worker_id": "c45ac2b2-2616-41d5-8a4f-de059bd62868-140346508277568", "trial_id": 32, "param_name": "lr", "param_value_internal": 0.001879352133824858, "distribution": "{\"name\": \"FloatDistribution\", \"attributes\": {\"step\": null, \"low\": 0.001, \"high\": 1.0, \"log\": true}}"}
{"op_code": 4, "worker_id": "3b644c81-11f4-416f-ba16-0f5c10709fd2-140237605115712", "study_id": 0, "datetime_start": "2023-12-26T15:42:47.828754"}
{"op_code": 5, "worker_id": "c45ac2b2-2616-41d5-8a4f-de059bd62868-140346508277568", "trial_id": 32, "param_name": "iss", "param_value_internal": 0.5170975613749033, "distribution": "{\"name\": \"FloatDistribution\", \"attributes\": {\"step\": null, \"low\": 0.0, \"high\": 1.0, \"log\": false}}"}
{"op_code": 5, "worker_id": "9e3ea305-d8a8-4dfb-ae30-a3be34598eff-139926468749120", "trial_id": 35, "param_name": "sr", "param_value_internal": 0.6134000241093452, "distribution": "{\"name\": \"FloatDistribution\", \"attributes\": {\"step\": null, \"low\": 0.01, \"high\": 10.0, \"log\": true}}"}
{"op_code": 5, "worker_id": "2248d77a-b4bd-4cbb-b8b4-1b1f726c1cba-140157207828288", "trial_id": 33, "param_name": "iss", "param_value_internal": 0.5825144750465113, "distribution": "{\"name\": \"FloatDistribution\", \"attributes\": {\"step\": null, \"low\": 0.0, \"high\": 1.0, \"log\": false}}"}
{"op_code": 5, "worker_id": "067d6349-2e1e-43f3-9282-b961bb5ca20e-140548309980992", "trial_id": 37, "param_name": "sr", "param_value_internal": 0.01669202107582462, "distribution": "{\"name\": \"FloatDistribution\", \"attributes\": {\"step\": null, \"low\": 0.01, \"high\": 10.0, \"log\": true}}"}
{"op_code": 5, "worker_id": "2248d77a-b4bd-4cbb-b8b4-1b1f726c1cba-140157207828288", "trial_id": 33, "param_name": "ridge", "param_value_internal": 4.305390729350413e-05, "distribution": "{\"name\": \"FloatDistribution\", \"attributes\": {\"step\": null, \"low\": 1e-09, \"high\": 0.01, \"log\": true}}"}
{"op_code": 5, "worker_id": "3b644c81-11f4-416f-ba16-0f5c10709fd2-140237605115712", "trial_id": 38, "param_name": "sr", "param_value_internal": 6.790368956703852, "distribution": "{\"name\": \"FloatDistribution\", \"attributes\": {\"step\": null, \"low\": 0.01, \"high\": 10.0, \"log\": true}}"}
{"op_code": 5, "worker_id": "9e3ea305-d8a8-4dfb-ae30-a3be34598eff-139926468749120", "trial_id": 35, "param_name": "lr", "param_value_internal": 0.003783730134571541, "distribution": "{\"name\": \"FloatDistribution\", \"attributes\": {\"step\": null, \"low\": 0.001, \"high\": 1.0, \"log\": true}}"}
{"op_code": 5, "worker_id": "3b644c81-11f4-416f-ba16-0f5c10709fd2-140237605115712", "trial_id": 38, "param_name": "lr", "param_value_internal": 0.018069164608426707, "distribution": "{\"name\": \"FloatDistribution\", \"attributes\": {\"step\": null, \"low\": 0.001, \"high\": 1.0, \"log\": true}}"}
{"op_code": 5, "worker_id": "9e3ea305-d8a8-4dfb-ae30-a3be34598eff-139926468749120", "trial_id": 35, "param_name": "iss", "param_value_internal": 0.6415855204604028, "distribution": "{\"name\": \"FloatDistribution\", \"attributes\": {\"step\": null, \"low\": 0.0, \"high\": 1.0, \"log\": false}}"}
{"op_code": 5, "worker_id": "3b644c81-11f4-416f-ba16-0f5c10709fd2-140237605115712", "trial_id": 38, "param_name": "iss", "param_value_internal": 0.2446059340496919, "distribution": "{\"name\": \"FloatDistribution\", \"attributes\": {\"step\": null, \"low\": 0.0, \"high\": 1.0, \"log\": false}}"}
{"op_code": 5, "worker_id": "9e3ea305-d8a8-4dfb-ae30-a3be34598eff-139926468749120", "trial_id": 35, "param_name": "ridge", "param_value_internal": 1.4431487213461094e-07, "distribution": "{\"name\": \"FloatDistribution\", \"attributes\": {\"step\": null, \"low\": 1e-09, \"high\": 0.01, \"log\": true}}"}
{"op_code": 5, "worker_id": "3b644c81-11f4-416f-ba16-0f5c10709fd2-140237605115712", "trial_id": 38, "param_name": "ridge", "param_value_internal": 1.7997898605753593e-05, "distribution": "{\"name\": \"FloatDistribution\", \"attributes\": {\"step\": null, \"low\": 1e-09, \"high\": 0.01, \"log\": true}}"}
{"op_code": 5, "worker_id": "c45ac2b2-2616-41d5-8a4f-de059bd62868-140346508277568", "trial_id": 32, "param_name": "ridge", "param_value_internal": 1.159871531171043e-07, "distribution": "{\"name\": \"FloatDistribution\", \"attributes\": {\"step\": null, \"low\": 1e-09, \"high\": 0.01, \"log\": true}}"}
{"op_code": 0, "worker_id": "0c257ca4-7787-4ffa-8a5f-b087be6fc22b-139799363417920", "study_name": "VDP_random_6030100", "directions": [1]}
{"op_code": 0, "worker_id": "b08601cc-37b7-430b-b28d-86ba5a41a24b-140429899986752", "study_name": "VDP_random_6030100", "directions": [1]}
{"op_code": 5, "worker_id": "067d6349-2e1e-43f3-9282-b961bb5ca20e-140548309980992", "trial_id": 37, "param_name": "lr", "param_value_internal": 0.008192563183118083, "distribution": "{\"name\": \"FloatDistribution\", \"attributes\": {\"step\": null, \"low\": 0.001, \"high\": 1.0, \"log\": true}}"}
{"op_code": 5, "worker_id": "d5688642-2370-472c-be48-28ab7db244ac-140467321960256", "trial_id": 36, "param_name": "lr", "param_value_internal": 0.0026220984815569586, "distribution": "{\"name\": \"FloatDistribution\", \"attributes\": {\"step\": null, \"low\": 0.001, \"high\": 1.0, \"log\": true}}"}
{"op_code": 4, "worker_id": "0c257ca4-7787-4ffa-8a5f-b087be6fc22b-139799363417920", "study_id": 0, "datetime_start": "2023-12-26T15:42:47.886586"}
{"op_code": 5, "worker_id": "d5688642-2370-472c-be48-28ab7db244ac-140467321960256", "trial_id": 36, "param_name": "iss", "param_value_internal": 0.13641738377103396, "distribution": "{\"name\": \"FloatDistribution\", \"attributes\": {\"step\": null, \"low\": 0.0, \"high\": 1.0, \"log\": false}}"}
{"op_code": 4, "worker_id": "b08601cc-37b7-430b-b28d-86ba5a41a24b-140429899986752", "study_id": 0, "datetime_start": "2023-12-26T15:42:47.891309"}
{"op_code": 5, "worker_id": "0c257ca4-7787-4ffa-8a5f-b087be6fc22b-139799363417920", "trial_id": 39, "param_name": "sr", "param_value_internal": 0.06676783900138754, "distribution": "{\"name\": \"FloatDistribution\", \"attributes\": {\"step\": null, \"low\": 0.01, \"high\": 10.0, \"log\": true}}"}
{"op_code": 5, "worker_id": "d5688642-2370-472c-be48-28ab7db244ac-140467321960256", "trial_id": 36, "param_name": "ridge", "param_value_internal": 2.8929660549211474e-09, "distribution": "{\"name\": \"FloatDistribution\", \"attributes\": {\"step\": null, \"low\": 1e-09, \"high\": 0.01, \"log\": true}}"}
{"op_code": 5, "worker_id": "b08601cc-37b7-430b-b28d-86ba5a41a24b-140429899986752", "trial_id": 40, "param_name": "sr", "param_value_internal": 0.11209938494316184, "distribution": "{\"name\": \"FloatDistribution\", \"attributes\": {\"step\": null, \"low\": 0.01, \"high\": 10.0, \"log\": true}}"}
{"op_code": 5, "worker_id": "0c257ca4-7787-4ffa-8a5f-b087be6fc22b-139799363417920", "trial_id": 39, "param_name": "lr", "param_value_internal": 0.0018841809004450242, "distribution": "{\"name\": \"FloatDistribution\", \"attributes\": {\"step\": null, \"low\": 0.001, \"high\": 1.0, \"log\": true}}"}
{"op_code": 0, "worker_id": "1ffc6f57-7713-45f9-a4e1-e320e23d92cb-140038487795520", "study_name": "VDP_random_6030100", "directions": [1]}
{"op_code": 5, "worker_id": "0c257ca4-7787-4ffa-8a5f-b087be6fc22b-139799363417920", "trial_id": 39, "param_name": "iss", "param_value_internal": 0.35118235387648766, "distribution": "{\"name\": \"FloatDistribution\", \"attributes\": {\"step\": null, \"low\": 0.0, \"high\": 1.0, \"log\": false}}"}
{"op_code": 4, "worker_id": "bf7a2c49-16b0-488f-bd8a-815422c7c735-139739714283328", "study_id": 0, "datetime_start": "2023-12-26T15:42:47.655113"}
{"op_code": 0, "worker_id": "e9ee60be-59fb-42c5-a4fa-e278c95f073d-139742899201856", "study_name": "VDP_random_6030100", "directions": [1]}
{"op_code": 5, "worker_id": "067d6349-2e1e-43f3-9282-b961bb5ca20e-140548309980992", "trial_id": 37, "param_name": "iss", "param_value_internal": 0.42094273057169784, "distribution": "{\"name\": \"FloatDistribution\", \"attributes\": {\"step\": null, \"low\": 0.0, \"high\": 1.0, \"log\": false}}"}
{"op_code": 5, "worker_id": "0c257ca4-7787-4ffa-8a5f-b087be6fc22b-139799363417920", "trial_id": 39, "param_name": "ridge", "param_value_internal": 0.0004007566472507272, "distribution": "{\"name\": \"FloatDistribution\", \"attributes\": {\"step\": null, \"low\": 1e-09, \"high\": 0.01, \"log\": true}}"}
{"op_code": 5, "worker_id": "067d6349-2e1e-43f3-9282-b961bb5ca20e-140548309980992", "trial_id": 37, "param_name": "ridge", "param_value_internal": 0.0012077160596358331, "distribution": "{\"name\": \"FloatDistribution\", \"attributes\": {\"step\": null, \"low\": 1e-09, \"high\": 0.01, \"log\": true}}"}
{"op_code": 0, "worker_id": "fa0c932d-ed2c-4bd7-9e63-22c1b2cbe8e1-139748118341440", "study_name": "VDP_random_6030100", "directions": [1]}
{"op_code": 0, "worker_id": "edfa47c5-3bb2-43af-b9fe-182254c5a754-140162139785024", "study_name": "VDP_random_6030100", "directions": [1]}
{"op_code": 4, "worker_id": "e9ee60be-59fb-42c5-a4fa-e278c95f073d-139742899201856", "study_id": 0, "datetime_start": "2023-12-26T15:42:47.934214"}
{"op_code": 0, "worker_id": "c6601e83-91d7-4d2c-af82-cae8b3780f4b-140281982977856", "study_name": "VDP_random_6030100", "directions": [1]}
{"op_code": 5, "worker_id": "b08601cc-37b7-430b-b28d-86ba5a41a24b-140429899986752", "trial_id": 40, "param_name": "lr", "param_value_internal": 0.7436853769085532, "distribution": "{\"name\": \"FloatDistribution\", \"attributes\": {\"step\": null, \"low\": 0.001, \"high\": 1.0, \"log\": true}}"}
{"op_code": 0, "worker_id": "7149c738-9693-47d8-90c4-bf411ebbdf53-140421607307072", "study_name": "VDP_random_6030100", "directions": [1]}
{"op_code": 5, "worker_id": "e9ee60be-59fb-42c5-a4fa-e278c95f073d-139742899201856", "trial_id": 42, "param_name": "sr", "param_value_internal": 2.03312874294019, "distribution": "{\"name\": \"FloatDistribution\", \"attributes\": {\"step\": null, \"low\": 0.01, \"high\": 10.0, \"log\": true}}"}
{"op_code": 4, "worker_id": "fa0c932d-ed2c-4bd7-9e63-22c1b2cbe8e1-139748118341440", "study_id": 0, "datetime_start": "2023-12-26T15:42:47.952109"}
{"op_code": 5, "worker_id": "e9ee60be-59fb-42c5-a4fa-e278c95f073d-139742899201856", "trial_id": 42, "param_name": "lr", "param_value_internal": 0.22297183717263497, "distribution": "{\"name\": \"FloatDistribution\", \"attributes\": {\"step\": null, \"low\": 0.001, \"high\": 1.0, \"log\": true}}"}
{"op_code": 4, "worker_id": "1ffc6f57-7713-45f9-a4e1-e320e23d92cb-140038487795520", "study_id": 0, "datetime_start": "2023-12-26T15:42:47.924046"}
{"op_code": 4, "worker_id": "edfa47c5-3bb2-43af-b9fe-182254c5a754-140162139785024", "study_id": 0, "datetime_start": "2023-12-26T15:42:47.946199"}
{"op_code": 5, "worker_id": "e9ee60be-59fb-42c5-a4fa-e278c95f073d-139742899201856", "trial_id": 42, "param_name": "iss", "param_value_internal": 0.0224951756050219, "distribution": "{\"name\": \"FloatDistribution\", \"attributes\": {\"step\": null, \"low\": 0.0, \"high\": 1.0, \"log\": false}}"}
{"op_code": 5, "worker_id": "1ffc6f57-7713-45f9-a4e1-e320e23d92cb-140038487795520", "trial_id": 44, "param_name": "sr", "param_value_internal": 2.136969878155397, "distribution": "{\"name\": \"FloatDistribution\", \"attributes\": {\"step\": null, \"low\": 0.01, \"high\": 10.0, \"log\": true}}"}
{"op_code": 5, "worker_id": "edfa47c5-3bb2-43af-b9fe-182254c5a754-140162139785024", "trial_id": 45, "param_name": "sr", "param_value_internal": 1.7191461995011441, "distribution": "{\"name\": \"FloatDistribution\", \"attributes\": {\"step\": null, \"low\": 0.01, \"high\": 10.0, \"log\": true}}"}
{"op_code": 5, "worker_id": "e9ee60be-59fb-42c5-a4fa-e278c95f073d-139742899201856", "trial_id": 42, "param_name": "ridge", "param_value_internal": 1.0461543729073428e-09, "distribution": "{\"name\": \"FloatDistribution\", \"attributes\": {\"step\": null, \"low\": 1e-09, \"high\": 0.01, \"log\": true}}"}
{"op_code": 5, "worker_id": "1ffc6f57-7713-45f9-a4e1-e320e23d92cb-140038487795520", "trial_id": 44, "param_name": "lr", "param_value_internal": 0.00419639865180806, "distribution": "{\"name\": \"FloatDistribution\", \"attributes\": {\"step\": null, \"low\": 0.001, \"high\": 1.0, \"log\": true}}"}
{"op_code": 5, "worker_id": "edfa47c5-3bb2-43af-b9fe-182254c5a754-140162139785024", "trial_id": 45, "param_name": "lr", "param_value_internal": 0.24754644370407575, "distribution": "{\"name\": \"FloatDistribution\", \"attributes\": {\"step\": null, \"low\": 0.001, \"high\": 1.0, \"log\": true}}"}
{"op_code": 5, "worker_id": "1ffc6f57-7713-45f9-a4e1-e320e23d92cb-140038487795520", "trial_id": 44, "param_name": "iss", "param_value_internal": 0.9230989041787402, "distribution": "{\"name\": \"FloatDistribution\", \"attributes\": {\"step\": null, \"low\": 0.0, \"high\": 1.0, \"log\": false}}"}
{"op_code": 5, "worker_id": "edfa47c5-3bb2-43af-b9fe-182254c5a754-140162139785024", "trial_id": 45, "param_name": "iss", "param_value_internal": 0.024417871421392068, "distribution": "{\"name\": \"FloatDistribution\", \"attributes\": {\"step\": null, \"low\": 0.0, \"high\": 1.0, \"log\": false}}"}
{"op_code": 5, "worker_id": "1ffc6f57-7713-45f9-a4e1-e320e23d92cb-140038487795520", "trial_id": 44, "param_name": "ridge", "param_value_internal": 2.1030972792354174e-08, "distribution": "{\"name\": \"FloatDistribution\", \"attributes\": {\"step\": null, \"low\": 1e-09, \"high\": 0.01, \"log\": true}}"}
{"op_code": 5, "worker_id": "bf7a2c49-16b0-488f-bd8a-815422c7c735-139739714283328", "trial_id": 41, "param_name": "sr", "param_value_internal": 0.866615511675912, "distribution": "{\"name\": \"FloatDistribution\", \"attributes\": {\"step\": null, \"low\": 0.01, \"high\": 10.0, \"log\": true}}"}
{"op_code": 5, "worker_id": "edfa47c5-3bb2-43af-b9fe-182254c5a754-140162139785024", "trial_id": 45, "param_name": "ridge", "param_value_internal": 1.3938309655640408e-06, "distribution": "{\"name\": \"FloatDistribution\", \"attributes\": {\"step\": null, \"low\": 1e-09, \"high\": 0.01, \"log\": true}}"}
{"op_code": 5, "worker_id": "bf7a2c49-16b0-488f-bd8a-815422c7c735-139739714283328", "trial_id": 41, "param_name": "lr", "param_value_internal": 0.4304317721067772, "distribution": "{\"name\": \"FloatDistribution\", \"attributes\": {\"step\": null, \"low\": 0.001, \"high\": 1.0, \"log\": true}}"}
{"op_code": 5, "worker_id": "bf7a2c49-16b0-488f-bd8a-815422c7c735-139739714283328", "trial_id": 41, "param_name": "iss", "param_value_internal": 0.5768591838727728, "distribution": "{\"name\": \"FloatDistribution\", \"attributes\": {\"step\": null, \"low\": 0.0, \"high\": 1.0, \"log\": false}}"}
{"op_code": 5, "worker_id": "bf7a2c49-16b0-488f-bd8a-815422c7c735-139739714283328", "trial_id": 41, "param_name": "ridge", "param_value_internal": 0.00041298826582042474, "distribution": "{\"name\": \"FloatDistribution\", \"attributes\": {\"step\": null, \"low\": 1e-09, \"high\": 0.01, \"log\": true}}"}
{"op_code": 5, "worker_id": "b08601cc-37b7-430b-b28d-86ba5a41a24b-140429899986752", "trial_id": 40, "param_name": "iss", "param_value_internal": 0.22081098475768624, "distribution": "{\"name\": \"FloatDistribution\", \"attributes\": {\"step\": null, \"low\": 0.0, \"high\": 1.0, \"log\": false}}"}
{"op_code": 5, "worker_id": "b08601cc-37b7-430b-b28d-86ba5a41a24b-140429899986752", "trial_id": 40, "param_name": "ridge", "param_value_internal": 0.008894119624452341, "distribution": "{\"name\": \"FloatDistribution\", \"attributes\": {\"step\": null, \"low\": 1e-09, \"high\": 0.01, \"log\": true}}"}
{"op_code": 4, "worker_id": "c6601e83-91d7-4d2c-af82-cae8b3780f4b-140281982977856", "study_id": 0, "datetime_start": "2023-12-26T15:42:47.960986"}
{"op_code": 4, "worker_id": "7149c738-9693-47d8-90c4-bf411ebbdf53-140421607307072", "study_id": 0, "datetime_start": "2023-12-26T15:42:47.963278"}
{"op_code": 5, "worker_id": "c6601e83-91d7-4d2c-af82-cae8b3780f4b-140281982977856", "trial_id": 46, "param_name": "sr", "param_value_internal": 1.2731397861235645, "distribution": "{\"name\": \"FloatDistribution\", \"attributes\": {\"step\": null, \"low\": 0.01, \"high\": 10.0, \"log\": true}}"}
{"op_code": 5, "worker_id": "7149c738-9693-47d8-90c4-bf411ebbdf53-140421607307072", "trial_id": 47, "param_name": "sr", "param_value_internal": 3.279646169316582, "distribution": "{\"name\": \"FloatDistribution\", \"attributes\": {\"step\": null, \"low\": 0.01, \"high\": 10.0, \"log\": true}}"}
{"op_code": 5, "worker_id": "c6601e83-91d7-4d2c-af82-cae8b3780f4b-140281982977856", "trial_id": 46, "param_name": "lr", "param_value_internal": 0.8326786473829361, "distribution": "{\"name\": \"FloatDistribution\", \"attributes\": {\"step\": null, \"low\": 0.001, \"high\": 1.0, \"log\": true}}"}
{"op_code": 5, "worker_id": "7149c738-9693-47d8-90c4-bf411ebbdf53-140421607307072", "trial_id": 47, "param_name": "lr", "param_value_internal": 0.0014141495848314749, "distribution": "{\"name\": \"FloatDistribution\", \"attributes\": {\"step\": null, \"low\": 0.001, \"high\": 1.0, \"log\": true}}"}
{"op_code": 5, "worker_id": "c6601e83-91d7-4d2c-af82-cae8b3780f4b-140281982977856", "trial_id": 46, "param_name": "iss", "param_value_internal": 0.001860283207779645, "distribution": "{\"name\": \"FloatDistribution\", \"attributes\": {\"step\": null, \"low\": 0.0, \"high\": 1.0, \"log\": false}}"}
{"op_code": 5, "worker_id": "7149c738-9693-47d8-90c4-bf411ebbdf53-140421607307072", "trial_id": 47, "param_name": "iss", "param_value_internal": 0.8964261021847294, "distribution": "{\"name\": \"FloatDistribution\", \"attributes\": {\"step\": null, \"low\": 0.0, \"high\": 1.0, \"log\": false}}"}
{"op_code": 5, "worker_id": "c6601e83-91d7-4d2c-af82-cae8b3780f4b-140281982977856", "trial_id": 46, "param_name": "ridge", "param_value_internal": 0.0002368271154476839, "distribution": "{\"name\": \"FloatDistribution\", \"attributes\": {\"step\": null, \"low\": 1e-09, \"high\": 0.01, \"log\": true}}"}
{"op_code": 5, "worker_id": "7149c738-9693-47d8-90c4-bf411ebbdf53-140421607307072", "trial_id": 47, "param_name": "ridge", "param_value_internal": 0.0007630363304835867, "distribution": "{\"name\": \"FloatDistribution\", \"attributes\": {\"step\": null, \"low\": 1e-09, \"high\": 0.01, \"log\": true}}"}
{"op_code": 5, "worker_id": "fa0c932d-ed2c-4bd7-9e63-22c1b2cbe8e1-139748118341440", "trial_id": 43, "param_name": "sr", "param_value_internal": 0.18158942335036313, "distribution": "{\"name\": \"FloatDistribution\", \"attributes\": {\"step\": null, \"low\": 0.01, \"high\": 10.0, \"log\": true}}"}
{"op_code": 5, "worker_id": "fa0c932d-ed2c-4bd7-9e63-22c1b2cbe8e1-139748118341440", "trial_id": 43, "param_name": "lr", "param_value_internal": 0.07295267599494683, "distribution": "{\"name\": \"FloatDistribution\", \"attributes\": {\"step\": null, \"low\": 0.001, \"high\": 1.0, \"log\": true}}"}
{"op_code": 5, "worker_id": "fa0c932d-ed2c-4bd7-9e63-22c1b2cbe8e1-139748118341440", "trial_id": 43, "param_name": "iss", "param_value_internal": 0.989837358063682, "distribution": "{\"name\": \"FloatDistribution\", \"attributes\": {\"step\": null, \"low\": 0.0, \"high\": 1.0, \"log\": false}}"}
{"op_code": 5, "worker_id": "fa0c932d-ed2c-4bd7-9e63-22c1b2cbe8e1-139748118341440", "trial_id": 43, "param_name": "ridge", "param_value_internal": 3.806598401481097e-06, "distribution": "{\"name\": \"FloatDistribution\", \"attributes\": {\"step\": null, \"low\": 1e-09, \"high\": 0.01, \"log\": true}}"}
{"op_code": 0, "worker_id": "37d572e4-7f5a-40a0-86e3-fa959162dcdb-140092985730880", "study_name": "VDP_random_6030100", "directions": [1]}
{"op_code": 0, "worker_id": "726be0d0-ede7-4891-8e91-64678f594eb1-139901724727104", "study_name": "VDP_random_6030100", "directions": [1]}
{"op_code": 4, "worker_id": "37d572e4-7f5a-40a0-86e3-fa959162dcdb-140092985730880", "study_id": 0, "datetime_start": "2023-12-26T15:42:48.167892"}
{"op_code": 4, "worker_id": "09a14f5c-15cd-4f7f-8b30-4cb725ec330c-140098561763136", "study_id": 0, "datetime_start": "2023-12-26T15:42:47.650366"}
{"op_code": 5, "worker_id": "62eda3b8-f56a-40fb-9ca8-a8ea211a0615-139781343942464", "trial_id": 31, "param_name": "sr", "param_value_internal": 5.005910684991031, "distribution": "{\"name\": \"FloatDistribution\", \"attributes\": {\"step\": null, \"low\": 0.01, \"high\": 10.0, \"log\": true}}"}
{"op_code": 0, "worker_id": "a54fa6d8-c204-408f-9501-6f2db0479a2e-139789280339776", "study_name": "VDP_random_6030100", "directions": [1]}
{"op_code": 5, "worker_id": "37d572e4-7f5a-40a0-86e3-fa959162dcdb-140092985730880", "trial_id": 48, "param_name": "sr", "param_value_internal": 1.8580742886013195, "distribution": "{\"name\": \"FloatDistribution\", \"attributes\": {\"step\": null, \"low\": 0.01, \"high\": 10.0, \"log\": true}}"}
{"op_code": 5, "worker_id": "62eda3b8-f56a-40fb-9ca8-a8ea211a0615-139781343942464", "trial_id": 31, "param_name": "lr", "param_value_internal": 0.007132710989277163, "distribution": "{\"name\": \"FloatDistribution\", \"attributes\": {\"step\": null, \"low\": 0.001, \"high\": 1.0, \"log\": true}}"}
{"op_code": 5, "worker_id": "37d572e4-7f5a-40a0-86e3-fa959162dcdb-140092985730880", "trial_id": 48, "param_name": "lr", "param_value_internal": 0.012393282313464121, "distribution": "{\"name\": \"FloatDistribution\", \"attributes\": {\"step\": null, \"low\": 0.001, \"high\": 1.0, \"log\": true}}"}
{"op_code": 5, "worker_id": "62eda3b8-f56a-40fb-9ca8-a8ea211a0615-139781343942464", "trial_id": 31, "param_name": "iss", "param_value_internal": 0.9215146618775122, "distribution": "{\"name\": \"FloatDistribution\", \"attributes\": {\"step\": null, \"low\": 0.0, \"high\": 1.0, \"log\": false}}"}
{"op_code": 5, "worker_id": "09a14f5c-15cd-4f7f-8b30-4cb725ec330c-140098561763136", "trial_id": 49, "param_name": "sr", "param_value_internal": 0.4996387760481677, "distribution": "{\"name\": \"FloatDistribution\", \"attributes\": {\"step\": null, \"low\": 0.01, \"high\": 10.0, \"log\": true}}"}
{"op_code": 5, "worker_id": "62eda3b8-f56a-40fb-9ca8-a8ea211a0615-139781343942464", "trial_id": 31, "param_name": "ridge", "param_value_internal": 1.2930785980890773e-08, "distribution": "{\"name\": \"FloatDistribution\", \"attributes\": {\"step\": null, \"low\": 1e-09, \"high\": 0.01, \"log\": true}}"}
{"op_code": 5, "worker_id": "09a14f5c-15cd-4f7f-8b30-4cb725ec330c-140098561763136", "trial_id": 49, "param_name": "lr", "param_value_internal": 0.24054809542657132, "distribution": "{\"name\": \"FloatDistribution\", \"attributes\": {\"step\": null, \"low\": 0.001, \"high\": 1.0, \"log\": true}}"}
{"op_code": 5, "worker_id": "37d572e4-7f5a-40a0-86e3-fa959162dcdb-140092985730880", "trial_id": 48, "param_name": "iss", "param_value_internal": 0.9099914788892752, "distribution": "{\"name\": \"FloatDistribution\", \"attributes\": {\"step\": null, \"low\": 0.0, \"high\": 1.0, \"log\": false}}"}
{"op_code": 5, "worker_id": "09a14f5c-15cd-4f7f-8b30-4cb725ec330c-140098561763136", "trial_id": 49, "param_name": "iss", "param_value_internal": 0.41027586905912816, "distribution": "{\"name\": \"FloatDistribution\", \"attributes\": {\"step\": null, \"low\": 0.0, \"high\": 1.0, \"log\": false}}"}
{"op_code": 5, "worker_id": "37d572e4-7f5a-40a0-86e3-fa959162dcdb-140092985730880", "trial_id": 48, "param_name": "ridge", "param_value_internal": 3.888543521775399e-09, "distribution": "{\"name\": \"FloatDistribution\", \"attributes\": {\"step\": null, \"low\": 1e-09, \"high\": 0.01, \"log\": true}}"}
{"op_code": 5, "worker_id": "09a14f5c-15cd-4f7f-8b30-4cb725ec330c-140098561763136", "trial_id": 49, "param_name": "ridge", "param_value_internal": 6.633960106688144e-07, "distribution": "{\"name\": \"FloatDistribution\", \"attributes\": {\"step\": null, \"low\": 1e-09, \"high\": 0.01, \"log\": true}}"}
{"op_code": 4, "worker_id": "726be0d0-ede7-4891-8e91-64678f594eb1-139901724727104", "study_id": 0, "datetime_start": "2023-12-26T15:42:48.180659"}
{"op_code": 5, "worker_id": "726be0d0-ede7-4891-8e91-64678f594eb1-139901724727104", "trial_id": 50, "param_name": "sr", "param_value_internal": 0.7140474142388907, "distribution": "{\"name\": \"FloatDistribution\", \"attributes\": {\"step\": null, \"low\": 0.01, \"high\": 10.0, \"log\": true}}"}
{"op_code": 5, "worker_id": "726be0d0-ede7-4891-8e91-64678f594eb1-139901724727104", "trial_id": 50, "param_name": "lr", "param_value_internal": 0.12301999424620312, "distribution": "{\"name\": \"FloatDistribution\", \"attributes\": {\"step\": null, \"low\": 0.001, \"high\": 1.0, \"log\": true}}"}
{"op_code": 4, "worker_id": "a54fa6d8-c204-408f-9501-6f2db0479a2e-139789280339776", "study_id": 0, "datetime_start": "2023-12-26T15:42:48.197105"}
{"op_code": 5, "worker_id": "726be0d0-ede7-4891-8e91-64678f594eb1-139901724727104", "trial_id": 50, "param_name": "iss", "param_value_internal": 0.8158888711260027, "distribution": "{\"name\": \"FloatDistribution\", \"attributes\": {\"step\": null, \"low\": 0.0, \"high\": 1.0, \"log\": false}}"}
{"op_code": 0, "worker_id": "cf7791ec-3929-4bcd-a010-0bc419a1b97d-139944063321920", "study_name": "VDP_random_6030100", "directions": [1]}
{"op_code": 5, "worker_id": "a54fa6d8-c204-408f-9501-6f2db0479a2e-139789280339776", "trial_id": 51, "param_name": "sr", "param_value_internal": 0.05085781476816073, "distribution": "{\"name\": \"FloatDistribution\", \"attributes\": {\"step\": null, \"low\": 0.01, \"high\": 10.0, \"log\": true}}"}
{"op_code": 0, "worker_id": "6c4c0901-1880-42dd-ab0e-ef53008965ce-140352392464192", "study_name": "VDP_random_6030100", "directions": [1]}
{"op_code": 5, "worker_id": "a54fa6d8-c204-408f-9501-6f2db0479a2e-139789280339776", "trial_id": 51, "param_name": "lr", "param_value_internal": 0.031810864965815866, "distribution": "{\"name\": \"FloatDistribution\", \"attributes\": {\"step\": null, \"low\": 0.001, \"high\": 1.0, \"log\": true}}"}
{"op_code": 0, "worker_id": "ad52032c-da82-4350-bacc-c4a998b35b2a-139928455038784", "study_name": "VDP_random_6030100", "directions": [1]}
{"op_code": 5, "worker_id": "a54fa6d8-c204-408f-9501-6f2db0479a2e-139789280339776", "trial_id": 51, "param_name": "iss", "param_value_internal": 0.664553928908996, "distribution": "{\"name\": \"FloatDistribution\", \"attributes\": {\"step\": null, \"low\": 0.0, \"high\": 1.0, \"log\": false}}"}
{"op_code": 4, "worker_id": "cf7791ec-3929-4bcd-a010-0bc419a1b97d-139944063321920", "study_id": 0, "datetime_start": "2023-12-26T15:42:48.256362"}
{"op_code": 4, "worker_id": "6c4c0901-1880-42dd-ab0e-ef53008965ce-140352392464192", "study_id": 0, "datetime_start": "2023-12-26T15:42:48.259566"}
{"op_code": 5, "worker_id": "a54fa6d8-c204-408f-9501-6f2db0479a2e-139789280339776", "trial_id": 51, "param_name": "ridge", "param_value_internal": 0.003202474497853902, "distribution": "{\"name\": \"FloatDistribution\", \"attributes\": {\"step\": null, \"low\": 1e-09, \"high\": 0.01, \"log\": true}}"}
{"op_code": 5, "worker_id": "cf7791ec-3929-4bcd-a010-0bc419a1b97d-139944063321920", "trial_id": 52, "param_name": "sr", "param_value_internal": 3.7152892036017384, "distribution": "{\"name\": \"FloatDistribution\", \"attributes\": {\"step\": null, \"low\": 0.01, \"high\": 10.0, \"log\": true}}"}
{"op_code": 5, "worker_id": "6c4c0901-1880-42dd-ab0e-ef53008965ce-140352392464192", "trial_id": 53, "param_name": "sr", "param_value_internal": 0.07636432019046217, "distribution": "{\"name\": \"FloatDistribution\", \"attributes\": {\"step\": null, \"low\": 0.01, \"high\": 10.0, \"log\": true}}"}
{"op_code": 5, "worker_id": "cf7791ec-3929-4bcd-a010-0bc419a1b97d-139944063321920", "trial_id": 52, "param_name": "lr", "param_value_internal": 0.20638611350417407, "distribution": "{\"name\": \"FloatDistribution\", \"attributes\": {\"step\": null, \"low\": 0.001, \"high\": 1.0, \"log\": true}}"}
{"op_code": 5, "worker_id": "6c4c0901-1880-42dd-ab0e-ef53008965ce-140352392464192", "trial_id": 53, "param_name": "lr", "param_value_internal": 0.011607395911824643, "distribution": "{\"name\": \"FloatDistribution\", \"attributes\": {\"step\": null, \"low\": 0.001, \"high\": 1.0, \"log\": true}}"}
{"op_code": 5, "worker_id": "cf7791ec-3929-4bcd-a010-0bc419a1b97d-139944063321920", "trial_id": 52, "param_name": "iss", "param_value_internal": 0.10741536355050896, "distribution": "{\"name\": \"FloatDistribution\", \"attributes\": {\"step\": null, \"low\": 0.0, \"high\": 1.0, \"log\": false}}"}
{"op_code": 4, "worker_id": "ad52032c-da82-4350-bacc-c4a998b35b2a-139928455038784", "study_id": 0, "datetime_start": "2023-12-26T15:42:48.281795"}
{"op_code": 5, "worker_id": "6c4c0901-1880-42dd-ab0e-ef53008965ce-140352392464192", "trial_id": 53, "param_name": "iss", "param_value_internal": 0.2533815104095971, "distribution": "{\"name\": \"FloatDistribution\", \"attributes\": {\"step\": null, \"low\": 0.0, \"high\": 1.0, \"log\": false}}"}
{"op_code": 5, "worker_id": "cf7791ec-3929-4bcd-a010-0bc419a1b97d-139944063321920", "trial_id": 52, "param_name": "ridge", "param_value_internal": 0.0012608454810816134, "distribution": "{\"name\": \"FloatDistribution\", \"attributes\": {\"step\": null, \"low\": 1e-09, \"high\": 0.01, \"log\": true}}"}
{"op_code": 5, "worker_id": "6c4c0901-1880-42dd-ab0e-ef53008965ce-140352392464192", "trial_id": 53, "param_name": "ridge", "param_value_internal": 0.003990042164041245, "distribution": "{\"name\": \"FloatDistribution\", \"attributes\": {\"step\": null, \"low\": 1e-09, \"high\": 0.01, \"log\": true}}"}
{"op_code": 5, "worker_id": "ad52032c-da82-4350-bacc-c4a998b35b2a-139928455038784", "trial_id": 54, "param_name": "sr", "param_value_internal": 2.2994476579002803, "distribution": "{\"name\": \"FloatDistribution\", \"attributes\": {\"step\": null, \"low\": 0.01, \"high\": 10.0, \"log\": true}}"}
{"op_code": 5, "worker_id": "ad52032c-da82-4350-bacc-c4a998b35b2a-139928455038784", "trial_id": 54, "param_name": "lr", "param_value_internal": 0.4544573948800565, "distribution": "{\"name\": \"FloatDistribution\", \"attributes\": {\"step\": null, \"low\": 0.001, \"high\": 1.0, \"log\": true}}"}
{"op_code": 5, "worker_id": "ad52032c-da82-4350-bacc-c4a998b35b2a-139928455038784", "trial_id": 54, "param_name": "iss", "param_value_internal": 0.16208824327727378, "distribution": "{\"name\": \"FloatDistribution\", \"attributes\": {\"step\": null, \"low\": 0.0, \"high\": 1.0, \"log\": false}}"}
{"op_code": 5, "worker_id": "ad52032c-da82-4350-bacc-c4a998b35b2a-139928455038784", "trial_id": 54, "param_name": "ridge", "param_value_internal": 0.0031718317893242526, "distribution": "{\"name\": \"FloatDistribution\", \"attributes\": {\"step\": null, \"low\": 1e-09, \"high\": 0.01, \"log\": true}}"}
{"op_code": 5, "worker_id": "726be0d0-ede7-4891-8e91-64678f594eb1-139901724727104", "trial_id": 50, "param_name": "ridge", "param_value_internal": 6.253771832595447e-09, "distribution": "{\"name\": \"FloatDistribution\", \"attributes\": {\"step\": null, \"low\": 1e-09, \"high\": 0.01, \"log\": true}}"}
{"op_code": 5, "worker_id": "8deb0387-78d7-46b3-a0e5-dc651e599a39-140217148602176", "trial_id": 30, "param_name": "sr", "param_value_internal": 0.017187898242903798, "distribution": "{\"name\": \"FloatDistribution\", \"attributes\": {\"step\": null, \"low\": 0.01, \"high\": 10.0, \"log\": true}}"}
{"op_code": 0, "worker_id": "50f03a5b-b49b-461b-b589-4a65b1f33ebd-140515199444800", "study_name": "VDP_random_6030100", "directions": [1]}
{"op_code": 4, "worker_id": "a24f74f5-0099-481b-955b-c11bb4aadea6-139716873086784", "study_id": 0, "datetime_start": "2023-12-26T15:42:47.660354"}
{"op_code": 5, "worker_id": "8deb0387-78d7-46b3-a0e5-dc651e599a39-140217148602176", "trial_id": 30, "param_name": "lr", "param_value_internal": 0.7281466482698324, "distribution": "{\"name\": \"FloatDistribution\", \"attributes\": {\"step\": null, \"low\": 0.001, \"high\": 1.0, \"log\": true}}"}
{"op_code": 5, "worker_id": "8deb0387-78d7-46b3-a0e5-dc651e599a39-140217148602176", "trial_id": 30, "param_name": "iss", "param_value_internal": 0.546734983936808, "distribution": "{\"name\": \"FloatDistribution\", \"attributes\": {\"step\": null, \"low\": 0.0, \"high\": 1.0, \"log\": false}}"}
{"op_code": 5, "worker_id": "8deb0387-78d7-46b3-a0e5-dc651e599a39-140217148602176", "trial_id": 30, "param_name": "ridge", "param_value_internal": 0.0009611471064481173, "distribution": "{\"name\": \"FloatDistribution\", \"attributes\": {\"step\": null, \"low\": 1e-09, \"high\": 0.01, \"log\": true}}"}
{"op_code": 5, "worker_id": "a24f74f5-0099-481b-955b-c11bb4aadea6-139716873086784", "trial_id": 55, "param_name": "sr", "param_value_internal": 6.682016236741194, "distribution": "{\"name\": \"FloatDistribution\", \"attributes\": {\"step\": null, \"low\": 0.01, \"high\": 10.0, \"log\": true}}"}
{"op_code": 5, "worker_id": "a24f74f5-0099-481b-955b-c11bb4aadea6-139716873086784", "trial_id": 55, "param_name": "lr", "param_value_internal": 0.0040061533000642765, "distribution": "{\"name\": \"FloatDistribution\", \"attributes\": {\"step\": null, \"low\": 0.001, \"high\": 1.0, \"log\": true}}"}
{"op_code": 4, "worker_id": "50f03a5b-b49b-461b-b589-4a65b1f33ebd-140515199444800", "study_id": 0, "datetime_start": "2023-12-26T15:42:48.715457"}
{"op_code": 5, "worker_id": "a24f74f5-0099-481b-955b-c11bb4aadea6-139716873086784", "trial_id": 55, "param_name": "iss", "param_value_internal": 0.3420924337180139, "distribution": "{\"name\": \"FloatDistribution\", \"attributes\": {\"step\": null, \"low\": 0.0, \"high\": 1.0, \"log\": false}}"}
{"op_code": 5, "worker_id": "a24f74f5-0099-481b-955b-c11bb4aadea6-139716873086784", "trial_id": 55, "param_name": "ridge", "param_value_internal": 7.137590540860052e-05, "distribution": "{\"name\": \"FloatDistribution\", \"attributes\": {\"step\": null, \"low\": 1e-09, \"high\": 0.01, \"log\": true}}"}
{"op_code": 5, "worker_id": "50f03a5b-b49b-461b-b589-4a65b1f33ebd-140515199444800", "trial_id": 56, "param_name": "sr", "param_value_internal": 5.498663743525438, "distribution": "{\"name\": \"FloatDistribution\", \"attributes\": {\"step\": null, \"low\": 0.01, \"high\": 10.0, \"log\": true}}"}
{"op_code": 5, "worker_id": "50f03a5b-b49b-461b-b589-4a65b1f33ebd-140515199444800", "trial_id": 56, "param_name": "lr", "param_value_internal": 0.15002742950945794, "distribution": "{\"name\": \"FloatDistribution\", \"attributes\": {\"step\": null, \"low\": 0.001, \"high\": 1.0, \"log\": true}}"}
{"op_code": 5, "worker_id": "50f03a5b-b49b-461b-b589-4a65b1f33ebd-140515199444800", "trial_id": 56, "param_name": "iss", "param_value_internal": 0.00387335540605116, "distribution": "{\"name\": \"FloatDistribution\", \"attributes\": {\"step\": null, \"low\": 0.0, \"high\": 1.0, \"log\": false}}"}
{"op_code": 5, "worker_id": "50f03a5b-b49b-461b-b589-4a65b1f33ebd-140515199444800", "trial_id": 56, "param_name": "ridge", "param_value_internal": 0.00026919095706264814, "distribution": "{\"name\": \"FloatDistribution\", \"attributes\": {\"step\": null, \"low\": 1e-09, \"high\": 0.01, \"log\": true}}"}
{"op_code": 0, "worker_id": "8c6d3214-19dc-49dc-8d8f-cff433dd2c4e-139674709591872", "study_name": "VDP_random_6030100", "directions": [1]}
{"op_code": 4, "worker_id": "8c6d3214-19dc-49dc-8d8f-cff433dd2c4e-139674709591872", "study_id": 0, "datetime_start": "2023-12-26T15:42:48.792417"}
{"op_code": 5, "worker_id": "8c6d3214-19dc-49dc-8d8f-cff433dd2c4e-139674709591872", "trial_id": 57, "param_name": "sr", "param_value_internal": 0.014344157138842349, "distribution": "{\"name\": \"FloatDistribution\", \"attributes\": {\"step\": null, \"low\": 0.01, \"high\": 10.0, \"log\": true}}"}
{"op_code": 5, "worker_id": "8c6d3214-19dc-49dc-8d8f-cff433dd2c4e-139674709591872", "trial_id": 57, "param_name": "lr", "param_value_internal": 0.014117865744382563, "distribution": "{\"name\": \"FloatDistribution\", \"attributes\": {\"step\": null, \"low\": 0.001, \"high\": 1.0, \"log\": true}}"}
{"op_code": 5, "worker_id": "8c6d3214-19dc-49dc-8d8f-cff433dd2c4e-139674709591872", "trial_id": 57, "param_name": "iss", "param_value_internal": 0.282927527172827, "distribution": "{\"name\": \"FloatDistribution\", \"attributes\": {\"step\": null, \"low\": 0.0, \"high\": 1.0, \"log\": false}}"}
{"op_code": 5, "worker_id": "8c6d3214-19dc-49dc-8d8f-cff433dd2c4e-139674709591872", "trial_id": 57, "param_name": "ridge", "param_value_internal": 0.00011184161096171331, "distribution": "{\"name\": \"FloatDistribution\", \"attributes\": {\"step\": null, \"low\": 1e-09, \"high\": 0.01, \"log\": true}}"}
{"op_code": 4, "worker_id": "e463de32-b313-42ca-82a4-e0f8f92612a7-140507516671808", "study_id": 0, "datetime_start": "2023-12-26T15:42:47.658762"}
{"op_code": 5, "worker_id": "e463de32-b313-42ca-82a4-e0f8f92612a7-140507516671808", "trial_id": 58, "param_name": "sr", "param_value_internal": 0.09349751901477507, "distribution": "{\"name\": \"FloatDistribution\", \"attributes\": {\"step\": null, \"low\": 0.01, \"high\": 10.0, \"log\": true}}"}
{"op_code": 5, "worker_id": "e463de32-b313-42ca-82a4-e0f8f92612a7-140507516671808", "trial_id": 58, "param_name": "lr", "param_value_internal": 0.04303268313981469, "distribution": "{\"name\": \"FloatDistribution\", \"attributes\": {\"step\": null, \"low\": 0.001, \"high\": 1.0, \"log\": true}}"}
{"op_code": 5, "worker_id": "e463de32-b313-42ca-82a4-e0f8f92612a7-140507516671808", "trial_id": 58, "param_name": "iss", "param_value_internal": 0.17933554621947279, "distribution": "{\"name\": \"FloatDistribution\", \"attributes\": {\"step\": null, \"low\": 0.0, \"high\": 1.0, \"log\": false}}"}
{"op_code": 5, "worker_id": "e463de32-b313-42ca-82a4-e0f8f92612a7-140507516671808", "trial_id": 58, "param_name": "ridge", "param_value_internal": 3.857575875990964e-09, "distribution": "{\"name\": \"FloatDistribution\", \"attributes\": {\"step\": null, \"low\": 1e-09, \"high\": 0.01, \"log\": true}}"}
{"op_code": 0, "worker_id": "34d68ca9-ab2b-4700-a3a5-da47a032ca70-140366224787264", "study_name": "VDP_random_6030100", "directions": [1]}
{"op_code": 4, "worker_id": "34d68ca9-ab2b-4700-a3a5-da47a032ca70-140366224787264", "study_id": 0, "datetime_start": "2023-12-26T15:42:50.739179"}
{"op_code": 5, "worker_id": "34d68ca9-ab2b-4700-a3a5-da47a032ca70-140366224787264", "trial_id": 59, "param_name": "sr", "param_value_internal": 0.3737440154136088, "distribution": "{\"name\": \"FloatDistribution\", \"attributes\": {\"step\": null, \"low\": 0.01, \"high\": 10.0, \"log\": true}}"}
{"op_code": 5, "worker_id": "34d68ca9-ab2b-4700-a3a5-da47a032ca70-140366224787264", "trial_id": 59, "param_name": "lr", "param_value_internal": 0.008772670845800199, "distribution": "{\"name\": \"FloatDistribution\", \"attributes\": {\"step\": null, \"low\": 0.001, \"high\": 1.0, \"log\": true}}"}
{"op_code": 5, "worker_id": "34d68ca9-ab2b-4700-a3a5-da47a032ca70-140366224787264", "trial_id": 59, "param_name": "iss", "param_value_internal": 0.15726492594851815, "distribution": "{\"name\": \"FloatDistribution\", \"attributes\": {\"step\": null, \"low\": 0.0, \"high\": 1.0, \"log\": false}}"}
{"op_code": 5, "worker_id": "34d68ca9-ab2b-4700-a3a5-da47a032ca70-140366224787264", "trial_id": 59, "param_name": "ridge", "param_value_internal": 3.0974106652720296e-07, "distribution": "{\"name\": \"FloatDistribution\", \"attributes\": {\"step\": null, \"low\": 1e-09, \"high\": 0.01, \"log\": true}}"}
{"op_code": 6, "worker_id": "6c4c0901-1880-42dd-ab0e-ef53008965ce-140352392464192", "trial_id": 53, "state": 1, "values": [0.005223738656181327], "datetime_complete": "2023-12-26T17:12:51.230168"}
{"op_code": 6, "worker_id": "1ffc6f57-7713-45f9-a4e1-e320e23d92cb-140038487795520", "trial_id": 44, "state": 1, "values": [229.01309221973017], "datetime_complete": "2023-12-26T17:12:52.154308"}
{"op_code": 6, "worker_id": "8deb0387-78d7-46b3-a0e5-dc651e599a39-140217148602176", "trial_id": 30, "state": 1, "values": [0.0007891656910535388], "datetime_complete": "2023-12-26T17:12:52.202299"}
{"op_code": 6, "worker_id": "8c6d3214-19dc-49dc-8d8f-cff433dd2c4e-139674709591872", "trial_id": 57, "state": 1, "values": [0.00508964783868512], "datetime_complete": "2023-12-26T17:13:07.827901"}
{"op_code": 6, "worker_id": "37d572e4-7f5a-40a0-86e3-fa959162dcdb-140092985730880", "trial_id": 48, "state": 1, "values": [96.95515540968414], "datetime_complete": "2023-12-26T17:13:12.973704"}
{"op_code": 6, "worker_id": "50f03a5b-b49b-461b-b589-4a65b1f33ebd-140515199444800", "trial_id": 56, "state": 1, "values": [0.3609670735392827], "datetime_complete": "2023-12-26T17:13:13.392139"}
{"op_code": 6, "worker_id": "a24f74f5-0099-481b-955b-c11bb4aadea6-139716873086784", "trial_id": 55, "state": 1, "values": [16.66223471444547], "datetime_complete": "2023-12-26T17:13:13.506865"}
{"op_code": 6, "worker_id": "e463de32-b313-42ca-82a4-e0f8f92612a7-140507516671808", "trial_id": 58, "state": 1, "values": [0.0010914339406257875], "datetime_complete": "2023-12-26T17:13:30.577075"}
{"op_code": 6, "worker_id": "e9ee60be-59fb-42c5-a4fa-e278c95f073d-139742899201856", "trial_id": 42, "state": 1, "values": [0.21827930218318045], "datetime_complete": "2023-12-26T17:17:30.559407"}
{"op_code": 6, "worker_id": "cf7791ec-3929-4bcd-a010-0bc419a1b97d-139944063321920", "trial_id": 52, "state": 1, "values": [0.11827080742375856], "datetime_complete": "2023-12-26T17:17:51.622493"}
{"op_code": 6, "worker_id": "7149c738-9693-47d8-90c4-bf411ebbdf53-140421607307072", "trial_id": 47, "state": 1, "values": [7.937091967205284], "datetime_complete": "2023-12-26T17:18:24.730397"}
{"op_code": 6, "worker_id": "ad52032c-da82-4350-bacc-c4a998b35b2a-139928455038784", "trial_id": 54, "state": 1, "values": [0.02670495048832905], "datetime_complete": "2023-12-26T17:18:27.816949"}
{"op_code": 6, "worker_id": "2248d77a-b4bd-4cbb-b8b4-1b1f726c1cba-140157207828288", "trial_id": 33, "state": 1, "values": [0.005683169516512383], "datetime_complete": "2023-12-26T17:18:32.102012"}
{"op_code": 6, "worker_id": "edfa47c5-3bb2-43af-b9fe-182254c5a754-140162139785024", "trial_id": 45, "state": 1, "values": [0.13726111433253974], "datetime_complete": "2023-12-26T17:18:38.438597"}
{"op_code": 6, "worker_id": "b08601cc-37b7-430b-b28d-86ba5a41a24b-140429899986752", "trial_id": 40, "state": 1, "values": [0.0006151353020519454], "datetime_complete": "2023-12-26T17:18:38.586526"}
{"op_code": 6, "worker_id": "3b644c81-11f4-416f-ba16-0f5c10709fd2-140237605115712", "trial_id": 38, "state": 1, "values": [5.675438221052869], "datetime_complete": "2023-12-26T17:18:46.661092"}
{"op_code": 6, "worker_id": "34d68ca9-ab2b-4700-a3a5-da47a032ca70-140366224787264", "trial_id": 59, "state": 1, "values": [0.0030402316820121005], "datetime_complete": "2023-12-26T17:18:58.173194"}
{"op_code": 6, "worker_id": "a54fa6d8-c204-408f-9501-6f2db0479a2e-139789280339776", "trial_id": 51, "state": 1, "values": [0.003565923329091871], "datetime_complete": "2023-12-26T17:19:00.007285"}
{"op_code": 6, "worker_id": "067d6349-2e1e-43f3-9282-b961bb5ca20e-140548309980992", "trial_id": 37, "state": 1, "values": [0.005497942058080403], "datetime_complete": "2023-12-26T17:19:05.607775"}
{"op_code": 6, "worker_id": "726be0d0-ede7-4891-8e91-64678f594eb1-139901724727104", "trial_id": 50, "state": 1, "values": [0.0007215847824281535], "datetime_complete": "2023-12-26T17:19:10.186753"}
{"op_code": 6, "worker_id": "62eda3b8-f56a-40fb-9ca8-a8ea211a0615-139781343942464", "trial_id": 31, "state": 1, "values": [94.54894321157262], "datetime_complete": "2023-12-26T17:19:14.982628"}
{"op_code": 6, "worker_id": "fa0c932d-ed2c-4bd7-9e63-22c1b2cbe8e1-139748118341440", "trial_id": 43, "state": 1, "values": [0.000853954484132757], "datetime_complete": "2023-12-26T17:19:15.295942"}
{"op_code": 6, "worker_id": "4d5ca60c-8de6-4cf0-ab89-c23320adbcd0-140600568600384", "trial_id": 34, "state": 1, "values": [0.0005852436982307976], "datetime_complete": "2023-12-26T17:19:25.747421"}
{"op_code": 6, "worker_id": "09a14f5c-15cd-4f7f-8b30-4cb725ec330c-140098561763136", "trial_id": 49, "state": 1, "values": [0.0005827706905306621], "datetime_complete": "2023-12-26T17:19:32.631731"}
{"op_code": 6, "worker_id": "c6601e83-91d7-4d2c-af82-cae8b3780f4b-140281982977856", "trial_id": 46, "state": 1, "values": [0.0005907749916202436], "datetime_complete": "2023-12-26T17:19:37.617997"}
{"op_code": 6, "worker_id": "0c257ca4-7787-4ffa-8a5f-b087be6fc22b-139799363417920", "trial_id": 39, "state": 1, "values": [0.005678480344621678], "datetime_complete": "2023-12-26T17:19:37.786796"}
{"op_code": 6, "worker_id": "bf7a2c49-16b0-488f-bd8a-815422c7c735-139739714283328", "trial_id": 41, "state": 1, "values": [0.0005730897059727796], "datetime_complete": "2023-12-26T17:19:48.979521"}
{"op_code": 6, "worker_id": "c45ac2b2-2616-41d5-8a4f-de059bd62868-140346508277568", "trial_id": 32, "state": 1, "values": [0.02727212681382932], "datetime_complete": "2023-12-26T17:20:01.026685"}
{"op_code": 6, "worker_id": "d5688642-2370-472c-be48-28ab7db244ac-140467321960256", "trial_id": 36, "state": 1, "values": [906.3593082123988], "datetime_complete": "2023-12-26T17:20:17.558293"}
{"op_code": 6, "worker_id": "9e3ea305-d8a8-4dfb-ae30-a3be34598eff-139926468749120", "trial_id": 35, "state": 1, "values": [0.014834834787699397], "datetime_complete": "2023-12-26T17:20:54.705000"}
{"op_code": 7, "worker_id": "8c6d3214-19dc-49dc-8d8f-cff433dd2c4e-139674709591872", "trial_id": 57, "step": 0, "intermediate_value": 0.00508964783868512}
{"op_code": 7, "worker_id": "50f03a5b-b49b-461b-b589-4a65b1f33ebd-140515199444800", "trial_id": 56, "step": 0, "intermediate_value": 0.3609670735392827}
