{"obj": {"type": "AssignString", "path": ["sys", "name"], "value": "Untitled"}, "version": 1}
{"obj": {"type": "AssignString", "path": ["sys", "description"], "value": ""}, "version": 2}
{"obj": {"type": "AssignString", "path": ["monitoring", "ba92d700", "hostname"], "value": "ManQueennoMacBook-Pro.local"}, "version": 3}
{"obj": {"type": "AssignString", "path": ["sys", "hostname"], "value": "ManQueennoMacBook-Pro.local"}, "version": 4}
{"obj": {"type": "AssignString", "path": ["monitoring", "ba92d700", "pid"], "value": "12042"}, "version": 5}
{"obj": {"type": "AssignString", "path": ["monitoring", "ba92d700", "tid"], "value": "8080793280"}, "version": 6}
{"obj": {"type": "AssignBool", "path": ["sys", "failed"], "value": false}, "version": 7}
{"obj": {"type": "ClearStringLog", "path": ["monitoring", "ba92d700", "stdout"]}, "version": 8}
{"obj": {"type": "ClearStringLog", "path": ["monitoring", "ba92d700", "stderr"]}, "version": 9}
{"obj": {"type": "AssignString", "path": ["source_code", "entrypoint"], "value": "2.1.3.py"}, "version": 10}
{"obj": {"type": "UploadFileSet", "path": ["source_code", "files"], "file_globs": ["/Users/manqueenmannequin/mygit/B4thesis_public/mywork/program/Rossler\u4e88\u6e2c_new/2/2.1/2.1.3.py"], "reset": "False"}, "version": 11}
{"obj": {"type": "UploadFile", "path": ["source_code", "diff"], "ext": "patch", "file_path": null, "tmp_file_name": "source_code_diff-1699692121.050141-2023-11-11_17.42.01.050141.patch", "clean_after_upload": false}, "version": 12}
{"obj": {"type": "ConfigFloatSeries", "path": ["monitoring", "ba92d700", "cpu"], "min": 0.0, "max": 100.0, "unit": "%"}, "version": 13}
{"obj": {"type": "ClearFloatLog", "path": ["monitoring", "ba92d700", "cpu"]}, "version": 14}
{"obj": {"type": "ConfigFloatSeries", "path": ["monitoring", "ba92d700", "memory"], "min": 0.0, "max": 16.0, "unit": "GB"}, "version": 15}
{"obj": {"type": "ClearFloatLog", "path": ["monitoring", "ba92d700", "memory"]}, "version": 16}
{"obj": {"type": "LogFloats", "path": ["monitoring", "ba92d700", "cpu"], "values": [{"value": 35.3, "step": null, "ts": 1699692121.055865}]}, "version": 17}
{"obj": {"type": "AssignString", "path": ["source_code", "integrations", "neptune-optuna"], "value": "1.1.0"}, "version": 18}
{"obj": {"type": "LogFloats", "path": ["monitoring", "ba92d700", "memory"], "values": [{"value": 11.39190673828125, "step": null, "ts": 1699692121.055865}]}, "version": 19}
{"obj": {"type": "LogFloats", "path": ["monitoring", "ba92d700", "cpu"], "values": [{"value": 43.5, "step": null, "ts": 1699692131.064321}]}, "version": 20}
{"obj": {"type": "LogFloats", "path": ["monitoring", "ba92d700", "memory"], "values": [{"value": 11.13543701171875, "step": null, "ts": 1699692131.064321}]}, "version": 21}
{"obj": {"type": "LogFloats", "path": ["monitoring", "ba92d700", "cpu"], "values": [{"value": 35.9, "step": null, "ts": 1699692141.070013}]}, "version": 22}
{"obj": {"type": "LogFloats", "path": ["monitoring", "ba92d700", "memory"], "values": [{"value": 11.185623168945312, "step": null, "ts": 1699692141.070013}]}, "version": 23}
{"obj": {"type": "LogFloats", "path": ["monitoring", "ba92d700", "cpu"], "values": [{"value": 36.0, "step": null, "ts": 1699692151.075335}]}, "version": 24}
{"obj": {"type": "LogFloats", "path": ["monitoring", "ba92d700", "memory"], "values": [{"value": 11.251129150390625, "step": null, "ts": 1699692151.075335}]}, "version": 25}
{"obj": {"type": "LogFloats", "path": ["monitoring", "ba92d700", "cpu"], "values": [{"value": 34.8, "step": null, "ts": 1699692161.08079}]}, "version": 26}
{"obj": {"type": "LogFloats", "path": ["monitoring", "ba92d700", "memory"], "values": [{"value": 11.210906982421875, "step": null, "ts": 1699692161.08079}]}, "version": 27}
{"obj": {"type": "LogFloats", "path": ["monitoring", "ba92d700", "cpu"], "values": [{"value": 80.9, "step": null, "ts": 1699692173.264334}]}, "version": 28}
{"obj": {"type": "LogFloats", "path": ["monitoring", "ba92d700", "memory"], "values": [{"value": 11.476303100585938, "step": null, "ts": 1699692173.264334}]}, "version": 29}
{"obj": {"type": "LogFloats", "path": ["monitoring", "ba92d700", "cpu"], "values": [{"value": 34.3, "step": null, "ts": 1699692183.277119}]}, "version": 30}
{"obj": {"type": "LogFloats", "path": ["monitoring", "ba92d700", "memory"], "values": [{"value": 11.002273559570312, "step": null, "ts": 1699692183.277119}]}, "version": 31}
{"obj": {"type": "LogFloats", "path": ["monitoring", "ba92d700", "cpu"], "values": [{"value": 37.0, "step": null, "ts": 1699692193.2794921}]}, "version": 32}
{"obj": {"type": "LogFloats", "path": ["monitoring", "ba92d700", "memory"], "values": [{"value": 11.0648193359375, "step": null, "ts": 1699692193.2794921}]}, "version": 33}
{"obj": {"type": "LogFloats", "path": ["monitoring", "ba92d700", "cpu"], "values": [{"value": 34.8, "step": null, "ts": 1699692203.286092}]}, "version": 34}
{"obj": {"type": "LogFloats", "path": ["monitoring", "ba92d700", "memory"], "values": [{"value": 11.108535766601562, "step": null, "ts": 1699692203.286092}]}, "version": 35}
{"obj": {"type": "LogFloats", "path": ["monitoring", "ba92d700", "cpu"], "values": [{"value": 33.7, "step": null, "ts": 1699692213.291531}]}, "version": 36}
{"obj": {"type": "LogFloats", "path": ["monitoring", "ba92d700", "memory"], "values": [{"value": 11.152359008789062, "step": null, "ts": 1699692213.291531}]}, "version": 37}
{"obj": {"type": "LogFloats", "path": ["monitoring", "ba92d700", "cpu"], "values": [{"value": 34.2, "step": null, "ts": 1699692223.296978}]}, "version": 38}
{"obj": {"type": "LogFloats", "path": ["monitoring", "ba92d700", "memory"], "values": [{"value": 11.213104248046875, "step": null, "ts": 1699692223.296978}]}, "version": 39}
{"obj": {"type": "LogFloats", "path": ["monitoring", "ba92d700", "cpu"], "values": [{"value": 30.2, "step": null, "ts": 1699692233.3007438}]}, "version": 40}
{"obj": {"type": "LogFloats", "path": ["monitoring", "ba92d700", "memory"], "values": [{"value": 11.589431762695312, "step": null, "ts": 1699692233.3007438}]}, "version": 41}
{"obj": {"type": "LogFloats", "path": ["monitoring", "ba92d700", "cpu"], "values": [{"value": 36.2, "step": null, "ts": 1699692243.3053231}]}, "version": 42}
{"obj": {"type": "LogFloats", "path": ["monitoring", "ba92d700", "memory"], "values": [{"value": 11.470123291015625, "step": null, "ts": 1699692243.3053231}]}, "version": 43}
{"obj": {"type": "LogFloats", "path": ["monitoring", "ba92d700", "cpu"], "values": [{"value": 35.4, "step": null, "ts": 1699692253.310752}]}, "version": 44}
{"obj": {"type": "LogFloats", "path": ["monitoring", "ba92d700", "memory"], "values": [{"value": 11.02484130859375, "step": null, "ts": 1699692253.310752}]}, "version": 45}
{"obj": {"type": "LogFloats", "path": ["monitoring", "ba92d700", "cpu"], "values": [{"value": 34.1, "step": null, "ts": 1699692263.316183}]}, "version": 46}
{"obj": {"type": "LogFloats", "path": ["monitoring", "ba92d700", "memory"], "values": [{"value": 11.187484741210938, "step": null, "ts": 1699692263.316183}]}, "version": 47}
