{"op_code": 0, "worker_id": "e92806a1-081c-4c6e-8dc0-b338fc6df19a-139752429045568", "study_name": "VDP_-8_4020_e6", "directions": [1]}
{"op_code": 0, "worker_id": "2d348c6e-10f6-426f-b347-c2fa685bb995-139779138869056", "study_name": "VDP_-8_4020_e6", "directions": [1]}
{"op_code": 4, "worker_id": "e92806a1-081c-4c6e-8dc0-b338fc6df19a-139752429045568", "study_id": 0, "datetime_start": "2023-12-26T12:11:18.798889"}
{"op_code": 4, "worker_id": "2d348c6e-10f6-426f-b347-c2fa685bb995-139779138869056", "study_id": 0, "datetime_start": "2023-12-26T12:11:18.802402"}
{"op_code": 5, "worker_id": "e92806a1-081c-4c6e-8dc0-b338fc6df19a-139752429045568", "trial_id": 0, "param_name": "sr", "param_value_internal": 0.5366006860776358, "distribution": "{\"name\": \"FloatDistribution\", \"attributes\": {\"step\": null, \"low\": 0.01, \"high\": 10.0, \"log\": true}}"}
{"op_code": 0, "worker_id": "277e5160-2389-48f4-939a-7f192dc6a05c-140264458712896", "study_name": "VDP_-8_4020_e6", "directions": [1]}
{"op_code": 5, "worker_id": "2d348c6e-10f6-426f-b347-c2fa685bb995-139779138869056", "trial_id": 1, "param_name": "sr", "param_value_internal": 0.013305362434000986, "distribution": "{\"name\": \"FloatDistribution\", \"attributes\": {\"step\": null, \"low\": 0.01, \"high\": 10.0, \"log\": true}}"}
{"op_code": 5, "worker_id": "e92806a1-081c-4c6e-8dc0-b338fc6df19a-139752429045568", "trial_id": 0, "param_name": "lr", "param_value_internal": 0.004728183671612028, "distribution": "{\"name\": \"FloatDistribution\", \"attributes\": {\"step\": null, \"low\": 0.001, \"high\": 1.0, \"log\": true}}"}
{"op_code": 0, "worker_id": "139ec567-4db8-481c-b254-7c95ccdfa803-139736348899136", "study_name": "VDP_-8_4020_e6", "directions": [1]}
{"op_code": 5, "worker_id": "e92806a1-081c-4c6e-8dc0-b338fc6df19a-139752429045568", "trial_id": 0, "param_name": "iss", "param_value_internal": 0.15417883917239572, "distribution": "{\"name\": \"FloatDistribution\", \"attributes\": {\"step\": null, \"low\": 0.0, \"high\": 1.0, \"log\": false}}"}
{"op_code": 4, "worker_id": "139ec567-4db8-481c-b254-7c95ccdfa803-139736348899136", "study_id": 0, "datetime_start": "2023-12-26T12:11:18.824489"}
{"op_code": 5, "worker_id": "e92806a1-081c-4c6e-8dc0-b338fc6df19a-139752429045568", "trial_id": 0, "param_name": "ridge", "param_value_internal": 1.3502739630596476e-09, "distribution": "{\"name\": \"FloatDistribution\", \"attributes\": {\"step\": null, \"low\": 1e-09, \"high\": 0.01, \"log\": true}}"}
{"op_code": 0, "worker_id": "e745940b-4477-4c8a-88e1-b100eb61fc41-139971387524928", "study_name": "VDP_-8_4020_e6", "directions": [1]}
{"op_code": 0, "worker_id": "fd53b30e-c850-44f1-b1e9-07139e2b98b7-139699551995712", "study_name": "VDP_-8_4020_e6", "directions": [1]}
{"op_code": 5, "worker_id": "139ec567-4db8-481c-b254-7c95ccdfa803-139736348899136", "trial_id": 2, "param_name": "sr", "param_value_internal": 1.7414489989069735, "distribution": "{\"name\": \"FloatDistribution\", \"attributes\": {\"step\": null, \"low\": 0.01, \"high\": 10.0, \"log\": true}}"}
{"op_code": 0, "worker_id": "e02bfc6f-98b9-4af3-b8b8-176dabe0a410-140704897099584", "study_name": "VDP_-8_4020_e6", "directions": [1]}
{"op_code": 4, "worker_id": "fd53b30e-c850-44f1-b1e9-07139e2b98b7-139699551995712", "study_id": 0, "datetime_start": "2023-12-26T12:11:18.840747"}
{"op_code": 0, "worker_id": "cc1e5333-9af0-41a9-b5c6-29cdf0fa3374-140128465880896", "study_name": "VDP_-8_4020_e6", "directions": [1]}
{"op_code": 0, "worker_id": "ad7107b3-9ce8-493b-b2ce-2d9cc217fa0a-140109285308224", "study_name": "VDP_-8_4020_e6", "directions": [1]}
{"op_code": 0, "worker_id": "7b1de56e-0677-49cb-ab14-69cfb1f72e1f-140329372280640", "study_name": "VDP_-8_4020_e6", "directions": [1]}
{"op_code": 4, "worker_id": "cc1e5333-9af0-41a9-b5c6-29cdf0fa3374-140128465880896", "study_id": 0, "datetime_start": "2023-12-26T12:11:18.957998"}
{"op_code": 4, "worker_id": "ad7107b3-9ce8-493b-b2ce-2d9cc217fa0a-140109285308224", "study_id": 0, "datetime_start": "2023-12-26T12:11:18.960866"}
{"op_code": 0, "worker_id": "d4144510-b0f4-465c-a9b8-2843f8505a24-140155854251840", "study_name": "VDP_-8_4020_e6", "directions": [1]}
{"op_code": 5, "worker_id": "cc1e5333-9af0-41a9-b5c6-29cdf0fa3374-140128465880896", "trial_id": 4, "param_name": "sr", "param_value_internal": 3.0591125896575524, "distribution": "{\"name\": \"FloatDistribution\", \"attributes\": {\"step\": null, \"low\": 0.01, \"high\": 10.0, \"log\": true}}"}
{"op_code": 5, "worker_id": "ad7107b3-9ce8-493b-b2ce-2d9cc217fa0a-140109285308224", "trial_id": 5, "param_name": "sr", "param_value_internal": 4.196769056722295, "distribution": "{\"name\": \"FloatDistribution\", \"attributes\": {\"step\": null, \"low\": 0.01, \"high\": 10.0, \"log\": true}}"}
{"op_code": 5, "worker_id": "cc1e5333-9af0-41a9-b5c6-29cdf0fa3374-140128465880896", "trial_id": 4, "param_name": "lr", "param_value_internal": 0.001945984488120439, "distribution": "{\"name\": \"FloatDistribution\", \"attributes\": {\"step\": null, \"low\": 0.001, \"high\": 1.0, \"log\": true}}"}
{"op_code": 5, "worker_id": "ad7107b3-9ce8-493b-b2ce-2d9cc217fa0a-140109285308224", "trial_id": 5, "param_name": "lr", "param_value_internal": 0.012387756801112215, "distribution": "{\"name\": \"FloatDistribution\", \"attributes\": {\"step\": null, \"low\": 0.001, \"high\": 1.0, \"log\": true}}"}
{"op_code": 4, "worker_id": "7b1de56e-0677-49cb-ab14-69cfb1f72e1f-140329372280640", "study_id": 0, "datetime_start": "2023-12-26T12:11:18.965043"}
{"op_code": 5, "worker_id": "cc1e5333-9af0-41a9-b5c6-29cdf0fa3374-140128465880896", "trial_id": 4, "param_name": "iss", "param_value_internal": 0.7811719318665564, "distribution": "{\"name\": \"FloatDistribution\", \"attributes\": {\"step\": null, \"low\": 0.0, \"high\": 1.0, \"log\": false}}"}
{"op_code": 0, "worker_id": "d4f1e469-8697-47bf-ad88-ecce1392356a-139861675493184", "study_name": "VDP_-8_4020_e6", "directions": [1]}
{"op_code": 5, "worker_id": "cc1e5333-9af0-41a9-b5c6-29cdf0fa3374-140128465880896", "trial_id": 4, "param_name": "ridge", "param_value_internal": 7.627667940782636e-07, "distribution": "{\"name\": \"FloatDistribution\", \"attributes\": {\"step\": null, \"low\": 1e-09, \"high\": 0.01, \"log\": true}}"}
{"op_code": 5, "worker_id": "ad7107b3-9ce8-493b-b2ce-2d9cc217fa0a-140109285308224", "trial_id": 5, "param_name": "iss", "param_value_internal": 0.22636415996819415, "distribution": "{\"name\": \"FloatDistribution\", \"attributes\": {\"step\": null, \"low\": 0.0, \"high\": 1.0, \"log\": false}}"}
{"op_code": 0, "worker_id": "ff670e68-f5a4-48ca-bf25-9a3588e9dea2-139839198041920", "study_name": "VDP_-8_4020_e6", "directions": [1]}
{"op_code": 4, "worker_id": "d4f1e469-8697-47bf-ad88-ecce1392356a-139861675493184", "study_id": 0, "datetime_start": "2023-12-26T12:11:19.001019"}
{"op_code": 5, "worker_id": "ad7107b3-9ce8-493b-b2ce-2d9cc217fa0a-140109285308224", "trial_id": 5, "param_name": "ridge", "param_value_internal": 0.0004975326280381104, "distribution": "{\"name\": \"FloatDistribution\", \"attributes\": {\"step\": null, \"low\": 1e-09, \"high\": 0.01, \"log\": true}}"}
{"op_code": 5, "worker_id": "d4f1e469-8697-47bf-ad88-ecce1392356a-139861675493184", "trial_id": 7, "param_name": "sr", "param_value_internal": 5.1425587358401, "distribution": "{\"name\": \"FloatDistribution\", \"attributes\": {\"step\": null, \"low\": 0.01, \"high\": 10.0, \"log\": true}}"}
{"op_code": 4, "worker_id": "ff670e68-f5a4-48ca-bf25-9a3588e9dea2-139839198041920", "study_id": 0, "datetime_start": "2023-12-26T12:11:19.010860"}
{"op_code": 0, "worker_id": "f05c7000-8a95-4c25-9d78-4c8ffecd0be8-140357131323200", "study_name": "VDP_-8_4020_e6", "directions": [1]}
{"op_code": 5, "worker_id": "d4f1e469-8697-47bf-ad88-ecce1392356a-139861675493184", "trial_id": 7, "param_name": "lr", "param_value_internal": 0.14666556948725354, "distribution": "{\"name\": \"FloatDistribution\", \"attributes\": {\"step\": null, \"low\": 0.001, \"high\": 1.0, \"log\": true}}"}
{"op_code": 5, "worker_id": "ff670e68-f5a4-48ca-bf25-9a3588e9dea2-139839198041920", "trial_id": 8, "param_name": "sr", "param_value_internal": 1.0890973766146619, "distribution": "{\"name\": \"FloatDistribution\", \"attributes\": {\"step\": null, \"low\": 0.01, \"high\": 10.0, \"log\": true}}"}
{"op_code": 5, "worker_id": "d4f1e469-8697-47bf-ad88-ecce1392356a-139861675493184", "trial_id": 7, "param_name": "iss", "param_value_internal": 0.24153144118748882, "distribution": "{\"name\": \"FloatDistribution\", \"attributes\": {\"step\": null, \"low\": 0.0, \"high\": 1.0, \"log\": false}}"}
{"op_code": 4, "worker_id": "f05c7000-8a95-4c25-9d78-4c8ffecd0be8-140357131323200", "study_id": 0, "datetime_start": "2023-12-26T12:11:19.026652"}
{"op_code": 5, "worker_id": "ff670e68-f5a4-48ca-bf25-9a3588e9dea2-139839198041920", "trial_id": 8, "param_name": "lr", "param_value_internal": 0.7053698701624793, "distribution": "{\"name\": \"FloatDistribution\", \"attributes\": {\"step\": null, \"low\": 0.001, \"high\": 1.0, \"log\": true}}"}
{"op_code": 5, "worker_id": "d4f1e469-8697-47bf-ad88-ecce1392356a-139861675493184", "trial_id": 7, "param_name": "ridge", "param_value_internal": 7.817464269909645e-09, "distribution": "{\"name\": \"FloatDistribution\", \"attributes\": {\"step\": null, \"low\": 1e-09, \"high\": 0.01, \"log\": true}}"}
{"op_code": 0, "worker_id": "7a1de781-0a2e-4cd8-b87a-8fcb68935461-140146234701632", "study_name": "VDP_-8_4020_e6", "directions": [1]}
{"op_code": 5, "worker_id": "f05c7000-8a95-4c25-9d78-4c8ffecd0be8-140357131323200", "trial_id": 9, "param_name": "sr", "param_value_internal": 6.875045818127182, "distribution": "{\"name\": \"FloatDistribution\", \"attributes\": {\"step\": null, \"low\": 0.01, \"high\": 10.0, \"log\": true}}"}
{"op_code": 5, "worker_id": "f05c7000-8a95-4c25-9d78-4c8ffecd0be8-140357131323200", "trial_id": 9, "param_name": "lr", "param_value_internal": 0.0027835052622719376, "distribution": "{\"name\": \"FloatDistribution\", \"attributes\": {\"step\": null, \"low\": 0.001, \"high\": 1.0, \"log\": true}}"}
{"op_code": 0, "worker_id": "cac548e4-10fe-4689-8032-d6d24be9b12e-140173367551808", "study_name": "VDP_-8_4020_e6", "directions": [1]}
{"op_code": 5, "worker_id": "f05c7000-8a95-4c25-9d78-4c8ffecd0be8-140357131323200", "trial_id": 9, "param_name": "iss", "param_value_internal": 0.8220458154433851, "distribution": "{\"name\": \"FloatDistribution\", \"attributes\": {\"step\": null, \"low\": 0.0, \"high\": 1.0, \"log\": false}}"}
{"op_code": 5, "worker_id": "ff670e68-f5a4-48ca-bf25-9a3588e9dea2-139839198041920", "trial_id": 8, "param_name": "iss", "param_value_internal": 0.9537819160213004, "distribution": "{\"name\": \"FloatDistribution\", \"attributes\": {\"step\": null, \"low\": 0.0, \"high\": 1.0, \"log\": false}}"}
{"op_code": 5, "worker_id": "f05c7000-8a95-4c25-9d78-4c8ffecd0be8-140357131323200", "trial_id": 9, "param_name": "ridge", "param_value_internal": 3.67181610816212e-05, "distribution": "{\"name\": \"FloatDistribution\", \"attributes\": {\"step\": null, \"low\": 1e-09, \"high\": 0.01, \"log\": true}}"}
{"op_code": 5, "worker_id": "ff670e68-f5a4-48ca-bf25-9a3588e9dea2-139839198041920", "trial_id": 8, "param_name": "ridge", "param_value_internal": 0.0007402585675934344, "distribution": "{\"name\": \"FloatDistribution\", \"attributes\": {\"step\": null, \"low\": 1e-09, \"high\": 0.01, \"log\": true}}"}
{"op_code": 4, "worker_id": "cac548e4-10fe-4689-8032-d6d24be9b12e-140173367551808", "study_id": 0, "datetime_start": "2023-12-26T12:11:19.061449"}
{"op_code": 0, "worker_id": "5ad88576-bbb2-486f-a286-b7577a737425-140696250099520", "study_name": "VDP_-8_4020_e6", "directions": [1]}
{"op_code": 0, "worker_id": "619e6034-53d3-4b93-b9dd-262d7b58b8a1-139908707829568", "study_name": "VDP_-8_4020_e6", "directions": [1]}
{"op_code": 4, "worker_id": "277e5160-2389-48f4-939a-7f192dc6a05c-140264458712896", "study_id": 0, "datetime_start": "2023-12-26T12:11:18.814649"}
{"op_code": 5, "worker_id": "cac548e4-10fe-4689-8032-d6d24be9b12e-140173367551808", "trial_id": 10, "param_name": "sr", "param_value_internal": 0.12170334993043488, "distribution": "{\"name\": \"FloatDistribution\", \"attributes\": {\"step\": null, \"low\": 0.01, \"high\": 10.0, \"log\": true}}"}
{"op_code": 4, "worker_id": "5ad88576-bbb2-486f-a286-b7577a737425-140696250099520", "study_id": 0, "datetime_start": "2023-12-26T12:11:19.077148"}
{"op_code": 5, "worker_id": "cac548e4-10fe-4689-8032-d6d24be9b12e-140173367551808", "trial_id": 10, "param_name": "lr", "param_value_internal": 0.04530714545624118, "distribution": "{\"name\": \"FloatDistribution\", \"attributes\": {\"step\": null, \"low\": 0.001, \"high\": 1.0, \"log\": true}}"}
{"op_code": 5, "worker_id": "277e5160-2389-48f4-939a-7f192dc6a05c-140264458712896", "trial_id": 11, "param_name": "sr", "param_value_internal": 1.1512698225188518, "distribution": "{\"name\": \"FloatDistribution\", \"attributes\": {\"step\": null, \"low\": 0.01, \"high\": 10.0, \"log\": true}}"}
{"op_code": 4, "worker_id": "619e6034-53d3-4b93-b9dd-262d7b58b8a1-139908707829568", "study_id": 0, "datetime_start": "2023-12-26T12:11:19.081761"}
{"op_code": 5, "worker_id": "5ad88576-bbb2-486f-a286-b7577a737425-140696250099520", "trial_id": 12, "param_name": "sr", "param_value_internal": 1.119416770149268, "distribution": "{\"name\": \"FloatDistribution\", \"attributes\": {\"step\": null, \"low\": 0.01, \"high\": 10.0, \"log\": true}}"}
{"op_code": 4, "worker_id": "e745940b-4477-4c8a-88e1-b100eb61fc41-139971387524928", "study_id": 0, "datetime_start": "2023-12-26T12:11:18.836538"}
{"op_code": 0, "worker_id": "5c1f28dd-48a0-4d5b-9505-f014cd962703-140074328418112", "study_name": "VDP_-8_4020_e6", "directions": [1]}
{"op_code": 5, "worker_id": "619e6034-53d3-4b93-b9dd-262d7b58b8a1-139908707829568", "trial_id": 13, "param_name": "sr", "param_value_internal": 1.9309663586629864, "distribution": "{\"name\": \"FloatDistribution\", \"attributes\": {\"step\": null, \"low\": 0.01, \"high\": 10.0, \"log\": true}}"}
{"op_code": 5, "worker_id": "cac548e4-10fe-4689-8032-d6d24be9b12e-140173367551808", "trial_id": 10, "param_name": "iss", "param_value_internal": 0.20676997599848956, "distribution": "{\"name\": \"FloatDistribution\", \"attributes\": {\"step\": null, \"low\": 0.0, \"high\": 1.0, \"log\": false}}"}
{"op_code": 5, "worker_id": "619e6034-53d3-4b93-b9dd-262d7b58b8a1-139908707829568", "trial_id": 13, "param_name": "lr", "param_value_internal": 0.11977715154045407, "distribution": "{\"name\": \"FloatDistribution\", \"attributes\": {\"step\": null, \"low\": 0.001, \"high\": 1.0, \"log\": true}}"}
{"op_code": 0, "worker_id": "35ff5e87-d722-4bcb-89c2-e49c60791856-139973044971328", "study_name": "VDP_-8_4020_e6", "directions": [1]}
{"op_code": 5, "worker_id": "619e6034-53d3-4b93-b9dd-262d7b58b8a1-139908707829568", "trial_id": 13, "param_name": "iss", "param_value_internal": 0.8508824988076419, "distribution": "{\"name\": \"FloatDistribution\", \"attributes\": {\"step\": null, \"low\": 0.0, \"high\": 1.0, \"log\": false}}"}
{"op_code": 5, "worker_id": "619e6034-53d3-4b93-b9dd-262d7b58b8a1-139908707829568", "trial_id": 13, "param_name": "ridge", "param_value_internal": 2.342792230833511e-09, "distribution": "{\"name\": \"FloatDistribution\", \"attributes\": {\"step\": null, \"low\": 1e-09, \"high\": 0.01, \"log\": true}}"}
{"op_code": 0, "worker_id": "3916ed44-f71e-4a50-99c9-4f5c462dd44e-140611855849280", "study_name": "VDP_-8_4020_e6", "directions": [1]}
{"op_code": 4, "worker_id": "35ff5e87-d722-4bcb-89c2-e49c60791856-139973044971328", "study_id": 0, "datetime_start": "2023-12-26T12:11:19.125336"}
{"op_code": 0, "worker_id": "996c209e-fe40-4175-a156-821a2d5195dc-139662862698304", "study_name": "VDP_-8_4020_e6", "directions": [1]}
{"op_code": 5, "worker_id": "cac548e4-10fe-4689-8032-d6d24be9b12e-140173367551808", "trial_id": 10, "param_name": "ridge", "param_value_internal": 1.017441818838144e-08, "distribution": "{\"name\": \"FloatDistribution\", \"attributes\": {\"step\": null, \"low\": 1e-09, \"high\": 0.01, \"log\": true}}"}
{"op_code": 4, "worker_id": "3916ed44-f71e-4a50-99c9-4f5c462dd44e-140611855849280", "study_id": 0, "datetime_start": "2023-12-26T12:11:19.136640"}
{"op_code": 5, "worker_id": "35ff5e87-d722-4bcb-89c2-e49c60791856-139973044971328", "trial_id": 15, "param_name": "sr", "param_value_internal": 0.051001471295296995, "distribution": "{\"name\": \"FloatDistribution\", \"attributes\": {\"step\": null, \"low\": 0.01, \"high\": 10.0, \"log\": true}}"}
{"op_code": 5, "worker_id": "e745940b-4477-4c8a-88e1-b100eb61fc41-139971387524928", "trial_id": 14, "param_name": "sr", "param_value_internal": 0.035146600118328465, "distribution": "{\"name\": \"FloatDistribution\", \"attributes\": {\"step\": null, \"low\": 0.01, \"high\": 10.0, \"log\": true}}"}
{"op_code": 5, "worker_id": "35ff5e87-d722-4bcb-89c2-e49c60791856-139973044971328", "trial_id": 15, "param_name": "lr", "param_value_internal": 0.43866418974271204, "distribution": "{\"name\": \"FloatDistribution\", \"attributes\": {\"step\": null, \"low\": 0.001, \"high\": 1.0, \"log\": true}}"}
{"op_code": 5, "worker_id": "e745940b-4477-4c8a-88e1-b100eb61fc41-139971387524928", "trial_id": 14, "param_name": "lr", "param_value_internal": 0.007661952253096726, "distribution": "{\"name\": \"FloatDistribution\", \"attributes\": {\"step\": null, \"low\": 0.001, \"high\": 1.0, \"log\": true}}"}
{"op_code": 5, "worker_id": "35ff5e87-d722-4bcb-89c2-e49c60791856-139973044971328", "trial_id": 15, "param_name": "iss", "param_value_internal": 0.4894508495081098, "distribution": "{\"name\": \"FloatDistribution\", \"attributes\": {\"step\": null, \"low\": 0.0, \"high\": 1.0, \"log\": false}}"}
{"op_code": 5, "worker_id": "e745940b-4477-4c8a-88e1-b100eb61fc41-139971387524928", "trial_id": 14, "param_name": "iss", "param_value_internal": 0.577944024220141, "distribution": "{\"name\": \"FloatDistribution\", \"attributes\": {\"step\": null, \"low\": 0.0, \"high\": 1.0, \"log\": false}}"}
{"op_code": 5, "worker_id": "3916ed44-f71e-4a50-99c9-4f5c462dd44e-140611855849280", "trial_id": 16, "param_name": "sr", "param_value_internal": 1.7758039589609105, "distribution": "{\"name\": \"FloatDistribution\", \"attributes\": {\"step\": null, \"low\": 0.01, \"high\": 10.0, \"log\": true}}"}
{"op_code": 0, "worker_id": "92628739-e6df-41dd-aacf-16437e5086c7-140162511267648", "study_name": "VDP_-8_4020_e6", "directions": [1]}
{"op_code": 5, "worker_id": "3916ed44-f71e-4a50-99c9-4f5c462dd44e-140611855849280", "trial_id": 16, "param_name": "lr", "param_value_internal": 0.32301401490923615, "distribution": "{\"name\": \"FloatDistribution\", \"attributes\": {\"step\": null, \"low\": 0.001, \"high\": 1.0, \"log\": true}}"}
{"op_code": 5, "worker_id": "35ff5e87-d722-4bcb-89c2-e49c60791856-139973044971328", "trial_id": 15, "param_name": "ridge", "param_value_internal": 0.0012054052727911355, "distribution": "{\"name\": \"FloatDistribution\", \"attributes\": {\"step\": null, \"low\": 1e-09, \"high\": 0.01, \"log\": true}}"}
{"op_code": 5, "worker_id": "e745940b-4477-4c8a-88e1-b100eb61fc41-139971387524928", "trial_id": 14, "param_name": "ridge", "param_value_internal": 4.813710476115497e-07, "distribution": "{\"name\": \"FloatDistribution\", \"attributes\": {\"step\": null, \"low\": 1e-09, \"high\": 0.01, \"log\": true}}"}
{"op_code": 5, "worker_id": "3916ed44-f71e-4a50-99c9-4f5c462dd44e-140611855849280", "trial_id": 16, "param_name": "iss", "param_value_internal": 0.06110802877422439, "distribution": "{\"name\": \"FloatDistribution\", \"attributes\": {\"step\": null, \"low\": 0.0, \"high\": 1.0, \"log\": false}}"}
{"op_code": 4, "worker_id": "92628739-e6df-41dd-aacf-16437e5086c7-140162511267648", "study_id": 0, "datetime_start": "2023-12-26T12:11:19.171268"}
{"op_code": 4, "worker_id": "996c209e-fe40-4175-a156-821a2d5195dc-139662862698304", "study_id": 0, "datetime_start": "2023-12-26T12:11:19.140202"}
{"op_code": 4, "worker_id": "5c1f28dd-48a0-4d5b-9505-f014cd962703-140074328418112", "study_id": 0, "datetime_start": "2023-12-26T12:11:19.112787"}
{"op_code": 5, "worker_id": "92628739-e6df-41dd-aacf-16437e5086c7-140162511267648", "trial_id": 17, "param_name": "sr", "param_value_internal": 0.7242391452864049, "distribution": "{\"name\": \"FloatDistribution\", \"attributes\": {\"step\": null, \"low\": 0.01, \"high\": 10.0, \"log\": true}}"}
{"op_code": 5, "worker_id": "996c209e-fe40-4175-a156-821a2d5195dc-139662862698304", "trial_id": 18, "param_name": "sr", "param_value_internal": 0.24244588289086952, "distribution": "{\"name\": \"FloatDistribution\", \"attributes\": {\"step\": null, \"low\": 0.01, \"high\": 10.0, \"log\": true}}"}
{"op_code": 5, "worker_id": "92628739-e6df-41dd-aacf-16437e5086c7-140162511267648", "trial_id": 17, "param_name": "lr", "param_value_internal": 0.22501601771130003, "distribution": "{\"name\": \"FloatDistribution\", \"attributes\": {\"step\": null, \"low\": 0.001, \"high\": 1.0, \"log\": true}}"}
{"op_code": 5, "worker_id": "5c1f28dd-48a0-4d5b-9505-f014cd962703-140074328418112", "trial_id": 19, "param_name": "sr", "param_value_internal": 2.858866100730316, "distribution": "{\"name\": \"FloatDistribution\", \"attributes\": {\"step\": null, \"low\": 0.01, \"high\": 10.0, \"log\": true}}"}
{"op_code": 5, "worker_id": "996c209e-fe40-4175-a156-821a2d5195dc-139662862698304", "trial_id": 18, "param_name": "lr", "param_value_internal": 0.12750471010537037, "distribution": "{\"name\": \"FloatDistribution\", \"attributes\": {\"step\": null, \"low\": 0.001, \"high\": 1.0, \"log\": true}}"}
{"op_code": 5, "worker_id": "92628739-e6df-41dd-aacf-16437e5086c7-140162511267648", "trial_id": 17, "param_name": "iss", "param_value_internal": 0.306104575787845, "distribution": "{\"name\": \"FloatDistribution\", \"attributes\": {\"step\": null, \"low\": 0.0, \"high\": 1.0, \"log\": false}}"}
{"op_code": 5, "worker_id": "996c209e-fe40-4175-a156-821a2d5195dc-139662862698304", "trial_id": 18, "param_name": "iss", "param_value_internal": 0.6497182192835939, "distribution": "{\"name\": \"FloatDistribution\", \"attributes\": {\"step\": null, \"low\": 0.0, \"high\": 1.0, \"log\": false}}"}
{"op_code": 5, "worker_id": "92628739-e6df-41dd-aacf-16437e5086c7-140162511267648", "trial_id": 17, "param_name": "ridge", "param_value_internal": 2.2326344403885337e-05, "distribution": "{\"name\": \"FloatDistribution\", \"attributes\": {\"step\": null, \"low\": 1e-09, \"high\": 0.01, \"log\": true}}"}
{"op_code": 5, "worker_id": "5c1f28dd-48a0-4d5b-9505-f014cd962703-140074328418112", "trial_id": 19, "param_name": "lr", "param_value_internal": 0.009624934842018814, "distribution": "{\"name\": \"FloatDistribution\", \"attributes\": {\"step\": null, \"low\": 0.001, \"high\": 1.0, \"log\": true}}"}
{"op_code": 0, "worker_id": "8a9bba9b-ac59-496b-b916-1b77a32920dc-140445832804160", "study_name": "VDP_-8_4020_e6", "directions": [1]}
{"op_code": 0, "worker_id": "76966c69-e4ff-4432-bffa-429e719af3f9-140118279444288", "study_name": "VDP_-8_4020_e6", "directions": [1]}
{"op_code": 0, "worker_id": "073b82c3-821b-4eba-b379-7bd69579057e-140293916124992", "study_name": "VDP_-8_4020_e6", "directions": [1]}
{"op_code": 4, "worker_id": "8a9bba9b-ac59-496b-b916-1b77a32920dc-140445832804160", "study_id": 0, "datetime_start": "2023-12-26T12:11:19.222477"}
{"op_code": 5, "worker_id": "996c209e-fe40-4175-a156-821a2d5195dc-139662862698304", "trial_id": 18, "param_name": "ridge", "param_value_internal": 8.772477306809727e-09, "distribution": "{\"name\": \"FloatDistribution\", \"attributes\": {\"step\": null, \"low\": 1e-09, \"high\": 0.01, \"log\": true}}"}
{"op_code": 4, "worker_id": "76966c69-e4ff-4432-bffa-429e719af3f9-140118279444288", "study_id": 0, "datetime_start": "2023-12-26T12:11:19.228346"}
{"op_code": 5, "worker_id": "8a9bba9b-ac59-496b-b916-1b77a32920dc-140445832804160", "trial_id": 20, "param_name": "sr", "param_value_internal": 0.10967739558937319, "distribution": "{\"name\": \"FloatDistribution\", \"attributes\": {\"step\": null, \"low\": 0.01, \"high\": 10.0, \"log\": true}}"}
{"op_code": 0, "worker_id": "58d6de91-f070-463d-9e50-220712fedeb2-140519151556416", "study_name": "VDP_-8_4020_e6", "directions": [1]}
{"op_code": 5, "worker_id": "76966c69-e4ff-4432-bffa-429e719af3f9-140118279444288", "trial_id": 21, "param_name": "sr", "param_value_internal": 3.2916614092726992, "distribution": "{\"name\": \"FloatDistribution\", \"attributes\": {\"step\": null, \"low\": 0.01, \"high\": 10.0, \"log\": true}}"}
{"op_code": 5, "worker_id": "8a9bba9b-ac59-496b-b916-1b77a32920dc-140445832804160", "trial_id": 20, "param_name": "lr", "param_value_internal": 0.007038705944803258, "distribution": "{\"name\": \"FloatDistribution\", \"attributes\": {\"step\": null, \"low\": 0.001, \"high\": 1.0, \"log\": true}}"}
{"op_code": 4, "worker_id": "073b82c3-821b-4eba-b379-7bd69579057e-140293916124992", "study_id": 0, "datetime_start": "2023-12-26T12:11:19.233510"}
{"op_code": 5, "worker_id": "76966c69-e4ff-4432-bffa-429e719af3f9-140118279444288", "trial_id": 21, "param_name": "lr", "param_value_internal": 0.21522562673774592, "distribution": "{\"name\": \"FloatDistribution\", \"attributes\": {\"step\": null, \"low\": 0.001, \"high\": 1.0, \"log\": true}}"}
{"op_code": 4, "worker_id": "58d6de91-f070-463d-9e50-220712fedeb2-140519151556416", "study_id": 0, "datetime_start": "2023-12-26T12:11:19.247754"}
{"op_code": 5, "worker_id": "76966c69-e4ff-4432-bffa-429e719af3f9-140118279444288", "trial_id": 21, "param_name": "iss", "param_value_internal": 0.23807290193657626, "distribution": "{\"name\": \"FloatDistribution\", \"attributes\": {\"step\": null, \"low\": 0.0, \"high\": 1.0, \"log\": false}}"}
{"op_code": 5, "worker_id": "073b82c3-821b-4eba-b379-7bd69579057e-140293916124992", "trial_id": 22, "param_name": "sr", "param_value_internal": 0.4376312207885202, "distribution": "{\"name\": \"FloatDistribution\", \"attributes\": {\"step\": null, \"low\": 0.01, \"high\": 10.0, \"log\": true}}"}
{"op_code": 5, "worker_id": "76966c69-e4ff-4432-bffa-429e719af3f9-140118279444288", "trial_id": 21, "param_name": "ridge", "param_value_internal": 0.0031210014435372594, "distribution": "{\"name\": \"FloatDistribution\", \"attributes\": {\"step\": null, \"low\": 1e-09, \"high\": 0.01, \"log\": true}}"}
{"op_code": 5, "worker_id": "58d6de91-f070-463d-9e50-220712fedeb2-140519151556416", "trial_id": 23, "param_name": "sr", "param_value_internal": 0.5062508860818489, "distribution": "{\"name\": \"FloatDistribution\", \"attributes\": {\"step\": null, \"low\": 0.01, \"high\": 10.0, \"log\": true}}"}
{"op_code": 5, "worker_id": "073b82c3-821b-4eba-b379-7bd69579057e-140293916124992", "trial_id": 22, "param_name": "lr", "param_value_internal": 0.0018407795864497701, "distribution": "{\"name\": \"FloatDistribution\", \"attributes\": {\"step\": null, \"low\": 0.001, \"high\": 1.0, \"log\": true}}"}
{"op_code": 5, "worker_id": "58d6de91-f070-463d-9e50-220712fedeb2-140519151556416", "trial_id": 23, "param_name": "lr", "param_value_internal": 0.002630960343231917, "distribution": "{\"name\": \"FloatDistribution\", \"attributes\": {\"step\": null, \"low\": 0.001, \"high\": 1.0, \"log\": true}}"}
{"op_code": 5, "worker_id": "073b82c3-821b-4eba-b379-7bd69579057e-140293916124992", "trial_id": 22, "param_name": "iss", "param_value_internal": 0.0629565894273586, "distribution": "{\"name\": \"FloatDistribution\", \"attributes\": {\"step\": null, \"low\": 0.0, \"high\": 1.0, \"log\": false}}"}
{"op_code": 5, "worker_id": "58d6de91-f070-463d-9e50-220712fedeb2-140519151556416", "trial_id": 23, "param_name": "iss", "param_value_internal": 0.1547488654126541, "distribution": "{\"name\": \"FloatDistribution\", \"attributes\": {\"step\": null, \"low\": 0.0, \"high\": 1.0, \"log\": false}}"}
{"op_code": 5, "worker_id": "073b82c3-821b-4eba-b379-7bd69579057e-140293916124992", "trial_id": 22, "param_name": "ridge", "param_value_internal": 3.4540432212699645e-06, "distribution": "{\"name\": \"FloatDistribution\", \"attributes\": {\"step\": null, \"low\": 1e-09, \"high\": 0.01, \"log\": true}}"}
{"op_code": 5, "worker_id": "58d6de91-f070-463d-9e50-220712fedeb2-140519151556416", "trial_id": 23, "param_name": "ridge", "param_value_internal": 2.0582804763047192e-09, "distribution": "{\"name\": \"FloatDistribution\", \"attributes\": {\"step\": null, \"low\": 1e-09, \"high\": 0.01, \"log\": true}}"}
{"op_code": 5, "worker_id": "8a9bba9b-ac59-496b-b916-1b77a32920dc-140445832804160", "trial_id": 20, "param_name": "iss", "param_value_internal": 0.9031365917128868, "distribution": "{\"name\": \"FloatDistribution\", \"attributes\": {\"step\": null, \"low\": 0.0, \"high\": 1.0, \"log\": false}}"}
{"op_code": 5, "worker_id": "5c1f28dd-48a0-4d5b-9505-f014cd962703-140074328418112", "trial_id": 19, "param_name": "iss", "param_value_internal": 0.517870511881259, "distribution": "{\"name\": \"FloatDistribution\", \"attributes\": {\"step\": null, \"low\": 0.0, \"high\": 1.0, \"log\": false}}"}
{"op_code": 5, "worker_id": "8a9bba9b-ac59-496b-b916-1b77a32920dc-140445832804160", "trial_id": 20, "param_name": "ridge", "param_value_internal": 0.0014608595882884298, "distribution": "{\"name\": \"FloatDistribution\", \"attributes\": {\"step\": null, \"low\": 1e-09, \"high\": 0.01, \"log\": true}}"}
{"op_code": 5, "worker_id": "5c1f28dd-48a0-4d5b-9505-f014cd962703-140074328418112", "trial_id": 19, "param_name": "ridge", "param_value_internal": 6.8366149119036015e-06, "distribution": "{\"name\": \"FloatDistribution\", \"attributes\": {\"step\": null, \"low\": 1e-09, \"high\": 0.01, \"log\": true}}"}
{"op_code": 0, "worker_id": "0e215bd2-ddd4-41c3-9da8-c2024f73616d-140356352407360", "study_name": "VDP_-8_4020_e6", "directions": [1]}
{"op_code": 5, "worker_id": "3916ed44-f71e-4a50-99c9-4f5c462dd44e-140611855849280", "trial_id": 16, "param_name": "ridge", "param_value_internal": 1.7602546000876106e-07, "distribution": "{\"name\": \"FloatDistribution\", \"attributes\": {\"step\": null, \"low\": 1e-09, \"high\": 0.01, \"log\": true}}"}
{"op_code": 4, "worker_id": "7a1de781-0a2e-4cd8-b87a-8fcb68935461-140146234701632", "study_id": 0, "datetime_start": "2023-12-26T12:11:19.051433"}
{"op_code": 4, "worker_id": "0e215bd2-ddd4-41c3-9da8-c2024f73616d-140356352407360", "study_id": 0, "datetime_start": "2023-12-26T12:11:19.315710"}
{"op_code": 0, "worker_id": "9cef2036-6eea-4466-87a0-787e416e0574-140450046158656", "study_name": "VDP_-8_4020_e6", "directions": [1]}
{"op_code": 5, "worker_id": "0e215bd2-ddd4-41c3-9da8-c2024f73616d-140356352407360", "trial_id": 25, "param_name": "sr", "param_value_internal": 0.2557975287893174, "distribution": "{\"name\": \"FloatDistribution\", \"attributes\": {\"step\": null, \"low\": 0.01, \"high\": 10.0, \"log\": true}}"}
{"op_code": 5, "worker_id": "7a1de781-0a2e-4cd8-b87a-8fcb68935461-140146234701632", "trial_id": 24, "param_name": "sr", "param_value_internal": 2.6060992185159133, "distribution": "{\"name\": \"FloatDistribution\", \"attributes\": {\"step\": null, \"low\": 0.01, \"high\": 10.0, \"log\": true}}"}
{"op_code": 5, "worker_id": "0e215bd2-ddd4-41c3-9da8-c2024f73616d-140356352407360", "trial_id": 25, "param_name": "lr", "param_value_internal": 0.11215148638775513, "distribution": "{\"name\": \"FloatDistribution\", \"attributes\": {\"step\": null, \"low\": 0.001, \"high\": 1.0, \"log\": true}}"}
{"op_code": 5, "worker_id": "7a1de781-0a2e-4cd8-b87a-8fcb68935461-140146234701632", "trial_id": 24, "param_name": "lr", "param_value_internal": 0.18211642196327782, "distribution": "{\"name\": \"FloatDistribution\", \"attributes\": {\"step\": null, \"low\": 0.001, \"high\": 1.0, \"log\": true}}"}
{"op_code": 5, "worker_id": "0e215bd2-ddd4-41c3-9da8-c2024f73616d-140356352407360", "trial_id": 25, "param_name": "iss", "param_value_internal": 0.9131220134207866, "distribution": "{\"name\": \"FloatDistribution\", \"attributes\": {\"step\": null, \"low\": 0.0, \"high\": 1.0, \"log\": false}}"}
{"op_code": 5, "worker_id": "7a1de781-0a2e-4cd8-b87a-8fcb68935461-140146234701632", "trial_id": 24, "param_name": "iss", "param_value_internal": 0.45672475596339424, "distribution": "{\"name\": \"FloatDistribution\", \"attributes\": {\"step\": null, \"low\": 0.0, \"high\": 1.0, \"log\": false}}"}
{"op_code": 4, "worker_id": "9cef2036-6eea-4466-87a0-787e416e0574-140450046158656", "study_id": 0, "datetime_start": "2023-12-26T12:11:19.335260"}
{"op_code": 5, "worker_id": "7a1de781-0a2e-4cd8-b87a-8fcb68935461-140146234701632", "trial_id": 24, "param_name": "ridge", "param_value_internal": 3.991256045541002e-07, "distribution": "{\"name\": \"FloatDistribution\", \"attributes\": {\"step\": null, \"low\": 1e-09, \"high\": 0.01, \"log\": true}}"}
{"op_code": 5, "worker_id": "9cef2036-6eea-4466-87a0-787e416e0574-140450046158656", "trial_id": 26, "param_name": "sr", "param_value_internal": 0.741560543871622, "distribution": "{\"name\": \"FloatDistribution\", \"attributes\": {\"step\": null, \"low\": 0.01, \"high\": 10.0, \"log\": true}}"}
{"op_code": 5, "worker_id": "277e5160-2389-48f4-939a-7f192dc6a05c-140264458712896", "trial_id": 11, "param_name": "lr", "param_value_internal": 0.011295131849114449, "distribution": "{\"name\": \"FloatDistribution\", \"attributes\": {\"step\": null, \"low\": 0.001, \"high\": 1.0, \"log\": true}}"}
{"op_code": 5, "worker_id": "9cef2036-6eea-4466-87a0-787e416e0574-140450046158656", "trial_id": 26, "param_name": "lr", "param_value_internal": 0.3105622069313156, "distribution": "{\"name\": \"FloatDistribution\", \"attributes\": {\"step\": null, \"low\": 0.001, \"high\": 1.0, \"log\": true}}"}
{"op_code": 5, "worker_id": "277e5160-2389-48f4-939a-7f192dc6a05c-140264458712896", "trial_id": 11, "param_name": "iss", "param_value_internal": 0.15483462671672188, "distribution": "{\"name\": \"FloatDistribution\", \"attributes\": {\"step\": null, \"low\": 0.0, \"high\": 1.0, \"log\": false}}"}
{"op_code": 5, "worker_id": "9cef2036-6eea-4466-87a0-787e416e0574-140450046158656", "trial_id": 26, "param_name": "iss", "param_value_internal": 0.3175079968342919, "distribution": "{\"name\": \"FloatDistribution\", \"attributes\": {\"step\": null, \"low\": 0.0, \"high\": 1.0, \"log\": false}}"}
{"op_code": 5, "worker_id": "277e5160-2389-48f4-939a-7f192dc6a05c-140264458712896", "trial_id": 11, "param_name": "ridge", "param_value_internal": 0.008848591332599434, "distribution": "{\"name\": \"FloatDistribution\", \"attributes\": {\"step\": null, \"low\": 1e-09, \"high\": 0.01, \"log\": true}}"}
{"op_code": 5, "worker_id": "9cef2036-6eea-4466-87a0-787e416e0574-140450046158656", "trial_id": 26, "param_name": "ridge", "param_value_internal": 3.390488587663931e-07, "distribution": "{\"name\": \"FloatDistribution\", \"attributes\": {\"step\": null, \"low\": 1e-09, \"high\": 0.01, \"log\": true}}"}
{"op_code": 5, "worker_id": "0e215bd2-ddd4-41c3-9da8-c2024f73616d-140356352407360", "trial_id": 25, "param_name": "ridge", "param_value_internal": 8.130588877965454e-06, "distribution": "{\"name\": \"FloatDistribution\", \"attributes\": {\"step\": null, \"low\": 1e-09, \"high\": 0.01, \"log\": true}}"}
{"op_code": 0, "worker_id": "9712fc1d-661f-444c-bb22-196fa9655acb-140220975683392", "study_name": "VDP_-8_4020_e6", "directions": [1]}
{"op_code": 4, "worker_id": "9712fc1d-661f-444c-bb22-196fa9655acb-140220975683392", "study_id": 0, "datetime_start": "2023-12-26T12:11:19.395470"}
{"op_code": 5, "worker_id": "9712fc1d-661f-444c-bb22-196fa9655acb-140220975683392", "trial_id": 27, "param_name": "sr", "param_value_internal": 0.3274168060304849, "distribution": "{\"name\": \"FloatDistribution\", \"attributes\": {\"step\": null, \"low\": 0.01, \"high\": 10.0, \"log\": true}}"}
{"op_code": 5, "worker_id": "9712fc1d-661f-444c-bb22-196fa9655acb-140220975683392", "trial_id": 27, "param_name": "lr", "param_value_internal": 0.8384796595162801, "distribution": "{\"name\": \"FloatDistribution\", \"attributes\": {\"step\": null, \"low\": 0.001, \"high\": 1.0, \"log\": true}}"}
{"op_code": 5, "worker_id": "9712fc1d-661f-444c-bb22-196fa9655acb-140220975683392", "trial_id": 27, "param_name": "iss", "param_value_internal": 0.728385416453019, "distribution": "{\"name\": \"FloatDistribution\", \"attributes\": {\"step\": null, \"low\": 0.0, \"high\": 1.0, \"log\": false}}"}
{"op_code": 5, "worker_id": "9712fc1d-661f-444c-bb22-196fa9655acb-140220975683392", "trial_id": 27, "param_name": "ridge", "param_value_internal": 0.007536499666546359, "distribution": "{\"name\": \"FloatDistribution\", \"attributes\": {\"step\": null, \"low\": 1e-09, \"high\": 0.01, \"log\": true}}"}
{"op_code": 4, "worker_id": "d4144510-b0f4-465c-a9b8-2843f8505a24-140155854251840", "study_id": 0, "datetime_start": "2023-12-26T12:11:18.977098"}
{"op_code": 5, "worker_id": "7b1de56e-0677-49cb-ab14-69cfb1f72e1f-140329372280640", "trial_id": 6, "param_name": "sr", "param_value_internal": 0.11421034779600497, "distribution": "{\"name\": \"FloatDistribution\", \"attributes\": {\"step\": null, \"low\": 0.01, \"high\": 10.0, \"log\": true}}"}
{"op_code": 5, "worker_id": "d4144510-b0f4-465c-a9b8-2843f8505a24-140155854251840", "trial_id": 28, "param_name": "sr", "param_value_internal": 0.6321144968169398, "distribution": "{\"name\": \"FloatDistribution\", \"attributes\": {\"step\": null, \"low\": 0.01, \"high\": 10.0, \"log\": true}}"}
{"op_code": 5, "worker_id": "d4144510-b0f4-465c-a9b8-2843f8505a24-140155854251840", "trial_id": 28, "param_name": "lr", "param_value_internal": 0.06578775795209267, "distribution": "{\"name\": \"FloatDistribution\", \"attributes\": {\"step\": null, \"low\": 0.001, \"high\": 1.0, \"log\": true}}"}
{"op_code": 5, "worker_id": "7b1de56e-0677-49cb-ab14-69cfb1f72e1f-140329372280640", "trial_id": 6, "param_name": "lr", "param_value_internal": 0.31442099853292765, "distribution": "{\"name\": \"FloatDistribution\", \"attributes\": {\"step\": null, \"low\": 0.001, \"high\": 1.0, \"log\": true}}"}
{"op_code": 5, "worker_id": "d4144510-b0f4-465c-a9b8-2843f8505a24-140155854251840", "trial_id": 28, "param_name": "iss", "param_value_internal": 0.37582719835887035, "distribution": "{\"name\": \"FloatDistribution\", \"attributes\": {\"step\": null, \"low\": 0.0, \"high\": 1.0, \"log\": false}}"}
{"op_code": 5, "worker_id": "7b1de56e-0677-49cb-ab14-69cfb1f72e1f-140329372280640", "trial_id": 6, "param_name": "iss", "param_value_internal": 0.49300652519733157, "distribution": "{\"name\": \"FloatDistribution\", \"attributes\": {\"step\": null, \"low\": 0.0, \"high\": 1.0, \"log\": false}}"}
{"op_code": 5, "worker_id": "d4144510-b0f4-465c-a9b8-2843f8505a24-140155854251840", "trial_id": 28, "param_name": "ridge", "param_value_internal": 7.866013206783332e-07, "distribution": "{\"name\": \"FloatDistribution\", \"attributes\": {\"step\": null, \"low\": 1e-09, \"high\": 0.01, \"log\": true}}"}
{"op_code": 5, "worker_id": "7b1de56e-0677-49cb-ab14-69cfb1f72e1f-140329372280640", "trial_id": 6, "param_name": "ridge", "param_value_internal": 0.0005450265144121492, "distribution": "{\"name\": \"FloatDistribution\", \"attributes\": {\"step\": null, \"low\": 1e-09, \"high\": 0.01, \"log\": true}}"}
{"op_code": 5, "worker_id": "5ad88576-bbb2-486f-a286-b7577a737425-140696250099520", "trial_id": 12, "param_name": "lr", "param_value_internal": 0.0018494445193036804, "distribution": "{\"name\": \"FloatDistribution\", \"attributes\": {\"step\": null, \"low\": 0.001, \"high\": 1.0, \"log\": true}}"}
{"op_code": 5, "worker_id": "5ad88576-bbb2-486f-a286-b7577a737425-140696250099520", "trial_id": 12, "param_name": "iss", "param_value_internal": 0.5241586927923697, "distribution": "{\"name\": \"FloatDistribution\", \"attributes\": {\"step\": null, \"low\": 0.0, \"high\": 1.0, \"log\": false}}"}
{"op_code": 5, "worker_id": "5ad88576-bbb2-486f-a286-b7577a737425-140696250099520", "trial_id": 12, "param_name": "ridge", "param_value_internal": 0.009746746938626325, "distribution": "{\"name\": \"FloatDistribution\", \"attributes\": {\"step\": null, \"low\": 1e-09, \"high\": 0.01, \"log\": true}}"}
{"op_code": 5, "worker_id": "2d348c6e-10f6-426f-b347-c2fa685bb995-139779138869056", "trial_id": 1, "param_name": "lr", "param_value_internal": 0.3633035583136789, "distribution": "{\"name\": \"FloatDistribution\", \"attributes\": {\"step\": null, \"low\": 0.001, \"high\": 1.0, \"log\": true}}"}
{"op_code": 5, "worker_id": "2d348c6e-10f6-426f-b347-c2fa685bb995-139779138869056", "trial_id": 1, "param_name": "iss", "param_value_internal": 0.6819650629196939, "distribution": "{\"name\": \"FloatDistribution\", \"attributes\": {\"step\": null, \"low\": 0.0, \"high\": 1.0, \"log\": false}}"}
{"op_code": 5, "worker_id": "2d348c6e-10f6-426f-b347-c2fa685bb995-139779138869056", "trial_id": 1, "param_name": "ridge", "param_value_internal": 2.950608545261203e-06, "distribution": "{\"name\": \"FloatDistribution\", \"attributes\": {\"step\": null, \"low\": 1e-09, \"high\": 0.01, \"log\": true}}"}
{"op_code": 5, "worker_id": "139ec567-4db8-481c-b254-7c95ccdfa803-139736348899136", "trial_id": 2, "param_name": "lr", "param_value_internal": 0.060850272374956056, "distribution": "{\"name\": \"FloatDistribution\", \"attributes\": {\"step\": null, \"low\": 0.001, \"high\": 1.0, \"log\": true}}"}
{"op_code": 4, "worker_id": "e02bfc6f-98b9-4af3-b8b8-176dabe0a410-140704897099584", "study_id": 0, "datetime_start": "2023-12-26T12:11:18.849095"}
{"op_code": 5, "worker_id": "fd53b30e-c850-44f1-b1e9-07139e2b98b7-139699551995712", "trial_id": 3, "param_name": "sr", "param_value_internal": 0.15278270199632635, "distribution": "{\"name\": \"FloatDistribution\", \"attributes\": {\"step\": null, \"low\": 0.01, \"high\": 10.0, \"log\": true}}"}
{"op_code": 5, "worker_id": "139ec567-4db8-481c-b254-7c95ccdfa803-139736348899136", "trial_id": 2, "param_name": "iss", "param_value_internal": 0.5573255979113577, "distribution": "{\"name\": \"FloatDistribution\", \"attributes\": {\"step\": null, \"low\": 0.0, \"high\": 1.0, \"log\": false}}"}
{"op_code": 5, "worker_id": "fd53b30e-c850-44f1-b1e9-07139e2b98b7-139699551995712", "trial_id": 3, "param_name": "lr", "param_value_internal": 0.024769598906719533, "distribution": "{\"name\": \"FloatDistribution\", \"attributes\": {\"step\": null, \"low\": 0.001, \"high\": 1.0, \"log\": true}}"}
{"op_code": 5, "worker_id": "e02bfc6f-98b9-4af3-b8b8-176dabe0a410-140704897099584", "trial_id": 29, "param_name": "sr", "param_value_internal": 0.5596033546481851, "distribution": "{\"name\": \"FloatDistribution\", \"attributes\": {\"step\": null, \"low\": 0.01, \"high\": 10.0, \"log\": true}}"}
{"op_code": 5, "worker_id": "fd53b30e-c850-44f1-b1e9-07139e2b98b7-139699551995712", "trial_id": 3, "param_name": "iss", "param_value_internal": 0.7077283772431014, "distribution": "{\"name\": \"FloatDistribution\", \"attributes\": {\"step\": null, \"low\": 0.0, \"high\": 1.0, \"log\": false}}"}
{"op_code": 5, "worker_id": "e02bfc6f-98b9-4af3-b8b8-176dabe0a410-140704897099584", "trial_id": 29, "param_name": "lr", "param_value_internal": 0.00175431456552642, "distribution": "{\"name\": \"FloatDistribution\", \"attributes\": {\"step\": null, \"low\": 0.001, \"high\": 1.0, \"log\": true}}"}
{"op_code": 5, "worker_id": "139ec567-4db8-481c-b254-7c95ccdfa803-139736348899136", "trial_id": 2, "param_name": "ridge", "param_value_internal": 1.8637965433256168e-05, "distribution": "{\"name\": \"FloatDistribution\", \"attributes\": {\"step\": null, \"low\": 1e-09, \"high\": 0.01, \"log\": true}}"}
{"op_code": 5, "worker_id": "e02bfc6f-98b9-4af3-b8b8-176dabe0a410-140704897099584", "trial_id": 29, "param_name": "iss", "param_value_internal": 0.38837194526807184, "distribution": "{\"name\": \"FloatDistribution\", \"attributes\": {\"step\": null, \"low\": 0.0, \"high\": 1.0, \"log\": false}}"}
{"op_code": 5, "worker_id": "e02bfc6f-98b9-4af3-b8b8-176dabe0a410-140704897099584", "trial_id": 29, "param_name": "ridge", "param_value_internal": 4.2452266001926326e-09, "distribution": "{\"name\": \"FloatDistribution\", \"attributes\": {\"step\": null, \"low\": 1e-09, \"high\": 0.01, \"log\": true}}"}
{"op_code": 5, "worker_id": "fd53b30e-c850-44f1-b1e9-07139e2b98b7-139699551995712", "trial_id": 3, "param_name": "ridge", "param_value_internal": 1.649148822054826e-08, "distribution": "{\"name\": \"FloatDistribution\", \"attributes\": {\"step\": null, \"low\": 1e-09, \"high\": 0.01, \"log\": true}}"}
{"op_code": 6, "worker_id": "cac548e4-10fe-4689-8032-d6d24be9b12e-140173367551808", "trial_id": 10, "state": 1, "values": [0.0015680436804664745], "datetime_complete": "2023-12-26T13:13:50.435292"}
{"op_code": 6, "worker_id": "2d348c6e-10f6-426f-b347-c2fa685bb995-139779138869056", "trial_id": 1, "state": 1, "values": [0.0009583683529739852], "datetime_complete": "2023-12-26T13:13:50.590265"}
{"op_code": 6, "worker_id": "e02bfc6f-98b9-4af3-b8b8-176dabe0a410-140704897099584", "trial_id": 29, "state": 1, "values": [0.010947458637937649], "datetime_complete": "2023-12-26T13:13:59.176959"}
{"op_code": 6, "worker_id": "ad7107b3-9ce8-493b-b2ce-2d9cc217fa0a-140109285308224", "trial_id": 5, "state": 1, "values": [3.7475086951786403], "datetime_complete": "2023-12-26T13:13:59.295794"}
{"op_code": 6, "worker_id": "ff670e68-f5a4-48ca-bf25-9a3588e9dea2-139839198041920", "trial_id": 8, "state": 1, "values": [0.0008195644658337566], "datetime_complete": "2023-12-26T13:14:20.489916"}
{"op_code": 6, "worker_id": "073b82c3-821b-4eba-b379-7bd69579057e-140293916124992", "trial_id": 22, "state": 1, "values": [0.006702486034335335], "datetime_complete": "2023-12-26T13:14:54.146377"}
{"op_code": 6, "worker_id": "277e5160-2389-48f4-939a-7f192dc6a05c-140264458712896", "trial_id": 11, "state": 1, "values": [0.0041002938826509095], "datetime_complete": "2023-12-26T13:15:01.710640"}
{"op_code": 6, "worker_id": "5ad88576-bbb2-486f-a286-b7577a737425-140696250099520", "trial_id": 12, "state": 1, "values": [0.00634863886551715], "datetime_complete": "2023-12-26T13:15:05.875271"}
{"op_code": 6, "worker_id": "5c1f28dd-48a0-4d5b-9505-f014cd962703-140074328418112", "trial_id": 19, "state": 1, "values": [18.3935772503784], "datetime_complete": "2023-12-26T13:15:08.842066"}
{"op_code": 6, "worker_id": "9712fc1d-661f-444c-bb22-196fa9655acb-140220975683392", "trial_id": 27, "state": 1, "values": [0.0008837378468694344], "datetime_complete": "2023-12-26T13:15:09.084590"}
{"op_code": 6, "worker_id": "9cef2036-6eea-4466-87a0-787e416e0574-140450046158656", "trial_id": 26, "state": 1, "values": [0.0008216791897973462], "datetime_complete": "2023-12-26T13:15:10.280305"}
{"op_code": 6, "worker_id": "996c209e-fe40-4175-a156-821a2d5195dc-139662862698304", "trial_id": 18, "state": 1, "values": [0.000918684453962253], "datetime_complete": "2023-12-26T13:15:24.543989"}
{"op_code": 6, "worker_id": "7a1de781-0a2e-4cd8-b87a-8fcb68935461-140146234701632", "trial_id": 24, "state": 1, "values": [0.07371707299735576], "datetime_complete": "2023-12-26T13:15:24.672797"}
{"op_code": 6, "worker_id": "f05c7000-8a95-4c25-9d78-4c8ffecd0be8-140357131323200", "trial_id": 9, "state": 1, "values": [25.602544196889355], "datetime_complete": "2023-12-26T13:15:28.521770"}
{"op_code": 6, "worker_id": "fd53b30e-c850-44f1-b1e9-07139e2b98b7-139699551995712", "trial_id": 3, "state": 1, "values": [0.0015813251855439168], "datetime_complete": "2023-12-26T13:15:40.690555"}
{"op_code": 6, "worker_id": "7b1de56e-0677-49cb-ab14-69cfb1f72e1f-140329372280640", "trial_id": 6, "state": 1, "values": [0.000967712090873778], "datetime_complete": "2023-12-26T13:15:45.964532"}
{"op_code": 6, "worker_id": "e92806a1-081c-4c6e-8dc0-b338fc6df19a-139752429045568", "trial_id": 0, "state": 1, "values": [0.003526681581865237], "datetime_complete": "2023-12-26T13:15:47.120705"}
{"op_code": 6, "worker_id": "d4f1e469-8697-47bf-ad88-ecce1392356a-139861675493184", "trial_id": 7, "state": 1, "values": [0.14919941131252365], "datetime_complete": "2023-12-26T13:15:53.099353"}
{"op_code": 6, "worker_id": "d4144510-b0f4-465c-a9b8-2843f8505a24-140155854251840", "trial_id": 28, "state": 1, "values": [0.0010246051564822417], "datetime_complete": "2023-12-26T13:16:07.758728"}
{"op_code": 6, "worker_id": "92628739-e6df-41dd-aacf-16437e5086c7-140162511267648", "trial_id": 17, "state": 1, "values": [0.0008780277615339983], "datetime_complete": "2023-12-26T13:16:07.878813"}
{"op_code": 6, "worker_id": "8a9bba9b-ac59-496b-b916-1b77a32920dc-140445832804160", "trial_id": 20, "state": 1, "values": [0.006098924220319287], "datetime_complete": "2023-12-26T13:16:17.656971"}
{"op_code": 6, "worker_id": "e745940b-4477-4c8a-88e1-b100eb61fc41-139971387524928", "trial_id": 14, "state": 1, "values": [0.0046987149980826865], "datetime_complete": "2023-12-26T13:16:24.692040"}
{"op_code": 6, "worker_id": "139ec567-4db8-481c-b254-7c95ccdfa803-139736348899136", "trial_id": 2, "state": 1, "values": [2.309486521890617], "datetime_complete": "2023-12-26T13:16:25.647680"}
{"op_code": 6, "worker_id": "3916ed44-f71e-4a50-99c9-4f5c462dd44e-140611855849280", "trial_id": 16, "state": 1, "values": [0.10670604288024994], "datetime_complete": "2023-12-26T13:16:28.565810"}
{"op_code": 6, "worker_id": "cc1e5333-9af0-41a9-b5c6-29cdf0fa3374-140128465880896", "trial_id": 4, "state": 1, "values": [152.52163371365057], "datetime_complete": "2023-12-26T13:16:34.152015"}
{"op_code": 6, "worker_id": "619e6034-53d3-4b93-b9dd-262d7b58b8a1-139908707829568", "trial_id": 13, "state": 1, "values": [0.8746070130017362], "datetime_complete": "2023-12-26T13:16:34.518820"}
{"op_code": 6, "worker_id": "35ff5e87-d722-4bcb-89c2-e49c60791856-139973044971328", "trial_id": 15, "state": 1, "values": [0.0009555777008965297], "datetime_complete": "2023-12-26T13:16:36.091212"}
{"op_code": 6, "worker_id": "58d6de91-f070-463d-9e50-220712fedeb2-140519151556416", "trial_id": 23, "state": 1, "values": [0.004454354336770301], "datetime_complete": "2023-12-26T13:16:42.904184"}
{"op_code": 6, "worker_id": "76966c69-e4ff-4432-bffa-429e719af3f9-140118279444288", "trial_id": 21, "state": 1, "values": [0.08102586623501792], "datetime_complete": "2023-12-26T13:16:43.237554"}
{"op_code": 6, "worker_id": "0e215bd2-ddd4-41c3-9da8-c2024f73616d-140356352407360", "trial_id": 25, "state": 1, "values": [0.0010283359041533804], "datetime_complete": "2023-12-26T13:17:13.308194"}
{"op_code": 7, "worker_id": "2d348c6e-10f6-426f-b347-c2fa685bb995-139779138869056", "trial_id": 1, "step": 0, "intermediate_value": 0.0009583683529739852}
