{"op_code": 0, "worker_id": "03a9a8d9-f5ad-4ff7-9be8-fa161908d5f2-140179218622272", "study_name": "VDP_-8_4020100", "directions": [1]}
{"op_code": 0, "worker_id": "c89b74a4-4aef-46bf-8932-ec848dab8e64-140675842086720", "study_name": "VDP_-8_4020100", "directions": [1]}
{"op_code": 4, "worker_id": "03a9a8d9-f5ad-4ff7-9be8-fa161908d5f2-140179218622272", "study_id": 0, "datetime_start": "2023-12-26T01:07:16.792170"}
{"op_code": 4, "worker_id": "c89b74a4-4aef-46bf-8932-ec848dab8e64-140675842086720", "study_id": 0, "datetime_start": "2023-12-26T01:07:16.798029"}
{"op_code": 5, "worker_id": "03a9a8d9-f5ad-4ff7-9be8-fa161908d5f2-140179218622272", "trial_id": 0, "param_name": "sr", "param_value_internal": 0.05855535783091063, "distribution": "{\"name\": \"FloatDistribution\", \"attributes\": {\"step\": null, \"low\": 0.01, \"high\": 10.0, \"log\": true}}"}
{"op_code": 5, "worker_id": "03a9a8d9-f5ad-4ff7-9be8-fa161908d5f2-140179218622272", "trial_id": 0, "param_name": "lr", "param_value_internal": 0.05154111098948326, "distribution": "{\"name\": \"FloatDistribution\", \"attributes\": {\"step\": null, \"low\": 0.001, \"high\": 1.0, \"log\": true}}"}
{"op_code": 5, "worker_id": "c89b74a4-4aef-46bf-8932-ec848dab8e64-140675842086720", "trial_id": 1, "param_name": "sr", "param_value_internal": 0.04648642113789076, "distribution": "{\"name\": \"FloatDistribution\", \"attributes\": {\"step\": null, \"low\": 0.01, \"high\": 10.0, \"log\": true}}"}
{"op_code": 0, "worker_id": "8ab92d30-5b9d-42b4-8628-7539fef5c82e-139873154508608", "study_name": "VDP_-8_4020100", "directions": [1]}
{"op_code": 0, "worker_id": "e35761f9-f8eb-4d23-9086-0bd04a4a9e9c-140478487279424", "study_name": "VDP_-8_4020100", "directions": [1]}
{"op_code": 5, "worker_id": "c89b74a4-4aef-46bf-8932-ec848dab8e64-140675842086720", "trial_id": 1, "param_name": "lr", "param_value_internal": 0.004109424336284936, "distribution": "{\"name\": \"FloatDistribution\", \"attributes\": {\"step\": null, \"low\": 0.001, \"high\": 1.0, \"log\": true}}"}
{"op_code": 4, "worker_id": "8ab92d30-5b9d-42b4-8628-7539fef5c82e-139873154508608", "study_id": 0, "datetime_start": "2023-12-26T01:07:16.816490"}
{"op_code": 4, "worker_id": "e35761f9-f8eb-4d23-9086-0bd04a4a9e9c-140478487279424", "study_id": 0, "datetime_start": "2023-12-26T01:07:16.819325"}
{"op_code": 5, "worker_id": "c89b74a4-4aef-46bf-8932-ec848dab8e64-140675842086720", "trial_id": 1, "param_name": "iss", "param_value_internal": 0.14379469591265526, "distribution": "{\"name\": \"FloatDistribution\", \"attributes\": {\"step\": null, \"low\": 0.0, \"high\": 1.0, \"log\": false}}"}
{"op_code": 0, "worker_id": "1d254766-9449-4eae-8159-083890aef602-140680803669824", "study_name": "VDP_-8_4020100", "directions": [1]}
{"op_code": 5, "worker_id": "e35761f9-f8eb-4d23-9086-0bd04a4a9e9c-140478487279424", "trial_id": 3, "param_name": "sr", "param_value_internal": 1.6446952672160935, "distribution": "{\"name\": \"FloatDistribution\", \"attributes\": {\"step\": null, \"low\": 0.01, \"high\": 10.0, \"log\": true}}"}
{"op_code": 5, "worker_id": "c89b74a4-4aef-46bf-8932-ec848dab8e64-140675842086720", "trial_id": 1, "param_name": "ridge", "param_value_internal": 9.17248043397541e-05, "distribution": "{\"name\": \"FloatDistribution\", \"attributes\": {\"step\": null, \"low\": 1e-09, \"high\": 0.01, \"log\": true}}"}
{"op_code": 0, "worker_id": "79b1dd21-77be-4340-be8b-eb1bf51251b3-139864432039744", "study_name": "VDP_-8_4020100", "directions": [1]}
{"op_code": 0, "worker_id": "f2624478-35e8-458e-95d8-f077fafe739b-140168565712704", "study_name": "VDP_-8_4020100", "directions": [1]}
{"op_code": 0, "worker_id": "029320e0-977e-4817-a20d-fe102a1836f1-140152025212736", "study_name": "VDP_-8_4020100", "directions": [1]}
{"op_code": 0, "worker_id": "47725260-b72a-4c51-9e24-558ba712f5d8-140514237056832", "study_name": "VDP_-8_4020100", "directions": [1]}
{"op_code": 4, "worker_id": "f2624478-35e8-458e-95d8-f077fafe739b-140168565712704", "study_id": 0, "datetime_start": "2023-12-26T01:07:16.950242"}
{"op_code": 0, "worker_id": "de429c8f-9281-4333-9118-2031c1f1bec5-140534225622848", "study_name": "VDP_-8_4020100", "directions": [1]}
{"op_code": 5, "worker_id": "8ab92d30-5b9d-42b4-8628-7539fef5c82e-139873154508608", "trial_id": 2, "param_name": "sr", "param_value_internal": 0.03486530687998121, "distribution": "{\"name\": \"FloatDistribution\", \"attributes\": {\"step\": null, \"low\": 0.01, \"high\": 10.0, \"log\": true}}"}
{"op_code": 5, "worker_id": "f2624478-35e8-458e-95d8-f077fafe739b-140168565712704", "trial_id": 4, "param_name": "sr", "param_value_internal": 0.021545408973813882, "distribution": "{\"name\": \"FloatDistribution\", \"attributes\": {\"step\": null, \"low\": 0.01, \"high\": 10.0, \"log\": true}}"}
{"op_code": 5, "worker_id": "8ab92d30-5b9d-42b4-8628-7539fef5c82e-139873154508608", "trial_id": 2, "param_name": "lr", "param_value_internal": 0.017647029037742033, "distribution": "{\"name\": \"FloatDistribution\", \"attributes\": {\"step\": null, \"low\": 0.001, \"high\": 1.0, \"log\": true}}"}
{"op_code": 4, "worker_id": "47725260-b72a-4c51-9e24-558ba712f5d8-140514237056832", "study_id": 0, "datetime_start": "2023-12-26T01:07:16.958021"}
{"op_code": 4, "worker_id": "de429c8f-9281-4333-9118-2031c1f1bec5-140534225622848", "study_id": 0, "datetime_start": "2023-12-26T01:07:16.965785"}
{"op_code": 5, "worker_id": "8ab92d30-5b9d-42b4-8628-7539fef5c82e-139873154508608", "trial_id": 2, "param_name": "iss", "param_value_internal": 0.30123718330318805, "distribution": "{\"name\": \"FloatDistribution\", \"attributes\": {\"step\": null, \"low\": 0.0, \"high\": 1.0, \"log\": false}}"}
{"op_code": 0, "worker_id": "41b3c380-d690-4d0e-b102-abfbec1c1048-140073132607296", "study_name": "VDP_-8_4020100", "directions": [1]}
{"op_code": 4, "worker_id": "79b1dd21-77be-4340-be8b-eb1bf51251b3-139864432039744", "study_id": 0, "datetime_start": "2023-12-26T01:07:16.944112"}
{"op_code": 0, "worker_id": "745962cb-f38a-4a5b-a27c-c4d20c43fc92-140310838638400", "study_name": "VDP_-8_4020100", "directions": [1]}
{"op_code": 5, "worker_id": "f2624478-35e8-458e-95d8-f077fafe739b-140168565712704", "trial_id": 4, "param_name": "lr", "param_value_internal": 0.028656788271599894, "distribution": "{\"name\": \"FloatDistribution\", \"attributes\": {\"step\": null, \"low\": 0.001, \"high\": 1.0, \"log\": true}}"}
{"op_code": 5, "worker_id": "79b1dd21-77be-4340-be8b-eb1bf51251b3-139864432039744", "trial_id": 7, "param_name": "sr", "param_value_internal": 0.010431389219909546, "distribution": "{\"name\": \"FloatDistribution\", \"attributes\": {\"step\": null, \"low\": 0.01, \"high\": 10.0, \"log\": true}}"}
{"op_code": 5, "worker_id": "47725260-b72a-4c51-9e24-558ba712f5d8-140514237056832", "trial_id": 5, "param_name": "sr", "param_value_internal": 3.4232639221804853, "distribution": "{\"name\": \"FloatDistribution\", \"attributes\": {\"step\": null, \"low\": 0.01, \"high\": 10.0, \"log\": true}}"}
{"op_code": 5, "worker_id": "79b1dd21-77be-4340-be8b-eb1bf51251b3-139864432039744", "trial_id": 7, "param_name": "lr", "param_value_internal": 0.00969904674610154, "distribution": "{\"name\": \"FloatDistribution\", \"attributes\": {\"step\": null, \"low\": 0.001, \"high\": 1.0, \"log\": true}}"}
{"op_code": 5, "worker_id": "f2624478-35e8-458e-95d8-f077fafe739b-140168565712704", "trial_id": 4, "param_name": "iss", "param_value_internal": 0.7998483917436402, "distribution": "{\"name\": \"FloatDistribution\", \"attributes\": {\"step\": null, \"low\": 0.0, \"high\": 1.0, \"log\": false}}"}
{"op_code": 5, "worker_id": "79b1dd21-77be-4340-be8b-eb1bf51251b3-139864432039744", "trial_id": 7, "param_name": "iss", "param_value_internal": 0.12376259057392291, "distribution": "{\"name\": \"FloatDistribution\", \"attributes\": {\"step\": null, \"low\": 0.0, \"high\": 1.0, \"log\": false}}"}
{"op_code": 0, "worker_id": "4f0faab5-7ab1-4865-a386-fe86d696f790-140368786003776", "study_name": "VDP_-8_4020100", "directions": [1]}
{"op_code": 0, "worker_id": "71a64834-ae9d-40a4-87f1-45b558cd730c-140175000602432", "study_name": "VDP_-8_4020100", "directions": [1]}
{"op_code": 5, "worker_id": "47725260-b72a-4c51-9e24-558ba712f5d8-140514237056832", "trial_id": 5, "param_name": "lr", "param_value_internal": 0.09050650447160592, "distribution": "{\"name\": \"FloatDistribution\", \"attributes\": {\"step\": null, \"low\": 0.001, \"high\": 1.0, \"log\": true}}"}
{"op_code": 4, "worker_id": "4f0faab5-7ab1-4865-a386-fe86d696f790-140368786003776", "study_id": 0, "datetime_start": "2023-12-26T01:07:17.015172"}
{"op_code": 5, "worker_id": "79b1dd21-77be-4340-be8b-eb1bf51251b3-139864432039744", "trial_id": 7, "param_name": "ridge", "param_value_internal": 9.310864903033416e-05, "distribution": "{\"name\": \"FloatDistribution\", \"attributes\": {\"step\": null, \"low\": 1e-09, \"high\": 0.01, \"log\": true}}"}
{"op_code": 5, "worker_id": "47725260-b72a-4c51-9e24-558ba712f5d8-140514237056832", "trial_id": 5, "param_name": "iss", "param_value_internal": 0.041130906340946516, "distribution": "{\"name\": \"FloatDistribution\", \"attributes\": {\"step\": null, \"low\": 0.0, \"high\": 1.0, \"log\": false}}"}
{"op_code": 5, "worker_id": "f2624478-35e8-458e-95d8-f077fafe739b-140168565712704", "trial_id": 4, "param_name": "ridge", "param_value_internal": 6.0764958423030883e-05, "distribution": "{\"name\": \"FloatDistribution\", \"attributes\": {\"step\": null, \"low\": 1e-09, \"high\": 0.01, \"log\": true}}"}
{"op_code": 5, "worker_id": "47725260-b72a-4c51-9e24-558ba712f5d8-140514237056832", "trial_id": 5, "param_name": "ridge", "param_value_internal": 0.00025337302991125456, "distribution": "{\"name\": \"FloatDistribution\", \"attributes\": {\"step\": null, \"low\": 1e-09, \"high\": 0.01, \"log\": true}}"}
{"op_code": 4, "worker_id": "71a64834-ae9d-40a4-87f1-45b558cd730c-140175000602432", "study_id": 0, "datetime_start": "2023-12-26T01:07:17.019006"}
{"op_code": 0, "worker_id": "bb9b4e06-10c9-4f79-86a3-7729d8492c78-140138385848128", "study_name": "VDP_-8_4020100", "directions": [1]}
{"op_code": 0, "worker_id": "1300c1c7-cb6c-4c55-a98a-0f0a0ac12c76-140221168301888", "study_name": "VDP_-8_4020100", "directions": [1]}
{"op_code": 5, "worker_id": "71a64834-ae9d-40a4-87f1-45b558cd730c-140175000602432", "trial_id": 9, "param_name": "sr", "param_value_internal": 0.01377231563128567, "distribution": "{\"name\": \"FloatDistribution\", \"attributes\": {\"step\": null, \"low\": 0.01, \"high\": 10.0, \"log\": true}}"}
{"op_code": 5, "worker_id": "4f0faab5-7ab1-4865-a386-fe86d696f790-140368786003776", "trial_id": 8, "param_name": "sr", "param_value_internal": 0.11423777370805226, "distribution": "{\"name\": \"FloatDistribution\", \"attributes\": {\"step\": null, \"low\": 0.01, \"high\": 10.0, \"log\": true}}"}
{"op_code": 5, "worker_id": "de429c8f-9281-4333-9118-2031c1f1bec5-140534225622848", "trial_id": 6, "param_name": "sr", "param_value_internal": 0.027049948402691936, "distribution": "{\"name\": \"FloatDistribution\", \"attributes\": {\"step\": null, \"low\": 0.01, \"high\": 10.0, \"log\": true}}"}
{"op_code": 5, "worker_id": "8ab92d30-5b9d-42b4-8628-7539fef5c82e-139873154508608", "trial_id": 2, "param_name": "ridge", "param_value_internal": 1.762409727235365e-07, "distribution": "{\"name\": \"FloatDistribution\", \"attributes\": {\"step\": null, \"low\": 1e-09, \"high\": 0.01, \"log\": true}}"}
{"op_code": 4, "worker_id": "bb9b4e06-10c9-4f79-86a3-7729d8492c78-140138385848128", "study_id": 0, "datetime_start": "2023-12-26T01:07:17.043506"}
{"op_code": 5, "worker_id": "de429c8f-9281-4333-9118-2031c1f1bec5-140534225622848", "trial_id": 6, "param_name": "lr", "param_value_internal": 0.07851656603641545, "distribution": "{\"name\": \"FloatDistribution\", \"attributes\": {\"step\": null, \"low\": 0.001, \"high\": 1.0, \"log\": true}}"}
{"op_code": 4, "worker_id": "41b3c380-d690-4d0e-b102-abfbec1c1048-140073132607296", "study_id": 0, "datetime_start": "2023-12-26T01:07:16.986591"}
{"op_code": 0, "worker_id": "58300392-eeb9-4b01-bedf-5f84c2ed850c-140315477378880", "study_name": "VDP_-8_4020100", "directions": [1]}
{"op_code": 0, "worker_id": "6cc377d9-bfc2-453a-a3f6-e6444c6dead5-139728174917440", "study_name": "VDP_-8_4020100", "directions": [1]}
{"op_code": 0, "worker_id": "65d787ad-118e-4fff-99c7-c69b092d6503-140664595715904", "study_name": "VDP_-8_4020100", "directions": [1]}
{"op_code": 5, "worker_id": "de429c8f-9281-4333-9118-2031c1f1bec5-140534225622848", "trial_id": 6, "param_name": "iss", "param_value_internal": 0.7985340048126985, "distribution": "{\"name\": \"FloatDistribution\", \"attributes\": {\"step\": null, \"low\": 0.0, \"high\": 1.0, \"log\": false}}"}
{"op_code": 5, "worker_id": "41b3c380-d690-4d0e-b102-abfbec1c1048-140073132607296", "trial_id": 11, "param_name": "sr", "param_value_internal": 0.6389891595222091, "distribution": "{\"name\": \"FloatDistribution\", \"attributes\": {\"step\": null, \"low\": 0.01, \"high\": 10.0, \"log\": true}}"}
{"op_code": 5, "worker_id": "de429c8f-9281-4333-9118-2031c1f1bec5-140534225622848", "trial_id": 6, "param_name": "ridge", "param_value_internal": 2.215146064589842e-05, "distribution": "{\"name\": \"FloatDistribution\", \"attributes\": {\"step\": null, \"low\": 1e-09, \"high\": 0.01, \"log\": true}}"}
{"op_code": 4, "worker_id": "65d787ad-118e-4fff-99c7-c69b092d6503-140664595715904", "study_id": 0, "datetime_start": "2023-12-26T01:07:17.078711"}
{"op_code": 4, "worker_id": "6cc377d9-bfc2-453a-a3f6-e6444c6dead5-139728174917440", "study_id": 0, "datetime_start": "2023-12-26T01:07:17.072699"}
{"op_code": 4, "worker_id": "029320e0-977e-4817-a20d-fe102a1836f1-140152025212736", "study_id": 0, "datetime_start": "2023-12-26T01:07:16.954486"}
{"op_code": 5, "worker_id": "65d787ad-118e-4fff-99c7-c69b092d6503-140664595715904", "trial_id": 12, "param_name": "sr", "param_value_internal": 0.5929128530407447, "distribution": "{\"name\": \"FloatDistribution\", \"attributes\": {\"step\": null, \"low\": 0.01, \"high\": 10.0, \"log\": true}}"}
{"op_code": 5, "worker_id": "6cc377d9-bfc2-453a-a3f6-e6444c6dead5-139728174917440", "trial_id": 13, "param_name": "sr", "param_value_internal": 6.297442955097073, "distribution": "{\"name\": \"FloatDistribution\", \"attributes\": {\"step\": null, \"low\": 0.01, \"high\": 10.0, \"log\": true}}"}
{"op_code": 5, "worker_id": "e35761f9-f8eb-4d23-9086-0bd04a4a9e9c-140478487279424", "trial_id": 3, "param_name": "lr", "param_value_internal": 0.0017491162909721548, "distribution": "{\"name\": \"FloatDistribution\", \"attributes\": {\"step\": null, \"low\": 0.001, \"high\": 1.0, \"log\": true}}"}
{"op_code": 5, "worker_id": "65d787ad-118e-4fff-99c7-c69b092d6503-140664595715904", "trial_id": 12, "param_name": "lr", "param_value_internal": 0.00923137266719349, "distribution": "{\"name\": \"FloatDistribution\", \"attributes\": {\"step\": null, \"low\": 0.001, \"high\": 1.0, \"log\": true}}"}
{"op_code": 5, "worker_id": "e35761f9-f8eb-4d23-9086-0bd04a4a9e9c-140478487279424", "trial_id": 3, "param_name": "iss", "param_value_internal": 0.67266717268236, "distribution": "{\"name\": \"FloatDistribution\", \"attributes\": {\"step\": null, \"low\": 0.0, \"high\": 1.0, \"log\": false}}"}
{"op_code": 0, "worker_id": "efa8e1e5-b15b-43d3-a8bf-835bf94e89a0-140224045852480", "study_name": "VDP_-8_4020100", "directions": [1]}
{"op_code": 5, "worker_id": "029320e0-977e-4817-a20d-fe102a1836f1-140152025212736", "trial_id": 14, "param_name": "sr", "param_value_internal": 0.054722141175730425, "distribution": "{\"name\": \"FloatDistribution\", \"attributes\": {\"step\": null, \"low\": 0.01, \"high\": 10.0, \"log\": true}}"}
{"op_code": 5, "worker_id": "e35761f9-f8eb-4d23-9086-0bd04a4a9e9c-140478487279424", "trial_id": 3, "param_name": "ridge", "param_value_internal": 9.000314383657668e-05, "distribution": "{\"name\": \"FloatDistribution\", \"attributes\": {\"step\": null, \"low\": 1e-09, \"high\": 0.01, \"log\": true}}"}
{"op_code": 0, "worker_id": "2661cc86-5e4e-473b-ad6a-702451a37d77-139924749182784", "study_name": "VDP_-8_4020100", "directions": [1]}
{"op_code": 5, "worker_id": "6cc377d9-bfc2-453a-a3f6-e6444c6dead5-139728174917440", "trial_id": 13, "param_name": "lr", "param_value_internal": 0.001010759912389133, "distribution": "{\"name\": \"FloatDistribution\", \"attributes\": {\"step\": null, \"low\": 0.001, \"high\": 1.0, \"log\": true}}"}
{"op_code": 4, "worker_id": "efa8e1e5-b15b-43d3-a8bf-835bf94e89a0-140224045852480", "study_id": 0, "datetime_start": "2023-12-26T01:07:17.117458"}
{"op_code": 5, "worker_id": "6cc377d9-bfc2-453a-a3f6-e6444c6dead5-139728174917440", "trial_id": 13, "param_name": "iss", "param_value_internal": 0.24575292306093632, "distribution": "{\"name\": \"FloatDistribution\", \"attributes\": {\"step\": null, \"low\": 0.0, \"high\": 1.0, \"log\": false}}"}
{"op_code": 5, "worker_id": "6cc377d9-bfc2-453a-a3f6-e6444c6dead5-139728174917440", "trial_id": 13, "param_name": "ridge", "param_value_internal": 1.5284950691939036e-08, "distribution": "{\"name\": \"FloatDistribution\", \"attributes\": {\"step\": null, \"low\": 1e-09, \"high\": 0.01, \"log\": true}}"}
{"op_code": 4, "worker_id": "2661cc86-5e4e-473b-ad6a-702451a37d77-139924749182784", "study_id": 0, "datetime_start": "2023-12-26T01:07:17.126728"}
{"op_code": 5, "worker_id": "efa8e1e5-b15b-43d3-a8bf-835bf94e89a0-140224045852480", "trial_id": 15, "param_name": "sr", "param_value_internal": 0.28894741586786904, "distribution": "{\"name\": \"FloatDistribution\", \"attributes\": {\"step\": null, \"low\": 0.01, \"high\": 10.0, \"log\": true}}"}
{"op_code": 5, "worker_id": "65d787ad-118e-4fff-99c7-c69b092d6503-140664595715904", "trial_id": 12, "param_name": "iss", "param_value_internal": 0.08376375349216547, "distribution": "{\"name\": \"FloatDistribution\", \"attributes\": {\"step\": null, \"low\": 0.0, \"high\": 1.0, \"log\": false}}"}
{"op_code": 5, "worker_id": "2661cc86-5e4e-473b-ad6a-702451a37d77-139924749182784", "trial_id": 16, "param_name": "sr", "param_value_internal": 2.448934504914839, "distribution": "{\"name\": \"FloatDistribution\", \"attributes\": {\"step\": null, \"low\": 0.01, \"high\": 10.0, \"log\": true}}"}
{"op_code": 5, "worker_id": "efa8e1e5-b15b-43d3-a8bf-835bf94e89a0-140224045852480", "trial_id": 15, "param_name": "lr", "param_value_internal": 0.015924540664538023, "distribution": "{\"name\": \"FloatDistribution\", \"attributes\": {\"step\": null, \"low\": 0.001, \"high\": 1.0, \"log\": true}}"}
{"op_code": 5, "worker_id": "2661cc86-5e4e-473b-ad6a-702451a37d77-139924749182784", "trial_id": 16, "param_name": "lr", "param_value_internal": 0.4643570258182914, "distribution": "{\"name\": \"FloatDistribution\", \"attributes\": {\"step\": null, \"low\": 0.001, \"high\": 1.0, \"log\": true}}"}
{"op_code": 5, "worker_id": "efa8e1e5-b15b-43d3-a8bf-835bf94e89a0-140224045852480", "trial_id": 15, "param_name": "iss", "param_value_internal": 0.08147211027779144, "distribution": "{\"name\": \"FloatDistribution\", \"attributes\": {\"step\": null, \"low\": 0.0, \"high\": 1.0, \"log\": false}}"}
{"op_code": 5, "worker_id": "2661cc86-5e4e-473b-ad6a-702451a37d77-139924749182784", "trial_id": 16, "param_name": "iss", "param_value_internal": 0.12894366163735038, "distribution": "{\"name\": \"FloatDistribution\", \"attributes\": {\"step\": null, \"low\": 0.0, \"high\": 1.0, \"log\": false}}"}
{"op_code": 5, "worker_id": "efa8e1e5-b15b-43d3-a8bf-835bf94e89a0-140224045852480", "trial_id": 15, "param_name": "ridge", "param_value_internal": 5.902237578519897e-06, "distribution": "{\"name\": \"FloatDistribution\", \"attributes\": {\"step\": null, \"low\": 1e-09, \"high\": 0.01, \"log\": true}}"}
{"op_code": 5, "worker_id": "2661cc86-5e4e-473b-ad6a-702451a37d77-139924749182784", "trial_id": 16, "param_name": "ridge", "param_value_internal": 1.0129807039856748e-08, "distribution": "{\"name\": \"FloatDistribution\", \"attributes\": {\"step\": null, \"low\": 1e-09, \"high\": 0.01, \"log\": true}}"}
{"op_code": 0, "worker_id": "2e01ef60-f85f-40f0-bb28-52675e98992f-140606481311552", "study_name": "VDP_-8_4020100", "directions": [1]}
{"op_code": 5, "worker_id": "65d787ad-118e-4fff-99c7-c69b092d6503-140664595715904", "trial_id": 12, "param_name": "ridge", "param_value_internal": 2.41772524625249e-07, "distribution": "{\"name\": \"FloatDistribution\", \"attributes\": {\"step\": null, \"low\": 1e-09, \"high\": 0.01, \"log\": true}}"}
{"op_code": 5, "worker_id": "71a64834-ae9d-40a4-87f1-45b558cd730c-140175000602432", "trial_id": 9, "param_name": "lr", "param_value_internal": 0.007768483293925015, "distribution": "{\"name\": \"FloatDistribution\", \"attributes\": {\"step\": null, \"low\": 0.001, \"high\": 1.0, \"log\": true}}"}
{"op_code": 5, "worker_id": "4f0faab5-7ab1-4865-a386-fe86d696f790-140368786003776", "trial_id": 8, "param_name": "lr", "param_value_internal": 0.004440765547011998, "distribution": "{\"name\": \"FloatDistribution\", \"attributes\": {\"step\": null, \"low\": 0.001, \"high\": 1.0, \"log\": true}}"}
{"op_code": 5, "worker_id": "71a64834-ae9d-40a4-87f1-45b558cd730c-140175000602432", "trial_id": 9, "param_name": "iss", "param_value_internal": 0.39873467044648003, "distribution": "{\"name\": \"FloatDistribution\", \"attributes\": {\"step\": null, \"low\": 0.0, \"high\": 1.0, \"log\": false}}"}
{"op_code": 4, "worker_id": "2e01ef60-f85f-40f0-bb28-52675e98992f-140606481311552", "study_id": 0, "datetime_start": "2023-12-26T01:07:17.184897"}
{"op_code": 5, "worker_id": "4f0faab5-7ab1-4865-a386-fe86d696f790-140368786003776", "trial_id": 8, "param_name": "iss", "param_value_internal": 0.7037446115018468, "distribution": "{\"name\": \"FloatDistribution\", \"attributes\": {\"step\": null, \"low\": 0.0, \"high\": 1.0, \"log\": false}}"}
{"op_code": 5, "worker_id": "bb9b4e06-10c9-4f79-86a3-7729d8492c78-140138385848128", "trial_id": 10, "param_name": "sr", "param_value_internal": 3.4784164905421378, "distribution": "{\"name\": \"FloatDistribution\", \"attributes\": {\"step\": null, \"low\": 0.01, \"high\": 10.0, \"log\": true}}"}
{"op_code": 5, "worker_id": "2e01ef60-f85f-40f0-bb28-52675e98992f-140606481311552", "trial_id": 17, "param_name": "sr", "param_value_internal": 3.82588482843075, "distribution": "{\"name\": \"FloatDistribution\", \"attributes\": {\"step\": null, \"low\": 0.01, \"high\": 10.0, \"log\": true}}"}
{"op_code": 5, "worker_id": "4f0faab5-7ab1-4865-a386-fe86d696f790-140368786003776", "trial_id": 8, "param_name": "ridge", "param_value_internal": 0.00024247642365877572, "distribution": "{\"name\": \"FloatDistribution\", \"attributes\": {\"step\": null, \"low\": 1e-09, \"high\": 0.01, \"log\": true}}"}
{"op_code": 5, "worker_id": "bb9b4e06-10c9-4f79-86a3-7729d8492c78-140138385848128", "trial_id": 10, "param_name": "lr", "param_value_internal": 0.1369809445739341, "distribution": "{\"name\": \"FloatDistribution\", \"attributes\": {\"step\": null, \"low\": 0.001, \"high\": 1.0, \"log\": true}}"}
{"op_code": 5, "worker_id": "2e01ef60-f85f-40f0-bb28-52675e98992f-140606481311552", "trial_id": 17, "param_name": "lr", "param_value_internal": 0.06895635552582456, "distribution": "{\"name\": \"FloatDistribution\", \"attributes\": {\"step\": null, \"low\": 0.001, \"high\": 1.0, \"log\": true}}"}
{"op_code": 5, "worker_id": "bb9b4e06-10c9-4f79-86a3-7729d8492c78-140138385848128", "trial_id": 10, "param_name": "iss", "param_value_internal": 0.43744766411786606, "distribution": "{\"name\": \"FloatDistribution\", \"attributes\": {\"step\": null, \"low\": 0.0, \"high\": 1.0, \"log\": false}}"}
{"op_code": 5, "worker_id": "2e01ef60-f85f-40f0-bb28-52675e98992f-140606481311552", "trial_id": 17, "param_name": "iss", "param_value_internal": 0.13249962991099073, "distribution": "{\"name\": \"FloatDistribution\", \"attributes\": {\"step\": null, \"low\": 0.0, \"high\": 1.0, \"log\": false}}"}
{"op_code": 5, "worker_id": "bb9b4e06-10c9-4f79-86a3-7729d8492c78-140138385848128", "trial_id": 10, "param_name": "ridge", "param_value_internal": 3.214915017856917e-08, "distribution": "{\"name\": \"FloatDistribution\", \"attributes\": {\"step\": null, \"low\": 1e-09, \"high\": 0.01, \"log\": true}}"}
{"op_code": 5, "worker_id": "2e01ef60-f85f-40f0-bb28-52675e98992f-140606481311552", "trial_id": 17, "param_name": "ridge", "param_value_internal": 0.0012424340734772104, "distribution": "{\"name\": \"FloatDistribution\", \"attributes\": {\"step\": null, \"low\": 1e-09, \"high\": 0.01, \"log\": true}}"}
{"op_code": 5, "worker_id": "71a64834-ae9d-40a4-87f1-45b558cd730c-140175000602432", "trial_id": 9, "param_name": "ridge", "param_value_internal": 1.3509540280532497e-06, "distribution": "{\"name\": \"FloatDistribution\", \"attributes\": {\"step\": null, \"low\": 1e-09, \"high\": 0.01, \"log\": true}}"}
{"op_code": 5, "worker_id": "029320e0-977e-4817-a20d-fe102a1836f1-140152025212736", "trial_id": 14, "param_name": "lr", "param_value_internal": 0.002355529967532004, "distribution": "{\"name\": \"FloatDistribution\", \"attributes\": {\"step\": null, \"low\": 0.001, \"high\": 1.0, \"log\": true}}"}
{"op_code": 0, "worker_id": "8543b022-d931-4324-bb7b-faf5a5d82b28-140672448268096", "study_name": "VDP_-8_4020100", "directions": [1]}
{"op_code": 5, "worker_id": "029320e0-977e-4817-a20d-fe102a1836f1-140152025212736", "trial_id": 14, "param_name": "iss", "param_value_internal": 0.11717741133295045, "distribution": "{\"name\": \"FloatDistribution\", \"attributes\": {\"step\": null, \"low\": 0.0, \"high\": 1.0, \"log\": false}}"}
{"op_code": 0, "worker_id": "445475eb-9d9a-469b-ba2d-e45d2daf153c-140338185254720", "study_name": "VDP_-8_4020100", "directions": [1]}
{"op_code": 5, "worker_id": "029320e0-977e-4817-a20d-fe102a1836f1-140152025212736", "trial_id": 14, "param_name": "ridge", "param_value_internal": 3.0173494730157e-09, "distribution": "{\"name\": \"FloatDistribution\", \"attributes\": {\"step\": null, \"low\": 1e-09, \"high\": 0.01, \"log\": true}}"}
{"op_code": 4, "worker_id": "8543b022-d931-4324-bb7b-faf5a5d82b28-140672448268096", "study_id": 0, "datetime_start": "2023-12-26T01:07:17.258026"}
{"op_code": 5, "worker_id": "8543b022-d931-4324-bb7b-faf5a5d82b28-140672448268096", "trial_id": 18, "param_name": "sr", "param_value_internal": 0.45714450786971844, "distribution": "{\"name\": \"FloatDistribution\", \"attributes\": {\"step\": null, \"low\": 0.01, \"high\": 10.0, \"log\": true}}"}
{"op_code": 5, "worker_id": "8543b022-d931-4324-bb7b-faf5a5d82b28-140672448268096", "trial_id": 18, "param_name": "lr", "param_value_internal": 0.06763076877459906, "distribution": "{\"name\": \"FloatDistribution\", \"attributes\": {\"step\": null, \"low\": 0.001, \"high\": 1.0, \"log\": true}}"}
{"op_code": 4, "worker_id": "445475eb-9d9a-469b-ba2d-e45d2daf153c-140338185254720", "study_id": 0, "datetime_start": "2023-12-26T01:07:17.268922"}
{"op_code": 5, "worker_id": "8543b022-d931-4324-bb7b-faf5a5d82b28-140672448268096", "trial_id": 18, "param_name": "iss", "param_value_internal": 0.4758286769442558, "distribution": "{\"name\": \"FloatDistribution\", \"attributes\": {\"step\": null, \"low\": 0.0, \"high\": 1.0, \"log\": false}}"}
{"op_code": 5, "worker_id": "8543b022-d931-4324-bb7b-faf5a5d82b28-140672448268096", "trial_id": 18, "param_name": "ridge", "param_value_internal": 3.3939544469601675e-09, "distribution": "{\"name\": \"FloatDistribution\", \"attributes\": {\"step\": null, \"low\": 1e-09, \"high\": 0.01, \"log\": true}}"}
{"op_code": 5, "worker_id": "445475eb-9d9a-469b-ba2d-e45d2daf153c-140338185254720", "trial_id": 19, "param_name": "sr", "param_value_internal": 0.02711463592018414, "distribution": "{\"name\": \"FloatDistribution\", \"attributes\": {\"step\": null, \"low\": 0.01, \"high\": 10.0, \"log\": true}}"}
{"op_code": 5, "worker_id": "445475eb-9d9a-469b-ba2d-e45d2daf153c-140338185254720", "trial_id": 19, "param_name": "lr", "param_value_internal": 0.04439533247722304, "distribution": "{\"name\": \"FloatDistribution\", \"attributes\": {\"step\": null, \"low\": 0.001, \"high\": 1.0, \"log\": true}}"}
{"op_code": 5, "worker_id": "445475eb-9d9a-469b-ba2d-e45d2daf153c-140338185254720", "trial_id": 19, "param_name": "iss", "param_value_internal": 0.41296606407765724, "distribution": "{\"name\": \"FloatDistribution\", \"attributes\": {\"step\": null, \"low\": 0.0, \"high\": 1.0, \"log\": false}}"}
{"op_code": 5, "worker_id": "445475eb-9d9a-469b-ba2d-e45d2daf153c-140338185254720", "trial_id": 19, "param_name": "ridge", "param_value_internal": 0.004441429838852119, "distribution": "{\"name\": \"FloatDistribution\", \"attributes\": {\"step\": null, \"low\": 1e-09, \"high\": 0.01, \"log\": true}}"}
{"op_code": 4, "worker_id": "1300c1c7-cb6c-4c55-a98a-0f0a0ac12c76-140221168301888", "study_id": 0, "datetime_start": "2023-12-26T01:07:17.046161"}
{"op_code": 5, "worker_id": "1300c1c7-cb6c-4c55-a98a-0f0a0ac12c76-140221168301888", "trial_id": 20, "param_name": "sr", "param_value_internal": 3.4964580766250224, "distribution": "{\"name\": \"FloatDistribution\", \"attributes\": {\"step\": null, \"low\": 0.01, \"high\": 10.0, \"log\": true}}"}
{"op_code": 5, "worker_id": "1300c1c7-cb6c-4c55-a98a-0f0a0ac12c76-140221168301888", "trial_id": 20, "param_name": "lr", "param_value_internal": 0.5301786623007689, "distribution": "{\"name\": \"FloatDistribution\", \"attributes\": {\"step\": null, \"low\": 0.001, \"high\": 1.0, \"log\": true}}"}
{"op_code": 5, "worker_id": "1300c1c7-cb6c-4c55-a98a-0f0a0ac12c76-140221168301888", "trial_id": 20, "param_name": "iss", "param_value_internal": 0.22655816693959874, "distribution": "{\"name\": \"FloatDistribution\", \"attributes\": {\"step\": null, \"low\": 0.0, \"high\": 1.0, \"log\": false}}"}
{"op_code": 5, "worker_id": "03a9a8d9-f5ad-4ff7-9be8-fa161908d5f2-140179218622272", "trial_id": 0, "param_name": "iss", "param_value_internal": 0.03212918638944451, "distribution": "{\"name\": \"FloatDistribution\", \"attributes\": {\"step\": null, \"low\": 0.0, \"high\": 1.0, \"log\": false}}"}
{"op_code": 5, "worker_id": "1300c1c7-cb6c-4c55-a98a-0f0a0ac12c76-140221168301888", "trial_id": 20, "param_name": "ridge", "param_value_internal": 1.3758015576164685e-08, "distribution": "{\"name\": \"FloatDistribution\", \"attributes\": {\"step\": null, \"low\": 1e-09, \"high\": 0.01, \"log\": true}}"}
{"op_code": 5, "worker_id": "41b3c380-d690-4d0e-b102-abfbec1c1048-140073132607296", "trial_id": 11, "param_name": "lr", "param_value_internal": 0.0035979005635891153, "distribution": "{\"name\": \"FloatDistribution\", \"attributes\": {\"step\": null, \"low\": 0.001, \"high\": 1.0, \"log\": true}}"}
{"op_code": 5, "worker_id": "03a9a8d9-f5ad-4ff7-9be8-fa161908d5f2-140179218622272", "trial_id": 0, "param_name": "ridge", "param_value_internal": 3.16046455019728e-05, "distribution": "{\"name\": \"FloatDistribution\", \"attributes\": {\"step\": null, \"low\": 1e-09, \"high\": 0.01, \"log\": true}}"}
{"op_code": 5, "worker_id": "41b3c380-d690-4d0e-b102-abfbec1c1048-140073132607296", "trial_id": 11, "param_name": "iss", "param_value_internal": 0.5104007617951359, "distribution": "{\"name\": \"FloatDistribution\", \"attributes\": {\"step\": null, \"low\": 0.0, \"high\": 1.0, \"log\": false}}"}
{"op_code": 4, "worker_id": "1d254766-9449-4eae-8159-083890aef602-140680803669824", "study_id": 0, "datetime_start": "2023-12-26T01:07:16.837640"}
{"op_code": 5, "worker_id": "41b3c380-d690-4d0e-b102-abfbec1c1048-140073132607296", "trial_id": 11, "param_name": "ridge", "param_value_internal": 1.6956211193060668e-05, "distribution": "{\"name\": \"FloatDistribution\", \"attributes\": {\"step\": null, \"low\": 1e-09, \"high\": 0.01, \"log\": true}}"}
{"op_code": 0, "worker_id": "a17bef3f-ff32-49d7-8535-a2f96e4656ab-139726536824640", "study_name": "VDP_-8_4020100", "directions": [1]}
{"op_code": 5, "worker_id": "1d254766-9449-4eae-8159-083890aef602-140680803669824", "trial_id": 21, "param_name": "sr", "param_value_internal": 0.3941369915197142, "distribution": "{\"name\": \"FloatDistribution\", \"attributes\": {\"step\": null, \"low\": 0.01, \"high\": 10.0, \"log\": true}}"}
{"op_code": 0, "worker_id": "727a3cf7-6dbb-413b-8aa7-fd8f50fcc90b-140553447135040", "study_name": "VDP_-8_4020100", "directions": [1]}
{"op_code": 4, "worker_id": "a17bef3f-ff32-49d7-8535-a2f96e4656ab-139726536824640", "study_id": 0, "datetime_start": "2023-12-26T01:07:17.371300"}
{"op_code": 5, "worker_id": "1d254766-9449-4eae-8159-083890aef602-140680803669824", "trial_id": 21, "param_name": "lr", "param_value_internal": 0.27827783336289286, "distribution": "{\"name\": \"FloatDistribution\", \"attributes\": {\"step\": null, \"low\": 0.001, \"high\": 1.0, \"log\": true}}"}
{"op_code": 5, "worker_id": "1d254766-9449-4eae-8159-083890aef602-140680803669824", "trial_id": 21, "param_name": "iss", "param_value_internal": 0.49960575808159835, "distribution": "{\"name\": \"FloatDistribution\", \"attributes\": {\"step\": null, \"low\": 0.0, \"high\": 1.0, \"log\": false}}"}
{"op_code": 4, "worker_id": "727a3cf7-6dbb-413b-8aa7-fd8f50fcc90b-140553447135040", "study_id": 0, "datetime_start": "2023-12-26T01:07:17.384643"}
{"op_code": 5, "worker_id": "1d254766-9449-4eae-8159-083890aef602-140680803669824", "trial_id": 21, "param_name": "ridge", "param_value_internal": 0.005976065752602143, "distribution": "{\"name\": \"FloatDistribution\", \"attributes\": {\"step\": null, \"low\": 1e-09, \"high\": 0.01, \"log\": true}}"}
{"op_code": 5, "worker_id": "727a3cf7-6dbb-413b-8aa7-fd8f50fcc90b-140553447135040", "trial_id": 23, "param_name": "sr", "param_value_internal": 0.09414838047003951, "distribution": "{\"name\": \"FloatDistribution\", \"attributes\": {\"step\": null, \"low\": 0.01, \"high\": 10.0, \"log\": true}}"}
{"op_code": 5, "worker_id": "727a3cf7-6dbb-413b-8aa7-fd8f50fcc90b-140553447135040", "trial_id": 23, "param_name": "lr", "param_value_internal": 0.09406580143364983, "distribution": "{\"name\": \"FloatDistribution\", \"attributes\": {\"step\": null, \"low\": 0.001, \"high\": 1.0, \"log\": true}}"}
{"op_code": 5, "worker_id": "a17bef3f-ff32-49d7-8535-a2f96e4656ab-139726536824640", "trial_id": 22, "param_name": "sr", "param_value_internal": 0.07175501351533227, "distribution": "{\"name\": \"FloatDistribution\", \"attributes\": {\"step\": null, \"low\": 0.01, \"high\": 10.0, \"log\": true}}"}
{"op_code": 5, "worker_id": "727a3cf7-6dbb-413b-8aa7-fd8f50fcc90b-140553447135040", "trial_id": 23, "param_name": "iss", "param_value_internal": 0.5931913218803101, "distribution": "{\"name\": \"FloatDistribution\", \"attributes\": {\"step\": null, \"low\": 0.0, \"high\": 1.0, \"log\": false}}"}
{"op_code": 5, "worker_id": "a17bef3f-ff32-49d7-8535-a2f96e4656ab-139726536824640", "trial_id": 22, "param_name": "lr", "param_value_internal": 0.18597150629680317, "distribution": "{\"name\": \"FloatDistribution\", \"attributes\": {\"step\": null, \"low\": 0.001, \"high\": 1.0, \"log\": true}}"}
{"op_code": 5, "worker_id": "727a3cf7-6dbb-413b-8aa7-fd8f50fcc90b-140553447135040", "trial_id": 23, "param_name": "ridge", "param_value_internal": 1.3814608038702627e-06, "distribution": "{\"name\": \"FloatDistribution\", \"attributes\": {\"step\": null, \"low\": 1e-09, \"high\": 0.01, \"log\": true}}"}
{"op_code": 5, "worker_id": "a17bef3f-ff32-49d7-8535-a2f96e4656ab-139726536824640", "trial_id": 22, "param_name": "iss", "param_value_internal": 0.5145956750786981, "distribution": "{\"name\": \"FloatDistribution\", \"attributes\": {\"step\": null, \"low\": 0.0, \"high\": 1.0, \"log\": false}}"}
{"op_code": 5, "worker_id": "a17bef3f-ff32-49d7-8535-a2f96e4656ab-139726536824640", "trial_id": 22, "param_name": "ridge", "param_value_internal": 2.9900932291448757e-09, "distribution": "{\"name\": \"FloatDistribution\", \"attributes\": {\"step\": null, \"low\": 1e-09, \"high\": 0.01, \"log\": true}}"}
{"op_code": 0, "worker_id": "cb858d9c-af3e-433a-89ac-33a19ca08588-139840187877184", "study_name": "VDP_-8_4020100", "directions": [1]}
{"op_code": 4, "worker_id": "cb858d9c-af3e-433a-89ac-33a19ca08588-139840187877184", "study_id": 0, "datetime_start": "2023-12-26T01:07:17.455467"}
{"op_code": 5, "worker_id": "cb858d9c-af3e-433a-89ac-33a19ca08588-139840187877184", "trial_id": 24, "param_name": "sr", "param_value_internal": 9.203093037697618, "distribution": "{\"name\": \"FloatDistribution\", \"attributes\": {\"step\": null, \"low\": 0.01, \"high\": 10.0, \"log\": true}}"}
{"op_code": 5, "worker_id": "cb858d9c-af3e-433a-89ac-33a19ca08588-139840187877184", "trial_id": 24, "param_name": "lr", "param_value_internal": 0.017351454984623926, "distribution": "{\"name\": \"FloatDistribution\", \"attributes\": {\"step\": null, \"low\": 0.001, \"high\": 1.0, \"log\": true}}"}
{"op_code": 5, "worker_id": "cb858d9c-af3e-433a-89ac-33a19ca08588-139840187877184", "trial_id": 24, "param_name": "iss", "param_value_internal": 0.9947256509533666, "distribution": "{\"name\": \"FloatDistribution\", \"attributes\": {\"step\": null, \"low\": 0.0, \"high\": 1.0, \"log\": false}}"}
{"op_code": 5, "worker_id": "cb858d9c-af3e-433a-89ac-33a19ca08588-139840187877184", "trial_id": 24, "param_name": "ridge", "param_value_internal": 0.0037919720255910143, "distribution": "{\"name\": \"FloatDistribution\", \"attributes\": {\"step\": null, \"low\": 1e-09, \"high\": 0.01, \"log\": true}}"}
{"op_code": 0, "worker_id": "02147deb-13bb-4265-ba1a-aaa4ca7d60ac-140000218310464", "study_name": "VDP_-8_4020100", "directions": [1]}
{"op_code": 4, "worker_id": "745962cb-f38a-4a5b-a27c-c4d20c43fc92-140310838638400", "study_id": 0, "datetime_start": "2023-12-26T01:07:16.994006"}
{"op_code": 4, "worker_id": "02147deb-13bb-4265-ba1a-aaa4ca7d60ac-140000218310464", "study_id": 0, "datetime_start": "2023-12-26T01:07:17.516258"}
{"op_code": 5, "worker_id": "02147deb-13bb-4265-ba1a-aaa4ca7d60ac-140000218310464", "trial_id": 26, "param_name": "sr", "param_value_internal": 0.025392955005783212, "distribution": "{\"name\": \"FloatDistribution\", \"attributes\": {\"step\": null, \"low\": 0.01, \"high\": 10.0, \"log\": true}}"}
{"op_code": 5, "worker_id": "745962cb-f38a-4a5b-a27c-c4d20c43fc92-140310838638400", "trial_id": 25, "param_name": "sr", "param_value_internal": 6.490322907483644, "distribution": "{\"name\": \"FloatDistribution\", \"attributes\": {\"step\": null, \"low\": 0.01, \"high\": 10.0, \"log\": true}}"}
{"op_code": 5, "worker_id": "02147deb-13bb-4265-ba1a-aaa4ca7d60ac-140000218310464", "trial_id": 26, "param_name": "lr", "param_value_internal": 0.4903364355594615, "distribution": "{\"name\": \"FloatDistribution\", \"attributes\": {\"step\": null, \"low\": 0.001, \"high\": 1.0, \"log\": true}}"}
{"op_code": 5, "worker_id": "745962cb-f38a-4a5b-a27c-c4d20c43fc92-140310838638400", "trial_id": 25, "param_name": "lr", "param_value_internal": 0.1613087133512518, "distribution": "{\"name\": \"FloatDistribution\", \"attributes\": {\"step\": null, \"low\": 0.001, \"high\": 1.0, \"log\": true}}"}
{"op_code": 5, "worker_id": "02147deb-13bb-4265-ba1a-aaa4ca7d60ac-140000218310464", "trial_id": 26, "param_name": "iss", "param_value_internal": 0.8750704463039936, "distribution": "{\"name\": \"FloatDistribution\", \"attributes\": {\"step\": null, \"low\": 0.0, \"high\": 1.0, \"log\": false}}"}
{"op_code": 5, "worker_id": "745962cb-f38a-4a5b-a27c-c4d20c43fc92-140310838638400", "trial_id": 25, "param_name": "iss", "param_value_internal": 0.26079872428089135, "distribution": "{\"name\": \"FloatDistribution\", \"attributes\": {\"step\": null, \"low\": 0.0, \"high\": 1.0, \"log\": false}}"}
{"op_code": 5, "worker_id": "02147deb-13bb-4265-ba1a-aaa4ca7d60ac-140000218310464", "trial_id": 26, "param_name": "ridge", "param_value_internal": 7.108197712934166e-06, "distribution": "{\"name\": \"FloatDistribution\", \"attributes\": {\"step\": null, \"low\": 1e-09, \"high\": 0.01, \"log\": true}}"}
{"op_code": 5, "worker_id": "745962cb-f38a-4a5b-a27c-c4d20c43fc92-140310838638400", "trial_id": 25, "param_name": "ridge", "param_value_internal": 4.4974521407679135e-08, "distribution": "{\"name\": \"FloatDistribution\", \"attributes\": {\"step\": null, \"low\": 1e-09, \"high\": 0.01, \"log\": true}}"}
{"op_code": 0, "worker_id": "d1f004ee-11fb-4956-ad86-c8ad89a07d13-140485252482880", "study_name": "VDP_-8_4020100", "directions": [1]}
{"op_code": 4, "worker_id": "d1f004ee-11fb-4956-ad86-c8ad89a07d13-140485252482880", "study_id": 0, "datetime_start": "2023-12-26T01:07:17.583924"}
{"op_code": 4, "worker_id": "58300392-eeb9-4b01-bedf-5f84c2ed850c-140315477378880", "study_id": 0, "datetime_start": "2023-12-26T01:07:17.071713"}
{"op_code": 5, "worker_id": "d1f004ee-11fb-4956-ad86-c8ad89a07d13-140485252482880", "trial_id": 27, "param_name": "sr", "param_value_internal": 0.023760100131894578, "distribution": "{\"name\": \"FloatDistribution\", \"attributes\": {\"step\": null, \"low\": 0.01, \"high\": 10.0, \"log\": true}}"}
{"op_code": 5, "worker_id": "d1f004ee-11fb-4956-ad86-c8ad89a07d13-140485252482880", "trial_id": 27, "param_name": "lr", "param_value_internal": 0.0013062860456947358, "distribution": "{\"name\": \"FloatDistribution\", \"attributes\": {\"step\": null, \"low\": 0.001, \"high\": 1.0, \"log\": true}}"}
{"op_code": 5, "worker_id": "58300392-eeb9-4b01-bedf-5f84c2ed850c-140315477378880", "trial_id": 28, "param_name": "sr", "param_value_internal": 3.440620743281527, "distribution": "{\"name\": \"FloatDistribution\", \"attributes\": {\"step\": null, \"low\": 0.01, \"high\": 10.0, \"log\": true}}"}
{"op_code": 5, "worker_id": "d1f004ee-11fb-4956-ad86-c8ad89a07d13-140485252482880", "trial_id": 27, "param_name": "iss", "param_value_internal": 0.9485004184206376, "distribution": "{\"name\": \"FloatDistribution\", \"attributes\": {\"step\": null, \"low\": 0.0, \"high\": 1.0, \"log\": false}}"}
{"op_code": 5, "worker_id": "58300392-eeb9-4b01-bedf-5f84c2ed850c-140315477378880", "trial_id": 28, "param_name": "lr", "param_value_internal": 0.0020640540033478143, "distribution": "{\"name\": \"FloatDistribution\", \"attributes\": {\"step\": null, \"low\": 0.001, \"high\": 1.0, \"log\": true}}"}
{"op_code": 5, "worker_id": "d1f004ee-11fb-4956-ad86-c8ad89a07d13-140485252482880", "trial_id": 27, "param_name": "ridge", "param_value_internal": 1.013568248149504e-05, "distribution": "{\"name\": \"FloatDistribution\", \"attributes\": {\"step\": null, \"low\": 1e-09, \"high\": 0.01, \"log\": true}}"}
{"op_code": 5, "worker_id": "58300392-eeb9-4b01-bedf-5f84c2ed850c-140315477378880", "trial_id": 28, "param_name": "iss", "param_value_internal": 0.6589641658520673, "distribution": "{\"name\": \"FloatDistribution\", \"attributes\": {\"step\": null, \"low\": 0.0, \"high\": 1.0, \"log\": false}}"}
{"op_code": 5, "worker_id": "58300392-eeb9-4b01-bedf-5f84c2ed850c-140315477378880", "trial_id": 28, "param_name": "ridge", "param_value_internal": 1.5105367026848041e-09, "distribution": "{\"name\": \"FloatDistribution\", \"attributes\": {\"step\": null, \"low\": 1e-09, \"high\": 0.01, \"log\": true}}"}
{"op_code": 0, "worker_id": "ce5494e1-da5d-482a-a290-934aa56a651b-140691652515648", "study_name": "VDP_-8_4020100", "directions": [1]}
{"op_code": 4, "worker_id": "ce5494e1-da5d-482a-a290-934aa56a651b-140691652515648", "study_id": 0, "datetime_start": "2023-12-26T01:07:17.900301"}
{"op_code": 5, "worker_id": "ce5494e1-da5d-482a-a290-934aa56a651b-140691652515648", "trial_id": 29, "param_name": "sr", "param_value_internal": 0.018196166663249563, "distribution": "{\"name\": \"FloatDistribution\", \"attributes\": {\"step\": null, \"low\": 0.01, \"high\": 10.0, \"log\": true}}"}
{"op_code": 5, "worker_id": "ce5494e1-da5d-482a-a290-934aa56a651b-140691652515648", "trial_id": 29, "param_name": "lr", "param_value_internal": 0.017026864017556362, "distribution": "{\"name\": \"FloatDistribution\", \"attributes\": {\"step\": null, \"low\": 0.001, \"high\": 1.0, \"log\": true}}"}
{"op_code": 5, "worker_id": "ce5494e1-da5d-482a-a290-934aa56a651b-140691652515648", "trial_id": 29, "param_name": "iss", "param_value_internal": 0.20010775132233083, "distribution": "{\"name\": \"FloatDistribution\", \"attributes\": {\"step\": null, \"low\": 0.0, \"high\": 1.0, \"log\": false}}"}
{"op_code": 5, "worker_id": "ce5494e1-da5d-482a-a290-934aa56a651b-140691652515648", "trial_id": 29, "param_name": "ridge", "param_value_internal": 0.00022155285770005846, "distribution": "{\"name\": \"FloatDistribution\", \"attributes\": {\"step\": null, \"low\": 1e-09, \"high\": 0.01, \"log\": true}}"}
{"op_code": 6, "worker_id": "8543b022-d931-4324-bb7b-faf5a5d82b28-140672448268096", "trial_id": 18, "state": 1, "values": [0.001678477846738839], "datetime_complete": "2023-12-26T02:09:32.849908"}
{"op_code": 6, "worker_id": "c89b74a4-4aef-46bf-8932-ec848dab8e64-140675842086720", "trial_id": 1, "state": 1, "values": [0.0038008415322915677], "datetime_complete": "2023-12-26T02:09:45.178376"}
{"op_code": 6, "worker_id": "58300392-eeb9-4b01-bedf-5f84c2ed850c-140315477378880", "trial_id": 28, "state": 1, "values": [387.7561060205967], "datetime_complete": "2023-12-26T02:09:57.980644"}
{"op_code": 6, "worker_id": "029320e0-977e-4817-a20d-fe102a1836f1-140152025212736", "trial_id": 14, "state": 1, "values": [0.003672078669639299], "datetime_complete": "2023-12-26T02:10:06.118158"}
{"op_code": 6, "worker_id": "71a64834-ae9d-40a4-87f1-45b558cd730c-140175000602432", "trial_id": 9, "state": 1, "values": [0.002383779139698224], "datetime_complete": "2023-12-26T02:10:23.418035"}
{"op_code": 6, "worker_id": "cb858d9c-af3e-433a-89ac-33a19ca08588-139840187877184", "trial_id": 24, "state": 1, "values": [0.2859992364893857], "datetime_complete": "2023-12-26T02:10:39.799356"}
{"op_code": 6, "worker_id": "02147deb-13bb-4265-ba1a-aaa4ca7d60ac-140000218310464", "trial_id": 26, "state": 1, "values": [0.0008769898459827654], "datetime_complete": "2023-12-26T02:10:50.834235"}
{"op_code": 6, "worker_id": "745962cb-f38a-4a5b-a27c-c4d20c43fc92-140310838638400", "trial_id": 25, "state": 1, "values": [0.1627956353014207], "datetime_complete": "2023-12-26T02:11:01.218539"}
{"op_code": 6, "worker_id": "efa8e1e5-b15b-43d3-a8bf-835bf94e89a0-140224045852480", "trial_id": 15, "state": 1, "values": [0.0010181918020515065], "datetime_complete": "2023-12-26T02:11:14.997861"}
{"op_code": 6, "worker_id": "79b1dd21-77be-4340-be8b-eb1bf51251b3-139864432039744", "trial_id": 7, "state": 1, "values": [0.002395097482266867], "datetime_complete": "2023-12-26T02:11:15.049205"}
{"op_code": 6, "worker_id": "65d787ad-118e-4fff-99c7-c69b092d6503-140664595715904", "trial_id": 12, "state": 1, "values": [0.0010704980147338056], "datetime_complete": "2023-12-26T02:11:17.937182"}
{"op_code": 6, "worker_id": "6cc377d9-bfc2-453a-a3f6-e6444c6dead5-139728174917440", "trial_id": 13, "state": 1, "values": [222.93617999703926], "datetime_complete": "2023-12-26T02:11:18.149127"}
{"op_code": 6, "worker_id": "03a9a8d9-f5ad-4ff7-9be8-fa161908d5f2-140179218622272", "trial_id": 0, "state": 1, "values": [0.0008159376186780329], "datetime_complete": "2023-12-26T02:11:24.604097"}
{"op_code": 6, "worker_id": "de429c8f-9281-4333-9118-2031c1f1bec5-140534225622848", "trial_id": 6, "state": 1, "values": [0.0008730934214383748], "datetime_complete": "2023-12-26T02:11:36.285778"}
{"op_code": 6, "worker_id": "2e01ef60-f85f-40f0-bb28-52675e98992f-140606481311552", "trial_id": 17, "state": 1, "values": [0.2725608073416954], "datetime_complete": "2023-12-26T02:11:46.685871"}
{"op_code": 6, "worker_id": "47725260-b72a-4c51-9e24-558ba712f5d8-140514237056832", "trial_id": 5, "state": 1, "values": [0.32229732613351203], "datetime_complete": "2023-12-26T02:11:53.357233"}
{"op_code": 6, "worker_id": "e35761f9-f8eb-4d23-9086-0bd04a4a9e9c-140478487279424", "trial_id": 3, "state": 1, "values": [2.391172538874765], "datetime_complete": "2023-12-26T02:12:03.080496"}
{"op_code": 6, "worker_id": "d1f004ee-11fb-4956-ad86-c8ad89a07d13-140485252482880", "trial_id": 27, "state": 1, "values": [0.006846022570343983], "datetime_complete": "2023-12-26T02:12:18.953402"}
{"op_code": 6, "worker_id": "a17bef3f-ff32-49d7-8535-a2f96e4656ab-139726536824640", "trial_id": 22, "state": 1, "values": [0.0005161604393342464], "datetime_complete": "2023-12-26T02:12:25.597777"}
{"op_code": 6, "worker_id": "8ab92d30-5b9d-42b4-8628-7539fef5c82e-139873154508608", "trial_id": 2, "state": 1, "values": [0.001317018853979222], "datetime_complete": "2023-12-26T02:12:29.107719"}
{"op_code": 6, "worker_id": "4f0faab5-7ab1-4865-a386-fe86d696f790-140368786003776", "trial_id": 8, "state": 1, "values": [0.0030137064384733315], "datetime_complete": "2023-12-26T02:12:34.519906"}
{"op_code": 6, "worker_id": "727a3cf7-6dbb-413b-8aa7-fd8f50fcc90b-140553447135040", "trial_id": 23, "state": 1, "values": [0.0005621545593315182], "datetime_complete": "2023-12-26T02:12:37.797746"}
{"op_code": 6, "worker_id": "bb9b4e06-10c9-4f79-86a3-7729d8492c78-140138385848128", "trial_id": 10, "state": 1, "values": [0.06832103129283536], "datetime_complete": "2023-12-26T02:12:43.808049"}
{"op_code": 6, "worker_id": "2661cc86-5e4e-473b-ad6a-702451a37d77-139924749182784", "trial_id": 16, "state": 1, "values": [0.07616816744275624], "datetime_complete": "2023-12-26T02:12:45.572104"}
{"op_code": 6, "worker_id": "1300c1c7-cb6c-4c55-a98a-0f0a0ac12c76-140221168301888", "trial_id": 20, "state": 1, "values": [0.06241551369045448], "datetime_complete": "2023-12-26T02:12:50.051177"}
{"op_code": 6, "worker_id": "445475eb-9d9a-469b-ba2d-e45d2daf153c-140338185254720", "trial_id": 19, "state": 1, "values": [0.0009283125639934074], "datetime_complete": "2023-12-26T02:12:57.519114"}
{"op_code": 6, "worker_id": "1d254766-9449-4eae-8159-083890aef602-140680803669824", "trial_id": 21, "state": 1, "values": [0.0003933845389627083], "datetime_complete": "2023-12-26T02:13:04.380018"}
{"op_code": 6, "worker_id": "41b3c380-d690-4d0e-b102-abfbec1c1048-140073132607296", "trial_id": 11, "state": 1, "values": [0.002428005003800994], "datetime_complete": "2023-12-26T02:13:04.443813"}
{"op_code": 6, "worker_id": "f2624478-35e8-458e-95d8-f077fafe739b-140168565712704", "trial_id": 4, "state": 1, "values": [0.001319169982294842], "datetime_complete": "2023-12-26T02:14:21.237906"}
{"op_code": 6, "worker_id": "ce5494e1-da5d-482a-a290-934aa56a651b-140691652515648", "trial_id": 29, "state": 1, "values": [0.0015727136581602079], "datetime_complete": "2023-12-26T02:14:53.986668"}
{"op_code": 7, "worker_id": "8543b022-d931-4324-bb7b-faf5a5d82b28-140672448268096", "trial_id": 18, "step": 0, "intermediate_value": 0.001678477846738839}
