\BOOKMARK [0][-]{chapter.1}{\376\377\060\157\060\130\060\201\060\153}{}% 1
\BOOKMARK [1][-]{section.1.1}{\376\377\200\314\146\157}{chapter.1}% 2
\BOOKMARK [1][-]{section.1.2}{\376\377\147\054\146\370\060\156\151\313\142\020}{chapter.1}% 3
\BOOKMARK [0][-]{chapter.2}{\376\377\122\115\143\320\167\345\213\130}{}% 4
\BOOKMARK [1][-]{section.2.1}{\376\377\165\037\117\123\060\352\060\272\060\340\170\024\172\166}{chapter.2}% 5
\BOOKMARK [1][-]{section.2.2}{\376\377\122\233\133\146\174\373}{chapter.2}% 6
\BOOKMARK [1][-]{section.2.3}{\376\377\000R\000e\000s\000e\000r\000v\000o\000i\000r\000\040\000C\000o\000m\000p\000u\000t\000e\000r}{chapter.2}% 7
\BOOKMARK [1][-]{section.2.4}{\376\377\121\110\210\114\170\024\172\166}{chapter.2}% 8
\BOOKMARK [0][-]{chapter.3}{\376\377\142\113\154\325}{}% 9
\BOOKMARK [1][-]{section.3.1}{\376\377\145\160\120\044\060\267\060\337\060\345\060\354\060\374\060\267\060\347\060\363}{chapter.3}% 10
\BOOKMARK [1][-]{section.3.2}{\376\377\133\146\177\322\172\172\225\223\060\156\156\054\133\232}{chapter.3}% 11
\BOOKMARK [1][-]{section.3.3}{\376\377\145\131\136\053\060\307\060\374\060\277\116\330\060\115\133\146\177\322\060\150\000H\000y\000p\000e\000r\000p\000a\000r\000a\000m\000e\000t\000e\000r\000s\000\040\060\156\147\000\220\151\123\026}{chapter.3}% 12
\BOOKMARK [1][-]{section.3.4}{\376\377\167\355\147\037\166\204\147\052\147\145\116\210\156\054\060\150\175\161\212\010\221\317\060\156\123\326\137\227}{chapter.3}% 13
\BOOKMARK [0][-]{chapter.4}{\376\377\175\120\147\234}{}% 14
\BOOKMARK [1][-]{section.4.1}{\376\377\000V\000a\000n\000\040\000D\000e\000r\000\040\000P\000o\000l\000\040\060\342\060\307\060\353}{chapter.4}% 15
\BOOKMARK [1][-]{section.4.2}{\376\377\000R\000\366\000s\000s\000l\000e\000r\000\040\060\342\060\307\060\353}{chapter.4}% 16
\BOOKMARK [0][-]{chapter.5}{\376\377\213\160\212\326}{}% 17
\BOOKMARK [0][-]{chapter*.2}{\376\377\213\035\217\236}{}% 18
\BOOKMARK [0][-]{chapter*.3}{\376\377\123\302\200\003\145\207\163\056}{}% 19
\BOOKMARK [0][-]{appendix.A}{\376\377\000H\000y\000p\000e\000r\000p\000a\000r\000a\000m\000e\000t\000e\000r\000s\000\040\060\156\212\055\133\232\120\044}{}% 20
\BOOKMARK [1][-]{section.A.1}{\376\377\000V\000a\000n\000\040\000D\000e\000r\000\040\000P\000o\000l\000\040\060\342\060\307\060\353}{appendix.A}% 21
\BOOKMARK [1][-]{section.A.2}{\376\377\000R\000\366\000s\000s\000l\000e\000r\000\040\060\342\060\307\060\353}{appendix.A}% 22
