{"obj": {"type": "AssignString", "path": ["sys", "name"], "value": "Untitled"}, "version": 1}
{"obj": {"type": "AssignString", "path": ["sys", "description"], "value": ""}, "version": 2}
{"obj": {"type": "AssignString", "path": ["monitoring", "fe1c1e14", "hostname"], "value": "ManQueennoMacBook-Pro.local"}, "version": 3}
{"obj": {"type": "AssignString", "path": ["sys", "hostname"], "value": "ManQueennoMacBook-Pro.local"}, "version": 4}
{"obj": {"type": "AssignString", "path": ["monitoring", "fe1c1e14", "pid"], "value": "22162"}, "version": 5}
{"obj": {"type": "AssignString", "path": ["monitoring", "fe1c1e14", "tid"], "value": "8080793280"}, "version": 6}
{"obj": {"type": "AssignBool", "path": ["sys", "failed"], "value": false}, "version": 7}
{"obj": {"type": "ClearStringLog", "path": ["monitoring", "fe1c1e14", "stdout"]}, "version": 8}
{"obj": {"type": "ClearStringLog", "path": ["monitoring", "fe1c1e14", "stderr"]}, "version": 9}
{"obj": {"type": "AssignString", "path": ["source_code", "entrypoint"], "value": "2.1.3.py"}, "version": 10}
{"obj": {"type": "UploadFileSet", "path": ["source_code", "files"], "file_globs": ["/Users/manqueenmannequin/mygit/B4thesis_public/mywork/program/Rossler\u4e88\u6e2c_new/2/2.1/2.1.3.py"], "reset": "False"}, "version": 11}
{"obj": {"type": "UploadFile", "path": ["source_code", "diff"], "ext": "patch", "file_path": null, "tmp_file_name": "source_code_diff-1699714724.193586-2023-11-11_23.58.44.193586.patch", "clean_after_upload": false}, "version": 12}
{"obj": {"type": "ConfigFloatSeries", "path": ["monitoring", "fe1c1e14", "cpu"], "min": 0.0, "max": 100.0, "unit": "%"}, "version": 13}
{"obj": {"type": "ClearFloatLog", "path": ["monitoring", "fe1c1e14", "cpu"]}, "version": 14}
{"obj": {"type": "LogStrings", "path": ["monitoring", "fe1c1e14", "stderr"], "values": [{"value": "Info (NVML): NVML Shared Library Not Found. GPU usage metrics may not be reported. For more information, see https://docs.neptune.ai/help/nvml_error/\n", "step": null, "ts": 1699714724.2235541}]}, "version": 15}
{"obj": {"type": "ConfigFloatSeries", "path": ["monitoring", "fe1c1e14", "memory"], "min": 0.0, "max": 16.0, "unit": "GB"}, "version": 16}
{"obj": {"type": "ClearFloatLog", "path": ["monitoring", "fe1c1e14", "memory"]}, "version": 17}
{"obj": {"type": "LogFloats", "path": ["monitoring", "fe1c1e14", "cpu"], "values": [{"value": 37.0, "step": null, "ts": 1699714724.223957}]}, "version": 18}
{"obj": {"type": "AssignString", "path": ["source_code", "integrations", "neptune-optuna"], "value": "1.1.0"}, "version": 19}
{"obj": {"type": "LogFloats", "path": ["monitoring", "fe1c1e14", "memory"], "values": [{"value": 9.754425048828125, "step": null, "ts": 1699714724.223957}]}, "version": 20}
{"obj": {"type": "LogFloats", "path": ["monitoring", "fe1c1e14", "cpu"], "values": [{"value": 71.0, "step": null, "ts": 1699714734.2304919}]}, "version": 21}
{"obj": {"type": "LogFloats", "path": ["monitoring", "fe1c1e14", "memory"], "values": [{"value": 9.96795654296875, "step": null, "ts": 1699714734.2304919}]}, "version": 22}
{"obj": {"type": "LogFloats", "path": ["monitoring", "fe1c1e14", "cpu"], "values": [{"value": 71.9, "step": null, "ts": 1699714744.2359512}]}, "version": 23}
{"obj": {"type": "LogFloats", "path": ["monitoring", "fe1c1e14", "memory"], "values": [{"value": 10.170913696289062, "step": null, "ts": 1699714744.2359512}]}, "version": 24}
{"obj": {"type": "LogFloats", "path": ["monitoring", "fe1c1e14", "cpu"], "values": [{"value": 99.5, "step": null, "ts": 1699714875.103013}]}, "version": 25}
{"obj": {"type": "LogFloats", "path": ["monitoring", "fe1c1e14", "memory"], "values": [{"value": 8.472503662109375, "step": null, "ts": 1699714875.103013}]}, "version": 26}
{"obj": {"type": "LogFloats", "path": ["monitoring", "fe1c1e14", "cpu"], "values": [{"value": 80.3, "step": null, "ts": 1699714885.119982}]}, "version": 27}
{"obj": {"type": "LogFloats", "path": ["monitoring", "fe1c1e14", "memory"], "values": [{"value": 8.533050537109375, "step": null, "ts": 1699714885.119982}]}, "version": 28}
