{"op_code": 0, "worker_id": "47edae01-cd12-4fc7-80c5-8e4398a1f823-140014331434816", "study_name": "RS_cmaes_4020", "directions": [1]}
{"op_code": 0, "worker_id": "52f1b09b-d71c-4c11-9960-97bda07cf138-139686250747712", "study_name": "RS_cmaes_4020", "directions": [1]}
{"op_code": 0, "worker_id": "95010d49-ecad-43f1-b614-b9858ad0cb95-140009897785152", "study_name": "RS_cmaes_4020", "directions": [1]}
{"op_code": 0, "worker_id": "486641b5-f129-47f3-9463-adb52ee09c20-139956243699520", "study_name": "RS_cmaes_4020", "directions": [1]}
{"op_code": 4, "worker_id": "47edae01-cd12-4fc7-80c5-8e4398a1f823-140014331434816", "study_id": 0, "datetime_start": "2023-12-16T00:58:23.124742"}
{"op_code": 0, "worker_id": "88240e97-360e-4703-9f0a-846a2f1c3e43-139871846012736", "study_name": "RS_cmaes_4020", "directions": [1]}
{"op_code": 4, "worker_id": "95010d49-ecad-43f1-b614-b9858ad0cb95-140009897785152", "study_id": 0, "datetime_start": "2023-12-16T00:58:24.569753"}
{"op_code": 4, "worker_id": "52f1b09b-d71c-4c11-9960-97bda07cf138-139686250747712", "study_id": 0, "datetime_start": "2023-12-16T00:58:25.108765"}
{"op_code": 5, "worker_id": "47edae01-cd12-4fc7-80c5-8e4398a1f823-140014331434816", "trial_id": 0, "param_name": "sr", "param_value_internal": 0.03809328752816671, "distribution": "{\"name\": \"FloatDistribution\", \"attributes\": {\"step\": null, \"low\": 0.01, \"high\": 10.0, \"log\": true}}"}
{"op_code": 0, "worker_id": "bfc3b317-e030-407e-b3c9-f565e6073768-140712192517952", "study_name": "RS_cmaes_4020", "directions": [1]}
{"op_code": 5, "worker_id": "47edae01-cd12-4fc7-80c5-8e4398a1f823-140014331434816", "trial_id": 0, "param_name": "lr", "param_value_internal": 0.0013917624095768956, "distribution": "{\"name\": \"FloatDistribution\", \"attributes\": {\"step\": null, \"low\": 0.001, \"high\": 1.0, \"log\": true}}"}
{"op_code": 4, "worker_id": "88240e97-360e-4703-9f0a-846a2f1c3e43-139871846012736", "study_id": 0, "datetime_start": "2023-12-16T00:58:28.839907"}
{"op_code": 5, "worker_id": "52f1b09b-d71c-4c11-9960-97bda07cf138-139686250747712", "trial_id": 2, "param_name": "sr", "param_value_internal": 0.015760958641695275, "distribution": "{\"name\": \"FloatDistribution\", \"attributes\": {\"step\": null, \"low\": 0.01, \"high\": 10.0, \"log\": true}}"}
{"op_code": 0, "worker_id": "cf9b25bc-a04b-41b3-8ebe-5fc508daf1e5-140216658155328", "study_name": "RS_cmaes_4020", "directions": [1]}
{"op_code": 5, "worker_id": "52f1b09b-d71c-4c11-9960-97bda07cf138-139686250747712", "trial_id": 2, "param_name": "lr", "param_value_internal": 0.023209201218588486, "distribution": "{\"name\": \"FloatDistribution\", \"attributes\": {\"step\": null, \"low\": 0.001, \"high\": 1.0, \"log\": true}}"}
{"op_code": 0, "worker_id": "dbc47a5e-336d-4d17-a55a-1a27a25ff1f8-140215013918528", "study_name": "RS_cmaes_4020", "directions": [1]}
{"op_code": 4, "worker_id": "bfc3b317-e030-407e-b3c9-f565e6073768-140712192517952", "study_id": 0, "datetime_start": "2023-12-16T00:58:31.135677"}
{"op_code": 0, "worker_id": "0cf61f4b-9bd6-4521-8fd5-6cbd5d84b8d2-139805113161536", "study_name": "RS_cmaes_4020", "directions": [1]}
{"op_code": 5, "worker_id": "95010d49-ecad-43f1-b614-b9858ad0cb95-140009897785152", "trial_id": 1, "param_name": "sr", "param_value_internal": 1.4612277655477426, "distribution": "{\"name\": \"FloatDistribution\", \"attributes\": {\"step\": null, \"low\": 0.01, \"high\": 10.0, \"log\": true}}"}
{"op_code": 0, "worker_id": "69e05b62-ad34-4c77-b8d3-3f976409b59e-139630894106432", "study_name": "RS_cmaes_4020", "directions": [1]}
{"op_code": 5, "worker_id": "95010d49-ecad-43f1-b614-b9858ad0cb95-140009897785152", "trial_id": 1, "param_name": "lr", "param_value_internal": 0.30851323121685054, "distribution": "{\"name\": \"FloatDistribution\", \"attributes\": {\"step\": null, \"low\": 0.001, \"high\": 1.0, \"log\": true}}"}
{"op_code": 5, "worker_id": "bfc3b317-e030-407e-b3c9-f565e6073768-140712192517952", "trial_id": 4, "param_name": "sr", "param_value_internal": 9.443522153149393, "distribution": "{\"name\": \"FloatDistribution\", \"attributes\": {\"step\": null, \"low\": 0.01, \"high\": 10.0, \"log\": true}}"}
{"op_code": 5, "worker_id": "95010d49-ecad-43f1-b614-b9858ad0cb95-140009897785152", "trial_id": 1, "param_name": "iss", "param_value_internal": 0.002052483330070465, "distribution": "{\"name\": \"FloatDistribution\", \"attributes\": {\"step\": null, \"low\": 0.0, \"high\": 1.0, \"log\": false}}"}
{"op_code": 5, "worker_id": "bfc3b317-e030-407e-b3c9-f565e6073768-140712192517952", "trial_id": 4, "param_name": "lr", "param_value_internal": 0.21593146605330188, "distribution": "{\"name\": \"FloatDistribution\", \"attributes\": {\"step\": null, \"low\": 0.001, \"high\": 1.0, \"log\": true}}"}
{"op_code": 5, "worker_id": "95010d49-ecad-43f1-b614-b9858ad0cb95-140009897785152", "trial_id": 1, "param_name": "ridge", "param_value_internal": 1.0057861783820712e-08, "distribution": "{\"name\": \"FloatDistribution\", \"attributes\": {\"step\": null, \"low\": 1e-09, \"high\": 0.01, \"log\": true}}"}
{"op_code": 5, "worker_id": "bfc3b317-e030-407e-b3c9-f565e6073768-140712192517952", "trial_id": 4, "param_name": "iss", "param_value_internal": 0.19507212457287715, "distribution": "{\"name\": \"FloatDistribution\", \"attributes\": {\"step\": null, \"low\": 0.0, \"high\": 1.0, \"log\": false}}"}
{"op_code": 4, "worker_id": "69e05b62-ad34-4c77-b8d3-3f976409b59e-139630894106432", "study_id": 0, "datetime_start": "2023-12-16T00:58:37.158735"}
{"op_code": 5, "worker_id": "bfc3b317-e030-407e-b3c9-f565e6073768-140712192517952", "trial_id": 4, "param_name": "ridge", "param_value_internal": 4.173262431085233e-09, "distribution": "{\"name\": \"FloatDistribution\", \"attributes\": {\"step\": null, \"low\": 1e-09, \"high\": 0.01, \"log\": true}}"}
{"op_code": 4, "worker_id": "dbc47a5e-336d-4d17-a55a-1a27a25ff1f8-140215013918528", "study_id": 0, "datetime_start": "2023-12-16T00:58:34.848146"}
{"op_code": 4, "worker_id": "0cf61f4b-9bd6-4521-8fd5-6cbd5d84b8d2-139805113161536", "study_id": 0, "datetime_start": "2023-12-16T00:58:36.139011"}
{"op_code": 4, "worker_id": "cf9b25bc-a04b-41b3-8ebe-5fc508daf1e5-140216658155328", "study_id": 0, "datetime_start": "2023-12-16T00:58:33.447358"}
{"op_code": 5, "worker_id": "69e05b62-ad34-4c77-b8d3-3f976409b59e-139630894106432", "trial_id": 5, "param_name": "sr", "param_value_internal": 0.12098635424813656, "distribution": "{\"name\": \"FloatDistribution\", \"attributes\": {\"step\": null, \"low\": 0.01, \"high\": 10.0, \"log\": true}}"}
{"op_code": 5, "worker_id": "47edae01-cd12-4fc7-80c5-8e4398a1f823-140014331434816", "trial_id": 0, "param_name": "iss", "param_value_internal": 0.5809828710662164, "distribution": "{\"name\": \"FloatDistribution\", \"attributes\": {\"step\": null, \"low\": 0.0, \"high\": 1.0, \"log\": false}}"}
{"op_code": 5, "worker_id": "69e05b62-ad34-4c77-b8d3-3f976409b59e-139630894106432", "trial_id": 5, "param_name": "lr", "param_value_internal": 0.007597128533142417, "distribution": "{\"name\": \"FloatDistribution\", \"attributes\": {\"step\": null, \"low\": 0.001, \"high\": 1.0, \"log\": true}}"}
{"op_code": 5, "worker_id": "0cf61f4b-9bd6-4521-8fd5-6cbd5d84b8d2-139805113161536", "trial_id": 7, "param_name": "sr", "param_value_internal": 1.181560133292587, "distribution": "{\"name\": \"FloatDistribution\", \"attributes\": {\"step\": null, \"low\": 0.01, \"high\": 10.0, \"log\": true}}"}
{"op_code": 5, "worker_id": "69e05b62-ad34-4c77-b8d3-3f976409b59e-139630894106432", "trial_id": 5, "param_name": "iss", "param_value_internal": 0.4341987273446898, "distribution": "{\"name\": \"FloatDistribution\", \"attributes\": {\"step\": null, \"low\": 0.0, \"high\": 1.0, \"log\": false}}"}
{"op_code": 5, "worker_id": "0cf61f4b-9bd6-4521-8fd5-6cbd5d84b8d2-139805113161536", "trial_id": 7, "param_name": "lr", "param_value_internal": 0.008517037091594692, "distribution": "{\"name\": \"FloatDistribution\", \"attributes\": {\"step\": null, \"low\": 0.001, \"high\": 1.0, \"log\": true}}"}
{"op_code": 5, "worker_id": "69e05b62-ad34-4c77-b8d3-3f976409b59e-139630894106432", "trial_id": 5, "param_name": "ridge", "param_value_internal": 2.1416078728829824e-05, "distribution": "{\"name\": \"FloatDistribution\", \"attributes\": {\"step\": null, \"low\": 1e-09, \"high\": 0.01, \"log\": true}}"}
{"op_code": 5, "worker_id": "0cf61f4b-9bd6-4521-8fd5-6cbd5d84b8d2-139805113161536", "trial_id": 7, "param_name": "iss", "param_value_internal": 0.26690556349514716, "distribution": "{\"name\": \"FloatDistribution\", \"attributes\": {\"step\": null, \"low\": 0.0, \"high\": 1.0, \"log\": false}}"}
{"op_code": 5, "worker_id": "cf9b25bc-a04b-41b3-8ebe-5fc508daf1e5-140216658155328", "trial_id": 8, "param_name": "sr", "param_value_internal": 0.4059145897805901, "distribution": "{\"name\": \"FloatDistribution\", \"attributes\": {\"step\": null, \"low\": 0.01, \"high\": 10.0, \"log\": true}}"}
{"op_code": 5, "worker_id": "0cf61f4b-9bd6-4521-8fd5-6cbd5d84b8d2-139805113161536", "trial_id": 7, "param_name": "ridge", "param_value_internal": 2.632622478134636e-06, "distribution": "{\"name\": \"FloatDistribution\", \"attributes\": {\"step\": null, \"low\": 1e-09, \"high\": 0.01, \"log\": true}}"}
{"op_code": 5, "worker_id": "cf9b25bc-a04b-41b3-8ebe-5fc508daf1e5-140216658155328", "trial_id": 8, "param_name": "lr", "param_value_internal": 0.044941453265093016, "distribution": "{\"name\": \"FloatDistribution\", \"attributes\": {\"step\": null, \"low\": 0.001, \"high\": 1.0, \"log\": true}}"}
{"op_code": 5, "worker_id": "47edae01-cd12-4fc7-80c5-8e4398a1f823-140014331434816", "trial_id": 0, "param_name": "ridge", "param_value_internal": 2.6014782028542635e-09, "distribution": "{\"name\": \"FloatDistribution\", \"attributes\": {\"step\": null, \"low\": 1e-09, \"high\": 0.01, \"log\": true}}"}
{"op_code": 5, "worker_id": "cf9b25bc-a04b-41b3-8ebe-5fc508daf1e5-140216658155328", "trial_id": 8, "param_name": "iss", "param_value_internal": 0.7423947562421205, "distribution": "{\"name\": \"FloatDistribution\", \"attributes\": {\"step\": null, \"low\": 0.0, \"high\": 1.0, \"log\": false}}"}
{"op_code": 5, "worker_id": "dbc47a5e-336d-4d17-a55a-1a27a25ff1f8-140215013918528", "trial_id": 6, "param_name": "sr", "param_value_internal": 0.23622385731570048, "distribution": "{\"name\": \"FloatDistribution\", \"attributes\": {\"step\": null, \"low\": 0.01, \"high\": 10.0, \"log\": true}}"}
{"op_code": 5, "worker_id": "cf9b25bc-a04b-41b3-8ebe-5fc508daf1e5-140216658155328", "trial_id": 8, "param_name": "ridge", "param_value_internal": 3.6189707802051406e-08, "distribution": "{\"name\": \"FloatDistribution\", \"attributes\": {\"step\": null, \"low\": 1e-09, \"high\": 0.01, \"log\": true}}"}
{"op_code": 5, "worker_id": "dbc47a5e-336d-4d17-a55a-1a27a25ff1f8-140215013918528", "trial_id": 6, "param_name": "lr", "param_value_internal": 0.0013795233391579909, "distribution": "{\"name\": \"FloatDistribution\", \"attributes\": {\"step\": null, \"low\": 0.001, \"high\": 1.0, \"log\": true}}"}
{"op_code": 0, "worker_id": "4e73df7b-e976-4ebd-97c0-3100ee9a3fd6-139654898284352", "study_name": "RS_cmaes_4020", "directions": [1]}
{"op_code": 5, "worker_id": "dbc47a5e-336d-4d17-a55a-1a27a25ff1f8-140215013918528", "trial_id": 6, "param_name": "iss", "param_value_internal": 0.9134172652278821, "distribution": "{\"name\": \"FloatDistribution\", \"attributes\": {\"step\": null, \"low\": 0.0, \"high\": 1.0, \"log\": false}}"}
{"op_code": 5, "worker_id": "88240e97-360e-4703-9f0a-846a2f1c3e43-139871846012736", "trial_id": 3, "param_name": "sr", "param_value_internal": 3.22757639893918, "distribution": "{\"name\": \"FloatDistribution\", \"attributes\": {\"step\": null, \"low\": 0.01, \"high\": 10.0, \"log\": true}}"}
{"op_code": 5, "worker_id": "dbc47a5e-336d-4d17-a55a-1a27a25ff1f8-140215013918528", "trial_id": 6, "param_name": "ridge", "param_value_internal": 1.921348677304349e-09, "distribution": "{\"name\": \"FloatDistribution\", \"attributes\": {\"step\": null, \"low\": 1e-09, \"high\": 0.01, \"log\": true}}"}
{"op_code": 5, "worker_id": "88240e97-360e-4703-9f0a-846a2f1c3e43-139871846012736", "trial_id": 3, "param_name": "lr", "param_value_internal": 0.08304020615090336, "distribution": "{\"name\": \"FloatDistribution\", \"attributes\": {\"step\": null, \"low\": 0.001, \"high\": 1.0, \"log\": true}}"}
{"op_code": 5, "worker_id": "52f1b09b-d71c-4c11-9960-97bda07cf138-139686250747712", "trial_id": 2, "param_name": "iss", "param_value_internal": 0.5501858449860342, "distribution": "{\"name\": \"FloatDistribution\", \"attributes\": {\"step\": null, \"low\": 0.0, \"high\": 1.0, \"log\": false}}"}
{"op_code": 5, "worker_id": "88240e97-360e-4703-9f0a-846a2f1c3e43-139871846012736", "trial_id": 3, "param_name": "iss", "param_value_internal": 0.9182517107468405, "distribution": "{\"name\": \"FloatDistribution\", \"attributes\": {\"step\": null, \"low\": 0.0, \"high\": 1.0, \"log\": false}}"}
{"op_code": 4, "worker_id": "4e73df7b-e976-4ebd-97c0-3100ee9a3fd6-139654898284352", "study_id": 0, "datetime_start": "2023-12-16T00:58:47.613887"}
{"op_code": 5, "worker_id": "88240e97-360e-4703-9f0a-846a2f1c3e43-139871846012736", "trial_id": 3, "param_name": "ridge", "param_value_internal": 1.9782952882364253e-07, "distribution": "{\"name\": \"FloatDistribution\", \"attributes\": {\"step\": null, \"low\": 1e-09, \"high\": 0.01, \"log\": true}}"}
{"op_code": 0, "worker_id": "5a3386c4-427d-44ab-a420-26b2984c6f8c-140513027839808", "study_name": "RS_cmaes_4020", "directions": [1]}
{"op_code": 0, "worker_id": "32634f85-f50d-40d1-b1b3-3804cad2e77b-140473362335552", "study_name": "RS_cmaes_4020", "directions": [1]}
{"op_code": 5, "worker_id": "4e73df7b-e976-4ebd-97c0-3100ee9a3fd6-139654898284352", "trial_id": 9, "param_name": "sr", "param_value_internal": 0.9955762686909134, "distribution": "{\"name\": \"FloatDistribution\", \"attributes\": {\"step\": null, \"low\": 0.01, \"high\": 10.0, \"log\": true}}"}
{"op_code": 5, "worker_id": "4e73df7b-e976-4ebd-97c0-3100ee9a3fd6-139654898284352", "trial_id": 9, "param_name": "lr", "param_value_internal": 0.08698715801568517, "distribution": "{\"name\": \"FloatDistribution\", \"attributes\": {\"step\": null, \"low\": 0.001, \"high\": 1.0, \"log\": true}}"}
{"op_code": 4, "worker_id": "5a3386c4-427d-44ab-a420-26b2984c6f8c-140513027839808", "study_id": 0, "datetime_start": "2023-12-16T00:58:51.144855"}
{"op_code": 4, "worker_id": "32634f85-f50d-40d1-b1b3-3804cad2e77b-140473362335552", "study_id": 0, "datetime_start": "2023-12-16T00:58:51.612429"}
{"op_code": 5, "worker_id": "4e73df7b-e976-4ebd-97c0-3100ee9a3fd6-139654898284352", "trial_id": 9, "param_name": "iss", "param_value_internal": 0.9978415232147291, "distribution": "{\"name\": \"FloatDistribution\", \"attributes\": {\"step\": null, \"low\": 0.0, \"high\": 1.0, \"log\": false}}"}
{"op_code": 5, "worker_id": "52f1b09b-d71c-4c11-9960-97bda07cf138-139686250747712", "trial_id": 2, "param_name": "ridge", "param_value_internal": 2.691973506961915e-09, "distribution": "{\"name\": \"FloatDistribution\", \"attributes\": {\"step\": null, \"low\": 1e-09, \"high\": 0.01, \"log\": true}}"}
{"op_code": 5, "worker_id": "5a3386c4-427d-44ab-a420-26b2984c6f8c-140513027839808", "trial_id": 10, "param_name": "sr", "param_value_internal": 0.8329107028773065, "distribution": "{\"name\": \"FloatDistribution\", \"attributes\": {\"step\": null, \"low\": 0.01, \"high\": 10.0, \"log\": true}}"}
{"op_code": 5, "worker_id": "32634f85-f50d-40d1-b1b3-3804cad2e77b-140473362335552", "trial_id": 11, "param_name": "sr", "param_value_internal": 0.31519430308339924, "distribution": "{\"name\": \"FloatDistribution\", \"attributes\": {\"step\": null, \"low\": 0.01, \"high\": 10.0, \"log\": true}}"}
{"op_code": 5, "worker_id": "5a3386c4-427d-44ab-a420-26b2984c6f8c-140513027839808", "trial_id": 10, "param_name": "lr", "param_value_internal": 0.00283375217363383, "distribution": "{\"name\": \"FloatDistribution\", \"attributes\": {\"step\": null, \"low\": 0.001, \"high\": 1.0, \"log\": true}}"}
{"op_code": 5, "worker_id": "32634f85-f50d-40d1-b1b3-3804cad2e77b-140473362335552", "trial_id": 11, "param_name": "lr", "param_value_internal": 0.0028283572925763543, "distribution": "{\"name\": \"FloatDistribution\", \"attributes\": {\"step\": null, \"low\": 0.001, \"high\": 1.0, \"log\": true}}"}
{"op_code": 5, "worker_id": "5a3386c4-427d-44ab-a420-26b2984c6f8c-140513027839808", "trial_id": 10, "param_name": "iss", "param_value_internal": 0.980130992979718, "distribution": "{\"name\": \"FloatDistribution\", \"attributes\": {\"step\": null, \"low\": 0.0, \"high\": 1.0, \"log\": false}}"}
{"op_code": 5, "worker_id": "32634f85-f50d-40d1-b1b3-3804cad2e77b-140473362335552", "trial_id": 11, "param_name": "iss", "param_value_internal": 0.6708123884822664, "distribution": "{\"name\": \"FloatDistribution\", \"attributes\": {\"step\": null, \"low\": 0.0, \"high\": 1.0, \"log\": false}}"}
{"op_code": 5, "worker_id": "5a3386c4-427d-44ab-a420-26b2984c6f8c-140513027839808", "trial_id": 10, "param_name": "ridge", "param_value_internal": 1.4847441651162607e-07, "distribution": "{\"name\": \"FloatDistribution\", \"attributes\": {\"step\": null, \"low\": 1e-09, \"high\": 0.01, \"log\": true}}"}
{"op_code": 5, "worker_id": "32634f85-f50d-40d1-b1b3-3804cad2e77b-140473362335552", "trial_id": 11, "param_name": "ridge", "param_value_internal": 2.219785769117335e-08, "distribution": "{\"name\": \"FloatDistribution\", \"attributes\": {\"step\": null, \"low\": 1e-09, \"high\": 0.01, \"log\": true}}"}
{"op_code": 5, "worker_id": "4e73df7b-e976-4ebd-97c0-3100ee9a3fd6-139654898284352", "trial_id": 9, "param_name": "ridge", "param_value_internal": 9.417616885249292e-08, "distribution": "{\"name\": \"FloatDistribution\", \"attributes\": {\"step\": null, \"low\": 1e-09, \"high\": 0.01, \"log\": true}}"}
{"op_code": 4, "worker_id": "486641b5-f129-47f3-9463-adb52ee09c20-139956243699520", "study_id": 0, "datetime_start": "2023-12-16T00:58:25.585811"}
{"op_code": 0, "worker_id": "885095f9-004c-44c0-821f-6ce46ea3552d-140166835775296", "study_name": "RS_cmaes_4020", "directions": [1]}
{"op_code": 0, "worker_id": "11ddee9c-e532-4d12-99d2-5a1fd6859f70-140362586834752", "study_name": "RS_cmaes_4020", "directions": [1]}
{"op_code": 5, "worker_id": "486641b5-f129-47f3-9463-adb52ee09c20-139956243699520", "trial_id": 12, "param_name": "sr", "param_value_internal": 1.257773588262971, "distribution": "{\"name\": \"FloatDistribution\", \"attributes\": {\"step\": null, \"low\": 0.01, \"high\": 10.0, \"log\": true}}"}
{"op_code": 0, "worker_id": "19f97d63-2579-4c0a-a535-9ab9a404a43d-140308904961856", "study_name": "RS_cmaes_4020", "directions": [1]}
{"op_code": 0, "worker_id": "4ab08474-3f9f-42b4-a68b-da9c6499f694-139789767731008", "study_name": "RS_cmaes_4020", "directions": [1]}
{"op_code": 0, "worker_id": "ddf0bb79-8ef0-4908-a3e1-4715db0bee4c-139745463551808", "study_name": "RS_cmaes_4020", "directions": [1]}
{"op_code": 4, "worker_id": "885095f9-004c-44c0-821f-6ce46ea3552d-140166835775296", "study_id": 0, "datetime_start": "2023-12-16T00:59:01.597893"}
{"op_code": 4, "worker_id": "11ddee9c-e532-4d12-99d2-5a1fd6859f70-140362586834752", "study_id": 0, "datetime_start": "2023-12-16T00:59:01.596676"}
{"op_code": 5, "worker_id": "486641b5-f129-47f3-9463-adb52ee09c20-139956243699520", "trial_id": 12, "param_name": "lr", "param_value_internal": 0.015299926112433783, "distribution": "{\"name\": \"FloatDistribution\", \"attributes\": {\"step\": null, \"low\": 0.001, \"high\": 1.0, \"log\": true}}"}
{"op_code": 5, "worker_id": "486641b5-f129-47f3-9463-adb52ee09c20-139956243699520", "trial_id": 12, "param_name": "iss", "param_value_internal": 0.6376408580667587, "distribution": "{\"name\": \"FloatDistribution\", \"attributes\": {\"step\": null, \"low\": 0.0, \"high\": 1.0, \"log\": false}}"}
{"op_code": 4, "worker_id": "19f97d63-2579-4c0a-a535-9ab9a404a43d-140308904961856", "study_id": 0, "datetime_start": "2023-12-16T00:59:03.836580"}
{"op_code": 5, "worker_id": "486641b5-f129-47f3-9463-adb52ee09c20-139956243699520", "trial_id": 12, "param_name": "ridge", "param_value_internal": 5.885863108162282e-06, "distribution": "{\"name\": \"FloatDistribution\", \"attributes\": {\"step\": null, \"low\": 1e-09, \"high\": 0.01, \"log\": true}}"}
{"op_code": 4, "worker_id": "ddf0bb79-8ef0-4908-a3e1-4715db0bee4c-139745463551808", "study_id": 0, "datetime_start": "2023-12-16T00:59:04.103938"}
{"op_code": 5, "worker_id": "885095f9-004c-44c0-821f-6ce46ea3552d-140166835775296", "trial_id": 13, "param_name": "sr", "param_value_internal": 0.24953761847272882, "distribution": "{\"name\": \"FloatDistribution\", \"attributes\": {\"step\": null, \"low\": 0.01, \"high\": 10.0, \"log\": true}}"}
{"op_code": 5, "worker_id": "11ddee9c-e532-4d12-99d2-5a1fd6859f70-140362586834752", "trial_id": 14, "param_name": "sr", "param_value_internal": 0.012920067640990032, "distribution": "{\"name\": \"FloatDistribution\", \"attributes\": {\"step\": null, \"low\": 0.01, \"high\": 10.0, \"log\": true}}"}
{"op_code": 5, "worker_id": "885095f9-004c-44c0-821f-6ce46ea3552d-140166835775296", "trial_id": 13, "param_name": "lr", "param_value_internal": 0.010956367547091662, "distribution": "{\"name\": \"FloatDistribution\", \"attributes\": {\"step\": null, \"low\": 0.001, \"high\": 1.0, \"log\": true}}"}
{"op_code": 5, "worker_id": "11ddee9c-e532-4d12-99d2-5a1fd6859f70-140362586834752", "trial_id": 14, "param_name": "lr", "param_value_internal": 0.016524234536378888, "distribution": "{\"name\": \"FloatDistribution\", \"attributes\": {\"step\": null, \"low\": 0.001, \"high\": 1.0, \"log\": true}}"}
{"op_code": 5, "worker_id": "885095f9-004c-44c0-821f-6ce46ea3552d-140166835775296", "trial_id": 13, "param_name": "iss", "param_value_internal": 0.2111560109385452, "distribution": "{\"name\": \"FloatDistribution\", \"attributes\": {\"step\": null, \"low\": 0.0, \"high\": 1.0, \"log\": false}}"}
{"op_code": 5, "worker_id": "11ddee9c-e532-4d12-99d2-5a1fd6859f70-140362586834752", "trial_id": 14, "param_name": "iss", "param_value_internal": 0.07062379778634498, "distribution": "{\"name\": \"FloatDistribution\", \"attributes\": {\"step\": null, \"low\": 0.0, \"high\": 1.0, \"log\": false}}"}
{"op_code": 5, "worker_id": "885095f9-004c-44c0-821f-6ce46ea3552d-140166835775296", "trial_id": 13, "param_name": "ridge", "param_value_internal": 0.007658385617100164, "distribution": "{\"name\": \"FloatDistribution\", \"attributes\": {\"step\": null, \"low\": 1e-09, \"high\": 0.01, \"log\": true}}"}
{"op_code": 5, "worker_id": "11ddee9c-e532-4d12-99d2-5a1fd6859f70-140362586834752", "trial_id": 14, "param_name": "ridge", "param_value_internal": 1.6084923961252054e-09, "distribution": "{\"name\": \"FloatDistribution\", \"attributes\": {\"step\": null, \"low\": 1e-09, \"high\": 0.01, \"log\": true}}"}
{"op_code": 0, "worker_id": "b44b5ef1-9867-4566-82d6-7afa5df347f2-139950698243904", "study_name": "RS_cmaes_4020", "directions": [1]}
{"op_code": 5, "worker_id": "19f97d63-2579-4c0a-a535-9ab9a404a43d-140308904961856", "trial_id": 15, "param_name": "sr", "param_value_internal": 0.833328705775293, "distribution": "{\"name\": \"FloatDistribution\", \"attributes\": {\"step\": null, \"low\": 0.01, \"high\": 10.0, \"log\": true}}"}
{"op_code": 5, "worker_id": "19f97d63-2579-4c0a-a535-9ab9a404a43d-140308904961856", "trial_id": 15, "param_name": "lr", "param_value_internal": 0.007065486852300773, "distribution": "{\"name\": \"FloatDistribution\", \"attributes\": {\"step\": null, \"low\": 0.001, \"high\": 1.0, \"log\": true}}"}
{"op_code": 0, "worker_id": "3656a7a4-479b-4935-b563-ca46156711ab-139713000499008", "study_name": "RS_cmaes_4020", "directions": [1]}
{"op_code": 5, "worker_id": "19f97d63-2579-4c0a-a535-9ab9a404a43d-140308904961856", "trial_id": 15, "param_name": "iss", "param_value_internal": 0.9393712000464272, "distribution": "{\"name\": \"FloatDistribution\", \"attributes\": {\"step\": null, \"low\": 0.0, \"high\": 1.0, \"log\": false}}"}
{"op_code": 5, "worker_id": "ddf0bb79-8ef0-4908-a3e1-4715db0bee4c-139745463551808", "trial_id": 16, "param_name": "sr", "param_value_internal": 3.072958474451336, "distribution": "{\"name\": \"FloatDistribution\", \"attributes\": {\"step\": null, \"low\": 0.01, \"high\": 10.0, \"log\": true}}"}
{"op_code": 5, "worker_id": "19f97d63-2579-4c0a-a535-9ab9a404a43d-140308904961856", "trial_id": 15, "param_name": "ridge", "param_value_internal": 3.740397891969956e-05, "distribution": "{\"name\": \"FloatDistribution\", \"attributes\": {\"step\": null, \"low\": 1e-09, \"high\": 0.01, \"log\": true}}"}
{"op_code": 4, "worker_id": "b44b5ef1-9867-4566-82d6-7afa5df347f2-139950698243904", "study_id": 0, "datetime_start": "2023-12-16T00:59:11.255287"}
{"op_code": 5, "worker_id": "ddf0bb79-8ef0-4908-a3e1-4715db0bee4c-139745463551808", "trial_id": 16, "param_name": "lr", "param_value_internal": 0.005772926163736479, "distribution": "{\"name\": \"FloatDistribution\", \"attributes\": {\"step\": null, \"low\": 0.001, \"high\": 1.0, \"log\": true}}"}
{"op_code": 5, "worker_id": "ddf0bb79-8ef0-4908-a3e1-4715db0bee4c-139745463551808", "trial_id": 16, "param_name": "iss", "param_value_internal": 0.9636210582429922, "distribution": "{\"name\": \"FloatDistribution\", \"attributes\": {\"step\": null, \"low\": 0.0, \"high\": 1.0, \"log\": false}}"}
{"op_code": 5, "worker_id": "ddf0bb79-8ef0-4908-a3e1-4715db0bee4c-139745463551808", "trial_id": 16, "param_name": "ridge", "param_value_internal": 7.390744322120173e-07, "distribution": "{\"name\": \"FloatDistribution\", \"attributes\": {\"step\": null, \"low\": 1e-09, \"high\": 0.01, \"log\": true}}"}
{"op_code": 5, "worker_id": "b44b5ef1-9867-4566-82d6-7afa5df347f2-139950698243904", "trial_id": 17, "param_name": "sr", "param_value_internal": 0.08873402775145958, "distribution": "{\"name\": \"FloatDistribution\", \"attributes\": {\"step\": null, \"low\": 0.01, \"high\": 10.0, \"log\": true}}"}
{"op_code": 4, "worker_id": "4ab08474-3f9f-42b4-a68b-da9c6499f694-139789767731008", "study_id": 0, "datetime_start": "2023-12-16T00:59:05.865220"}
{"op_code": 5, "worker_id": "b44b5ef1-9867-4566-82d6-7afa5df347f2-139950698243904", "trial_id": 17, "param_name": "lr", "param_value_internal": 0.004498907097860176, "distribution": "{\"name\": \"FloatDistribution\", \"attributes\": {\"step\": null, \"low\": 0.001, \"high\": 1.0, \"log\": true}}"}
{"op_code": 5, "worker_id": "b44b5ef1-9867-4566-82d6-7afa5df347f2-139950698243904", "trial_id": 17, "param_name": "iss", "param_value_internal": 0.048187253534486385, "distribution": "{\"name\": \"FloatDistribution\", \"attributes\": {\"step\": null, \"low\": 0.0, \"high\": 1.0, \"log\": false}}"}
{"op_code": 4, "worker_id": "3656a7a4-479b-4935-b563-ca46156711ab-139713000499008", "study_id": 0, "datetime_start": "2023-12-16T00:59:12.585131"}
{"op_code": 5, "worker_id": "b44b5ef1-9867-4566-82d6-7afa5df347f2-139950698243904", "trial_id": 17, "param_name": "ridge", "param_value_internal": 1.4009925039893206e-08, "distribution": "{\"name\": \"FloatDistribution\", \"attributes\": {\"step\": null, \"low\": 1e-09, \"high\": 0.01, \"log\": true}}"}
{"op_code": 5, "worker_id": "4ab08474-3f9f-42b4-a68b-da9c6499f694-139789767731008", "trial_id": 18, "param_name": "sr", "param_value_internal": 0.0463869760456495, "distribution": "{\"name\": \"FloatDistribution\", \"attributes\": {\"step\": null, \"low\": 0.01, \"high\": 10.0, \"log\": true}}"}
{"op_code": 5, "worker_id": "4ab08474-3f9f-42b4-a68b-da9c6499f694-139789767731008", "trial_id": 18, "param_name": "lr", "param_value_internal": 0.001659839306639658, "distribution": "{\"name\": \"FloatDistribution\", \"attributes\": {\"step\": null, \"low\": 0.001, \"high\": 1.0, \"log\": true}}"}
{"op_code": 5, "worker_id": "3656a7a4-479b-4935-b563-ca46156711ab-139713000499008", "trial_id": 19, "param_name": "sr", "param_value_internal": 0.5557936475024139, "distribution": "{\"name\": \"FloatDistribution\", \"attributes\": {\"step\": null, \"low\": 0.01, \"high\": 10.0, \"log\": true}}"}
{"op_code": 5, "worker_id": "4ab08474-3f9f-42b4-a68b-da9c6499f694-139789767731008", "trial_id": 18, "param_name": "iss", "param_value_internal": 0.27617068823988467, "distribution": "{\"name\": \"FloatDistribution\", \"attributes\": {\"step\": null, \"low\": 0.0, \"high\": 1.0, \"log\": false}}"}
{"op_code": 5, "worker_id": "3656a7a4-479b-4935-b563-ca46156711ab-139713000499008", "trial_id": 19, "param_name": "lr", "param_value_internal": 0.06690230487066988, "distribution": "{\"name\": \"FloatDistribution\", \"attributes\": {\"step\": null, \"low\": 0.001, \"high\": 1.0, \"log\": true}}"}
{"op_code": 5, "worker_id": "4ab08474-3f9f-42b4-a68b-da9c6499f694-139789767731008", "trial_id": 18, "param_name": "ridge", "param_value_internal": 0.0015661990966572244, "distribution": "{\"name\": \"FloatDistribution\", \"attributes\": {\"step\": null, \"low\": 1e-09, \"high\": 0.01, \"log\": true}}"}
{"op_code": 5, "worker_id": "3656a7a4-479b-4935-b563-ca46156711ab-139713000499008", "trial_id": 19, "param_name": "iss", "param_value_internal": 0.7126700513256805, "distribution": "{\"name\": \"FloatDistribution\", \"attributes\": {\"step\": null, \"low\": 0.0, \"high\": 1.0, \"log\": false}}"}
{"op_code": 5, "worker_id": "3656a7a4-479b-4935-b563-ca46156711ab-139713000499008", "trial_id": 19, "param_name": "ridge", "param_value_internal": 1.248369910348252e-07, "distribution": "{\"name\": \"FloatDistribution\", \"attributes\": {\"step\": null, \"low\": 1e-09, \"high\": 0.01, \"log\": true}}"}
{"op_code": 0, "worker_id": "6da2b87a-84d7-4adb-97b9-6f14035e62cb-140095164888896", "study_name": "RS_cmaes_4020", "directions": [1]}
{"op_code": 0, "worker_id": "650fbc62-81db-4e77-ba76-c83a3312ef5b-140367929657152", "study_name": "RS_cmaes_4020", "directions": [1]}
{"op_code": 0, "worker_id": "dfcff2c1-19e7-4be8-bff8-80d26b26176d-140195768674112", "study_name": "RS_cmaes_4020", "directions": [1]}
{"op_code": 0, "worker_id": "6d52da60-a360-4aab-b20b-25e8955bbf77-140236475594560", "study_name": "RS_cmaes_4020", "directions": [1]}
{"op_code": 0, "worker_id": "383831ef-8a34-4bc0-8e80-18bf88c0c130-140618466981696", "study_name": "RS_cmaes_4020", "directions": [1]}
{"op_code": 0, "worker_id": "3ff0f5c4-f2ca-4f33-929e-dc86a4255a5b-140431338047296", "study_name": "RS_cmaes_4020", "directions": [1]}
{"op_code": 4, "worker_id": "6da2b87a-84d7-4adb-97b9-6f14035e62cb-140095164888896", "study_id": 0, "datetime_start": "2023-12-16T02:07:55.825566"}
{"op_code": 0, "worker_id": "99cd05c3-6985-4df1-93f1-050fa187653e-139689990186816", "study_name": "RS_cmaes_4020", "directions": [1]}
{"op_code": 4, "worker_id": "dfcff2c1-19e7-4be8-bff8-80d26b26176d-140195768674112", "study_id": 0, "datetime_start": "2023-12-16T02:07:56.589677"}
{"op_code": 4, "worker_id": "383831ef-8a34-4bc0-8e80-18bf88c0c130-140618466981696", "study_id": 0, "datetime_start": "2023-12-16T02:07:58.084906"}
{"op_code": 0, "worker_id": "5deb4cbf-1b6f-41f8-82d4-07c3cd888ec6-140557212968768", "study_name": "RS_cmaes_4020", "directions": [1]}
{"op_code": 4, "worker_id": "3ff0f5c4-f2ca-4f33-929e-dc86a4255a5b-140431338047296", "study_id": 0, "datetime_start": "2023-12-16T02:07:58.836986"}
{"op_code": 0, "worker_id": "d6bb90a1-1ef1-4b78-b6ff-e08ba090f2ca-140705374136128", "study_name": "RS_cmaes_4020", "directions": [1]}
{"op_code": 5, "worker_id": "dfcff2c1-19e7-4be8-bff8-80d26b26176d-140195768674112", "trial_id": 21, "param_name": "sr", "param_value_internal": 0.05300469057199296, "distribution": "{\"name\": \"FloatDistribution\", \"attributes\": {\"step\": null, \"low\": 0.01, \"high\": 10.0, \"log\": true}}"}
{"op_code": 5, "worker_id": "383831ef-8a34-4bc0-8e80-18bf88c0c130-140618466981696", "trial_id": 22, "param_name": "sr", "param_value_internal": 0.07538707965622522, "distribution": "{\"name\": \"FloatDistribution\", \"attributes\": {\"step\": null, \"low\": 0.01, \"high\": 10.0, \"log\": true}}"}
{"op_code": 5, "worker_id": "dfcff2c1-19e7-4be8-bff8-80d26b26176d-140195768674112", "trial_id": 21, "param_name": "lr", "param_value_internal": 0.003878687187738392, "distribution": "{\"name\": \"FloatDistribution\", \"attributes\": {\"step\": null, \"low\": 0.001, \"high\": 1.0, \"log\": true}}"}
{"op_code": 5, "worker_id": "3ff0f5c4-f2ca-4f33-929e-dc86a4255a5b-140431338047296", "trial_id": 23, "param_name": "sr", "param_value_internal": 7.916277950591939, "distribution": "{\"name\": \"FloatDistribution\", \"attributes\": {\"step\": null, \"low\": 0.01, \"high\": 10.0, \"log\": true}}"}
{"op_code": 4, "worker_id": "5deb4cbf-1b6f-41f8-82d4-07c3cd888ec6-140557212968768", "study_id": 0, "datetime_start": "2023-12-16T02:08:02.090666"}
{"op_code": 5, "worker_id": "3ff0f5c4-f2ca-4f33-929e-dc86a4255a5b-140431338047296", "trial_id": 23, "param_name": "lr", "param_value_internal": 0.058082948827840535, "distribution": "{\"name\": \"FloatDistribution\", \"attributes\": {\"step\": null, \"low\": 0.001, \"high\": 1.0, \"log\": true}}"}
{"op_code": 4, "worker_id": "d6bb90a1-1ef1-4b78-b6ff-e08ba090f2ca-140705374136128", "study_id": 0, "datetime_start": "2023-12-16T02:08:02.866212"}
{"op_code": 5, "worker_id": "3ff0f5c4-f2ca-4f33-929e-dc86a4255a5b-140431338047296", "trial_id": 23, "param_name": "iss", "param_value_internal": 0.49283868041005297, "distribution": "{\"name\": \"FloatDistribution\", \"attributes\": {\"step\": null, \"low\": 0.0, \"high\": 1.0, \"log\": false}}"}
{"op_code": 5, "worker_id": "383831ef-8a34-4bc0-8e80-18bf88c0c130-140618466981696", "trial_id": 22, "param_name": "lr", "param_value_internal": 0.004551431473549614, "distribution": "{\"name\": \"FloatDistribution\", \"attributes\": {\"step\": null, \"low\": 0.001, \"high\": 1.0, \"log\": true}}"}
{"op_code": 5, "worker_id": "5deb4cbf-1b6f-41f8-82d4-07c3cd888ec6-140557212968768", "trial_id": 24, "param_name": "sr", "param_value_internal": 1.9100204063393484, "distribution": "{\"name\": \"FloatDistribution\", \"attributes\": {\"step\": null, \"low\": 0.01, \"high\": 10.0, \"log\": true}}"}
{"op_code": 5, "worker_id": "383831ef-8a34-4bc0-8e80-18bf88c0c130-140618466981696", "trial_id": 22, "param_name": "iss", "param_value_internal": 0.020254862214888036, "distribution": "{\"name\": \"FloatDistribution\", \"attributes\": {\"step\": null, \"low\": 0.0, \"high\": 1.0, \"log\": false}}"}
{"op_code": 5, "worker_id": "d6bb90a1-1ef1-4b78-b6ff-e08ba090f2ca-140705374136128", "trial_id": 25, "param_name": "sr", "param_value_internal": 2.4983484739448025, "distribution": "{\"name\": \"FloatDistribution\", \"attributes\": {\"step\": null, \"low\": 0.01, \"high\": 10.0, \"log\": true}}"}
{"op_code": 5, "worker_id": "383831ef-8a34-4bc0-8e80-18bf88c0c130-140618466981696", "trial_id": 22, "param_name": "ridge", "param_value_internal": 3.632309097699687e-09, "distribution": "{\"name\": \"FloatDistribution\", \"attributes\": {\"step\": null, \"low\": 1e-09, \"high\": 0.01, \"log\": true}}"}
{"op_code": 5, "worker_id": "d6bb90a1-1ef1-4b78-b6ff-e08ba090f2ca-140705374136128", "trial_id": 25, "param_name": "lr", "param_value_internal": 0.18974164755360154, "distribution": "{\"name\": \"FloatDistribution\", \"attributes\": {\"step\": null, \"low\": 0.001, \"high\": 1.0, \"log\": true}}"}
{"op_code": 5, "worker_id": "5deb4cbf-1b6f-41f8-82d4-07c3cd888ec6-140557212968768", "trial_id": 24, "param_name": "lr", "param_value_internal": 0.0035888637483066635, "distribution": "{\"name\": \"FloatDistribution\", \"attributes\": {\"step\": null, \"low\": 0.001, \"high\": 1.0, \"log\": true}}"}
{"op_code": 5, "worker_id": "d6bb90a1-1ef1-4b78-b6ff-e08ba090f2ca-140705374136128", "trial_id": 25, "param_name": "iss", "param_value_internal": 0.31475444919307793, "distribution": "{\"name\": \"FloatDistribution\", \"attributes\": {\"step\": null, \"low\": 0.0, \"high\": 1.0, \"log\": false}}"}
{"op_code": 5, "worker_id": "5deb4cbf-1b6f-41f8-82d4-07c3cd888ec6-140557212968768", "trial_id": 24, "param_name": "iss", "param_value_internal": 0.07865076125980253, "distribution": "{\"name\": \"FloatDistribution\", \"attributes\": {\"step\": null, \"low\": 0.0, \"high\": 1.0, \"log\": false}}"}
{"op_code": 5, "worker_id": "d6bb90a1-1ef1-4b78-b6ff-e08ba090f2ca-140705374136128", "trial_id": 25, "param_name": "ridge", "param_value_internal": 0.00042731330484671755, "distribution": "{\"name\": \"FloatDistribution\", \"attributes\": {\"step\": null, \"low\": 1e-09, \"high\": 0.01, \"log\": true}}"}
{"op_code": 5, "worker_id": "5deb4cbf-1b6f-41f8-82d4-07c3cd888ec6-140557212968768", "trial_id": 24, "param_name": "ridge", "param_value_internal": 0.00013646413056021665, "distribution": "{\"name\": \"FloatDistribution\", \"attributes\": {\"step\": null, \"low\": 1e-09, \"high\": 0.01, \"log\": true}}"}
{"op_code": 5, "worker_id": "3ff0f5c4-f2ca-4f33-929e-dc86a4255a5b-140431338047296", "trial_id": 23, "param_name": "ridge", "param_value_internal": 1.0051779486980669e-08, "distribution": "{\"name\": \"FloatDistribution\", \"attributes\": {\"step\": null, \"low\": 1e-09, \"high\": 0.01, \"log\": true}}"}
{"op_code": 5, "worker_id": "dfcff2c1-19e7-4be8-bff8-80d26b26176d-140195768674112", "trial_id": 21, "param_name": "iss", "param_value_internal": 0.08244363504476615, "distribution": "{\"name\": \"FloatDistribution\", \"attributes\": {\"step\": null, \"low\": 0.0, \"high\": 1.0, \"log\": false}}"}
{"op_code": 4, "worker_id": "6d52da60-a360-4aab-b20b-25e8955bbf77-140236475594560", "study_id": 0, "datetime_start": "2023-12-16T02:07:57.286088"}
{"op_code": 5, "worker_id": "dfcff2c1-19e7-4be8-bff8-80d26b26176d-140195768674112", "trial_id": 21, "param_name": "ridge", "param_value_internal": 0.0002733087500089426, "distribution": "{\"name\": \"FloatDistribution\", \"attributes\": {\"step\": null, \"low\": 1e-09, \"high\": 0.01, \"log\": true}}"}
{"op_code": 0, "worker_id": "8e061bec-db46-43d5-bb80-6099919d57a1-140478287931200", "study_name": "RS_cmaes_4020", "directions": [1]}
{"op_code": 0, "worker_id": "bffc2613-a8d1-458b-a309-8a6209659353-140019099096896", "study_name": "RS_cmaes_4020", "directions": [1]}
{"op_code": 5, "worker_id": "6d52da60-a360-4aab-b20b-25e8955bbf77-140236475594560", "trial_id": 26, "param_name": "sr", "param_value_internal": 0.08385277894755076, "distribution": "{\"name\": \"FloatDistribution\", \"attributes\": {\"step\": null, \"low\": 0.01, \"high\": 10.0, \"log\": true}}"}
{"op_code": 5, "worker_id": "6da2b87a-84d7-4adb-97b9-6f14035e62cb-140095164888896", "trial_id": 20, "param_name": "sr", "param_value_internal": 0.3962407609933375, "distribution": "{\"name\": \"FloatDistribution\", \"attributes\": {\"step\": null, \"low\": 0.01, \"high\": 10.0, \"log\": true}}"}
{"op_code": 5, "worker_id": "6d52da60-a360-4aab-b20b-25e8955bbf77-140236475594560", "trial_id": 26, "param_name": "lr", "param_value_internal": 0.1982666056322404, "distribution": "{\"name\": \"FloatDistribution\", \"attributes\": {\"step\": null, \"low\": 0.001, \"high\": 1.0, \"log\": true}}"}
{"op_code": 5, "worker_id": "6da2b87a-84d7-4adb-97b9-6f14035e62cb-140095164888896", "trial_id": 20, "param_name": "lr", "param_value_internal": 0.3190250497098975, "distribution": "{\"name\": \"FloatDistribution\", \"attributes\": {\"step\": null, \"low\": 0.001, \"high\": 1.0, \"log\": true}}"}
{"op_code": 5, "worker_id": "6d52da60-a360-4aab-b20b-25e8955bbf77-140236475594560", "trial_id": 26, "param_name": "iss", "param_value_internal": 0.5239877719429287, "distribution": "{\"name\": \"FloatDistribution\", \"attributes\": {\"step\": null, \"low\": 0.0, \"high\": 1.0, \"log\": false}}"}
{"op_code": 4, "worker_id": "bffc2613-a8d1-458b-a309-8a6209659353-140019099096896", "study_id": 0, "datetime_start": "2023-12-16T02:08:17.106429"}
{"op_code": 5, "worker_id": "6d52da60-a360-4aab-b20b-25e8955bbf77-140236475594560", "trial_id": 26, "param_name": "ridge", "param_value_internal": 7.149921778386932e-06, "distribution": "{\"name\": \"FloatDistribution\", \"attributes\": {\"step\": null, \"low\": 1e-09, \"high\": 0.01, \"log\": true}}"}
{"op_code": 0, "worker_id": "6c4ca486-f7a8-4f89-b61f-fb82956260cc-140006823933760", "study_name": "RS_cmaes_4020", "directions": [1]}
{"op_code": 5, "worker_id": "6da2b87a-84d7-4adb-97b9-6f14035e62cb-140095164888896", "trial_id": 20, "param_name": "iss", "param_value_internal": 0.45497449775100784, "distribution": "{\"name\": \"FloatDistribution\", \"attributes\": {\"step\": null, \"low\": 0.0, \"high\": 1.0, \"log\": false}}"}
{"op_code": 5, "worker_id": "6da2b87a-84d7-4adb-97b9-6f14035e62cb-140095164888896", "trial_id": 20, "param_name": "ridge", "param_value_internal": 2.4568694823106076e-07, "distribution": "{\"name\": \"FloatDistribution\", \"attributes\": {\"step\": null, \"low\": 1e-09, \"high\": 0.01, \"log\": true}}"}
{"op_code": 5, "worker_id": "bffc2613-a8d1-458b-a309-8a6209659353-140019099096896", "trial_id": 27, "param_name": "sr", "param_value_internal": 0.33480573221470805, "distribution": "{\"name\": \"FloatDistribution\", \"attributes\": {\"step\": null, \"low\": 0.01, \"high\": 10.0, \"log\": true}}"}
{"op_code": 0, "worker_id": "513023b8-0e18-4db6-96df-1b8c5cb24af8-140452499240768", "study_name": "RS_cmaes_4020", "directions": [1]}
{"op_code": 4, "worker_id": "6c4ca486-f7a8-4f89-b61f-fb82956260cc-140006823933760", "study_id": 0, "datetime_start": "2023-12-16T02:08:20.119950"}
{"op_code": 5, "worker_id": "bffc2613-a8d1-458b-a309-8a6209659353-140019099096896", "trial_id": 27, "param_name": "lr", "param_value_internal": 0.2541007050986492, "distribution": "{\"name\": \"FloatDistribution\", \"attributes\": {\"step\": null, \"low\": 0.001, \"high\": 1.0, \"log\": true}}"}
{"op_code": 5, "worker_id": "bffc2613-a8d1-458b-a309-8a6209659353-140019099096896", "trial_id": 27, "param_name": "iss", "param_value_internal": 0.6017359270743332, "distribution": "{\"name\": \"FloatDistribution\", \"attributes\": {\"step\": null, \"low\": 0.0, \"high\": 1.0, \"log\": false}}"}
{"op_code": 4, "worker_id": "99cd05c3-6985-4df1-93f1-050fa187653e-139689990186816", "study_id": 0, "datetime_start": "2023-12-16T02:08:00.590568"}
{"op_code": 5, "worker_id": "bffc2613-a8d1-458b-a309-8a6209659353-140019099096896", "trial_id": 27, "param_name": "ridge", "param_value_internal": 0.00016246285175377652, "distribution": "{\"name\": \"FloatDistribution\", \"attributes\": {\"step\": null, \"low\": 1e-09, \"high\": 0.01, \"log\": true}}"}
{"op_code": 4, "worker_id": "513023b8-0e18-4db6-96df-1b8c5cb24af8-140452499240768", "study_id": 0, "datetime_start": "2023-12-16T02:08:22.335792"}
{"op_code": 4, "worker_id": "8e061bec-db46-43d5-bb80-6099919d57a1-140478287931200", "study_id": 0, "datetime_start": "2023-12-16T02:08:16.618508"}
{"op_code": 5, "worker_id": "6c4ca486-f7a8-4f89-b61f-fb82956260cc-140006823933760", "trial_id": 28, "param_name": "sr", "param_value_internal": 0.2505351989150325, "distribution": "{\"name\": \"FloatDistribution\", \"attributes\": {\"step\": null, \"low\": 0.01, \"high\": 10.0, \"log\": true}}"}
{"op_code": 5, "worker_id": "99cd05c3-6985-4df1-93f1-050fa187653e-139689990186816", "trial_id": 29, "param_name": "sr", "param_value_internal": 0.10232091891223677, "distribution": "{\"name\": \"FloatDistribution\", \"attributes\": {\"step\": null, \"low\": 0.01, \"high\": 10.0, \"log\": true}}"}
{"op_code": 5, "worker_id": "6c4ca486-f7a8-4f89-b61f-fb82956260cc-140006823933760", "trial_id": 28, "param_name": "lr", "param_value_internal": 0.009362680888238101, "distribution": "{\"name\": \"FloatDistribution\", \"attributes\": {\"step\": null, \"low\": 0.001, \"high\": 1.0, \"log\": true}}"}
{"op_code": 5, "worker_id": "513023b8-0e18-4db6-96df-1b8c5cb24af8-140452499240768", "trial_id": 30, "param_name": "sr", "param_value_internal": 0.06941113161253494, "distribution": "{\"name\": \"FloatDistribution\", \"attributes\": {\"step\": null, \"low\": 0.01, \"high\": 10.0, \"log\": true}}"}
{"op_code": 5, "worker_id": "6c4ca486-f7a8-4f89-b61f-fb82956260cc-140006823933760", "trial_id": 28, "param_name": "iss", "param_value_internal": 0.8633326749669413, "distribution": "{\"name\": \"FloatDistribution\", \"attributes\": {\"step\": null, \"low\": 0.0, \"high\": 1.0, \"log\": false}}"}
{"op_code": 5, "worker_id": "513023b8-0e18-4db6-96df-1b8c5cb24af8-140452499240768", "trial_id": 30, "param_name": "lr", "param_value_internal": 0.0015930509021432962, "distribution": "{\"name\": \"FloatDistribution\", \"attributes\": {\"step\": null, \"low\": 0.001, \"high\": 1.0, \"log\": true}}"}
{"op_code": 5, "worker_id": "6c4ca486-f7a8-4f89-b61f-fb82956260cc-140006823933760", "trial_id": 28, "param_name": "ridge", "param_value_internal": 1.0976406631653403e-05, "distribution": "{\"name\": \"FloatDistribution\", \"attributes\": {\"step\": null, \"low\": 1e-09, \"high\": 0.01, \"log\": true}}"}
{"op_code": 5, "worker_id": "513023b8-0e18-4db6-96df-1b8c5cb24af8-140452499240768", "trial_id": 30, "param_name": "iss", "param_value_internal": 0.5139715825048, "distribution": "{\"name\": \"FloatDistribution\", \"attributes\": {\"step\": null, \"low\": 0.0, \"high\": 1.0, \"log\": false}}"}
{"op_code": 0, "worker_id": "7db425ce-60d9-4f6f-931a-43d40e1c2527-139995365693248", "study_name": "RS_cmaes_4020", "directions": [1]}
{"op_code": 5, "worker_id": "513023b8-0e18-4db6-96df-1b8c5cb24af8-140452499240768", "trial_id": 30, "param_name": "ridge", "param_value_internal": 0.001644598471486697, "distribution": "{\"name\": \"FloatDistribution\", \"attributes\": {\"step\": null, \"low\": 1e-09, \"high\": 0.01, \"log\": true}}"}
{"op_code": 0, "worker_id": "f3f8317c-cd3a-4bd8-a75e-1784a40c54ca-140483829004096", "study_name": "RS_cmaes_4020", "directions": [1]}
{"op_code": 0, "worker_id": "4feaf3d1-8698-44c8-a9af-18f43ffd347b-139879482140480", "study_name": "RS_cmaes_4020", "directions": [1]}
{"op_code": 5, "worker_id": "99cd05c3-6985-4df1-93f1-050fa187653e-139689990186816", "trial_id": 29, "param_name": "lr", "param_value_internal": 0.12115347367442605, "distribution": "{\"name\": \"FloatDistribution\", \"attributes\": {\"step\": null, \"low\": 0.001, \"high\": 1.0, \"log\": true}}"}
{"op_code": 0, "worker_id": "2a1db16b-3da4-44f1-b291-6b025205ed08-140242915940160", "study_name": "RS_cmaes_4020", "directions": [1]}
{"op_code": 5, "worker_id": "99cd05c3-6985-4df1-93f1-050fa187653e-139689990186816", "trial_id": 29, "param_name": "iss", "param_value_internal": 0.677908565775558, "distribution": "{\"name\": \"FloatDistribution\", \"attributes\": {\"step\": null, \"low\": 0.0, \"high\": 1.0, \"log\": false}}"}
{"op_code": 4, "worker_id": "7db425ce-60d9-4f6f-931a-43d40e1c2527-139995365693248", "study_id": 0, "datetime_start": "2023-12-16T02:08:27.575901"}
{"op_code": 5, "worker_id": "99cd05c3-6985-4df1-93f1-050fa187653e-139689990186816", "trial_id": 29, "param_name": "ridge", "param_value_internal": 1.398127354464162e-07, "distribution": "{\"name\": \"FloatDistribution\", \"attributes\": {\"step\": null, \"low\": 1e-09, \"high\": 0.01, \"log\": true}}"}
{"op_code": 4, "worker_id": "f3f8317c-cd3a-4bd8-a75e-1784a40c54ca-140483829004096", "study_id": 0, "datetime_start": "2023-12-16T02:08:28.043516"}
{"op_code": 4, "worker_id": "4feaf3d1-8698-44c8-a9af-18f43ffd347b-139879482140480", "study_id": 0, "datetime_start": "2023-12-16T02:08:28.354635"}
{"op_code": 0, "worker_id": "54518691-908b-445f-a7cb-bc2742999f79-140501075236672", "study_name": "RS_cmaes_4020", "directions": [1]}
{"op_code": 4, "worker_id": "2a1db16b-3da4-44f1-b291-6b025205ed08-140242915940160", "study_id": 0, "datetime_start": "2023-12-16T02:08:28.838240"}
{"op_code": 5, "worker_id": "7db425ce-60d9-4f6f-931a-43d40e1c2527-139995365693248", "trial_id": 32, "param_name": "sr", "param_value_internal": 0.41667604574034156, "distribution": "{\"name\": \"FloatDistribution\", \"attributes\": {\"step\": null, \"low\": 0.01, \"high\": 10.0, \"log\": true}}"}
{"op_code": 5, "worker_id": "f3f8317c-cd3a-4bd8-a75e-1784a40c54ca-140483829004096", "trial_id": 33, "param_name": "sr", "param_value_internal": 0.034842710795246735, "distribution": "{\"name\": \"FloatDistribution\", \"attributes\": {\"step\": null, \"low\": 0.01, \"high\": 10.0, \"log\": true}}"}
{"op_code": 5, "worker_id": "4feaf3d1-8698-44c8-a9af-18f43ffd347b-139879482140480", "trial_id": 34, "param_name": "sr", "param_value_internal": 1.1242563452096854, "distribution": "{\"name\": \"FloatDistribution\", \"attributes\": {\"step\": null, \"low\": 0.01, \"high\": 10.0, \"log\": true}}"}
{"op_code": 5, "worker_id": "f3f8317c-cd3a-4bd8-a75e-1784a40c54ca-140483829004096", "trial_id": 33, "param_name": "lr", "param_value_internal": 0.008159099142464344, "distribution": "{\"name\": \"FloatDistribution\", \"attributes\": {\"step\": null, \"low\": 0.001, \"high\": 1.0, \"log\": true}}"}
{"op_code": 5, "worker_id": "4feaf3d1-8698-44c8-a9af-18f43ffd347b-139879482140480", "trial_id": 34, "param_name": "lr", "param_value_internal": 0.06136745038565401, "distribution": "{\"name\": \"FloatDistribution\", \"attributes\": {\"step\": null, \"low\": 0.001, \"high\": 1.0, \"log\": true}}"}
{"op_code": 4, "worker_id": "54518691-908b-445f-a7cb-bc2742999f79-140501075236672", "study_id": 0, "datetime_start": "2023-12-16T02:08:30.996890"}
{"op_code": 5, "worker_id": "4feaf3d1-8698-44c8-a9af-18f43ffd347b-139879482140480", "trial_id": 34, "param_name": "iss", "param_value_internal": 0.40951828060668016, "distribution": "{\"name\": \"FloatDistribution\", \"attributes\": {\"step\": null, \"low\": 0.0, \"high\": 1.0, \"log\": false}}"}
{"op_code": 5, "worker_id": "f3f8317c-cd3a-4bd8-a75e-1784a40c54ca-140483829004096", "trial_id": 33, "param_name": "iss", "param_value_internal": 0.04562720357866645, "distribution": "{\"name\": \"FloatDistribution\", \"attributes\": {\"step\": null, \"low\": 0.0, \"high\": 1.0, \"log\": false}}"}
{"op_code": 5, "worker_id": "4feaf3d1-8698-44c8-a9af-18f43ffd347b-139879482140480", "trial_id": 34, "param_name": "ridge", "param_value_internal": 8.813513336613086e-08, "distribution": "{\"name\": \"FloatDistribution\", \"attributes\": {\"step\": null, \"low\": 1e-09, \"high\": 0.01, \"log\": true}}"}
{"op_code": 5, "worker_id": "f3f8317c-cd3a-4bd8-a75e-1784a40c54ca-140483829004096", "trial_id": 33, "param_name": "ridge", "param_value_internal": 2.9597166576882134e-07, "distribution": "{\"name\": \"FloatDistribution\", \"attributes\": {\"step\": null, \"low\": 1e-09, \"high\": 0.01, \"log\": true}}"}
{"op_code": 5, "worker_id": "54518691-908b-445f-a7cb-bc2742999f79-140501075236672", "trial_id": 36, "param_name": "sr", "param_value_internal": 0.09632536561720076, "distribution": "{\"name\": \"FloatDistribution\", \"attributes\": {\"step\": null, \"low\": 0.01, \"high\": 10.0, \"log\": true}}"}
{"op_code": 0, "worker_id": "4c3c0e0a-ad59-4e68-87ad-dabd9fb4fe89-140094073567040", "study_name": "RS_cmaes_4020", "directions": [1]}
{"op_code": 5, "worker_id": "54518691-908b-445f-a7cb-bc2742999f79-140501075236672", "trial_id": 36, "param_name": "lr", "param_value_internal": 0.0017077269201827138, "distribution": "{\"name\": \"FloatDistribution\", \"attributes\": {\"step\": null, \"low\": 0.001, \"high\": 1.0, \"log\": true}}"}
{"op_code": 5, "worker_id": "2a1db16b-3da4-44f1-b291-6b025205ed08-140242915940160", "trial_id": 35, "param_name": "sr", "param_value_internal": 3.8775007528163425, "distribution": "{\"name\": \"FloatDistribution\", \"attributes\": {\"step\": null, \"low\": 0.01, \"high\": 10.0, \"log\": true}}"}
{"op_code": 5, "worker_id": "7db425ce-60d9-4f6f-931a-43d40e1c2527-139995365693248", "trial_id": 32, "param_name": "lr", "param_value_internal": 0.1029202717725006, "distribution": "{\"name\": \"FloatDistribution\", \"attributes\": {\"step\": null, \"low\": 0.001, \"high\": 1.0, \"log\": true}}"}
{"op_code": 5, "worker_id": "2a1db16b-3da4-44f1-b291-6b025205ed08-140242915940160", "trial_id": 35, "param_name": "lr", "param_value_internal": 0.812960723903955, "distribution": "{\"name\": \"FloatDistribution\", \"attributes\": {\"step\": null, \"low\": 0.001, \"high\": 1.0, \"log\": true}}"}
{"op_code": 5, "worker_id": "7db425ce-60d9-4f6f-931a-43d40e1c2527-139995365693248", "trial_id": 32, "param_name": "iss", "param_value_internal": 0.3821644167694067, "distribution": "{\"name\": \"FloatDistribution\", \"attributes\": {\"step\": null, \"low\": 0.0, \"high\": 1.0, \"log\": false}}"}
{"op_code": 5, "worker_id": "2a1db16b-3da4-44f1-b291-6b025205ed08-140242915940160", "trial_id": 35, "param_name": "iss", "param_value_internal": 0.7740218470828872, "distribution": "{\"name\": \"FloatDistribution\", \"attributes\": {\"step\": null, \"low\": 0.0, \"high\": 1.0, \"log\": false}}"}
{"op_code": 5, "worker_id": "7db425ce-60d9-4f6f-931a-43d40e1c2527-139995365693248", "trial_id": 32, "param_name": "ridge", "param_value_internal": 0.007896508988009676, "distribution": "{\"name\": \"FloatDistribution\", \"attributes\": {\"step\": null, \"low\": 1e-09, \"high\": 0.01, \"log\": true}}"}
{"op_code": 5, "worker_id": "2a1db16b-3da4-44f1-b291-6b025205ed08-140242915940160", "trial_id": 35, "param_name": "ridge", "param_value_internal": 1.053028297953475e-05, "distribution": "{\"name\": \"FloatDistribution\", \"attributes\": {\"step\": null, \"low\": 1e-09, \"high\": 0.01, \"log\": true}}"}
{"op_code": 4, "worker_id": "4c3c0e0a-ad59-4e68-87ad-dabd9fb4fe89-140094073567040", "study_id": 0, "datetime_start": "2023-12-16T02:08:35.359469"}
{"op_code": 5, "worker_id": "54518691-908b-445f-a7cb-bc2742999f79-140501075236672", "trial_id": 36, "param_name": "iss", "param_value_internal": 0.796707711799774, "distribution": "{\"name\": \"FloatDistribution\", \"attributes\": {\"step\": null, \"low\": 0.0, \"high\": 1.0, \"log\": false}}"}
{"op_code": 5, "worker_id": "54518691-908b-445f-a7cb-bc2742999f79-140501075236672", "trial_id": 36, "param_name": "ridge", "param_value_internal": 7.412847521771365e-06, "distribution": "{\"name\": \"FloatDistribution\", \"attributes\": {\"step\": null, \"low\": 1e-09, \"high\": 0.01, \"log\": true}}"}
{"op_code": 5, "worker_id": "4c3c0e0a-ad59-4e68-87ad-dabd9fb4fe89-140094073567040", "trial_id": 37, "param_name": "sr", "param_value_internal": 2.216214747161761, "distribution": "{\"name\": \"FloatDistribution\", \"attributes\": {\"step\": null, \"low\": 0.01, \"high\": 10.0, \"log\": true}}"}
{"op_code": 5, "worker_id": "4c3c0e0a-ad59-4e68-87ad-dabd9fb4fe89-140094073567040", "trial_id": 37, "param_name": "lr", "param_value_internal": 0.2273924486793433, "distribution": "{\"name\": \"FloatDistribution\", \"attributes\": {\"step\": null, \"low\": 0.001, \"high\": 1.0, \"log\": true}}"}
{"op_code": 5, "worker_id": "4c3c0e0a-ad59-4e68-87ad-dabd9fb4fe89-140094073567040", "trial_id": 37, "param_name": "iss", "param_value_internal": 0.3875895242644213, "distribution": "{\"name\": \"FloatDistribution\", \"attributes\": {\"step\": null, \"low\": 0.0, \"high\": 1.0, \"log\": false}}"}
{"op_code": 5, "worker_id": "8e061bec-db46-43d5-bb80-6099919d57a1-140478287931200", "trial_id": 31, "param_name": "sr", "param_value_internal": 6.615224259472483, "distribution": "{\"name\": \"FloatDistribution\", \"attributes\": {\"step\": null, \"low\": 0.01, \"high\": 10.0, \"log\": true}}"}
{"op_code": 5, "worker_id": "4c3c0e0a-ad59-4e68-87ad-dabd9fb4fe89-140094073567040", "trial_id": 37, "param_name": "ridge", "param_value_internal": 5.1629212647104125e-05, "distribution": "{\"name\": \"FloatDistribution\", \"attributes\": {\"step\": null, \"low\": 1e-09, \"high\": 0.01, \"log\": true}}"}
{"op_code": 5, "worker_id": "8e061bec-db46-43d5-bb80-6099919d57a1-140478287931200", "trial_id": 31, "param_name": "lr", "param_value_internal": 0.0014718583691536095, "distribution": "{\"name\": \"FloatDistribution\", \"attributes\": {\"step\": null, \"low\": 0.001, \"high\": 1.0, \"log\": true}}"}
{"op_code": 5, "worker_id": "8e061bec-db46-43d5-bb80-6099919d57a1-140478287931200", "trial_id": 31, "param_name": "iss", "param_value_internal": 0.16001978875642642, "distribution": "{\"name\": \"FloatDistribution\", \"attributes\": {\"step\": null, \"low\": 0.0, \"high\": 1.0, \"log\": false}}"}
{"op_code": 5, "worker_id": "8e061bec-db46-43d5-bb80-6099919d57a1-140478287931200", "trial_id": 31, "param_name": "ridge", "param_value_internal": 2.8310136823544714e-05, "distribution": "{\"name\": \"FloatDistribution\", \"attributes\": {\"step\": null, \"low\": 1e-09, \"high\": 0.01, \"log\": true}}"}
{"op_code": 4, "worker_id": "650fbc62-81db-4e77-ba76-c83a3312ef5b-140367929657152", "study_id": 0, "datetime_start": "2023-12-16T02:07:56.099116"}
{"op_code": 5, "worker_id": "650fbc62-81db-4e77-ba76-c83a3312ef5b-140367929657152", "trial_id": 38, "param_name": "sr", "param_value_internal": 8.08822725319118, "distribution": "{\"name\": \"FloatDistribution\", \"attributes\": {\"step\": null, \"low\": 0.01, \"high\": 10.0, \"log\": true}}"}
{"op_code": 5, "worker_id": "650fbc62-81db-4e77-ba76-c83a3312ef5b-140367929657152", "trial_id": 38, "param_name": "lr", "param_value_internal": 0.003800420870978217, "distribution": "{\"name\": \"FloatDistribution\", \"attributes\": {\"step\": null, \"low\": 0.001, \"high\": 1.0, \"log\": true}}"}
{"op_code": 5, "worker_id": "650fbc62-81db-4e77-ba76-c83a3312ef5b-140367929657152", "trial_id": 38, "param_name": "iss", "param_value_internal": 0.7925399397736048, "distribution": "{\"name\": \"FloatDistribution\", \"attributes\": {\"step\": null, \"low\": 0.0, \"high\": 1.0, \"log\": false}}"}
{"op_code": 0, "worker_id": "6c771379-92d4-48ef-ae51-5d35d19b4b78-140353539643200", "study_name": "RS_cmaes_4020", "directions": [1]}
{"op_code": 5, "worker_id": "650fbc62-81db-4e77-ba76-c83a3312ef5b-140367929657152", "trial_id": 38, "param_name": "ridge", "param_value_internal": 1.975158070106245e-07, "distribution": "{\"name\": \"FloatDistribution\", \"attributes\": {\"step\": null, \"low\": 1e-09, \"high\": 0.01, \"log\": true}}"}
{"op_code": 4, "worker_id": "6c771379-92d4-48ef-ae51-5d35d19b4b78-140353539643200", "study_id": 0, "datetime_start": "2023-12-16T02:08:43.545755"}
{"op_code": 5, "worker_id": "6c771379-92d4-48ef-ae51-5d35d19b4b78-140353539643200", "trial_id": 39, "param_name": "sr", "param_value_internal": 0.13800507847306132, "distribution": "{\"name\": \"FloatDistribution\", \"attributes\": {\"step\": null, \"low\": 0.01, \"high\": 10.0, \"log\": true}}"}
{"op_code": 5, "worker_id": "6c771379-92d4-48ef-ae51-5d35d19b4b78-140353539643200", "trial_id": 39, "param_name": "lr", "param_value_internal": 0.03243023103667169, "distribution": "{\"name\": \"FloatDistribution\", \"attributes\": {\"step\": null, \"low\": 0.001, \"high\": 1.0, \"log\": true}}"}
{"op_code": 5, "worker_id": "6c771379-92d4-48ef-ae51-5d35d19b4b78-140353539643200", "trial_id": 39, "param_name": "iss", "param_value_internal": 0.724749690295239, "distribution": "{\"name\": \"FloatDistribution\", \"attributes\": {\"step\": null, \"low\": 0.0, \"high\": 1.0, \"log\": false}}"}
{"op_code": 5, "worker_id": "6c771379-92d4-48ef-ae51-5d35d19b4b78-140353539643200", "trial_id": 39, "param_name": "ridge", "param_value_internal": 1.4456839215306914e-07, "distribution": "{\"name\": \"FloatDistribution\", \"attributes\": {\"step\": null, \"low\": 1e-09, \"high\": 0.01, \"log\": true}}"}
