{"obj": {"type": "AssignString", "path": ["sys", "name"], "value": "Untitled"}, "version": 1}
{"obj": {"type": "AssignString", "path": ["sys", "description"], "value": ""}, "version": 2}
{"obj": {"type": "AssignString", "path": ["monitoring", "305d4ce9", "hostname"], "value": "ManQueennoMacBook-Pro.local"}, "version": 3}
{"obj": {"type": "AssignString", "path": ["sys", "hostname"], "value": "ManQueennoMacBook-Pro.local"}, "version": 4}
{"obj": {"type": "AssignString", "path": ["monitoring", "305d4ce9", "pid"], "value": "10543"}, "version": 5}
{"obj": {"type": "AssignString", "path": ["monitoring", "305d4ce9", "tid"], "value": "8080793280"}, "version": 6}
{"obj": {"type": "AssignBool", "path": ["sys", "failed"], "value": false}, "version": 7}
{"obj": {"type": "ClearStringLog", "path": ["monitoring", "305d4ce9", "stdout"]}, "version": 8}
{"obj": {"type": "ClearStringLog", "path": ["monitoring", "305d4ce9", "stderr"]}, "version": 9}
{"obj": {"type": "AssignString", "path": ["source_code", "entrypoint"], "value": "2.1.3.py"}, "version": 10}
{"obj": {"type": "UploadFileSet", "path": ["source_code", "files"], "file_globs": ["/Users/manqueenmannequin/mygit/B4thesis_public/mywork/program/Rossler\u4e88\u6e2c_new/2/2.1/2.1.3.py"], "reset": "False"}, "version": 11}
{"obj": {"type": "UploadFile", "path": ["source_code", "diff"], "ext": "patch", "file_path": null, "tmp_file_name": "source_code_diff-1699690956.109655-2023-11-11_17.22.36.109655.patch", "clean_after_upload": false}, "version": 12}
{"obj": {"type": "ConfigFloatSeries", "path": ["monitoring", "305d4ce9", "cpu"], "min": 0.0, "max": 100.0, "unit": "%"}, "version": 13}
{"obj": {"type": "ClearFloatLog", "path": ["monitoring", "305d4ce9", "cpu"]}, "version": 14}
{"obj": {"type": "LogStrings", "path": ["monitoring", "305d4ce9", "stderr"], "values": [{"value": "Info (NVML): NVML Shared Library Not Found. GPU usage metrics may not be reported. For more information, see https://docs.neptune.ai/help/nvml_error/\n", "step": null, "ts": 1699690956.1156778}]}, "version": 15}
{"obj": {"type": "ConfigFloatSeries", "path": ["monitoring", "305d4ce9", "memory"], "min": 0.0, "max": 16.0, "unit": "GB"}, "version": 16}
{"obj": {"type": "ClearFloatLog", "path": ["monitoring", "305d4ce9", "memory"]}, "version": 17}
{"obj": {"type": "LogFloats", "path": ["monitoring", "305d4ce9", "cpu"], "values": [{"value": 42.9, "step": null, "ts": 1699690956.116298}]}, "version": 18}
{"obj": {"type": "LogFloats", "path": ["monitoring", "305d4ce9", "memory"], "values": [{"value": 11.440963745117188, "step": null, "ts": 1699690956.116298}]}, "version": 19}
{"obj": {"type": "LogStrings", "path": ["monitoring", "305d4ce9", "stdout"], "values": [{"value": "https://app.neptune.ai/shokuno55/B4thesis/e/BTHES-29\n", "step": null, "ts": 1699690957.1964679}]}, "version": 20}
{"obj": {"type": "LogFloats", "path": ["monitoring", "305d4ce9", "cpu"], "values": [{"value": 23.6, "step": null, "ts": 1699690966.1226702}]}, "version": 21}
{"obj": {"type": "LogFloats", "path": ["monitoring", "305d4ce9", "memory"], "values": [{"value": 11.38189697265625, "step": null, "ts": 1699690966.1226702}]}, "version": 22}
