{"obj": {"type": "AssignString", "path": ["sys", "name"], "value": "Untitled"}, "version": 1}
{"obj": {"type": "AssignString", "path": ["sys", "description"], "value": ""}, "version": 2}
{"obj": {"type": "AssignString", "path": ["monitoring", "acda33b4", "hostname"], "value": "ManQueennoMacBook-Pro.local"}, "version": 3}
{"obj": {"type": "AssignString", "path": ["sys", "hostname"], "value": "ManQueennoMacBook-Pro.local"}, "version": 4}
{"obj": {"type": "AssignString", "path": ["monitoring", "acda33b4", "pid"], "value": "18877"}, "version": 5}
{"obj": {"type": "AssignString", "path": ["monitoring", "acda33b4", "tid"], "value": "8080793280"}, "version": 6}
{"obj": {"type": "AssignBool", "path": ["sys", "failed"], "value": false}, "version": 7}
{"obj": {"type": "ClearStringLog", "path": ["monitoring", "acda33b4", "stdout"]}, "version": 8}
{"obj": {"type": "ClearStringLog", "path": ["monitoring", "acda33b4", "stderr"]}, "version": 9}
{"obj": {"type": "AssignString", "path": ["source_code", "entrypoint"], "value": "2.1.3.py"}, "version": 10}
{"obj": {"type": "UploadFileSet", "path": ["source_code", "files"], "file_globs": ["/Users/manqueenmannequin/mygit/B4thesis_public/mywork/program/Rossler\u4e88\u6e2c_new/2/2.1/2.1.3.py"], "reset": "False"}, "version": 11}
{"obj": {"type": "UploadFile", "path": ["source_code", "diff"], "ext": "patch", "file_path": null, "tmp_file_name": "source_code_diff-1699708610.134272-2023-11-11_22.16.50.134272.patch", "clean_after_upload": false}, "version": 12}
{"obj": {"type": "ConfigFloatSeries", "path": ["monitoring", "acda33b4", "cpu"], "min": 0.0, "max": 100.0, "unit": "%"}, "version": 13}
{"obj": {"type": "ClearFloatLog", "path": ["monitoring", "acda33b4", "cpu"]}, "version": 14}
{"obj": {"type": "LogStrings", "path": ["monitoring", "acda33b4", "stderr"], "values": [{"value": "Info (NVML): NVML Shared Library Not Found. GPU usage metrics may not be reported. For more information, see https://docs.neptune.ai/help/nvml_error/\n", "step": null, "ts": 1699708610.141026}]}, "version": 15}
{"obj": {"type": "ConfigFloatSeries", "path": ["monitoring", "acda33b4", "memory"], "min": 0.0, "max": 16.0, "unit": "GB"}, "version": 16}
{"obj": {"type": "ClearFloatLog", "path": ["monitoring", "acda33b4", "memory"]}, "version": 17}
{"obj": {"type": "LogFloats", "path": ["monitoring", "acda33b4", "cpu"], "values": [{"value": 40.8, "step": null, "ts": 1699708610.141273}]}, "version": 18}
{"obj": {"type": "AssignString", "path": ["source_code", "integrations", "neptune-optuna"], "value": "1.1.0"}, "version": 19}
{"obj": {"type": "LogFloats", "path": ["monitoring", "acda33b4", "memory"], "values": [{"value": 10.286102294921875, "step": null, "ts": 1699708610.141273}]}, "version": 20}
{"obj": {"type": "LogFloats", "path": ["monitoring", "acda33b4", "cpu"], "values": [{"value": 78.2, "step": null, "ts": 1699708620.145483}]}, "version": 21}
{"obj": {"type": "LogFloats", "path": ["monitoring", "acda33b4", "memory"], "values": [{"value": 10.222503662109375, "step": null, "ts": 1699708620.145483}]}, "version": 22}
{"obj": {"type": "LogFloats", "path": ["monitoring", "acda33b4", "cpu"], "values": [{"value": 78.4, "step": null, "ts": 1699708630.148782}]}, "version": 23}
{"obj": {"type": "LogFloats", "path": ["monitoring", "acda33b4", "memory"], "values": [{"value": 10.25286865234375, "step": null, "ts": 1699708630.148782}]}, "version": 24}
{"obj": {"type": "LogFloats", "path": ["monitoring", "acda33b4", "cpu"], "values": [{"value": 76.5, "step": null, "ts": 1699708640.1507149}]}, "version": 25}
{"obj": {"type": "LogFloats", "path": ["monitoring", "acda33b4", "memory"], "values": [{"value": 10.410186767578125, "step": null, "ts": 1699708640.1507149}]}, "version": 26}
{"obj": {"type": "LogFloats", "path": ["monitoring", "acda33b4", "cpu"], "values": [{"value": 80.5, "step": null, "ts": 1699708650.153277}]}, "version": 27}
{"obj": {"type": "LogFloats", "path": ["monitoring", "acda33b4", "memory"], "values": [{"value": 10.456100463867188, "step": null, "ts": 1699708650.153277}]}, "version": 28}
{"obj": {"type": "LogFloats", "path": ["monitoring", "acda33b4", "cpu"], "values": [{"value": 80.2, "step": null, "ts": 1699708660.158384}]}, "version": 29}
{"obj": {"type": "LogFloats", "path": ["monitoring", "acda33b4", "memory"], "values": [{"value": 10.699493408203125, "step": null, "ts": 1699708660.158384}]}, "version": 30}
{"obj": {"type": "LogFloats", "path": ["monitoring", "acda33b4", "cpu"], "values": [{"value": 94.8, "step": null, "ts": 1699708670.163968}]}, "version": 31}
{"obj": {"type": "LogFloats", "path": ["monitoring", "acda33b4", "memory"], "values": [{"value": 11.303115844726562, "step": null, "ts": 1699708670.163968}]}, "version": 32}
{"obj": {"type": "LogFloats", "path": ["monitoring", "acda33b4", "cpu"], "values": [{"value": 100.0, "step": null, "ts": 1699708740.615794}]}, "version": 33}
{"obj": {"type": "LogFloats", "path": ["monitoring", "acda33b4", "memory"], "values": [{"value": 11.58599853515625, "step": null, "ts": 1699708740.615794}]}, "version": 34}
{"obj": {"type": "LogFloats", "path": ["monitoring", "acda33b4", "cpu"], "values": [{"value": 85.6, "step": null, "ts": 1699708750.6269598}]}, "version": 35}
{"obj": {"type": "LogFloats", "path": ["monitoring", "acda33b4", "memory"], "values": [{"value": 9.988601684570312, "step": null, "ts": 1699708750.6269598}]}, "version": 36}
{"obj": {"type": "LogFloats", "path": ["monitoring", "acda33b4", "cpu"], "values": [{"value": 76.6, "step": null, "ts": 1699708760.632399}]}, "version": 37}
{"obj": {"type": "LogFloats", "path": ["monitoring", "acda33b4", "memory"], "values": [{"value": 10.04345703125, "step": null, "ts": 1699708760.632399}]}, "version": 38}
{"obj": {"type": "LogFloats", "path": ["monitoring", "acda33b4", "cpu"], "values": [{"value": 81.1, "step": null, "ts": 1699708770.636179}]}, "version": 39}
{"obj": {"type": "LogFloats", "path": ["monitoring", "acda33b4", "memory"], "values": [{"value": 10.091033935546875, "step": null, "ts": 1699708770.636179}]}, "version": 40}
{"obj": {"type": "LogFloats", "path": ["monitoring", "acda33b4", "cpu"], "values": [{"value": 78.7, "step": null, "ts": 1699708780.641322}]}, "version": 41}
{"obj": {"type": "LogFloats", "path": ["monitoring", "acda33b4", "memory"], "values": [{"value": 10.135894775390625, "step": null, "ts": 1699708780.641322}]}, "version": 42}
{"obj": {"type": "LogFloats", "path": ["monitoring", "acda33b4", "cpu"], "values": [{"value": 81.9, "step": null, "ts": 1699708790.646774}]}, "version": 43}
{"obj": {"type": "LogFloats", "path": ["monitoring", "acda33b4", "memory"], "values": [{"value": 10.237655639648438, "step": null, "ts": 1699708790.646774}]}, "version": 44}
{"obj": {"type": "LogFloats", "path": ["monitoring", "acda33b4", "cpu"], "values": [{"value": 82.8, "step": null, "ts": 1699708800.648171}]}, "version": 45}
{"obj": {"type": "LogFloats", "path": ["monitoring", "acda33b4", "memory"], "values": [{"value": 10.435714721679688, "step": null, "ts": 1699708800.648171}]}, "version": 46}
{"obj": {"type": "LogFloats", "path": ["monitoring", "acda33b4", "cpu"], "values": [{"value": 75.0, "step": null, "ts": 1699708810.653026}]}, "version": 47}
{"obj": {"type": "LogFloats", "path": ["monitoring", "acda33b4", "memory"], "values": [{"value": 10.625885009765625, "step": null, "ts": 1699708810.653026}]}, "version": 48}
{"obj": {"type": "LogFloats", "path": ["monitoring", "acda33b4", "cpu"], "values": [{"value": 85.6, "step": null, "ts": 1699708820.658575}]}, "version": 49}
{"obj": {"type": "LogFloats", "path": ["monitoring", "acda33b4", "memory"], "values": [{"value": 11.77618408203125, "step": null, "ts": 1699708820.658575}]}, "version": 50}
{"obj": {"type": "LogFloats", "path": ["monitoring", "acda33b4", "cpu"], "values": [{"value": 100.0, "step": null, "ts": 1699708900.066467}]}, "version": 51}
{"obj": {"type": "LogFloats", "path": ["monitoring", "acda33b4", "memory"], "values": [{"value": 11.49639892578125, "step": null, "ts": 1699708900.066467}]}, "version": 52}
{"obj": {"type": "LogFloats", "path": ["monitoring", "acda33b4", "cpu"], "values": [{"value": 82.5, "step": null, "ts": 1699708910.068813}]}, "version": 53}
{"obj": {"type": "LogFloats", "path": ["monitoring", "acda33b4", "memory"], "values": [{"value": 9.885406494140625, "step": null, "ts": 1699708910.068813}]}, "version": 54}
{"obj": {"type": "LogFloats", "path": ["monitoring", "acda33b4", "cpu"], "values": [{"value": 80.3, "step": null, "ts": 1699708920.0742688}]}, "version": 55}
{"obj": {"type": "LogFloats", "path": ["monitoring", "acda33b4", "memory"], "values": [{"value": 9.902618408203125, "step": null, "ts": 1699708920.0742688}]}, "version": 56}
{"obj": {"type": "LogFloats", "path": ["monitoring", "acda33b4", "cpu"], "values": [{"value": 78.7, "step": null, "ts": 1699708930.0759811}]}, "version": 57}
{"obj": {"type": "LogFloats", "path": ["monitoring", "acda33b4", "memory"], "values": [{"value": 9.789947509765625, "step": null, "ts": 1699708930.0759811}]}, "version": 58}
{"obj": {"type": "LogFloats", "path": ["monitoring", "acda33b4", "cpu"], "values": [{"value": 84.5, "step": null, "ts": 1699708940.082141}]}, "version": 59}
{"obj": {"type": "LogFloats", "path": ["monitoring", "acda33b4", "memory"], "values": [{"value": 10.082992553710938, "step": null, "ts": 1699708940.082141}]}, "version": 60}
{"obj": {"type": "LogFloats", "path": ["monitoring", "acda33b4", "cpu"], "values": [{"value": 86.7, "step": null, "ts": 1699708950.0834272}]}, "version": 61}
{"obj": {"type": "LogFloats", "path": ["monitoring", "acda33b4", "memory"], "values": [{"value": 10.164627075195312, "step": null, "ts": 1699708950.0834272}]}, "version": 62}
{"obj": {"type": "LogFloats", "path": ["monitoring", "acda33b4", "cpu"], "values": [{"value": 83.8, "step": null, "ts": 1699708960.08891}]}, "version": 63}
{"obj": {"type": "LogFloats", "path": ["monitoring", "acda33b4", "memory"], "values": [{"value": 10.077133178710938, "step": null, "ts": 1699708960.08891}]}, "version": 64}
{"obj": {"type": "LogFloats", "path": ["monitoring", "acda33b4", "cpu"], "values": [{"value": 81.5, "step": null, "ts": 1699708970.094029}]}, "version": 65}
{"obj": {"type": "LogFloats", "path": ["monitoring", "acda33b4", "memory"], "values": [{"value": 10.0491943359375, "step": null, "ts": 1699708970.094029}]}, "version": 66}
{"obj": {"type": "LogFloats", "path": ["monitoring", "acda33b4", "cpu"], "values": [{"value": 85.7, "step": null, "ts": 1699708980.099454}]}, "version": 67}
{"obj": {"type": "LogFloats", "path": ["monitoring", "acda33b4", "memory"], "values": [{"value": 10.384109497070312, "step": null, "ts": 1699708980.099454}]}, "version": 68}
{"obj": {"type": "LogFloats", "path": ["monitoring", "acda33b4", "cpu"], "values": [{"value": 83.1, "step": null, "ts": 1699708990.1049511}]}, "version": 69}
{"obj": {"type": "LogFloats", "path": ["monitoring", "acda33b4", "memory"], "values": [{"value": 10.642379760742188, "step": null, "ts": 1699708990.1049511}]}, "version": 70}
{"obj": {"type": "LogFloats", "path": ["monitoring", "acda33b4", "cpu"], "values": [{"value": 94.3, "step": null, "ts": 1699709000.110377}]}, "version": 71}
{"obj": {"type": "LogFloats", "path": ["monitoring", "acda33b4", "memory"], "values": [{"value": 11.18731689453125, "step": null, "ts": 1699709000.110377}]}, "version": 72}
{"obj": {"type": "LogFloats", "path": ["monitoring", "acda33b4", "cpu"], "values": [{"value": 100.0, "step": null, "ts": 1699709076.298783}]}, "version": 73}
{"obj": {"type": "LogFloats", "path": ["monitoring", "acda33b4", "memory"], "values": [{"value": 11.37274169921875, "step": null, "ts": 1699709076.298783}]}, "version": 74}
{"obj": {"type": "LogFloats", "path": ["monitoring", "acda33b4", "cpu"], "values": [{"value": 91.7, "step": null, "ts": 1699709086.310297}]}, "version": 75}
{"obj": {"type": "LogFloats", "path": ["monitoring", "acda33b4", "memory"], "values": [{"value": 9.868011474609375, "step": null, "ts": 1699709086.310297}]}, "version": 76}
{"obj": {"type": "LogFloats", "path": ["monitoring", "acda33b4", "cpu"], "values": [{"value": 76.5, "step": null, "ts": 1699709096.3153212}]}, "version": 77}
{"obj": {"type": "LogFloats", "path": ["monitoring", "acda33b4", "memory"], "values": [{"value": 9.872283935546875, "step": null, "ts": 1699709096.3153212}]}, "version": 78}
{"obj": {"type": "LogFloats", "path": ["monitoring", "acda33b4", "cpu"], "values": [{"value": 81.2, "step": null, "ts": 1699709106.319099}]}, "version": 79}
{"obj": {"type": "LogFloats", "path": ["monitoring", "acda33b4", "memory"], "values": [{"value": 9.899520874023438, "step": null, "ts": 1699709106.319099}]}, "version": 80}
{"obj": {"type": "AssignDatetime", "path": ["trials", "trials", "19", "datetime_start"], "value": 1699708610262}, "version": 81}
{"obj": {"type": "AssignDatetime", "path": ["trials", "trials", "19", "datetime_complete"], "value": 1699709111005}, "version": 82}
{"obj": {"type": "AssignString", "path": ["trials", "trials", "19", "duration"], "value": "0:08:20.742889"}, "version": 83}
{"obj": {"type": "AssignString", "path": ["trials", "trials", "19", "distributions", "sr"], "value": "FloatDistribution(high=10.0, log=True, low=0.01, step=None)"}, "version": 84}
{"obj": {"type": "AssignString", "path": ["trials", "trials", "19", "distributions", "lr"], "value": "FloatDistribution(high=1.0, log=True, low=0.001, step=None)"}, "version": 85}
{"obj": {"type": "AssignString", "path": ["trials", "trials", "19", "distributions", "iss"], "value": "FloatDistribution(high=1.0, log=False, low=0.0, step=None)"}, "version": 86}
{"obj": {"type": "AssignString", "path": ["trials", "trials", "19", "distributions", "ridge"], "value": "FloatDistribution(high=0.01, log=True, low=1e-09, step=None)"}, "version": 87}
{"obj": {"type": "AssignFloat", "path": ["trials", "trials", "19", "params", "sr"], "value": 0.14969892125273535}, "version": 88}
{"obj": {"type": "AssignFloat", "path": ["trials", "trials", "19", "params", "lr"], "value": 0.4066465505961899}, "version": 89}
{"obj": {"type": "AssignFloat", "path": ["trials", "trials", "19", "params", "iss"], "value": 0.6229183312946027}, "version": 90}
{"obj": {"type": "AssignFloat", "path": ["trials", "trials", "19", "params", "ridge"], "value": 0.009711559880437301}, "version": 91}
{"obj": {"type": "AssignFloat", "path": ["trials", "trials", "19", "value"], "value": 48.59068298998315}, "version": 92}
{"obj": {"type": "LogFloats", "path": ["trials", "values"], "values": [{"value": 48.59068298998315, "step": 19, "ts": 1699709111.015054}]}, "version": 93}
{"obj": {"type": "LogFloats", "path": ["trials", "params", "sr"], "values": [{"value": 0.14969892125273535, "step": null, "ts": 1699709111.0151548}]}, "version": 94}
{"obj": {"type": "LogFloats", "path": ["trials", "params", "lr"], "values": [{"value": 0.4066465505961899, "step": null, "ts": 1699709111.015201}]}, "version": 95}
{"obj": {"type": "LogFloats", "path": ["trials", "params", "iss"], "values": [{"value": 0.6229183312946027, "step": null, "ts": 1699709111.015244}]}, "version": 96}
{"obj": {"type": "LogFloats", "path": ["trials", "params", "ridge"], "values": [{"value": 0.009711559880437301, "step": null, "ts": 1699709111.015289}]}, "version": 97}
{"obj": {"type": "LogStrings", "path": ["trials", "values|params"], "values": [{"value": "value: 48.59068298998315| params: {'sr': 0.14969892125273535, 'lr': 0.4066465505961899, 'iss': 0.6229183312946027, 'ridge': 0.009711559880437301}", "step": null, "ts": 1699709111.015348}]}, "version": 98}
{"obj": {"type": "AssignString", "path": ["study", "distributions", "sr"], "value": "FloatDistribution(high=10.0, log=True, low=0.01, step=None)"}, "version": 99}
{"obj": {"type": "AssignString", "path": ["study", "distributions", "lr"], "value": "FloatDistribution(high=1.0, log=True, low=0.001, step=None)"}, "version": 100}
{"obj": {"type": "AssignString", "path": ["study", "distributions", "iss"], "value": "FloatDistribution(high=1.0, log=False, low=0.0, step=None)"}, "version": 101}
{"obj": {"type": "AssignString", "path": ["study", "distributions", "ridge"], "value": "FloatDistribution(high=0.01, log=True, low=1e-09, step=None)"}, "version": 102}
{"obj": {"type": "AssignDatetime", "path": ["best", "trials", "7", "datetime_start"], "value": 1699708368928}, "version": 103}
{"obj": {"type": "AssignDatetime", "path": ["best", "trials", "7", "datetime_complete"], "value": 1699708376327}, "version": 104}
{"obj": {"type": "AssignString", "path": ["best", "trials", "7", "duration"], "value": "0:00:07.398982"}, "version": 105}
{"obj": {"type": "AssignString", "path": ["best", "trials", "7", "distributions", "sr"], "value": "FloatDistribution(high=10.0, log=True, low=0.01, step=None)"}, "version": 106}
{"obj": {"type": "AssignString", "path": ["best", "trials", "7", "distributions", "lr"], "value": "FloatDistribution(high=1.0, log=True, low=0.001, step=None)"}, "version": 107}
{"obj": {"type": "AssignString", "path": ["best", "trials", "7", "distributions", "iss"], "value": "FloatDistribution(high=1.0, log=False, low=0.0, step=None)"}, "version": 108}
{"obj": {"type": "AssignString", "path": ["best", "trials", "7", "distributions", "ridge"], "value": "FloatDistribution(high=0.01, log=True, low=1e-09, step=None)"}, "version": 109}
{"obj": {"type": "AssignFloat", "path": ["best", "trials", "7", "params", "sr"], "value": 1.0842054382814514}, "version": 110}
{"obj": {"type": "AssignFloat", "path": ["best", "trials", "7", "params", "lr"], "value": 0.3622351655998738}, "version": 111}
{"obj": {"type": "AssignFloat", "path": ["best", "trials", "7", "params", "iss"], "value": 0.7688318027267184}, "version": 112}
{"obj": {"type": "AssignFloat", "path": ["best", "trials", "7", "params", "ridge"], "value": 0.006658678645174748}, "version": 113}
{"obj": {"type": "AssignFloat", "path": ["best", "trials", "7", "value"], "value": 0.013098929660124749}, "version": 114}
{"obj": {"type": "AssignFloat", "path": ["best", "value"], "value": 0.013098929660124749}, "version": 115}
{"obj": {"type": "AssignFloat", "path": ["best", "params", "sr"], "value": 1.0842054382814514}, "version": 116}
{"obj": {"type": "AssignFloat", "path": ["best", "params", "lr"], "value": 0.3622351655998738}, "version": 117}
{"obj": {"type": "AssignFloat", "path": ["best", "params", "iss"], "value": 0.7688318027267184}, "version": 118}
{"obj": {"type": "AssignFloat", "path": ["best", "params", "ridge"], "value": 0.006658678645174748}, "version": 119}
{"obj": {"type": "AssignString", "path": ["best", "value|params"], "value": "value: 0.013098929660124749| params: {'sr': 1.0842054382814514, 'lr': 0.3622351655998738, 'iss': 0.7688318027267184, 'ridge': 0.006658678645174748}"}, "version": 120}
{"obj": {"type": "UploadFile", "path": ["visualizations", "plot_contour"], "ext": "html", "file_path": null, "tmp_file_name": "visualizations_plot_contour-1699709111.426553-2023-11-11_22.25.11.426553.html", "clean_after_upload": false}, "version": 121}
{"obj": {"type": "UploadFile", "path": ["visualizations", "plot_edf"], "ext": "html", "file_path": null, "tmp_file_name": "visualizations_plot_edf-1699709111.439231-2023-11-11_22.25.11.439231.html", "clean_after_upload": false}, "version": 122}
{"obj": {"type": "UploadFile", "path": ["visualizations", "plot_parallel_coordinate"], "ext": "html", "file_path": null, "tmp_file_name": "visualizations_plot_parallel_coordinate-1699709111.454879-2023-11-11_22.25.11.454879.html", "clean_after_upload": false}, "version": 123}
{"obj": {"type": "UploadFile", "path": ["visualizations", "plot_param_importances"], "ext": "html", "file_path": null, "tmp_file_name": "visualizations_plot_param_importances-1699709111.567935-2023-11-11_22.25.11.567935.html", "clean_after_upload": false}, "version": 124}
{"obj": {"type": "UploadFile", "path": ["visualizations", "plot_slice"], "ext": "html", "file_path": null, "tmp_file_name": "visualizations_plot_slice-1699709111.603039-2023-11-11_22.25.11.603039.html", "clean_after_upload": false}, "version": 125}
{"obj": {"type": "UploadFile", "path": ["visualizations", "plot_optimization_history"], "ext": "html", "file_path": null, "tmp_file_name": "visualizations_plot_optimization_history-1699709111.617776-2023-11-11_22.25.11.617776.html", "clean_after_upload": false}, "version": 126}
{"obj": {"type": "AssignString", "path": ["study", "study_name"], "value": "example_study"}, "version": 127}
{"obj": {"type": "LogFloats", "path": ["monitoring", "acda33b4", "cpu"], "values": [{"value": 79.1, "step": null, "ts": 1699709116.323502}]}, "version": 128}
{"obj": {"type": "LogFloats", "path": ["monitoring", "acda33b4", "memory"], "values": [{"value": 10.501007080078125, "step": null, "ts": 1699709116.323502}]}, "version": 129}
{"obj": {"type": "LogFloats", "path": ["monitoring", "acda33b4", "cpu"], "values": [{"value": 82.8, "step": null, "ts": 1699709126.32905}]}, "version": 130}
{"obj": {"type": "LogFloats", "path": ["monitoring", "acda33b4", "memory"], "values": [{"value": 10.46807861328125, "step": null, "ts": 1699709126.32905}]}, "version": 131}
{"obj": {"type": "LogFloats", "path": ["monitoring", "acda33b4", "cpu"], "values": [{"value": 78.8, "step": null, "ts": 1699709136.334901}]}, "version": 132}
{"obj": {"type": "LogFloats", "path": ["monitoring", "acda33b4", "memory"], "values": [{"value": 10.367279052734375, "step": null, "ts": 1699709136.334901}]}, "version": 133}
{"obj": {"type": "LogFloats", "path": ["monitoring", "acda33b4", "cpu"], "values": [{"value": 81.3, "step": null, "ts": 1699709146.339094}]}, "version": 134}
{"obj": {"type": "LogFloats", "path": ["monitoring", "acda33b4", "memory"], "values": [{"value": 10.692596435546875, "step": null, "ts": 1699709146.339094}]}, "version": 135}
{"obj": {"type": "LogFloats", "path": ["monitoring", "acda33b4", "cpu"], "values": [{"value": 78.9, "step": null, "ts": 1699709156.344851}]}, "version": 136}
{"obj": {"type": "LogFloats", "path": ["monitoring", "acda33b4", "memory"], "values": [{"value": 10.469436645507812, "step": null, "ts": 1699709156.344851}]}, "version": 137}
{"obj": {"type": "LogFloats", "path": ["monitoring", "acda33b4", "cpu"], "values": [{"value": 81.2, "step": null, "ts": 1699709166.350295}]}, "version": 138}
{"obj": {"type": "LogFloats", "path": ["monitoring", "acda33b4", "memory"], "values": [{"value": 10.751190185546875, "step": null, "ts": 1699709166.350295}]}, "version": 139}
{"obj": {"type": "LogFloats", "path": ["monitoring", "acda33b4", "cpu"], "values": [{"value": 100.0, "step": null, "ts": 1699709248.1696901}]}, "version": 140}
{"obj": {"type": "LogFloats", "path": ["monitoring", "acda33b4", "memory"], "values": [{"value": 11.486007690429688, "step": null, "ts": 1699709248.1696901}]}, "version": 141}
{"obj": {"type": "LogFloats", "path": ["monitoring", "acda33b4", "cpu"], "values": [{"value": 95.5, "step": null, "ts": 1699709258.174815}]}, "version": 142}
{"obj": {"type": "LogFloats", "path": ["monitoring", "acda33b4", "memory"], "values": [{"value": 9.111709594726562, "step": null, "ts": 1699709258.174815}]}, "version": 143}
{"obj": {"type": "LogFloats", "path": ["monitoring", "acda33b4", "cpu"], "values": [{"value": 85.4, "step": null, "ts": 1699709268.180207}]}, "version": 144}
{"obj": {"type": "LogFloats", "path": ["monitoring", "acda33b4", "memory"], "values": [{"value": 9.174331665039062, "step": null, "ts": 1699709268.180207}]}, "version": 145}
{"obj": {"type": "LogFloats", "path": ["monitoring", "acda33b4", "cpu"], "values": [{"value": 81.9, "step": null, "ts": 1699709278.185606}]}, "version": 146}
{"obj": {"type": "LogFloats", "path": ["monitoring", "acda33b4", "memory"], "values": [{"value": 9.22967529296875, "step": null, "ts": 1699709278.185606}]}, "version": 147}
{"obj": {"type": "LogFloats", "path": ["monitoring", "acda33b4", "cpu"], "values": [{"value": 76.6, "step": null, "ts": 1699709288.190208}]}, "version": 148}
{"obj": {"type": "LogFloats", "path": ["monitoring", "acda33b4", "memory"], "values": [{"value": 9.259231567382812, "step": null, "ts": 1699709288.190208}]}, "version": 149}
{"obj": {"type": "LogFloats", "path": ["monitoring", "acda33b4", "cpu"], "values": [{"value": 77.2, "step": null, "ts": 1699709298.195961}]}, "version": 150}
{"obj": {"type": "LogFloats", "path": ["monitoring", "acda33b4", "memory"], "values": [{"value": 9.2825927734375, "step": null, "ts": 1699709298.195961}]}, "version": 151}
{"obj": {"type": "LogFloats", "path": ["monitoring", "acda33b4", "cpu"], "values": [{"value": 77.3, "step": null, "ts": 1699709308.201409}]}, "version": 152}
{"obj": {"type": "LogFloats", "path": ["monitoring", "acda33b4", "memory"], "values": [{"value": 9.47119140625, "step": null, "ts": 1699709308.201409}]}, "version": 153}
{"obj": {"type": "LogFloats", "path": ["monitoring", "acda33b4", "cpu"], "values": [{"value": 81.3, "step": null, "ts": 1699709318.2068229}]}, "version": 154}
{"obj": {"type": "LogFloats", "path": ["monitoring", "acda33b4", "memory"], "values": [{"value": 9.81951904296875, "step": null, "ts": 1699709318.2068229}]}, "version": 155}
{"obj": {"type": "LogFloats", "path": ["monitoring", "acda33b4", "cpu"], "values": [{"value": 86.1, "step": null, "ts": 1699709328.210918}]}, "version": 156}
{"obj": {"type": "LogFloats", "path": ["monitoring", "acda33b4", "memory"], "values": [{"value": 10.014602661132812, "step": null, "ts": 1699709328.210918}]}, "version": 157}
{"obj": {"type": "LogFloats", "path": ["monitoring", "acda33b4", "cpu"], "values": [{"value": 99.9, "step": null, "ts": 1699709409.560218}]}, "version": 158}
{"obj": {"type": "LogFloats", "path": ["monitoring", "acda33b4", "memory"], "values": [{"value": 11.397430419921875, "step": null, "ts": 1699709409.560218}]}, "version": 159}
{"obj": {"type": "LogFloats", "path": ["monitoring", "acda33b4", "cpu"], "values": [{"value": 93.4, "step": null, "ts": 1699709419.5643442}]}, "version": 160}
{"obj": {"type": "LogFloats", "path": ["monitoring", "acda33b4", "memory"], "values": [{"value": 9.092742919921875, "step": null, "ts": 1699709419.5643442}]}, "version": 161}
{"obj": {"type": "LogFloats", "path": ["monitoring", "acda33b4", "cpu"], "values": [{"value": 79.3, "step": null, "ts": 1699709429.569768}]}, "version": 162}
{"obj": {"type": "LogFloats", "path": ["monitoring", "acda33b4", "memory"], "values": [{"value": 9.1141357421875, "step": null, "ts": 1699709429.569768}]}, "version": 163}
{"obj": {"type": "LogFloats", "path": ["monitoring", "acda33b4", "cpu"], "values": [{"value": 80.1, "step": null, "ts": 1699709439.575577}]}, "version": 164}
{"obj": {"type": "LogFloats", "path": ["monitoring", "acda33b4", "memory"], "values": [{"value": 9.153778076171875, "step": null, "ts": 1699709439.575577}]}, "version": 165}
{"obj": {"type": "LogFloats", "path": ["monitoring", "acda33b4", "cpu"], "values": [{"value": 82.2, "step": null, "ts": 1699709449.579006}]}, "version": 166}
{"obj": {"type": "LogFloats", "path": ["monitoring", "acda33b4", "memory"], "values": [{"value": 9.341796875, "step": null, "ts": 1699709449.579006}]}, "version": 167}
{"obj": {"type": "LogFloats", "path": ["monitoring", "acda33b4", "cpu"], "values": [{"value": 78.9, "step": null, "ts": 1699709459.584466}]}, "version": 168}
{"obj": {"type": "LogFloats", "path": ["monitoring", "acda33b4", "memory"], "values": [{"value": 9.326858520507812, "step": null, "ts": 1699709459.584466}]}, "version": 169}
{"obj": {"type": "LogFloats", "path": ["monitoring", "acda33b4", "cpu"], "values": [{"value": 80.1, "step": null, "ts": 1699709469.589813}]}, "version": 170}
{"obj": {"type": "LogFloats", "path": ["monitoring", "acda33b4", "memory"], "values": [{"value": 9.49029541015625, "step": null, "ts": 1699709469.589813}]}, "version": 171}
{"obj": {"type": "LogFloats", "path": ["monitoring", "acda33b4", "cpu"], "values": [{"value": 76.6, "step": null, "ts": 1699709479.595326}]}, "version": 172}
{"obj": {"type": "LogFloats", "path": ["monitoring", "acda33b4", "memory"], "values": [{"value": 9.540328979492188, "step": null, "ts": 1699709479.595326}]}, "version": 173}
{"obj": {"type": "LogFloats", "path": ["monitoring", "acda33b4", "cpu"], "values": [{"value": 75.2, "step": null, "ts": 1699709489.600758}]}, "version": 174}
{"obj": {"type": "LogFloats", "path": ["monitoring", "acda33b4", "memory"], "values": [{"value": 9.87969970703125, "step": null, "ts": 1699709489.600758}]}, "version": 175}
{"obj": {"type": "LogFloats", "path": ["monitoring", "acda33b4", "cpu"], "values": [{"value": 75.2, "step": null, "ts": 1699709499.60456}]}, "version": 176}
{"obj": {"type": "LogFloats", "path": ["monitoring", "acda33b4", "memory"], "values": [{"value": 10.050384521484375, "step": null, "ts": 1699709499.60456}]}, "version": 177}
{"obj": {"type": "LogFloats", "path": ["monitoring", "acda33b4", "cpu"], "values": [{"value": 98.9, "step": null, "ts": 1699709605.849335}]}, "version": 178}
{"obj": {"type": "LogFloats", "path": ["monitoring", "acda33b4", "memory"], "values": [{"value": 11.207931518554688, "step": null, "ts": 1699709605.849335}]}, "version": 179}
{"obj": {"type": "LogFloats", "path": ["monitoring", "acda33b4", "cpu"], "values": [{"value": 99.6, "step": null, "ts": 1699709615.8618188}]}, "version": 180}
{"obj": {"type": "LogFloats", "path": ["monitoring", "acda33b4", "memory"], "values": [{"value": 8.8433837890625, "step": null, "ts": 1699709615.8618188}]}, "version": 181}
{"obj": {"type": "LogFloats", "path": ["monitoring", "acda33b4", "cpu"], "values": [{"value": 82.3, "step": null, "ts": 1699709625.8672278}]}, "version": 182}
{"obj": {"type": "LogFloats", "path": ["monitoring", "acda33b4", "memory"], "values": [{"value": 8.991851806640625, "step": null, "ts": 1699709625.8672278}]}, "version": 183}
{"obj": {"type": "LogFloats", "path": ["monitoring", "acda33b4", "cpu"], "values": [{"value": 78.3, "step": null, "ts": 1699709635.872802}]}, "version": 184}
{"obj": {"type": "LogFloats", "path": ["monitoring", "acda33b4", "memory"], "values": [{"value": 9.1358642578125, "step": null, "ts": 1699709635.872802}]}, "version": 185}
{"obj": {"type": "AssignDatetime", "path": ["trials", "trials", "20", "datetime_start"], "value": 1699709111620}, "version": 186}
{"obj": {"type": "AssignDatetime", "path": ["trials", "trials", "20", "datetime_complete"], "value": 1699709642772}, "version": 187}
{"obj": {"type": "AssignString", "path": ["trials", "trials", "20", "duration"], "value": "0:08:51.151882"}, "version": 188}
{"obj": {"type": "AssignString", "path": ["trials", "trials", "20", "distributions", "sr"], "value": "FloatDistribution(high=10.0, log=True, low=0.01, step=None)"}, "version": 189}
{"obj": {"type": "AssignString", "path": ["trials", "trials", "20", "distributions", "lr"], "value": "FloatDistribution(high=1.0, log=True, low=0.001, step=None)"}, "version": 190}
{"obj": {"type": "AssignString", "path": ["trials", "trials", "20", "distributions", "iss"], "value": "FloatDistribution(high=1.0, log=False, low=0.0, step=None)"}, "version": 191}
{"obj": {"type": "AssignString", "path": ["trials", "trials", "20", "distributions", "ridge"], "value": "FloatDistribution(high=0.01, log=True, low=1e-09, step=None)"}, "version": 192}
{"obj": {"type": "AssignFloat", "path": ["trials", "trials", "20", "params", "sr"], "value": 0.8486644724288219}, "version": 193}
{"obj": {"type": "AssignFloat", "path": ["trials", "trials", "20", "params", "lr"], "value": 0.1180940615664275}, "version": 194}
{"obj": {"type": "AssignFloat", "path": ["trials", "trials", "20", "params", "iss"], "value": 0.8305963903150184}, "version": 195}
{"obj": {"type": "AssignFloat", "path": ["trials", "trials", "20", "params", "ridge"], "value": 0.0013004982930289975}, "version": 196}
{"obj": {"type": "AssignFloat", "path": ["trials", "trials", "20", "value"], "value": 2724.7933616970686}, "version": 197}
{"obj": {"type": "LogFloats", "path": ["trials", "values"], "values": [{"value": 2724.7933616970686, "step": 20, "ts": 1699709642.780479}]}, "version": 198}
{"obj": {"type": "LogFloats", "path": ["trials", "params", "sr"], "values": [{"value": 0.8486644724288219, "step": null, "ts": 1699709642.780572}]}, "version": 199}
{"obj": {"type": "LogFloats", "path": ["trials", "params", "lr"], "values": [{"value": 0.1180940615664275, "step": null, "ts": 1699709642.78061}]}, "version": 200}
{"obj": {"type": "LogFloats", "path": ["trials", "params", "iss"], "values": [{"value": 0.8305963903150184, "step": null, "ts": 1699709642.780642}]}, "version": 201}
{"obj": {"type": "LogFloats", "path": ["trials", "params", "ridge"], "values": [{"value": 0.0013004982930289975, "step": null, "ts": 1699709642.780672}]}, "version": 202}
{"obj": {"type": "LogStrings", "path": ["trials", "values|params"], "values": [{"value": "value: 2724.7933616970686| params: {'sr': 0.8486644724288219, 'lr': 0.1180940615664275, 'iss': 0.8305963903150184, 'ridge': 0.0013004982930289975}", "step": null, "ts": 1699709642.780751}]}, "version": 203}
{"obj": {"type": "AssignString", "path": ["study", "distributions", "sr"], "value": "FloatDistribution(high=10.0, log=True, low=0.01, step=None)"}, "version": 204}
{"obj": {"type": "AssignString", "path": ["study", "distributions", "lr"], "value": "FloatDistribution(high=1.0, log=True, low=0.001, step=None)"}, "version": 205}
{"obj": {"type": "AssignString", "path": ["study", "distributions", "iss"], "value": "FloatDistribution(high=1.0, log=False, low=0.0, step=None)"}, "version": 206}
{"obj": {"type": "AssignString", "path": ["study", "distributions", "ridge"], "value": "FloatDistribution(high=0.01, log=True, low=1e-09, step=None)"}, "version": 207}
{"obj": {"type": "AssignDatetime", "path": ["best", "trials", "7", "datetime_start"], "value": 1699708368928}, "version": 208}
{"obj": {"type": "AssignDatetime", "path": ["best", "trials", "7", "datetime_complete"], "value": 1699708376327}, "version": 209}
{"obj": {"type": "AssignString", "path": ["best", "trials", "7", "duration"], "value": "0:00:07.398982"}, "version": 210}
{"obj": {"type": "AssignString", "path": ["best", "trials", "7", "distributions", "sr"], "value": "FloatDistribution(high=10.0, log=True, low=0.01, step=None)"}, "version": 211}
{"obj": {"type": "AssignString", "path": ["best", "trials", "7", "distributions", "lr"], "value": "FloatDistribution(high=1.0, log=True, low=0.001, step=None)"}, "version": 212}
{"obj": {"type": "AssignString", "path": ["best", "trials", "7", "distributions", "iss"], "value": "FloatDistribution(high=1.0, log=False, low=0.0, step=None)"}, "version": 213}
{"obj": {"type": "AssignString", "path": ["best", "trials", "7", "distributions", "ridge"], "value": "FloatDistribution(high=0.01, log=True, low=1e-09, step=None)"}, "version": 214}
{"obj": {"type": "AssignFloat", "path": ["best", "trials", "7", "params", "sr"], "value": 1.0842054382814514}, "version": 215}
{"obj": {"type": "AssignFloat", "path": ["best", "trials", "7", "params", "lr"], "value": 0.3622351655998738}, "version": 216}
{"obj": {"type": "AssignFloat", "path": ["best", "trials", "7", "params", "iss"], "value": 0.7688318027267184}, "version": 217}
{"obj": {"type": "AssignFloat", "path": ["best", "trials", "7", "params", "ridge"], "value": 0.006658678645174748}, "version": 218}
{"obj": {"type": "AssignFloat", "path": ["best", "trials", "7", "value"], "value": 0.013098929660124749}, "version": 219}
{"obj": {"type": "AssignFloat", "path": ["best", "value"], "value": 0.013098929660124749}, "version": 220}
{"obj": {"type": "AssignFloat", "path": ["best", "params", "sr"], "value": 1.0842054382814514}, "version": 221}
{"obj": {"type": "AssignFloat", "path": ["best", "params", "lr"], "value": 0.3622351655998738}, "version": 222}
{"obj": {"type": "AssignFloat", "path": ["best", "params", "iss"], "value": 0.7688318027267184}, "version": 223}
{"obj": {"type": "AssignFloat", "path": ["best", "params", "ridge"], "value": 0.006658678645174748}, "version": 224}
{"obj": {"type": "AssignString", "path": ["best", "value|params"], "value": "value: 0.013098929660124749| params: {'sr': 1.0842054382814514, 'lr': 0.3622351655998738, 'iss': 0.7688318027267184, 'ridge': 0.006658678645174748}"}, "version": 225}
{"obj": {"type": "UploadFile", "path": ["visualizations", "plot_contour"], "ext": "html", "file_path": null, "tmp_file_name": "visualizations_plot_contour-1699709642.929803-2023-11-11_22.34.02.929803.html", "clean_after_upload": false}, "version": 226}
{"obj": {"type": "UploadFile", "path": ["visualizations", "plot_edf"], "ext": "html", "file_path": null, "tmp_file_name": "visualizations_plot_edf-1699709642.943282-2023-11-11_22.34.02.943282.html", "clean_after_upload": false}, "version": 227}
{"obj": {"type": "UploadFile", "path": ["visualizations", "plot_parallel_coordinate"], "ext": "html", "file_path": null, "tmp_file_name": "visualizations_plot_parallel_coordinate-1699709642.956614-2023-11-11_22.34.02.956614.html", "clean_after_upload": false}, "version": 228}
{"obj": {"type": "UploadFile", "path": ["visualizations", "plot_param_importances"], "ext": "html", "file_path": null, "tmp_file_name": "visualizations_plot_param_importances-1699709643.076601-2023-11-11_22.34.03.076601.html", "clean_after_upload": false}, "version": 229}
{"obj": {"type": "UploadFile", "path": ["visualizations", "plot_slice"], "ext": "html", "file_path": null, "tmp_file_name": "visualizations_plot_slice-1699709643.109876-2023-11-11_22.34.03.109876.html", "clean_after_upload": false}, "version": 230}
{"obj": {"type": "UploadFile", "path": ["visualizations", "plot_optimization_history"], "ext": "html", "file_path": null, "tmp_file_name": "visualizations_plot_optimization_history-1699709643.126002-2023-11-11_22.34.03.126002.html", "clean_after_upload": false}, "version": 231}
{"obj": {"type": "AssignString", "path": ["study", "study_name"], "value": "example_study"}, "version": 232}
{"obj": {"type": "LogFloats", "path": ["monitoring", "acda33b4", "cpu"], "values": [{"value": 89.6, "step": null, "ts": 1699709645.800747}]}, "version": 233}
{"obj": {"type": "LogFloats", "path": ["monitoring", "acda33b4", "memory"], "values": [{"value": 9.746612548828125, "step": null, "ts": 1699709645.800747}]}, "version": 234}
{"obj": {"type": "LogFloats", "path": ["monitoring", "acda33b4", "cpu"], "values": [{"value": 92.9, "step": null, "ts": 1699709655.800143}]}, "version": 235}
{"obj": {"type": "LogFloats", "path": ["monitoring", "acda33b4", "memory"], "values": [{"value": 9.657745361328125, "step": null, "ts": 1699709655.800143}]}, "version": 236}
{"obj": {"type": "LogFloats", "path": ["monitoring", "acda33b4", "cpu"], "values": [{"value": 86.6, "step": null, "ts": 1699709665.804211}]}, "version": 237}
{"obj": {"type": "LogFloats", "path": ["monitoring", "acda33b4", "memory"], "values": [{"value": 9.643890380859375, "step": null, "ts": 1699709665.804211}]}, "version": 238}
{"obj": {"type": "LogFloats", "path": ["monitoring", "acda33b4", "cpu"], "values": [{"value": 82.8, "step": null, "ts": 1699709675.808865}]}, "version": 239}
{"obj": {"type": "LogFloats", "path": ["monitoring", "acda33b4", "memory"], "values": [{"value": 9.774383544921875, "step": null, "ts": 1699709675.808865}]}, "version": 240}
{"obj": {"type": "LogFloats", "path": ["monitoring", "acda33b4", "cpu"], "values": [{"value": 75.1, "step": null, "ts": 1699709685.813961}]}, "version": 241}
{"obj": {"type": "LogFloats", "path": ["monitoring", "acda33b4", "memory"], "values": [{"value": 10.018875122070312, "step": null, "ts": 1699709685.813961}]}, "version": 242}
{"obj": {"type": "LogFloats", "path": ["monitoring", "acda33b4", "cpu"], "values": [{"value": 77.3, "step": null, "ts": 1699709695.818618}]}, "version": 243}
{"obj": {"type": "LogFloats", "path": ["monitoring", "acda33b4", "memory"], "values": [{"value": 10.709152221679688, "step": null, "ts": 1699709695.818618}]}, "version": 244}
{"obj": {"type": "LogFloats", "path": ["monitoring", "acda33b4", "cpu"], "values": [{"value": 100.0, "step": null, "ts": 1699709856.611967}]}, "version": 245}
{"obj": {"type": "LogFloats", "path": ["monitoring", "acda33b4", "memory"], "values": [{"value": 10.037261962890625, "step": null, "ts": 1699709856.611967}]}, "version": 246}
{"obj": {"type": "LogFloats", "path": ["monitoring", "acda33b4", "cpu"], "values": [{"value": 99.9, "step": null, "ts": 1699709866.6228302}]}, "version": 247}
{"obj": {"type": "LogFloats", "path": ["monitoring", "acda33b4", "memory"], "values": [{"value": 8.684234619140625, "step": null, "ts": 1699709866.6228302}]}, "version": 248}
{"obj": {"type": "LogFloats", "path": ["monitoring", "acda33b4", "cpu"], "values": [{"value": 78.5, "step": null, "ts": 1699709876.627999}]}, "version": 249}
{"obj": {"type": "LogFloats", "path": ["monitoring", "acda33b4", "memory"], "values": [{"value": 7.779632568359375, "step": null, "ts": 1699709876.627999}]}, "version": 250}
{"obj": {"type": "LogFloats", "path": ["monitoring", "acda33b4", "cpu"], "values": [{"value": 61.1, "step": null, "ts": 1699709886.6332312}]}, "version": 251}
{"obj": {"type": "LogFloats", "path": ["monitoring", "acda33b4", "memory"], "values": [{"value": 7.79052734375, "step": null, "ts": 1699709886.6332312}]}, "version": 252}
{"obj": {"type": "LogFloats", "path": ["monitoring", "acda33b4", "cpu"], "values": [{"value": 60.4, "step": null, "ts": 1699709896.638459}]}, "version": 253}
{"obj": {"type": "LogFloats", "path": ["monitoring", "acda33b4", "memory"], "values": [{"value": 7.8511962890625, "step": null, "ts": 1699709896.638459}]}, "version": 254}
{"obj": {"type": "LogFloats", "path": ["monitoring", "acda33b4", "cpu"], "values": [{"value": 60.8, "step": null, "ts": 1699709906.643713}]}, "version": 255}
{"obj": {"type": "LogFloats", "path": ["monitoring", "acda33b4", "memory"], "values": [{"value": 8.141372680664062, "step": null, "ts": 1699709906.643713}]}, "version": 256}
{"obj": {"type": "LogFloats", "path": ["monitoring", "acda33b4", "cpu"], "values": [{"value": 59.7, "step": null, "ts": 1699709916.6489558}]}, "version": 257}
{"obj": {"type": "LogFloats", "path": ["monitoring", "acda33b4", "memory"], "values": [{"value": 8.497024536132812, "step": null, "ts": 1699709916.6489558}]}, "version": 258}
{"obj": {"type": "LogFloats", "path": ["monitoring", "acda33b4", "cpu"], "values": [{"value": 60.5, "step": null, "ts": 1699709926.654216}]}, "version": 259}
{"obj": {"type": "LogFloats", "path": ["monitoring", "acda33b4", "memory"], "values": [{"value": 8.670730590820312, "step": null, "ts": 1699709926.654216}]}, "version": 260}
{"obj": {"type": "LogFloats", "path": ["monitoring", "acda33b4", "cpu"], "values": [{"value": 65.7, "step": null, "ts": 1699709936.659484}]}, "version": 261}
{"obj": {"type": "LogFloats", "path": ["monitoring", "acda33b4", "memory"], "values": [{"value": 9.214157104492188, "step": null, "ts": 1699709936.659484}]}, "version": 262}
{"obj": {"type": "LogFloats", "path": ["monitoring", "acda33b4", "cpu"], "values": [{"value": 99.9, "step": null, "ts": 1699710131.623584}]}, "version": 263}
{"obj": {"type": "LogFloats", "path": ["monitoring", "acda33b4", "memory"], "values": [{"value": 10.088333129882812, "step": null, "ts": 1699710131.623584}]}, "version": 264}
{"obj": {"type": "LogFloats", "path": ["monitoring", "acda33b4", "cpu"], "values": [{"value": 100.0, "step": null, "ts": 1699710141.625957}]}, "version": 265}
{"obj": {"type": "LogFloats", "path": ["monitoring", "acda33b4", "memory"], "values": [{"value": 9.471572875976562, "step": null, "ts": 1699710141.625957}]}, "version": 266}
{"obj": {"type": "LogFloats", "path": ["monitoring", "acda33b4", "cpu"], "values": [{"value": 78.1, "step": null, "ts": 1699710151.636152}]}, "version": 267}
{"obj": {"type": "LogFloats", "path": ["monitoring", "acda33b4", "memory"], "values": [{"value": 8.174606323242188, "step": null, "ts": 1699710151.636152}]}, "version": 268}
{"obj": {"type": "LogFloats", "path": ["monitoring", "acda33b4", "cpu"], "values": [{"value": 74.9, "step": null, "ts": 1699710161.646361}]}, "version": 269}
{"obj": {"type": "LogFloats", "path": ["monitoring", "acda33b4", "memory"], "values": [{"value": 8.213546752929688, "step": null, "ts": 1699710161.646361}]}, "version": 270}
{"obj": {"type": "LogFloats", "path": ["monitoring", "acda33b4", "cpu"], "values": [{"value": 65.2, "step": null, "ts": 1699710171.656588}]}, "version": 271}
{"obj": {"type": "LogFloats", "path": ["monitoring", "acda33b4", "memory"], "values": [{"value": 8.244598388671875, "step": null, "ts": 1699710171.656588}]}, "version": 272}
{"obj": {"type": "LogFloats", "path": ["monitoring", "acda33b4", "cpu"], "values": [{"value": 63.0, "step": null, "ts": 1699710181.666811}]}, "version": 273}
{"obj": {"type": "LogFloats", "path": ["monitoring", "acda33b4", "memory"], "values": [{"value": 8.291702270507812, "step": null, "ts": 1699710181.666811}]}, "version": 274}
{"obj": {"type": "LogFloats", "path": ["monitoring", "acda33b4", "cpu"], "values": [{"value": 60.3, "step": null, "ts": 1699710191.6770859}]}, "version": 275}
{"obj": {"type": "LogFloats", "path": ["monitoring", "acda33b4", "memory"], "values": [{"value": 8.20330810546875, "step": null, "ts": 1699710191.6770859}]}, "version": 276}
{"obj": {"type": "LogFloats", "path": ["monitoring", "acda33b4", "cpu"], "values": [{"value": 60.6, "step": null, "ts": 1699710201.6873631}]}, "version": 277}
{"obj": {"type": "LogFloats", "path": ["monitoring", "acda33b4", "memory"], "values": [{"value": 8.298019409179688, "step": null, "ts": 1699710201.6873631}]}, "version": 278}
{"obj": {"type": "LogFloats", "path": ["monitoring", "acda33b4", "cpu"], "values": [{"value": 59.3, "step": null, "ts": 1699710211.691711}]}, "version": 279}
{"obj": {"type": "LogFloats", "path": ["monitoring", "acda33b4", "memory"], "values": [{"value": 8.713272094726562, "step": null, "ts": 1699710211.691711}]}, "version": 280}
{"obj": {"type": "LogFloats", "path": ["monitoring", "acda33b4", "cpu"], "values": [{"value": 58.9, "step": null, "ts": 1699710221.702036}]}, "version": 281}
{"obj": {"type": "LogFloats", "path": ["monitoring", "acda33b4", "memory"], "values": [{"value": 8.957077026367188, "step": null, "ts": 1699710221.702036}]}, "version": 282}
{"obj": {"type": "LogFloats", "path": ["monitoring", "acda33b4", "cpu"], "values": [{"value": 98.9, "step": null, "ts": 1699710420.521885}]}, "version": 283}
{"obj": {"type": "LogFloats", "path": ["monitoring", "acda33b4", "memory"], "values": [{"value": 10.245849609375, "step": null, "ts": 1699710420.521885}]}, "version": 284}
{"obj": {"type": "LogFloats", "path": ["monitoring", "acda33b4", "cpu"], "values": [{"value": 94.2, "step": null, "ts": 1699710430.535946}]}, "version": 285}
{"obj": {"type": "LogFloats", "path": ["monitoring", "acda33b4", "memory"], "values": [{"value": 8.216690063476562, "step": null, "ts": 1699710430.535946}]}, "version": 286}
{"obj": {"type": "LogFloats", "path": ["monitoring", "acda33b4", "cpu"], "values": [{"value": 66.1, "step": null, "ts": 1699710440.546189}]}, "version": 287}
{"obj": {"type": "LogFloats", "path": ["monitoring", "acda33b4", "memory"], "values": [{"value": 8.30548095703125, "step": null, "ts": 1699710440.546189}]}, "version": 288}
{"obj": {"type": "LogFloats", "path": ["monitoring", "acda33b4", "cpu"], "values": [{"value": 59.3, "step": null, "ts": 1699710450.556373}]}, "version": 289}
{"obj": {"type": "LogFloats", "path": ["monitoring", "acda33b4", "memory"], "values": [{"value": 8.308273315429688, "step": null, "ts": 1699710450.556373}]}, "version": 290}
{"obj": {"type": "AssignDatetime", "path": ["trials", "trials", "21", "datetime_start"], "value": 1699709643129}, "version": 291}
{"obj": {"type": "AssignDatetime", "path": ["trials", "trials", "21", "datetime_complete"], "value": 1699710456671}, "version": 292}
{"obj": {"type": "AssignString", "path": ["trials", "trials", "21", "duration"], "value": "0:13:33.541558"}, "version": 293}
{"obj": {"type": "AssignString", "path": ["trials", "trials", "21", "distributions", "sr"], "value": "FloatDistribution(high=10.0, log=True, low=0.01, step=None)"}, "version": 294}
{"obj": {"type": "AssignString", "path": ["trials", "trials", "21", "distributions", "lr"], "value": "FloatDistribution(high=1.0, log=True, low=0.001, step=None)"}, "version": 295}
{"obj": {"type": "AssignString", "path": ["trials", "trials", "21", "distributions", "iss"], "value": "FloatDistribution(high=1.0, log=False, low=0.0, step=None)"}, "version": 296}
{"obj": {"type": "AssignString", "path": ["trials", "trials", "21", "distributions", "ridge"], "value": "FloatDistribution(high=0.01, log=True, low=1e-09, step=None)"}, "version": 297}
{"obj": {"type": "AssignFloat", "path": ["trials", "trials", "21", "params", "sr"], "value": 2.9870171524603735}, "version": 298}
{"obj": {"type": "AssignFloat", "path": ["trials", "trials", "21", "params", "lr"], "value": 0.43986395720619237}, "version": 299}
{"obj": {"type": "AssignFloat", "path": ["trials", "trials", "21", "params", "iss"], "value": 0.9830185818583566}, "version": 300}
{"obj": {"type": "AssignFloat", "path": ["trials", "trials", "21", "params", "ridge"], "value": 0.00017821558271521447}, "version": 301}
{"obj": {"type": "AssignFloat", "path": ["trials", "trials", "21", "value"], "value": 0.04359538962270426}, "version": 302}
{"obj": {"type": "LogFloats", "path": ["trials", "values"], "values": [{"value": 0.04359538962270426, "step": 21, "ts": 1699710456.678907}]}, "version": 303}
{"obj": {"type": "LogFloats", "path": ["trials", "params", "sr"], "values": [{"value": 2.9870171524603735, "step": null, "ts": 1699710456.678986}]}, "version": 304}
{"obj": {"type": "LogFloats", "path": ["trials", "params", "lr"], "values": [{"value": 0.43986395720619237, "step": null, "ts": 1699710456.679022}]}, "version": 305}
{"obj": {"type": "LogFloats", "path": ["trials", "params", "iss"], "values": [{"value": 0.9830185818583566, "step": null, "ts": 1699710456.679053}]}, "version": 306}
{"obj": {"type": "LogFloats", "path": ["trials", "params", "ridge"], "values": [{"value": 0.00017821558271521447, "step": null, "ts": 1699710456.679082}]}, "version": 307}
{"obj": {"type": "LogStrings", "path": ["trials", "values|params"], "values": [{"value": "value: 0.04359538962270426| params: {'sr': 2.9870171524603735, 'lr': 0.43986395720619237, 'iss': 0.9830185818583566, 'ridge': 0.00017821558271521447}", "step": null, "ts": 1699710456.679127}]}, "version": 308}
{"obj": {"type": "AssignString", "path": ["study", "distributions", "sr"], "value": "FloatDistribution(high=10.0, log=True, low=0.01, step=None)"}, "version": 309}
{"obj": {"type": "AssignString", "path": ["study", "distributions", "lr"], "value": "FloatDistribution(high=1.0, log=True, low=0.001, step=None)"}, "version": 310}
{"obj": {"type": "AssignString", "path": ["study", "distributions", "iss"], "value": "FloatDistribution(high=1.0, log=False, low=0.0, step=None)"}, "version": 311}
{"obj": {"type": "AssignString", "path": ["study", "distributions", "ridge"], "value": "FloatDistribution(high=0.01, log=True, low=1e-09, step=None)"}, "version": 312}
{"obj": {"type": "AssignDatetime", "path": ["best", "trials", "7", "datetime_start"], "value": 1699708368928}, "version": 313}
{"obj": {"type": "AssignDatetime", "path": ["best", "trials", "7", "datetime_complete"], "value": 1699708376327}, "version": 314}
{"obj": {"type": "AssignString", "path": ["best", "trials", "7", "duration"], "value": "0:00:07.398982"}, "version": 315}
{"obj": {"type": "AssignString", "path": ["best", "trials", "7", "distributions", "sr"], "value": "FloatDistribution(high=10.0, log=True, low=0.01, step=None)"}, "version": 316}
{"obj": {"type": "AssignString", "path": ["best", "trials", "7", "distributions", "lr"], "value": "FloatDistribution(high=1.0, log=True, low=0.001, step=None)"}, "version": 317}
{"obj": {"type": "AssignString", "path": ["best", "trials", "7", "distributions", "iss"], "value": "FloatDistribution(high=1.0, log=False, low=0.0, step=None)"}, "version": 318}
{"obj": {"type": "AssignString", "path": ["best", "trials", "7", "distributions", "ridge"], "value": "FloatDistribution(high=0.01, log=True, low=1e-09, step=None)"}, "version": 319}
{"obj": {"type": "AssignFloat", "path": ["best", "trials", "7", "params", "sr"], "value": 1.0842054382814514}, "version": 320}
{"obj": {"type": "AssignFloat", "path": ["best", "trials", "7", "params", "lr"], "value": 0.3622351655998738}, "version": 321}
{"obj": {"type": "AssignFloat", "path": ["best", "trials", "7", "params", "iss"], "value": 0.7688318027267184}, "version": 322}
{"obj": {"type": "AssignFloat", "path": ["best", "trials", "7", "params", "ridge"], "value": 0.006658678645174748}, "version": 323}
{"obj": {"type": "AssignFloat", "path": ["best", "trials", "7", "value"], "value": 0.013098929660124749}, "version": 324}
{"obj": {"type": "AssignFloat", "path": ["best", "value"], "value": 0.013098929660124749}, "version": 325}
{"obj": {"type": "AssignFloat", "path": ["best", "params", "sr"], "value": 1.0842054382814514}, "version": 326}
{"obj": {"type": "AssignFloat", "path": ["best", "params", "lr"], "value": 0.3622351655998738}, "version": 327}
{"obj": {"type": "AssignFloat", "path": ["best", "params", "iss"], "value": 0.7688318027267184}, "version": 328}
{"obj": {"type": "AssignFloat", "path": ["best", "params", "ridge"], "value": 0.006658678645174748}, "version": 329}
{"obj": {"type": "AssignString", "path": ["best", "value|params"], "value": "value: 0.013098929660124749| params: {'sr': 1.0842054382814514, 'lr': 0.3622351655998738, 'iss': 0.7688318027267184, 'ridge': 0.006658678645174748}"}, "version": 330}
{"obj": {"type": "UploadFile", "path": ["visualizations", "plot_contour"], "ext": "html", "file_path": null, "tmp_file_name": "visualizations_plot_contour-1699710456.811443-2023-11-11_22.47.36.811443.html", "clean_after_upload": false}, "version": 331}
{"obj": {"type": "UploadFile", "path": ["visualizations", "plot_edf"], "ext": "html", "file_path": null, "tmp_file_name": "visualizations_plot_edf-1699710456.823937-2023-11-11_22.47.36.823937.html", "clean_after_upload": false}, "version": 332}
{"obj": {"type": "UploadFile", "path": ["visualizations", "plot_parallel_coordinate"], "ext": "html", "file_path": null, "tmp_file_name": "visualizations_plot_parallel_coordinate-1699710456.835226-2023-11-11_22.47.36.835226.html", "clean_after_upload": false}, "version": 333}
{"obj": {"type": "UploadFile", "path": ["visualizations", "plot_param_importances"], "ext": "html", "file_path": null, "tmp_file_name": "visualizations_plot_param_importances-1699710456.956906-2023-11-11_22.47.36.956906.html", "clean_after_upload": false}, "version": 334}
{"obj": {"type": "UploadFile", "path": ["visualizations", "plot_slice"], "ext": "html", "file_path": null, "tmp_file_name": "visualizations_plot_slice-1699710456.988589-2023-11-11_22.47.36.988589.html", "clean_after_upload": false}, "version": 335}
{"obj": {"type": "UploadFile", "path": ["visualizations", "plot_optimization_history"], "ext": "html", "file_path": null, "tmp_file_name": "visualizations_plot_optimization_history-1699710457.002752-2023-11-11_22.47.37.002752.html", "clean_after_upload": false}, "version": 336}
{"obj": {"type": "AssignString", "path": ["study", "study_name"], "value": "example_study"}, "version": 337}
{"obj": {"type": "LogFloats", "path": ["monitoring", "acda33b4", "cpu"], "values": [{"value": 59.2, "step": null, "ts": 1699710460.566598}]}, "version": 338}
{"obj": {"type": "LogFloats", "path": ["monitoring", "acda33b4", "memory"], "values": [{"value": 8.811767578125, "step": null, "ts": 1699710460.566598}]}, "version": 339}
{"obj": {"type": "LogFloats", "path": ["monitoring", "acda33b4", "cpu"], "values": [{"value": 60.3, "step": null, "ts": 1699710470.5768309}]}, "version": 340}
{"obj": {"type": "LogFloats", "path": ["monitoring", "acda33b4", "memory"], "values": [{"value": 8.598495483398438, "step": null, "ts": 1699710470.5768309}]}, "version": 341}
{"obj": {"type": "LogFloats", "path": ["monitoring", "acda33b4", "cpu"], "values": [{"value": 60.1, "step": null, "ts": 1699710480.587181}]}, "version": 342}
{"obj": {"type": "LogFloats", "path": ["monitoring", "acda33b4", "memory"], "values": [{"value": 8.647567749023438, "step": null, "ts": 1699710480.587181}]}, "version": 343}
{"obj": {"type": "LogFloats", "path": ["monitoring", "acda33b4", "cpu"], "values": [{"value": 59.3, "step": null, "ts": 1699710490.5974321}]}, "version": 344}
{"obj": {"type": "LogFloats", "path": ["monitoring", "acda33b4", "memory"], "values": [{"value": 8.879837036132812, "step": null, "ts": 1699710490.5974321}]}, "version": 345}
{"obj": {"type": "LogFloats", "path": ["monitoring", "acda33b4", "cpu"], "values": [{"value": 60.5, "step": null, "ts": 1699710500.60783}]}, "version": 346}
{"obj": {"type": "LogFloats", "path": ["monitoring", "acda33b4", "memory"], "values": [{"value": 9.110031127929688, "step": null, "ts": 1699710500.60783}]}, "version": 347}
{"obj": {"type": "LogFloats", "path": ["monitoring", "acda33b4", "cpu"], "values": [{"value": 98.9, "step": null, "ts": 1699710698.4656231}]}, "version": 348}
{"obj": {"type": "LogFloats", "path": ["monitoring", "acda33b4", "memory"], "values": [{"value": 10.238037109375, "step": null, "ts": 1699710698.4656231}]}, "version": 349}
{"obj": {"type": "LogFloats", "path": ["monitoring", "acda33b4", "cpu"], "values": [{"value": 90.9, "step": null, "ts": 1699710708.4761019}]}, "version": 350}
{"obj": {"type": "LogFloats", "path": ["monitoring", "acda33b4", "memory"], "values": [{"value": 8.424057006835938, "step": null, "ts": 1699710708.4761019}]}, "version": 351}
{"obj": {"type": "LogFloats", "path": ["monitoring", "acda33b4", "cpu"], "values": [{"value": 60.2, "step": null, "ts": 1699710718.4878678}]}, "version": 352}
{"obj": {"type": "LogFloats", "path": ["monitoring", "acda33b4", "memory"], "values": [{"value": 8.420623779296875, "step": null, "ts": 1699710718.4878678}]}, "version": 353}
{"obj": {"type": "LogFloats", "path": ["monitoring", "acda33b4", "cpu"], "values": [{"value": 58.8, "step": null, "ts": 1699710728.498888}]}, "version": 354}
{"obj": {"type": "LogFloats", "path": ["monitoring", "acda33b4", "memory"], "values": [{"value": 8.423904418945312, "step": null, "ts": 1699710728.498888}]}, "version": 355}
{"obj": {"type": "LogFloats", "path": ["monitoring", "acda33b4", "cpu"], "values": [{"value": 59.7, "step": null, "ts": 1699710738.5095549}]}, "version": 356}
{"obj": {"type": "LogFloats", "path": ["monitoring", "acda33b4", "memory"], "values": [{"value": 8.4212646484375, "step": null, "ts": 1699710738.5095549}]}, "version": 357}
{"obj": {"type": "LogFloats", "path": ["monitoring", "acda33b4", "cpu"], "values": [{"value": 60.2, "step": null, "ts": 1699710748.520094}]}, "version": 358}
{"obj": {"type": "LogFloats", "path": ["monitoring", "acda33b4", "memory"], "values": [{"value": 8.490615844726562, "step": null, "ts": 1699710748.520094}]}, "version": 359}
{"obj": {"type": "LogFloats", "path": ["monitoring", "acda33b4", "cpu"], "values": [{"value": 59.6, "step": null, "ts": 1699710758.5307}]}, "version": 360}
{"obj": {"type": "LogFloats", "path": ["monitoring", "acda33b4", "memory"], "values": [{"value": 8.686386108398438, "step": null, "ts": 1699710758.5307}]}, "version": 361}
{"obj": {"type": "LogFloats", "path": ["monitoring", "acda33b4", "cpu"], "values": [{"value": 59.6, "step": null, "ts": 1699710768.542258}]}, "version": 362}
{"obj": {"type": "LogFloats", "path": ["monitoring", "acda33b4", "memory"], "values": [{"value": 8.918792724609375, "step": null, "ts": 1699710768.542258}]}, "version": 363}
{"obj": {"type": "LogFloats", "path": ["monitoring", "acda33b4", "cpu"], "values": [{"value": 98.6, "step": null, "ts": 1699710977.016115}]}, "version": 364}
{"obj": {"type": "LogFloats", "path": ["monitoring", "acda33b4", "memory"], "values": [{"value": 10.22314453125, "step": null, "ts": 1699710977.016115}]}, "version": 365}
{"obj": {"type": "LogFloats", "path": ["monitoring", "acda33b4", "cpu"], "values": [{"value": 77.5, "step": null, "ts": 1699710987.0268779}]}, "version": 366}
{"obj": {"type": "LogFloats", "path": ["monitoring", "acda33b4", "memory"], "values": [{"value": 8.41729736328125, "step": null, "ts": 1699710987.0268779}]}, "version": 367}
{"obj": {"type": "LogFloats", "path": ["monitoring", "acda33b4", "cpu"], "values": [{"value": 59.0, "step": null, "ts": 1699710997.037065}]}, "version": 368}
{"obj": {"type": "LogFloats", "path": ["monitoring", "acda33b4", "memory"], "values": [{"value": 8.417495727539062, "step": null, "ts": 1699710997.037065}]}, "version": 369}
{"obj": {"type": "LogFloats", "path": ["monitoring", "acda33b4", "cpu"], "values": [{"value": 58.5, "step": null, "ts": 1699711007.047304}]}, "version": 370}
{"obj": {"type": "LogFloats", "path": ["monitoring", "acda33b4", "memory"], "values": [{"value": 8.409652709960938, "step": null, "ts": 1699711007.047304}]}, "version": 371}
{"obj": {"type": "LogFloats", "path": ["monitoring", "acda33b4", "cpu"], "values": [{"value": 58.9, "step": null, "ts": 1699711017.057525}]}, "version": 372}
{"obj": {"type": "LogFloats", "path": ["monitoring", "acda33b4", "memory"], "values": [{"value": 8.428970336914062, "step": null, "ts": 1699711017.057525}]}, "version": 373}
{"obj": {"type": "LogFloats", "path": ["monitoring", "acda33b4", "cpu"], "values": [{"value": 60.2, "step": null, "ts": 1699711027.06779}]}, "version": 374}
{"obj": {"type": "LogFloats", "path": ["monitoring", "acda33b4", "memory"], "values": [{"value": 8.366226196289062, "step": null, "ts": 1699711027.06779}]}, "version": 375}
{"obj": {"type": "LogFloats", "path": ["monitoring", "acda33b4", "cpu"], "values": [{"value": 60.6, "step": null, "ts": 1699711037.078042}]}, "version": 376}
{"obj": {"type": "LogFloats", "path": ["monitoring", "acda33b4", "memory"], "values": [{"value": 8.364715576171875, "step": null, "ts": 1699711037.078042}]}, "version": 377}
{"obj": {"type": "LogFloats", "path": ["monitoring", "acda33b4", "cpu"], "values": [{"value": 59.1, "step": null, "ts": 1699711047.088309}]}, "version": 378}
{"obj": {"type": "LogFloats", "path": ["monitoring", "acda33b4", "memory"], "values": [{"value": 8.632736206054688, "step": null, "ts": 1699711047.088309}]}, "version": 379}
{"obj": {"type": "LogFloats", "path": ["monitoring", "acda33b4", "cpu"], "values": [{"value": 59.2, "step": null, "ts": 1699711057.098561}]}, "version": 380}
{"obj": {"type": "LogFloats", "path": ["monitoring", "acda33b4", "memory"], "values": [{"value": 8.87908935546875, "step": null, "ts": 1699711057.098561}]}, "version": 381}
{"obj": {"type": "LogFloats", "path": ["monitoring", "acda33b4", "cpu"], "values": [{"value": 59.4, "step": null, "ts": 1699711067.1088052}]}, "version": 382}
{"obj": {"type": "LogFloats", "path": ["monitoring", "acda33b4", "memory"], "values": [{"value": 9.103057861328125, "step": null, "ts": 1699711067.1088052}]}, "version": 383}
{"obj": {"type": "LogFloats", "path": ["monitoring", "acda33b4", "cpu"], "values": [{"value": 99.9, "step": null, "ts": 1699711264.711688}]}, "version": 384}
{"obj": {"type": "LogFloats", "path": ["monitoring", "acda33b4", "memory"], "values": [{"value": 10.240142822265625, "step": null, "ts": 1699711264.711688}]}, "version": 385}
{"obj": {"type": "LogFloats", "path": ["monitoring", "acda33b4", "cpu"], "values": [{"value": 74.6, "step": null, "ts": 1699711274.7218812}]}, "version": 386}
{"obj": {"type": "LogFloats", "path": ["monitoring", "acda33b4", "memory"], "values": [{"value": 8.4024658203125, "step": null, "ts": 1699711274.7218812}]}, "version": 387}
{"obj": {"type": "LogFloats", "path": ["monitoring", "acda33b4", "cpu"], "values": [{"value": 58.4, "step": null, "ts": 1699711284.732235}]}, "version": 388}
{"obj": {"type": "LogFloats", "path": ["monitoring", "acda33b4", "memory"], "values": [{"value": 8.412399291992188, "step": null, "ts": 1699711284.732235}]}, "version": 389}
{"obj": {"type": "LogFloats", "path": ["monitoring", "acda33b4", "cpu"], "values": [{"value": 59.2, "step": null, "ts": 1699711294.7426088}]}, "version": 390}
{"obj": {"type": "LogFloats", "path": ["monitoring", "acda33b4", "memory"], "values": [{"value": 8.420913696289062, "step": null, "ts": 1699711294.7426088}]}, "version": 391}
{"obj": {"type": "AssignDatetime", "path": ["trials", "trials", "22", "datetime_start"], "value": 1699710457006}, "version": 392}
{"obj": {"type": "AssignDatetime", "path": ["trials", "trials", "22", "datetime_complete"], "value": 1699711297981}, "version": 393}
{"obj": {"type": "AssignString", "path": ["trials", "trials", "22", "duration"], "value": "0:14:00.975661"}, "version": 394}
{"obj": {"type": "AssignString", "path": ["trials", "trials", "22", "distributions", "sr"], "value": "FloatDistribution(high=10.0, log=True, low=0.01, step=None)"}, "version": 395}
{"obj": {"type": "AssignString", "path": ["trials", "trials", "22", "distributions", "lr"], "value": "FloatDistribution(high=1.0, log=True, low=0.001, step=None)"}, "version": 396}
{"obj": {"type": "AssignString", "path": ["trials", "trials", "22", "distributions", "iss"], "value": "FloatDistribution(high=1.0, log=False, low=0.0, step=None)"}, "version": 397}
{"obj": {"type": "AssignString", "path": ["trials", "trials", "22", "distributions", "ridge"], "value": "FloatDistribution(high=0.01, log=True, low=1e-09, step=None)"}, "version": 398}
{"obj": {"type": "AssignFloat", "path": ["trials", "trials", "22", "params", "sr"], "value": 0.6292608464049477}, "version": 399}
{"obj": {"type": "AssignFloat", "path": ["trials", "trials", "22", "params", "lr"], "value": 0.06240976831379507}, "version": 400}
{"obj": {"type": "AssignFloat", "path": ["trials", "trials", "22", "params", "iss"], "value": 0.6560190776119035}, "version": 401}
{"obj": {"type": "AssignFloat", "path": ["trials", "trials", "22", "params", "ridge"], "value": 1.5813011548559058e-05}, "version": 402}
{"obj": {"type": "AssignFloat", "path": ["trials", "trials", "22", "value"], "value": 0.03146578190840625}, "version": 403}
{"obj": {"type": "LogFloats", "path": ["trials", "values"], "values": [{"value": 0.03146578190840625, "step": 22, "ts": 1699711297.988543}]}, "version": 404}
{"obj": {"type": "LogFloats", "path": ["trials", "params", "sr"], "values": [{"value": 0.6292608464049477, "step": null, "ts": 1699711297.9886222}]}, "version": 405}
{"obj": {"type": "LogFloats", "path": ["trials", "params", "lr"], "values": [{"value": 0.06240976831379507, "step": null, "ts": 1699711297.988655}]}, "version": 406}
{"obj": {"type": "LogFloats", "path": ["trials", "params", "iss"], "values": [{"value": 0.6560190776119035, "step": null, "ts": 1699711297.988684}]}, "version": 407}
{"obj": {"type": "LogFloats", "path": ["trials", "params", "ridge"], "values": [{"value": 1.5813011548559058e-05, "step": null, "ts": 1699711297.988713}]}, "version": 408}
{"obj": {"type": "LogStrings", "path": ["trials", "values|params"], "values": [{"value": "value: 0.03146578190840625| params: {'sr': 0.6292608464049477, 'lr': 0.06240976831379507, 'iss': 0.6560190776119035, 'ridge': 1.5813011548559058e-05}", "step": null, "ts": 1699711297.988757}]}, "version": 409}
{"obj": {"type": "AssignString", "path": ["study", "distributions", "sr"], "value": "FloatDistribution(high=10.0, log=True, low=0.01, step=None)"}, "version": 410}
{"obj": {"type": "AssignString", "path": ["study", "distributions", "lr"], "value": "FloatDistribution(high=1.0, log=True, low=0.001, step=None)"}, "version": 411}
{"obj": {"type": "AssignString", "path": ["study", "distributions", "iss"], "value": "FloatDistribution(high=1.0, log=False, low=0.0, step=None)"}, "version": 412}
{"obj": {"type": "AssignString", "path": ["study", "distributions", "ridge"], "value": "FloatDistribution(high=0.01, log=True, low=1e-09, step=None)"}, "version": 413}
{"obj": {"type": "AssignDatetime", "path": ["best", "trials", "7", "datetime_start"], "value": 1699708368928}, "version": 414}
{"obj": {"type": "AssignDatetime", "path": ["best", "trials", "7", "datetime_complete"], "value": 1699708376327}, "version": 415}
{"obj": {"type": "AssignString", "path": ["best", "trials", "7", "duration"], "value": "0:00:07.398982"}, "version": 416}
{"obj": {"type": "AssignString", "path": ["best", "trials", "7", "distributions", "sr"], "value": "FloatDistribution(high=10.0, log=True, low=0.01, step=None)"}, "version": 417}
{"obj": {"type": "AssignString", "path": ["best", "trials", "7", "distributions", "lr"], "value": "FloatDistribution(high=1.0, log=True, low=0.001, step=None)"}, "version": 418}
{"obj": {"type": "AssignString", "path": ["best", "trials", "7", "distributions", "iss"], "value": "FloatDistribution(high=1.0, log=False, low=0.0, step=None)"}, "version": 419}
{"obj": {"type": "AssignString", "path": ["best", "trials", "7", "distributions", "ridge"], "value": "FloatDistribution(high=0.01, log=True, low=1e-09, step=None)"}, "version": 420}
{"obj": {"type": "AssignFloat", "path": ["best", "trials", "7", "params", "sr"], "value": 1.0842054382814514}, "version": 421}
{"obj": {"type": "AssignFloat", "path": ["best", "trials", "7", "params", "lr"], "value": 0.3622351655998738}, "version": 422}
{"obj": {"type": "AssignFloat", "path": ["best", "trials", "7", "params", "iss"], "value": 0.7688318027267184}, "version": 423}
{"obj": {"type": "AssignFloat", "path": ["best", "trials", "7", "params", "ridge"], "value": 0.006658678645174748}, "version": 424}
{"obj": {"type": "AssignFloat", "path": ["best", "trials", "7", "value"], "value": 0.013098929660124749}, "version": 425}
{"obj": {"type": "AssignFloat", "path": ["best", "value"], "value": 0.013098929660124749}, "version": 426}
{"obj": {"type": "AssignFloat", "path": ["best", "params", "sr"], "value": 1.0842054382814514}, "version": 427}
{"obj": {"type": "AssignFloat", "path": ["best", "params", "lr"], "value": 0.3622351655998738}, "version": 428}
{"obj": {"type": "AssignFloat", "path": ["best", "params", "iss"], "value": 0.7688318027267184}, "version": 429}
{"obj": {"type": "AssignFloat", "path": ["best", "params", "ridge"], "value": 0.006658678645174748}, "version": 430}
{"obj": {"type": "AssignString", "path": ["best", "value|params"], "value": "value: 0.013098929660124749| params: {'sr': 1.0842054382814514, 'lr': 0.3622351655998738, 'iss': 0.7688318027267184, 'ridge': 0.006658678645174748}"}, "version": 431}
{"obj": {"type": "UploadFile", "path": ["visualizations", "plot_contour"], "ext": "html", "file_path": null, "tmp_file_name": "visualizations_plot_contour-1699711298.119096-2023-11-11_23.01.38.119096.html", "clean_after_upload": false}, "version": 432}
{"obj": {"type": "UploadFile", "path": ["visualizations", "plot_edf"], "ext": "html", "file_path": null, "tmp_file_name": "visualizations_plot_edf-1699711298.130723-2023-11-11_23.01.38.130723.html", "clean_after_upload": false}, "version": 433}
{"obj": {"type": "UploadFile", "path": ["visualizations", "plot_parallel_coordinate"], "ext": "html", "file_path": null, "tmp_file_name": "visualizations_plot_parallel_coordinate-1699711298.143391-2023-11-11_23.01.38.143391.html", "clean_after_upload": false}, "version": 434}
{"obj": {"type": "UploadFile", "path": ["visualizations", "plot_param_importances"], "ext": "html", "file_path": null, "tmp_file_name": "visualizations_plot_param_importances-1699711298.265781-2023-11-11_23.01.38.265781.html", "clean_after_upload": false}, "version": 435}
{"obj": {"type": "UploadFile", "path": ["visualizations", "plot_slice"], "ext": "html", "file_path": null, "tmp_file_name": "visualizations_plot_slice-1699711298.29868-2023-11-11_23.01.38.298680.html", "clean_after_upload": false}, "version": 436}
{"obj": {"type": "UploadFile", "path": ["visualizations", "plot_optimization_history"], "ext": "html", "file_path": null, "tmp_file_name": "visualizations_plot_optimization_history-1699711298.313693-2023-11-11_23.01.38.313693.html", "clean_after_upload": false}, "version": 437}
{"obj": {"type": "AssignString", "path": ["study", "study_name"], "value": "example_study"}, "version": 438}
{"obj": {"type": "LogFloats", "path": ["monitoring", "acda33b4", "cpu"], "values": [{"value": 60.3, "step": null, "ts": 1699711304.743146}]}, "version": 439}
{"obj": {"type": "LogFloats", "path": ["monitoring", "acda33b4", "memory"], "values": [{"value": 8.504913330078125, "step": null, "ts": 1699711304.743146}]}, "version": 440}
{"obj": {"type": "LogFloats", "path": ["monitoring", "acda33b4", "cpu"], "values": [{"value": 61.2, "step": null, "ts": 1699711314.750249}]}, "version": 441}
{"obj": {"type": "LogFloats", "path": ["monitoring", "acda33b4", "memory"], "values": [{"value": 8.450531005859375, "step": null, "ts": 1699711314.750249}]}, "version": 442}
{"obj": {"type": "LogFloats", "path": ["monitoring", "acda33b4", "cpu"], "values": [{"value": 60.3, "step": null, "ts": 1699711324.760581}]}, "version": 443}
{"obj": {"type": "LogFloats", "path": ["monitoring", "acda33b4", "memory"], "values": [{"value": 8.636215209960938, "step": null, "ts": 1699711324.760581}]}, "version": 444}
{"obj": {"type": "LogFloats", "path": ["monitoring", "acda33b4", "cpu"], "values": [{"value": 66.4, "step": null, "ts": 1699711334.771042}]}, "version": 445}
{"obj": {"type": "LogFloats", "path": ["monitoring", "acda33b4", "memory"], "values": [{"value": 8.979080200195312, "step": null, "ts": 1699711334.771042}]}, "version": 446}
{"obj": {"type": "LogFloats", "path": ["monitoring", "acda33b4", "cpu"], "values": [{"value": 59.9, "step": null, "ts": 1699711344.7813451}]}, "version": 447}
{"obj": {"type": "LogFloats", "path": ["monitoring", "acda33b4", "memory"], "values": [{"value": 9.22259521484375, "step": null, "ts": 1699711344.7813451}]}, "version": 448}
{"obj": {"type": "LogFloats", "path": ["monitoring", "acda33b4", "cpu"], "values": [{"value": 99.6, "step": null, "ts": 1699711547.023215}]}, "version": 449}
{"obj": {"type": "LogFloats", "path": ["monitoring", "acda33b4", "memory"], "values": [{"value": 9.6781005859375, "step": null, "ts": 1699711547.023215}]}, "version": 450}
{"obj": {"type": "LogFloats", "path": ["monitoring", "acda33b4", "cpu"], "values": [{"value": 65.6, "step": null, "ts": 1699711557.025988}]}, "version": 451}
{"obj": {"type": "LogFloats", "path": ["monitoring", "acda33b4", "memory"], "values": [{"value": 8.423446655273438, "step": null, "ts": 1699711557.025988}]}, "version": 452}
{"obj": {"type": "LogFloats", "path": ["monitoring", "acda33b4", "cpu"], "values": [{"value": 59.8, "step": null, "ts": 1699711567.03625}]}, "version": 453}
{"obj": {"type": "LogFloats", "path": ["monitoring", "acda33b4", "memory"], "values": [{"value": 8.44091796875, "step": null, "ts": 1699711567.03625}]}, "version": 454}
{"obj": {"type": "LogFloats", "path": ["monitoring", "acda33b4", "cpu"], "values": [{"value": 59.7, "step": null, "ts": 1699711577.0465071}]}, "version": 455}
{"obj": {"type": "LogFloats", "path": ["monitoring", "acda33b4", "memory"], "values": [{"value": 8.4854736328125, "step": null, "ts": 1699711577.0465071}]}, "version": 456}
{"obj": {"type": "LogFloats", "path": ["monitoring", "acda33b4", "cpu"], "values": [{"value": 66.8, "step": null, "ts": 1699711587.0522392}]}, "version": 457}
{"obj": {"type": "LogFloats", "path": ["monitoring", "acda33b4", "memory"], "values": [{"value": 8.533905029296875, "step": null, "ts": 1699711587.0522392}]}, "version": 458}
{"obj": {"type": "LogFloats", "path": ["monitoring", "acda33b4", "cpu"], "values": [{"value": 62.3, "step": null, "ts": 1699711597.059527}]}, "version": 459}
{"obj": {"type": "LogFloats", "path": ["monitoring", "acda33b4", "memory"], "values": [{"value": 8.67132568359375, "step": null, "ts": 1699711597.059527}]}, "version": 460}
{"obj": {"type": "LogFloats", "path": ["monitoring", "acda33b4", "cpu"], "values": [{"value": 59.7, "step": null, "ts": 1699711607.0682828}]}, "version": 461}
{"obj": {"type": "LogFloats", "path": ["monitoring", "acda33b4", "memory"], "values": [{"value": 8.894546508789062, "step": null, "ts": 1699711607.0682828}]}, "version": 462}
{"obj": {"type": "LogFloats", "path": ["monitoring", "acda33b4", "cpu"], "values": [{"value": 59.5, "step": null, "ts": 1699711617.0776901}]}, "version": 463}
{"obj": {"type": "LogFloats", "path": ["monitoring", "acda33b4", "memory"], "values": [{"value": 9.126022338867188, "step": null, "ts": 1699711617.0776901}]}, "version": 464}
{"obj": {"type": "LogFloats", "path": ["monitoring", "acda33b4", "cpu"], "values": [{"value": 99.4, "step": null, "ts": 1699711822.687168}]}, "version": 465}
{"obj": {"type": "LogFloats", "path": ["monitoring", "acda33b4", "memory"], "values": [{"value": 9.183700561523438, "step": null, "ts": 1699711822.687168}]}, "version": 466}
{"obj": {"type": "LogFloats", "path": ["monitoring", "acda33b4", "cpu"], "values": [{"value": 61.4, "step": null, "ts": 1699711832.6980019}]}, "version": 467}
{"obj": {"type": "LogFloats", "path": ["monitoring", "acda33b4", "memory"], "values": [{"value": 8.333908081054688, "step": null, "ts": 1699711832.6980019}]}, "version": 468}
{"obj": {"type": "LogFloats", "path": ["monitoring", "acda33b4", "cpu"], "values": [{"value": 58.7, "step": null, "ts": 1699711842.7081861}]}, "version": 469}
{"obj": {"type": "LogFloats", "path": ["monitoring", "acda33b4", "memory"], "values": [{"value": 8.286941528320312, "step": null, "ts": 1699711842.7081861}]}, "version": 470}
{"obj": {"type": "LogFloats", "path": ["monitoring", "acda33b4", "cpu"], "values": [{"value": 58.9, "step": null, "ts": 1699711852.718395}]}, "version": 471}
{"obj": {"type": "LogFloats", "path": ["monitoring", "acda33b4", "memory"], "values": [{"value": 8.299163818359375, "step": null, "ts": 1699711852.718395}]}, "version": 472}
{"obj": {"type": "LogFloats", "path": ["monitoring", "acda33b4", "cpu"], "values": [{"value": 59.9, "step": null, "ts": 1699711862.728621}]}, "version": 473}
{"obj": {"type": "LogFloats", "path": ["monitoring", "acda33b4", "memory"], "values": [{"value": 8.30194091796875, "step": null, "ts": 1699711862.728621}]}, "version": 474}
{"obj": {"type": "LogFloats", "path": ["monitoring", "acda33b4", "cpu"], "values": [{"value": 59.1, "step": null, "ts": 1699711872.732357}]}, "version": 475}
{"obj": {"type": "LogFloats", "path": ["monitoring", "acda33b4", "memory"], "values": [{"value": 8.35870361328125, "step": null, "ts": 1699711872.732357}]}, "version": 476}
{"obj": {"type": "LogFloats", "path": ["monitoring", "acda33b4", "cpu"], "values": [{"value": 59.6, "step": null, "ts": 1699711882.742583}]}, "version": 477}
{"obj": {"type": "LogFloats", "path": ["monitoring", "acda33b4", "memory"], "values": [{"value": 8.400787353515625, "step": null, "ts": 1699711882.742583}]}, "version": 478}
{"obj": {"type": "LogFloats", "path": ["monitoring", "acda33b4", "cpu"], "values": [{"value": 59.8, "step": null, "ts": 1699711892.7474968}]}, "version": 479}
{"obj": {"type": "LogFloats", "path": ["monitoring", "acda33b4", "memory"], "values": [{"value": 8.63214111328125, "step": null, "ts": 1699711892.7474968}]}, "version": 480}
{"obj": {"type": "LogFloats", "path": ["monitoring", "acda33b4", "cpu"], "values": [{"value": 58.8, "step": null, "ts": 1699711902.757744}]}, "version": 481}
{"obj": {"type": "LogFloats", "path": ["monitoring", "acda33b4", "memory"], "values": [{"value": 8.908187866210938, "step": null, "ts": 1699711902.757744}]}, "version": 482}
{"obj": {"type": "LogFloats", "path": ["monitoring", "acda33b4", "cpu"], "values": [{"value": 63.9, "step": null, "ts": 1699711912.7679749}]}, "version": 483}
{"obj": {"type": "LogFloats", "path": ["monitoring", "acda33b4", "memory"], "values": [{"value": 10.331741333007812, "step": null, "ts": 1699711912.7679749}]}, "version": 484}
{"obj": {"type": "LogFloats", "path": ["monitoring", "acda33b4", "cpu"], "values": [{"value": 100.0, "step": null, "ts": 1699712112.9793239}]}, "version": 485}
{"obj": {"type": "LogFloats", "path": ["monitoring", "acda33b4", "memory"], "values": [{"value": 9.263427734375, "step": null, "ts": 1699712112.9793239}]}, "version": 486}
{"obj": {"type": "LogFloats", "path": ["monitoring", "acda33b4", "cpu"], "values": [{"value": 60.8, "step": null, "ts": 1699712122.9905138}]}, "version": 487}
{"obj": {"type": "LogFloats", "path": ["monitoring", "acda33b4", "memory"], "values": [{"value": 8.351516723632812, "step": null, "ts": 1699712122.9905138}]}, "version": 488}
{"obj": {"type": "LogFloats", "path": ["monitoring", "acda33b4", "cpu"], "values": [{"value": 58.6, "step": null, "ts": 1699712133.0006988}]}, "version": 489}
{"obj": {"type": "LogFloats", "path": ["monitoring", "acda33b4", "memory"], "values": [{"value": 8.380828857421875, "step": null, "ts": 1699712133.0006988}]}, "version": 490}
{"obj": {"type": "LogFloats", "path": ["monitoring", "acda33b4", "cpu"], "values": [{"value": 57.4, "step": null, "ts": 1699712143.0109131}]}, "version": 491}
{"obj": {"type": "LogFloats", "path": ["monitoring", "acda33b4", "memory"], "values": [{"value": 8.372940063476562, "step": null, "ts": 1699712143.0109131}]}, "version": 492}
{"obj": {"type": "AssignDatetime", "path": ["trials", "trials", "23", "datetime_start"], "value": 1699711298317}, "version": 493}
{"obj": {"type": "AssignDatetime", "path": ["trials", "trials", "23", "datetime_complete"], "value": 1699712145253}, "version": 494}
{"obj": {"type": "AssignString", "path": ["trials", "trials", "23", "duration"], "value": "0:14:06.935965"}, "version": 495}
{"obj": {"type": "AssignString", "path": ["trials", "trials", "23", "distributions", "sr"], "value": "FloatDistribution(high=10.0, log=True, low=0.01, step=None)"}, "version": 496}
{"obj": {"type": "AssignString", "path": ["trials", "trials", "23", "distributions", "lr"], "value": "FloatDistribution(high=1.0, log=True, low=0.001, step=None)"}, "version": 497}
{"obj": {"type": "AssignString", "path": ["trials", "trials", "23", "distributions", "iss"], "value": "FloatDistribution(high=1.0, log=False, low=0.0, step=None)"}, "version": 498}
{"obj": {"type": "AssignString", "path": ["trials", "trials", "23", "distributions", "ridge"], "value": "FloatDistribution(high=0.01, log=True, low=1e-09, step=None)"}, "version": 499}
{"obj": {"type": "AssignFloat", "path": ["trials", "trials", "23", "params", "sr"], "value": 0.9911942946159448}, "version": 500}
{"obj": {"type": "AssignFloat", "path": ["trials", "trials", "23", "params", "lr"], "value": 0.2558786736299837}, "version": 501}
{"obj": {"type": "AssignFloat", "path": ["trials", "trials", "23", "params", "iss"], "value": 0.2889668571090086}, "version": 502}
{"obj": {"type": "AssignFloat", "path": ["trials", "trials", "23", "params", "ridge"], "value": 0.0027617269647364}, "version": 503}
{"obj": {"type": "AssignFloat", "path": ["trials", "trials", "23", "value"], "value": 1421.3019861142081}, "version": 504}
{"obj": {"type": "LogFloats", "path": ["trials", "values"], "values": [{"value": 1421.3019861142081, "step": 23, "ts": 1699712145.2591841}]}, "version": 505}
{"obj": {"type": "LogFloats", "path": ["trials", "params", "sr"], "values": [{"value": 0.9911942946159448, "step": null, "ts": 1699712145.259257}]}, "version": 506}
{"obj": {"type": "LogFloats", "path": ["trials", "params", "lr"], "values": [{"value": 0.2558786736299837, "step": null, "ts": 1699712145.259292}]}, "version": 507}
{"obj": {"type": "LogFloats", "path": ["trials", "params", "iss"], "values": [{"value": 0.2889668571090086, "step": null, "ts": 1699712145.2593222}]}, "version": 508}
{"obj": {"type": "LogFloats", "path": ["trials", "params", "ridge"], "values": [{"value": 0.0027617269647364, "step": null, "ts": 1699712145.259352}]}, "version": 509}
{"obj": {"type": "LogStrings", "path": ["trials", "values|params"], "values": [{"value": "value: 1421.3019861142081| params: {'sr': 0.9911942946159448, 'lr': 0.2558786736299837, 'iss': 0.2889668571090086, 'ridge': 0.0027617269647364}", "step": null, "ts": 1699712145.2593951}]}, "version": 510}
{"obj": {"type": "AssignString", "path": ["study", "distributions", "sr"], "value": "FloatDistribution(high=10.0, log=True, low=0.01, step=None)"}, "version": 511}
{"obj": {"type": "AssignString", "path": ["study", "distributions", "lr"], "value": "FloatDistribution(high=1.0, log=True, low=0.001, step=None)"}, "version": 512}
{"obj": {"type": "AssignString", "path": ["study", "distributions", "iss"], "value": "FloatDistribution(high=1.0, log=False, low=0.0, step=None)"}, "version": 513}
{"obj": {"type": "AssignString", "path": ["study", "distributions", "ridge"], "value": "FloatDistribution(high=0.01, log=True, low=1e-09, step=None)"}, "version": 514}
{"obj": {"type": "AssignDatetime", "path": ["best", "trials", "7", "datetime_start"], "value": 1699708368928}, "version": 515}
{"obj": {"type": "AssignDatetime", "path": ["best", "trials", "7", "datetime_complete"], "value": 1699708376327}, "version": 516}
{"obj": {"type": "AssignString", "path": ["best", "trials", "7", "duration"], "value": "0:00:07.398982"}, "version": 517}
{"obj": {"type": "AssignString", "path": ["best", "trials", "7", "distributions", "sr"], "value": "FloatDistribution(high=10.0, log=True, low=0.01, step=None)"}, "version": 518}
{"obj": {"type": "AssignString", "path": ["best", "trials", "7", "distributions", "lr"], "value": "FloatDistribution(high=1.0, log=True, low=0.001, step=None)"}, "version": 519}
{"obj": {"type": "AssignString", "path": ["best", "trials", "7", "distributions", "iss"], "value": "FloatDistribution(high=1.0, log=False, low=0.0, step=None)"}, "version": 520}
{"obj": {"type": "AssignString", "path": ["best", "trials", "7", "distributions", "ridge"], "value": "FloatDistribution(high=0.01, log=True, low=1e-09, step=None)"}, "version": 521}
{"obj": {"type": "AssignFloat", "path": ["best", "trials", "7", "params", "sr"], "value": 1.0842054382814514}, "version": 522}
{"obj": {"type": "AssignFloat", "path": ["best", "trials", "7", "params", "lr"], "value": 0.3622351655998738}, "version": 523}
{"obj": {"type": "AssignFloat", "path": ["best", "trials", "7", "params", "iss"], "value": 0.7688318027267184}, "version": 524}
{"obj": {"type": "AssignFloat", "path": ["best", "trials", "7", "params", "ridge"], "value": 0.006658678645174748}, "version": 525}
{"obj": {"type": "AssignFloat", "path": ["best", "trials", "7", "value"], "value": 0.013098929660124749}, "version": 526}
{"obj": {"type": "AssignFloat", "path": ["best", "value"], "value": 0.013098929660124749}, "version": 527}
{"obj": {"type": "AssignFloat", "path": ["best", "params", "sr"], "value": 1.0842054382814514}, "version": 528}
{"obj": {"type": "AssignFloat", "path": ["best", "params", "lr"], "value": 0.3622351655998738}, "version": 529}
{"obj": {"type": "AssignFloat", "path": ["best", "params", "iss"], "value": 0.7688318027267184}, "version": 530}
{"obj": {"type": "AssignFloat", "path": ["best", "params", "ridge"], "value": 0.006658678645174748}, "version": 531}
{"obj": {"type": "AssignString", "path": ["best", "value|params"], "value": "value: 0.013098929660124749| params: {'sr': 1.0842054382814514, 'lr': 0.3622351655998738, 'iss': 0.7688318027267184, 'ridge': 0.006658678645174748}"}, "version": 532}
{"obj": {"type": "UploadFile", "path": ["visualizations", "plot_contour"], "ext": "html", "file_path": null, "tmp_file_name": "visualizations_plot_contour-1699712145.393702-2023-11-11_23.15.45.393702.html", "clean_after_upload": false}, "version": 533}
{"obj": {"type": "UploadFile", "path": ["visualizations", "plot_edf"], "ext": "html", "file_path": null, "tmp_file_name": "visualizations_plot_edf-1699712145.40638-2023-11-11_23.15.45.406380.html", "clean_after_upload": false}, "version": 534}
{"obj": {"type": "UploadFile", "path": ["visualizations", "plot_parallel_coordinate"], "ext": "html", "file_path": null, "tmp_file_name": "visualizations_plot_parallel_coordinate-1699712145.418622-2023-11-11_23.15.45.418622.html", "clean_after_upload": false}, "version": 535}
{"obj": {"type": "UploadFile", "path": ["visualizations", "plot_param_importances"], "ext": "html", "file_path": null, "tmp_file_name": "visualizations_plot_param_importances-1699712145.543771-2023-11-11_23.15.45.543771.html", "clean_after_upload": false}, "version": 536}
{"obj": {"type": "UploadFile", "path": ["visualizations", "plot_slice"], "ext": "html", "file_path": null, "tmp_file_name": "visualizations_plot_slice-1699712145.577683-2023-11-11_23.15.45.577683.html", "clean_after_upload": false}, "version": 537}
{"obj": {"type": "UploadFile", "path": ["visualizations", "plot_optimization_history"], "ext": "html", "file_path": null, "tmp_file_name": "visualizations_plot_optimization_history-1699712145.593097-2023-11-11_23.15.45.593097.html", "clean_after_upload": false}, "version": 538}
{"obj": {"type": "AssignString", "path": ["study", "study_name"], "value": "example_study"}, "version": 539}
{"obj": {"type": "LogFloats", "path": ["monitoring", "acda33b4", "cpu"], "values": [{"value": 59.7, "step": null, "ts": 1699712153.021142}]}, "version": 540}
{"obj": {"type": "LogFloats", "path": ["monitoring", "acda33b4", "memory"], "values": [{"value": 8.462142944335938, "step": null, "ts": 1699712153.021142}]}, "version": 541}
{"obj": {"type": "LogFloats", "path": ["monitoring", "acda33b4", "cpu"], "values": [{"value": 60.7, "step": null, "ts": 1699712163.031431}]}, "version": 542}
{"obj": {"type": "LogFloats", "path": ["monitoring", "acda33b4", "memory"], "values": [{"value": 8.380783081054688, "step": null, "ts": 1699712163.031431}]}, "version": 543}
{"obj": {"type": "LogFloats", "path": ["monitoring", "acda33b4", "cpu"], "values": [{"value": 57.7, "step": null, "ts": 1699712173.041673}]}, "version": 544}
{"obj": {"type": "LogFloats", "path": ["monitoring", "acda33b4", "memory"], "values": [{"value": 8.669174194335938, "step": null, "ts": 1699712173.041673}]}, "version": 545}
{"obj": {"type": "LogFloats", "path": ["monitoring", "acda33b4", "cpu"], "values": [{"value": 58.4, "step": null, "ts": 1699712183.0519092}]}, "version": 546}
{"obj": {"type": "LogFloats", "path": ["monitoring", "acda33b4", "memory"], "values": [{"value": 8.90472412109375, "step": null, "ts": 1699712183.0519092}]}, "version": 547}
{"obj": {"type": "LogFloats", "path": ["monitoring", "acda33b4", "cpu"], "values": [{"value": 63.1, "step": null, "ts": 1699712193.0621371}]}, "version": 548}
{"obj": {"type": "LogFloats", "path": ["monitoring", "acda33b4", "memory"], "values": [{"value": 9.555511474609375, "step": null, "ts": 1699712193.0621371}]}, "version": 549}
{"obj": {"type": "LogFloats", "path": ["monitoring", "acda33b4", "cpu"], "values": [{"value": 99.9, "step": null, "ts": 1699712393.703439}]}, "version": 550}
{"obj": {"type": "LogFloats", "path": ["monitoring", "acda33b4", "memory"], "values": [{"value": 9.189178466796875, "step": null, "ts": 1699712393.703439}]}, "version": 551}
{"obj": {"type": "LogFloats", "path": ["monitoring", "acda33b4", "cpu"], "values": [{"value": 59.1, "step": null, "ts": 1699712403.717134}]}, "version": 552}
{"obj": {"type": "LogFloats", "path": ["monitoring", "acda33b4", "memory"], "values": [{"value": 8.399368286132812, "step": null, "ts": 1699712403.717134}]}, "version": 553}
{"obj": {"type": "LogFloats", "path": ["monitoring", "acda33b4", "cpu"], "values": [{"value": 57.9, "step": null, "ts": 1699712413.727495}]}, "version": 554}
{"obj": {"type": "LogFloats", "path": ["monitoring", "acda33b4", "memory"], "values": [{"value": 8.40155029296875, "step": null, "ts": 1699712413.727495}]}, "version": 555}
{"obj": {"type": "LogFloats", "path": ["monitoring", "acda33b4", "cpu"], "values": [{"value": 57.7, "step": null, "ts": 1699712423.729238}]}, "version": 556}
{"obj": {"type": "LogFloats", "path": ["monitoring", "acda33b4", "memory"], "values": [{"value": 8.3558349609375, "step": null, "ts": 1699712423.729238}]}, "version": 557}
{"obj": {"type": "LogFloats", "path": ["monitoring", "acda33b4", "cpu"], "values": [{"value": 59.8, "step": null, "ts": 1699712433.739635}]}, "version": 558}
{"obj": {"type": "LogFloats", "path": ["monitoring", "acda33b4", "memory"], "values": [{"value": 8.408599853515625, "step": null, "ts": 1699712433.739635}]}, "version": 559}
{"obj": {"type": "LogFloats", "path": ["monitoring", "acda33b4", "cpu"], "values": [{"value": 58.1, "step": null, "ts": 1699712443.742944}]}, "version": 560}
{"obj": {"type": "LogFloats", "path": ["monitoring", "acda33b4", "memory"], "values": [{"value": 8.5435791015625, "step": null, "ts": 1699712443.742944}]}, "version": 561}
{"obj": {"type": "LogFloats", "path": ["monitoring", "acda33b4", "cpu"], "values": [{"value": 58.3, "step": null, "ts": 1699712453.75203}]}, "version": 562}
{"obj": {"type": "LogFloats", "path": ["monitoring", "acda33b4", "memory"], "values": [{"value": 8.796707153320312, "step": null, "ts": 1699712453.75203}]}, "version": 563}
{"obj": {"type": "LogFloats", "path": ["monitoring", "acda33b4", "cpu"], "values": [{"value": 58.5, "step": null, "ts": 1699712463.762222}]}, "version": 564}
{"obj": {"type": "LogFloats", "path": ["monitoring", "acda33b4", "memory"], "values": [{"value": 9.0535888671875, "step": null, "ts": 1699712463.762222}]}, "version": 565}
{"obj": {"type": "LogFloats", "path": ["monitoring", "acda33b4", "cpu"], "values": [{"value": 96.7, "step": null, "ts": 1699712473.7725282}]}, "version": 566}
{"obj": {"type": "LogFloats", "path": ["monitoring", "acda33b4", "memory"], "values": [{"value": 10.242584228515625, "step": null, "ts": 1699712473.7725282}]}, "version": 567}
{"obj": {"type": "LogFloats", "path": ["monitoring", "acda33b4", "cpu"], "values": [{"value": 100.0, "step": null, "ts": 1699712668.114783}]}, "version": 568}
{"obj": {"type": "LogFloats", "path": ["monitoring", "acda33b4", "memory"], "values": [{"value": 8.952438354492188, "step": null, "ts": 1699712668.114783}]}, "version": 569}
{"obj": {"type": "LogFloats", "path": ["monitoring", "acda33b4", "cpu"], "values": [{"value": 60.7, "step": null, "ts": 1699712678.175374}]}, "version": 570}
{"obj": {"type": "LogFloats", "path": ["monitoring", "acda33b4", "memory"], "values": [{"value": 8.377792358398438, "step": null, "ts": 1699712678.175374}]}, "version": 571}
{"obj": {"type": "LogFloats", "path": ["monitoring", "acda33b4", "cpu"], "values": [{"value": 56.9, "step": null, "ts": 1699712688.1856298}]}, "version": 572}
{"obj": {"type": "LogFloats", "path": ["monitoring", "acda33b4", "memory"], "values": [{"value": 8.357131958007812, "step": null, "ts": 1699712688.1856298}]}, "version": 573}
{"obj": {"type": "LogFloats", "path": ["monitoring", "acda33b4", "cpu"], "values": [{"value": 58.2, "step": null, "ts": 1699712698.186472}]}, "version": 574}
{"obj": {"type": "LogFloats", "path": ["monitoring", "acda33b4", "memory"], "values": [{"value": 8.37249755859375, "step": null, "ts": 1699712698.186472}]}, "version": 575}
{"obj": {"type": "LogFloats", "path": ["monitoring", "acda33b4", "cpu"], "values": [{"value": 59.5, "step": null, "ts": 1699712708.196794}]}, "version": 576}
{"obj": {"type": "LogFloats", "path": ["monitoring", "acda33b4", "memory"], "values": [{"value": 8.356430053710938, "step": null, "ts": 1699712708.196794}]}, "version": 577}
{"obj": {"type": "LogFloats", "path": ["monitoring", "acda33b4", "cpu"], "values": [{"value": 59.8, "step": null, "ts": 1699712718.2071328}]}, "version": 578}
{"obj": {"type": "LogFloats", "path": ["monitoring", "acda33b4", "memory"], "values": [{"value": 8.355438232421875, "step": null, "ts": 1699712718.2071328}]}, "version": 579}
{"obj": {"type": "LogFloats", "path": ["monitoring", "acda33b4", "cpu"], "values": [{"value": 59.5, "step": null, "ts": 1699712728.2175229}]}, "version": 580}
{"obj": {"type": "LogFloats", "path": ["monitoring", "acda33b4", "memory"], "values": [{"value": 8.3887939453125, "step": null, "ts": 1699712728.2175229}]}, "version": 581}
{"obj": {"type": "LogFloats", "path": ["monitoring", "acda33b4", "cpu"], "values": [{"value": 58.3, "step": null, "ts": 1699712738.22796}]}, "version": 582}
{"obj": {"type": "LogFloats", "path": ["monitoring", "acda33b4", "memory"], "values": [{"value": 8.646896362304688, "step": null, "ts": 1699712738.22796}]}, "version": 583}
{"obj": {"type": "LogFloats", "path": ["monitoring", "acda33b4", "cpu"], "values": [{"value": 57.6, "step": null, "ts": 1699712748.23832}]}, "version": 584}
{"obj": {"type": "LogFloats", "path": ["monitoring", "acda33b4", "memory"], "values": [{"value": 8.88897705078125, "step": null, "ts": 1699712748.23832}]}, "version": 585}
{"obj": {"type": "LogFloats", "path": ["monitoring", "acda33b4", "cpu"], "values": [{"value": 68.6, "step": null, "ts": 1699712758.248676}]}, "version": 586}
{"obj": {"type": "LogFloats", "path": ["monitoring", "acda33b4", "memory"], "values": [{"value": 9.777999877929688, "step": null, "ts": 1699712758.248676}]}, "version": 587}
