{"op_code": 0, "worker_id": "f611bd6d-7ae1-4782-a67e-19903b0e80c7-140278888175424", "study_name": "VDP_Cma_Es_4020_n10000", "directions": [1]}
{"op_code": 4, "worker_id": "f611bd6d-7ae1-4782-a67e-19903b0e80c7-140278888175424", "study_id": 0, "datetime_start": "2023-12-24T23:57:17.896973"}
{"op_code": 5, "worker_id": "f611bd6d-7ae1-4782-a67e-19903b0e80c7-140278888175424", "trial_id": 0, "param_name": "sr", "param_value_internal": 6.104503038738361, "distribution": "{\"name\": \"FloatDistribution\", \"attributes\": {\"step\": null, \"low\": 0.01, \"high\": 10.0, \"log\": true}}"}
{"op_code": 5, "worker_id": "f611bd6d-7ae1-4782-a67e-19903b0e80c7-140278888175424", "trial_id": 0, "param_name": "lr", "param_value_internal": 0.02317439245652087, "distribution": "{\"name\": \"FloatDistribution\", \"attributes\": {\"step\": null, \"low\": 0.001, \"high\": 1.0, \"log\": true}}"}
{"op_code": 5, "worker_id": "f611bd6d-7ae1-4782-a67e-19903b0e80c7-140278888175424", "trial_id": 0, "param_name": "iss", "param_value_internal": 0.11482181960020565, "distribution": "{\"name\": \"FloatDistribution\", \"attributes\": {\"step\": null, \"low\": 0.0, \"high\": 1.0, \"log\": false}}"}
{"op_code": 5, "worker_id": "f611bd6d-7ae1-4782-a67e-19903b0e80c7-140278888175424", "trial_id": 0, "param_name": "ridge", "param_value_internal": 0.0012320059300539002, "distribution": "{\"name\": \"FloatDistribution\", \"attributes\": {\"step\": null, \"low\": 1e-09, \"high\": 0.01, \"log\": true}}"}
{"op_code": 0, "worker_id": "bc837a18-8f87-4b93-863e-bfa44fad4cef-140091863357248", "study_name": "VDP_Cma_Es_4020_n10000", "directions": [1]}
{"op_code": 4, "worker_id": "bc837a18-8f87-4b93-863e-bfa44fad4cef-140091863357248", "study_id": 0, "datetime_start": "2023-12-24T23:57:32.312253"}
{"op_code": 0, "worker_id": "46bdfa65-4070-46af-b00f-fe670eef7abf-140503613208384", "study_name": "VDP_Cma_Es_4020_n10000", "directions": [1]}
{"op_code": 5, "worker_id": "bc837a18-8f87-4b93-863e-bfa44fad4cef-140091863357248", "trial_id": 1, "param_name": "sr", "param_value_internal": 0.026776336578254338, "distribution": "{\"name\": \"FloatDistribution\", \"attributes\": {\"step\": null, \"low\": 0.01, \"high\": 10.0, \"log\": true}}"}
{"op_code": 4, "worker_id": "46bdfa65-4070-46af-b00f-fe670eef7abf-140503613208384", "study_id": 0, "datetime_start": "2023-12-24T23:57:34.625741"}
{"op_code": 0, "worker_id": "ea323111-97e7-4760-aee5-6716b98deee1-140444868282176", "study_name": "VDP_Cma_Es_4020_n10000", "directions": [1]}
{"op_code": 5, "worker_id": "bc837a18-8f87-4b93-863e-bfa44fad4cef-140091863357248", "trial_id": 1, "param_name": "lr", "param_value_internal": 0.6231532573568914, "distribution": "{\"name\": \"FloatDistribution\", \"attributes\": {\"step\": null, \"low\": 0.001, \"high\": 1.0, \"log\": true}}"}
{"op_code": 5, "worker_id": "bc837a18-8f87-4b93-863e-bfa44fad4cef-140091863357248", "trial_id": 1, "param_name": "iss", "param_value_internal": 0.7089414581452472, "distribution": "{\"name\": \"FloatDistribution\", \"attributes\": {\"step\": null, \"low\": 0.0, \"high\": 1.0, \"log\": false}}"}
{"op_code": 0, "worker_id": "d9e9773f-25aa-410d-9e4d-6703f2dedd7f-140521334343488", "study_name": "VDP_Cma_Es_4020_n10000", "directions": [1]}
{"op_code": 0, "worker_id": "4b2cd0d6-2c95-4c29-b7db-a5d58a0e3c27-140419099690816", "study_name": "VDP_Cma_Es_4020_n10000", "directions": [1]}
{"op_code": 5, "worker_id": "bc837a18-8f87-4b93-863e-bfa44fad4cef-140091863357248", "trial_id": 1, "param_name": "ridge", "param_value_internal": 1.549992345923218e-06, "distribution": "{\"name\": \"FloatDistribution\", \"attributes\": {\"step\": null, \"low\": 1e-09, \"high\": 0.01, \"log\": true}}"}
{"op_code": 0, "worker_id": "582a3436-e671-4b8f-a55f-8df7ebf44b6d-139669064959808", "study_name": "VDP_Cma_Es_4020_n10000", "directions": [1]}
{"op_code": 5, "worker_id": "46bdfa65-4070-46af-b00f-fe670eef7abf-140503613208384", "trial_id": 2, "param_name": "sr", "param_value_internal": 8.439926081254999, "distribution": "{\"name\": \"FloatDistribution\", \"attributes\": {\"step\": null, \"low\": 0.01, \"high\": 10.0, \"log\": true}}"}
{"op_code": 4, "worker_id": "ea323111-97e7-4760-aee5-6716b98deee1-140444868282176", "study_id": 0, "datetime_start": "2023-12-24T23:57:40.691237"}
{"op_code": 4, "worker_id": "4b2cd0d6-2c95-4c29-b7db-a5d58a0e3c27-140419099690816", "study_id": 0, "datetime_start": "2023-12-24T23:57:41.436010"}
{"op_code": 4, "worker_id": "d9e9773f-25aa-410d-9e4d-6703f2dedd7f-140521334343488", "study_id": 0, "datetime_start": "2023-12-24T23:57:41.430842"}
{"op_code": 0, "worker_id": "96908177-803a-4bea-b449-6be22a6df770-139823287101248", "study_name": "VDP_Cma_Es_4020_n10000", "directions": [1]}
{"op_code": 0, "worker_id": "0d1b646a-1c5e-4da4-aa9e-5bd6dba2f30d-140396999632704", "study_name": "VDP_Cma_Es_4020_n10000", "directions": [1]}
{"op_code": 0, "worker_id": "4a5c561e-c288-4576-b530-5455abb88c8b-140081989052224", "study_name": "VDP_Cma_Es_4020_n10000", "directions": [1]}
{"op_code": 4, "worker_id": "582a3436-e671-4b8f-a55f-8df7ebf44b6d-139669064959808", "study_id": 0, "datetime_start": "2023-12-24T23:57:44.959979"}
{"op_code": 5, "worker_id": "ea323111-97e7-4760-aee5-6716b98deee1-140444868282176", "trial_id": 3, "param_name": "sr", "param_value_internal": 0.012676435139710904, "distribution": "{\"name\": \"FloatDistribution\", \"attributes\": {\"step\": null, \"low\": 0.01, \"high\": 10.0, \"log\": true}}"}
{"op_code": 5, "worker_id": "4b2cd0d6-2c95-4c29-b7db-a5d58a0e3c27-140419099690816", "trial_id": 4, "param_name": "sr", "param_value_internal": 1.539547498611977, "distribution": "{\"name\": \"FloatDistribution\", \"attributes\": {\"step\": null, \"low\": 0.01, \"high\": 10.0, \"log\": true}}"}
{"op_code": 5, "worker_id": "ea323111-97e7-4760-aee5-6716b98deee1-140444868282176", "trial_id": 3, "param_name": "lr", "param_value_internal": 0.0024794811660597757, "distribution": "{\"name\": \"FloatDistribution\", \"attributes\": {\"step\": null, \"low\": 0.001, \"high\": 1.0, \"log\": true}}"}
{"op_code": 5, "worker_id": "582a3436-e671-4b8f-a55f-8df7ebf44b6d-139669064959808", "trial_id": 6, "param_name": "sr", "param_value_internal": 0.08124109302842022, "distribution": "{\"name\": \"FloatDistribution\", \"attributes\": {\"step\": null, \"low\": 0.01, \"high\": 10.0, \"log\": true}}"}
{"op_code": 4, "worker_id": "96908177-803a-4bea-b449-6be22a6df770-139823287101248", "study_id": 0, "datetime_start": "2023-12-24T23:57:48.385312"}
{"op_code": 5, "worker_id": "582a3436-e671-4b8f-a55f-8df7ebf44b6d-139669064959808", "trial_id": 6, "param_name": "lr", "param_value_internal": 0.03907960217256407, "distribution": "{\"name\": \"FloatDistribution\", \"attributes\": {\"step\": null, \"low\": 0.001, \"high\": 1.0, \"log\": true}}"}
{"op_code": 4, "worker_id": "4a5c561e-c288-4576-b530-5455abb88c8b-140081989052224", "study_id": 0, "datetime_start": "2023-12-24T23:57:49.692029"}
{"op_code": 5, "worker_id": "582a3436-e671-4b8f-a55f-8df7ebf44b6d-139669064959808", "trial_id": 6, "param_name": "iss", "param_value_internal": 0.63386232164955, "distribution": "{\"name\": \"FloatDistribution\", \"attributes\": {\"step\": null, \"low\": 0.0, \"high\": 1.0, \"log\": false}}"}
{"op_code": 5, "worker_id": "4b2cd0d6-2c95-4c29-b7db-a5d58a0e3c27-140419099690816", "trial_id": 4, "param_name": "lr", "param_value_internal": 0.009127838827090706, "distribution": "{\"name\": \"FloatDistribution\", \"attributes\": {\"step\": null, \"low\": 0.001, \"high\": 1.0, \"log\": true}}"}
{"op_code": 5, "worker_id": "582a3436-e671-4b8f-a55f-8df7ebf44b6d-139669064959808", "trial_id": 6, "param_name": "ridge", "param_value_internal": 2.8982176838784103e-05, "distribution": "{\"name\": \"FloatDistribution\", \"attributes\": {\"step\": null, \"low\": 1e-09, \"high\": 0.01, \"log\": true}}"}
{"op_code": 0, "worker_id": "0ac2c6af-029a-4efc-ada2-af93feab9f28-140709931267904", "study_name": "VDP_Cma_Es_4020_n10000", "directions": [1]}
{"op_code": 5, "worker_id": "4b2cd0d6-2c95-4c29-b7db-a5d58a0e3c27-140419099690816", "trial_id": 4, "param_name": "iss", "param_value_internal": 0.6437611766348134, "distribution": "{\"name\": \"FloatDistribution\", \"attributes\": {\"step\": null, \"low\": 0.0, \"high\": 1.0, \"log\": false}}"}
{"op_code": 5, "worker_id": "4a5c561e-c288-4576-b530-5455abb88c8b-140081989052224", "trial_id": 8, "param_name": "sr", "param_value_internal": 1.3954499086071745, "distribution": "{\"name\": \"FloatDistribution\", \"attributes\": {\"step\": null, \"low\": 0.01, \"high\": 10.0, \"log\": true}}"}
{"op_code": 5, "worker_id": "4b2cd0d6-2c95-4c29-b7db-a5d58a0e3c27-140419099690816", "trial_id": 4, "param_name": "ridge", "param_value_internal": 0.00020405674186858822, "distribution": "{\"name\": \"FloatDistribution\", \"attributes\": {\"step\": null, \"low\": 1e-09, \"high\": 0.01, \"log\": true}}"}
{"op_code": 5, "worker_id": "4a5c561e-c288-4576-b530-5455abb88c8b-140081989052224", "trial_id": 8, "param_name": "lr", "param_value_internal": 0.007681614018330233, "distribution": "{\"name\": \"FloatDistribution\", \"attributes\": {\"step\": null, \"low\": 0.001, \"high\": 1.0, \"log\": true}}"}
{"op_code": 0, "worker_id": "ffa10a68-a48f-464f-a017-bc544d8c8957-140537986099008", "study_name": "VDP_Cma_Es_4020_n10000", "directions": [1]}
{"op_code": 5, "worker_id": "4a5c561e-c288-4576-b530-5455abb88c8b-140081989052224", "trial_id": 8, "param_name": "iss", "param_value_internal": 0.6163309445620673, "distribution": "{\"name\": \"FloatDistribution\", \"attributes\": {\"step\": null, \"low\": 0.0, \"high\": 1.0, \"log\": false}}"}
{"op_code": 0, "worker_id": "57e1eb49-6a0d-4a19-96a3-7bf683f6689f-140262516705088", "study_name": "VDP_Cma_Es_4020_n10000", "directions": [1]}
{"op_code": 5, "worker_id": "4a5c561e-c288-4576-b530-5455abb88c8b-140081989052224", "trial_id": 8, "param_name": "ridge", "param_value_internal": 0.0018663974602881174, "distribution": "{\"name\": \"FloatDistribution\", \"attributes\": {\"step\": null, \"low\": 1e-09, \"high\": 0.01, \"log\": true}}"}
{"op_code": 0, "worker_id": "40643927-c6cc-4775-bfcc-99c0189a6b6b-140077487322944", "study_name": "VDP_Cma_Es_4020_n10000", "directions": [1]}
{"op_code": 0, "worker_id": "76b7f78e-e66c-447c-8823-890106782135-140198599321408", "study_name": "VDP_Cma_Es_4020_n10000", "directions": [1]}
{"op_code": 5, "worker_id": "ea323111-97e7-4760-aee5-6716b98deee1-140444868282176", "trial_id": 3, "param_name": "iss", "param_value_internal": 0.9856194484853851, "distribution": "{\"name\": \"FloatDistribution\", \"attributes\": {\"step\": null, \"low\": 0.0, \"high\": 1.0, \"log\": false}}"}
{"op_code": 4, "worker_id": "ffa10a68-a48f-464f-a017-bc544d8c8957-140537986099008", "study_id": 0, "datetime_start": "2023-12-24T23:58:01.980308"}
{"op_code": 5, "worker_id": "ea323111-97e7-4760-aee5-6716b98deee1-140444868282176", "trial_id": 3, "param_name": "ridge", "param_value_internal": 0.00016557705379321565, "distribution": "{\"name\": \"FloatDistribution\", \"attributes\": {\"step\": null, \"low\": 1e-09, \"high\": 0.01, \"log\": true}}"}
{"op_code": 4, "worker_id": "57e1eb49-6a0d-4a19-96a3-7bf683f6689f-140262516705088", "study_id": 0, "datetime_start": "2023-12-24T23:58:03.410273"}
{"op_code": 0, "worker_id": "8edc4227-df71-4ac1-a28d-d012a0ed1c61-140608256649024", "study_name": "VDP_Cma_Es_4020_n10000", "directions": [1]}
{"op_code": 4, "worker_id": "40643927-c6cc-4775-bfcc-99c0189a6b6b-140077487322944", "study_id": 0, "datetime_start": "2023-12-24T23:58:04.415043"}
{"op_code": 4, "worker_id": "76b7f78e-e66c-447c-8823-890106782135-140198599321408", "study_id": 0, "datetime_start": "2023-12-24T23:58:04.983639"}
{"op_code": 5, "worker_id": "ffa10a68-a48f-464f-a017-bc544d8c8957-140537986099008", "trial_id": 9, "param_name": "sr", "param_value_internal": 4.92792455233575, "distribution": "{\"name\": \"FloatDistribution\", \"attributes\": {\"step\": null, \"low\": 0.01, \"high\": 10.0, \"log\": true}}"}
{"op_code": 5, "worker_id": "57e1eb49-6a0d-4a19-96a3-7bf683f6689f-140262516705088", "trial_id": 10, "param_name": "sr", "param_value_internal": 0.09739571273546171, "distribution": "{\"name\": \"FloatDistribution\", \"attributes\": {\"step\": null, \"low\": 0.01, \"high\": 10.0, \"log\": true}}"}
{"op_code": 5, "worker_id": "ffa10a68-a48f-464f-a017-bc544d8c8957-140537986099008", "trial_id": 9, "param_name": "lr", "param_value_internal": 0.005781905908681167, "distribution": "{\"name\": \"FloatDistribution\", \"attributes\": {\"step\": null, \"low\": 0.001, \"high\": 1.0, \"log\": true}}"}
{"op_code": 5, "worker_id": "40643927-c6cc-4775-bfcc-99c0189a6b6b-140077487322944", "trial_id": 11, "param_name": "sr", "param_value_internal": 0.06966383777119262, "distribution": "{\"name\": \"FloatDistribution\", \"attributes\": {\"step\": null, \"low\": 0.01, \"high\": 10.0, \"log\": true}}"}
{"op_code": 5, "worker_id": "76b7f78e-e66c-447c-8823-890106782135-140198599321408", "trial_id": 12, "param_name": "sr", "param_value_internal": 0.18082543421452926, "distribution": "{\"name\": \"FloatDistribution\", \"attributes\": {\"step\": null, \"low\": 0.01, \"high\": 10.0, \"log\": true}}"}
{"op_code": 5, "worker_id": "40643927-c6cc-4775-bfcc-99c0189a6b6b-140077487322944", "trial_id": 11, "param_name": "lr", "param_value_internal": 0.014328484159870543, "distribution": "{\"name\": \"FloatDistribution\", \"attributes\": {\"step\": null, \"low\": 0.001, \"high\": 1.0, \"log\": true}}"}
{"op_code": 5, "worker_id": "76b7f78e-e66c-447c-8823-890106782135-140198599321408", "trial_id": 12, "param_name": "lr", "param_value_internal": 0.2747168995748242, "distribution": "{\"name\": \"FloatDistribution\", \"attributes\": {\"step\": null, \"low\": 0.001, \"high\": 1.0, \"log\": true}}"}
{"op_code": 5, "worker_id": "40643927-c6cc-4775-bfcc-99c0189a6b6b-140077487322944", "trial_id": 11, "param_name": "iss", "param_value_internal": 0.2406362432018554, "distribution": "{\"name\": \"FloatDistribution\", \"attributes\": {\"step\": null, \"low\": 0.0, \"high\": 1.0, \"log\": false}}"}
{"op_code": 5, "worker_id": "76b7f78e-e66c-447c-8823-890106782135-140198599321408", "trial_id": 12, "param_name": "iss", "param_value_internal": 0.6804526905013506, "distribution": "{\"name\": \"FloatDistribution\", \"attributes\": {\"step\": null, \"low\": 0.0, \"high\": 1.0, \"log\": false}}"}
{"op_code": 5, "worker_id": "40643927-c6cc-4775-bfcc-99c0189a6b6b-140077487322944", "trial_id": 11, "param_name": "ridge", "param_value_internal": 0.0018904172209489882, "distribution": "{\"name\": \"FloatDistribution\", \"attributes\": {\"step\": null, \"low\": 1e-09, \"high\": 0.01, \"log\": true}}"}
{"op_code": 5, "worker_id": "76b7f78e-e66c-447c-8823-890106782135-140198599321408", "trial_id": 12, "param_name": "ridge", "param_value_internal": 2.2905385855399852e-08, "distribution": "{\"name\": \"FloatDistribution\", \"attributes\": {\"step\": null, \"low\": 1e-09, \"high\": 0.01, \"log\": true}}"}
{"op_code": 5, "worker_id": "57e1eb49-6a0d-4a19-96a3-7bf683f6689f-140262516705088", "trial_id": 10, "param_name": "lr", "param_value_internal": 0.009579375424633031, "distribution": "{\"name\": \"FloatDistribution\", \"attributes\": {\"step\": null, \"low\": 0.001, \"high\": 1.0, \"log\": true}}"}
{"op_code": 0, "worker_id": "fbfd9606-472a-4dd9-8600-57708589d288-139663004813120", "study_name": "VDP_Cma_Es_4020_n10000", "directions": [1]}
{"op_code": 5, "worker_id": "57e1eb49-6a0d-4a19-96a3-7bf683f6689f-140262516705088", "trial_id": 10, "param_name": "iss", "param_value_internal": 0.3535662718383873, "distribution": "{\"name\": \"FloatDistribution\", \"attributes\": {\"step\": null, \"low\": 0.0, \"high\": 1.0, \"log\": false}}"}
{"op_code": 0, "worker_id": "742f1dec-c824-49b9-bd3d-028084646979-140235675547456", "study_name": "VDP_Cma_Es_4020_n10000", "directions": [1]}
{"op_code": 5, "worker_id": "57e1eb49-6a0d-4a19-96a3-7bf683f6689f-140262516705088", "trial_id": 10, "param_name": "ridge", "param_value_internal": 1.8451723779526798e-06, "distribution": "{\"name\": \"FloatDistribution\", \"attributes\": {\"step\": null, \"low\": 1e-09, \"high\": 0.01, \"log\": true}}"}
{"op_code": 5, "worker_id": "ffa10a68-a48f-464f-a017-bc544d8c8957-140537986099008", "trial_id": 9, "param_name": "iss", "param_value_internal": 0.8840753206365428, "distribution": "{\"name\": \"FloatDistribution\", \"attributes\": {\"step\": null, \"low\": 0.0, \"high\": 1.0, \"log\": false}}"}
{"op_code": 4, "worker_id": "0ac2c6af-029a-4efc-ada2-af93feab9f28-140709931267904", "study_id": 0, "datetime_start": "2023-12-24T23:57:54.652822"}
{"op_code": 5, "worker_id": "ffa10a68-a48f-464f-a017-bc544d8c8957-140537986099008", "trial_id": 9, "param_name": "ridge", "param_value_internal": 7.913349777198234e-05, "distribution": "{\"name\": \"FloatDistribution\", \"attributes\": {\"step\": null, \"low\": 1e-09, \"high\": 0.01, \"log\": true}}"}
{"op_code": 4, "worker_id": "fbfd9606-472a-4dd9-8600-57708589d288-139663004813120", "study_id": 0, "datetime_start": "2023-12-24T23:58:16.396346"}
{"op_code": 4, "worker_id": "0d1b646a-1c5e-4da4-aa9e-5bd6dba2f30d-140396999632704", "study_id": 0, "datetime_start": "2023-12-24T23:57:48.692829"}
{"op_code": 4, "worker_id": "742f1dec-c824-49b9-bd3d-028084646979-140235675547456", "study_id": 0, "datetime_start": "2023-12-24T23:58:17.399120"}
{"op_code": 5, "worker_id": "0ac2c6af-029a-4efc-ada2-af93feab9f28-140709931267904", "trial_id": 13, "param_name": "sr", "param_value_internal": 0.037441514003081953, "distribution": "{\"name\": \"FloatDistribution\", \"attributes\": {\"step\": null, \"low\": 0.01, \"high\": 10.0, \"log\": true}}"}
{"op_code": 4, "worker_id": "8edc4227-df71-4ac1-a28d-d012a0ed1c61-140608256649024", "study_id": 0, "datetime_start": "2023-12-24T23:58:08.422359"}
{"op_code": 5, "worker_id": "0ac2c6af-029a-4efc-ada2-af93feab9f28-140709931267904", "trial_id": 13, "param_name": "lr", "param_value_internal": 0.05372937490013308, "distribution": "{\"name\": \"FloatDistribution\", \"attributes\": {\"step\": null, \"low\": 0.001, \"high\": 1.0, \"log\": true}}"}
{"op_code": 5, "worker_id": "0d1b646a-1c5e-4da4-aa9e-5bd6dba2f30d-140396999632704", "trial_id": 15, "param_name": "sr", "param_value_internal": 0.15231805410380111, "distribution": "{\"name\": \"FloatDistribution\", \"attributes\": {\"step\": null, \"low\": 0.01, \"high\": 10.0, \"log\": true}}"}
{"op_code": 5, "worker_id": "8edc4227-df71-4ac1-a28d-d012a0ed1c61-140608256649024", "trial_id": 17, "param_name": "sr", "param_value_internal": 0.45729173221572395, "distribution": "{\"name\": \"FloatDistribution\", \"attributes\": {\"step\": null, \"low\": 0.01, \"high\": 10.0, \"log\": true}}"}
{"op_code": 5, "worker_id": "0d1b646a-1c5e-4da4-aa9e-5bd6dba2f30d-140396999632704", "trial_id": 15, "param_name": "lr", "param_value_internal": 0.014689847925762686, "distribution": "{\"name\": \"FloatDistribution\", \"attributes\": {\"step\": null, \"low\": 0.001, \"high\": 1.0, \"log\": true}}"}
{"op_code": 5, "worker_id": "8edc4227-df71-4ac1-a28d-d012a0ed1c61-140608256649024", "trial_id": 17, "param_name": "lr", "param_value_internal": 0.010591454116456182, "distribution": "{\"name\": \"FloatDistribution\", \"attributes\": {\"step\": null, \"low\": 0.001, \"high\": 1.0, \"log\": true}}"}
{"op_code": 5, "worker_id": "0d1b646a-1c5e-4da4-aa9e-5bd6dba2f30d-140396999632704", "trial_id": 15, "param_name": "iss", "param_value_internal": 0.04079247435246702, "distribution": "{\"name\": \"FloatDistribution\", \"attributes\": {\"step\": null, \"low\": 0.0, \"high\": 1.0, \"log\": false}}"}
{"op_code": 5, "worker_id": "8edc4227-df71-4ac1-a28d-d012a0ed1c61-140608256649024", "trial_id": 17, "param_name": "iss", "param_value_internal": 0.6448662186853386, "distribution": "{\"name\": \"FloatDistribution\", \"attributes\": {\"step\": null, \"low\": 0.0, \"high\": 1.0, \"log\": false}}"}
{"op_code": 5, "worker_id": "0d1b646a-1c5e-4da4-aa9e-5bd6dba2f30d-140396999632704", "trial_id": 15, "param_name": "ridge", "param_value_internal": 9.329339084433747e-05, "distribution": "{\"name\": \"FloatDistribution\", \"attributes\": {\"step\": null, \"low\": 1e-09, \"high\": 0.01, \"log\": true}}"}
{"op_code": 5, "worker_id": "8edc4227-df71-4ac1-a28d-d012a0ed1c61-140608256649024", "trial_id": 17, "param_name": "ridge", "param_value_internal": 0.00011207401883782907, "distribution": "{\"name\": \"FloatDistribution\", \"attributes\": {\"step\": null, \"low\": 1e-09, \"high\": 0.01, \"log\": true}}"}
{"op_code": 5, "worker_id": "0ac2c6af-029a-4efc-ada2-af93feab9f28-140709931267904", "trial_id": 13, "param_name": "iss", "param_value_internal": 0.19770242548446249, "distribution": "{\"name\": \"FloatDistribution\", \"attributes\": {\"step\": null, \"low\": 0.0, \"high\": 1.0, \"log\": false}}"}
{"op_code": 5, "worker_id": "46bdfa65-4070-46af-b00f-fe670eef7abf-140503613208384", "trial_id": 2, "param_name": "lr", "param_value_internal": 0.33358359637371154, "distribution": "{\"name\": \"FloatDistribution\", \"attributes\": {\"step\": null, \"low\": 0.001, \"high\": 1.0, \"log\": true}}"}
{"op_code": 5, "worker_id": "0ac2c6af-029a-4efc-ada2-af93feab9f28-140709931267904", "trial_id": 13, "param_name": "ridge", "param_value_internal": 5.596204884818402e-08, "distribution": "{\"name\": \"FloatDistribution\", \"attributes\": {\"step\": null, \"low\": 1e-09, \"high\": 0.01, \"log\": true}}"}
{"op_code": 5, "worker_id": "46bdfa65-4070-46af-b00f-fe670eef7abf-140503613208384", "trial_id": 2, "param_name": "iss", "param_value_internal": 0.5714723862560647, "distribution": "{\"name\": \"FloatDistribution\", \"attributes\": {\"step\": null, \"low\": 0.0, \"high\": 1.0, \"log\": false}}"}
{"op_code": 0, "worker_id": "d440b341-cb94-4bb0-b62a-40ef5eff6dcc-140282420946752", "study_name": "VDP_Cma_Es_4020_n10000", "directions": [1]}
{"op_code": 5, "worker_id": "46bdfa65-4070-46af-b00f-fe670eef7abf-140503613208384", "trial_id": 2, "param_name": "ridge", "param_value_internal": 0.002633856325860211, "distribution": "{\"name\": \"FloatDistribution\", \"attributes\": {\"step\": null, \"low\": 1e-09, \"high\": 0.01, \"log\": true}}"}
{"op_code": 5, "worker_id": "742f1dec-c824-49b9-bd3d-028084646979-140235675547456", "trial_id": 16, "param_name": "sr", "param_value_internal": 0.047063448804914663, "distribution": "{\"name\": \"FloatDistribution\", \"attributes\": {\"step\": null, \"low\": 0.01, \"high\": 10.0, \"log\": true}}"}
{"op_code": 5, "worker_id": "d9e9773f-25aa-410d-9e4d-6703f2dedd7f-140521334343488", "trial_id": 5, "param_name": "sr", "param_value_internal": 0.10748131393836374, "distribution": "{\"name\": \"FloatDistribution\", \"attributes\": {\"step\": null, \"low\": 0.01, \"high\": 10.0, \"log\": true}}"}
{"op_code": 5, "worker_id": "742f1dec-c824-49b9-bd3d-028084646979-140235675547456", "trial_id": 16, "param_name": "lr", "param_value_internal": 0.00821664990614549, "distribution": "{\"name\": \"FloatDistribution\", \"attributes\": {\"step\": null, \"low\": 0.001, \"high\": 1.0, \"log\": true}}"}
{"op_code": 5, "worker_id": "d9e9773f-25aa-410d-9e4d-6703f2dedd7f-140521334343488", "trial_id": 5, "param_name": "lr", "param_value_internal": 0.12186928624148285, "distribution": "{\"name\": \"FloatDistribution\", \"attributes\": {\"step\": null, \"low\": 0.001, \"high\": 1.0, \"log\": true}}"}
{"op_code": 5, "worker_id": "742f1dec-c824-49b9-bd3d-028084646979-140235675547456", "trial_id": 16, "param_name": "iss", "param_value_internal": 0.8727398978985903, "distribution": "{\"name\": \"FloatDistribution\", \"attributes\": {\"step\": null, \"low\": 0.0, \"high\": 1.0, \"log\": false}}"}
{"op_code": 4, "worker_id": "d440b341-cb94-4bb0-b62a-40ef5eff6dcc-140282420946752", "study_id": 0, "datetime_start": "2023-12-24T23:58:27.977305"}
{"op_code": 5, "worker_id": "742f1dec-c824-49b9-bd3d-028084646979-140235675547456", "trial_id": 16, "param_name": "ridge", "param_value_internal": 2.5155645991486095e-08, "distribution": "{\"name\": \"FloatDistribution\", \"attributes\": {\"step\": null, \"low\": 1e-09, \"high\": 0.01, \"log\": true}}"}
{"op_code": 0, "worker_id": "82211892-1071-4504-ba2d-9a72cad17585-140018882709312", "study_name": "VDP_Cma_Es_4020_n10000", "directions": [1]}
{"op_code": 5, "worker_id": "d9e9773f-25aa-410d-9e4d-6703f2dedd7f-140521334343488", "trial_id": 5, "param_name": "iss", "param_value_internal": 0.3270405342472148, "distribution": "{\"name\": \"FloatDistribution\", \"attributes\": {\"step\": null, \"low\": 0.0, \"high\": 1.0, \"log\": false}}"}
{"op_code": 5, "worker_id": "fbfd9606-472a-4dd9-8600-57708589d288-139663004813120", "trial_id": 14, "param_name": "sr", "param_value_internal": 0.7324602354000883, "distribution": "{\"name\": \"FloatDistribution\", \"attributes\": {\"step\": null, \"low\": 0.01, \"high\": 10.0, \"log\": true}}"}
{"op_code": 5, "worker_id": "d9e9773f-25aa-410d-9e4d-6703f2dedd7f-140521334343488", "trial_id": 5, "param_name": "ridge", "param_value_internal": 0.001614247256142653, "distribution": "{\"name\": \"FloatDistribution\", \"attributes\": {\"step\": null, \"low\": 1e-09, \"high\": 0.01, \"log\": true}}"}
{"op_code": 5, "worker_id": "fbfd9606-472a-4dd9-8600-57708589d288-139663004813120", "trial_id": 14, "param_name": "lr", "param_value_internal": 0.6651494949455566, "distribution": "{\"name\": \"FloatDistribution\", \"attributes\": {\"step\": null, \"low\": 0.001, \"high\": 1.0, \"log\": true}}"}
{"op_code": 5, "worker_id": "d440b341-cb94-4bb0-b62a-40ef5eff6dcc-140282420946752", "trial_id": 18, "param_name": "sr", "param_value_internal": 0.13998119508534254, "distribution": "{\"name\": \"FloatDistribution\", \"attributes\": {\"step\": null, \"low\": 0.01, \"high\": 10.0, \"log\": true}}"}
{"op_code": 5, "worker_id": "fbfd9606-472a-4dd9-8600-57708589d288-139663004813120", "trial_id": 14, "param_name": "iss", "param_value_internal": 0.3107809124544556, "distribution": "{\"name\": \"FloatDistribution\", \"attributes\": {\"step\": null, \"low\": 0.0, \"high\": 1.0, \"log\": false}}"}
{"op_code": 5, "worker_id": "d440b341-cb94-4bb0-b62a-40ef5eff6dcc-140282420946752", "trial_id": 18, "param_name": "lr", "param_value_internal": 0.007254045856744519, "distribution": "{\"name\": \"FloatDistribution\", \"attributes\": {\"step\": null, \"low\": 0.001, \"high\": 1.0, \"log\": true}}"}
{"op_code": 5, "worker_id": "fbfd9606-472a-4dd9-8600-57708589d288-139663004813120", "trial_id": 14, "param_name": "ridge", "param_value_internal": 0.00029582693087279216, "distribution": "{\"name\": \"FloatDistribution\", \"attributes\": {\"step\": null, \"low\": 1e-09, \"high\": 0.01, \"log\": true}}"}
{"op_code": 5, "worker_id": "d440b341-cb94-4bb0-b62a-40ef5eff6dcc-140282420946752", "trial_id": 18, "param_name": "iss", "param_value_internal": 0.4641962635235306, "distribution": "{\"name\": \"FloatDistribution\", \"attributes\": {\"step\": null, \"low\": 0.0, \"high\": 1.0, \"log\": false}}"}
{"op_code": 0, "worker_id": "56f21eaf-f379-45af-aca8-316d62088c66-140709686388544", "study_name": "VDP_Cma_Es_4020_n10000", "directions": [1]}
{"op_code": 5, "worker_id": "d440b341-cb94-4bb0-b62a-40ef5eff6dcc-140282420946752", "trial_id": 18, "param_name": "ridge", "param_value_internal": 0.00015178168431409985, "distribution": "{\"name\": \"FloatDistribution\", \"attributes\": {\"step\": null, \"low\": 1e-09, \"high\": 0.01, \"log\": true}}"}
{"op_code": 0, "worker_id": "3cdcc360-0a3a-4402-8b38-efccc20acaae-140718493140800", "study_name": "VDP_Cma_Es_4020_n10000", "directions": [1]}
{"op_code": 0, "worker_id": "f474c430-3108-490e-a831-ba24cf04c4f0-139743406884672", "study_name": "VDP_Cma_Es_4020_n10000", "directions": [1]}
{"op_code": 4, "worker_id": "82211892-1071-4504-ba2d-9a72cad17585-140018882709312", "study_id": 0, "datetime_start": "2023-12-24T23:58:31.422269"}
{"op_code": 0, "worker_id": "1949174c-ea31-4f73-abe2-cf333535e031-140314828597056", "study_name": "VDP_Cma_Es_4020_n10000", "directions": [1]}
{"op_code": 0, "worker_id": "277b53a8-5a19-45d6-b576-6f583c81706a-139871578904384", "study_name": "VDP_Cma_Es_4020_n10000", "directions": [1]}
{"op_code": 4, "worker_id": "56f21eaf-f379-45af-aca8-316d62088c66-140709686388544", "study_id": 0, "datetime_start": "2023-12-24T23:58:35.720413"}
{"op_code": 0, "worker_id": "8c3e970f-8e52-464b-a65c-5e5e04efe294-139715848365888", "study_name": "VDP_Cma_Es_4020_n10000", "directions": [1]}
{"op_code": 4, "worker_id": "3cdcc360-0a3a-4402-8b38-efccc20acaae-140718493140800", "study_id": 0, "datetime_start": "2023-12-24T23:58:36.423188"}
{"op_code": 4, "worker_id": "f474c430-3108-490e-a831-ba24cf04c4f0-139743406884672", "study_id": 0, "datetime_start": "2023-12-24T23:58:37.432545"}
{"op_code": 5, "worker_id": "56f21eaf-f379-45af-aca8-316d62088c66-140709686388544", "trial_id": 20, "param_name": "sr", "param_value_internal": 0.7016675891328242, "distribution": "{\"name\": \"FloatDistribution\", \"attributes\": {\"step\": null, \"low\": 0.01, \"high\": 10.0, \"log\": true}}"}
{"op_code": 4, "worker_id": "1949174c-ea31-4f73-abe2-cf333535e031-140314828597056", "study_id": 0, "datetime_start": "2023-12-24T23:58:37.948393"}
{"op_code": 5, "worker_id": "56f21eaf-f379-45af-aca8-316d62088c66-140709686388544", "trial_id": 20, "param_name": "lr", "param_value_internal": 0.025786579486727714, "distribution": "{\"name\": \"FloatDistribution\", \"attributes\": {\"step\": null, \"low\": 0.001, \"high\": 1.0, \"log\": true}}"}
{"op_code": 5, "worker_id": "3cdcc360-0a3a-4402-8b38-efccc20acaae-140718493140800", "trial_id": 21, "param_name": "sr", "param_value_internal": 7.123103912044016, "distribution": "{\"name\": \"FloatDistribution\", \"attributes\": {\"step\": null, \"low\": 0.01, \"high\": 10.0, \"log\": true}}"}
{"op_code": 5, "worker_id": "56f21eaf-f379-45af-aca8-316d62088c66-140709686388544", "trial_id": 20, "param_name": "iss", "param_value_internal": 0.5482635357712401, "distribution": "{\"name\": \"FloatDistribution\", \"attributes\": {\"step\": null, \"low\": 0.0, \"high\": 1.0, \"log\": false}}"}
{"op_code": 5, "worker_id": "3cdcc360-0a3a-4402-8b38-efccc20acaae-140718493140800", "trial_id": 21, "param_name": "lr", "param_value_internal": 0.1999388505893306, "distribution": "{\"name\": \"FloatDistribution\", \"attributes\": {\"step\": null, \"low\": 0.001, \"high\": 1.0, \"log\": true}}"}
{"op_code": 5, "worker_id": "56f21eaf-f379-45af-aca8-316d62088c66-140709686388544", "trial_id": 20, "param_name": "ridge", "param_value_internal": 1.969058213694212e-07, "distribution": "{\"name\": \"FloatDistribution\", \"attributes\": {\"step\": null, \"low\": 1e-09, \"high\": 0.01, \"log\": true}}"}
{"op_code": 5, "worker_id": "3cdcc360-0a3a-4402-8b38-efccc20acaae-140718493140800", "trial_id": 21, "param_name": "iss", "param_value_internal": 0.8233803259351321, "distribution": "{\"name\": \"FloatDistribution\", \"attributes\": {\"step\": null, \"low\": 0.0, \"high\": 1.0, \"log\": false}}"}
{"op_code": 4, "worker_id": "277b53a8-5a19-45d6-b576-6f583c81706a-139871578904384", "study_id": 0, "datetime_start": "2023-12-24T23:58:38.122889"}
{"op_code": 5, "worker_id": "3cdcc360-0a3a-4402-8b38-efccc20acaae-140718493140800", "trial_id": 21, "param_name": "ridge", "param_value_internal": 7.16618770148575e-05, "distribution": "{\"name\": \"FloatDistribution\", \"attributes\": {\"step\": null, \"low\": 1e-09, \"high\": 0.01, \"log\": true}}"}
{"op_code": 4, "worker_id": "8c3e970f-8e52-464b-a65c-5e5e04efe294-139715848365888", "study_id": 0, "datetime_start": "2023-12-24T23:58:39.148555"}
{"op_code": 5, "worker_id": "277b53a8-5a19-45d6-b576-6f583c81706a-139871578904384", "trial_id": 24, "param_name": "sr", "param_value_internal": 2.6416574047047665, "distribution": "{\"name\": \"FloatDistribution\", \"attributes\": {\"step\": null, \"low\": 0.01, \"high\": 10.0, \"log\": true}}"}
{"op_code": 5, "worker_id": "277b53a8-5a19-45d6-b576-6f583c81706a-139871578904384", "trial_id": 24, "param_name": "lr", "param_value_internal": 0.0018444748049802559, "distribution": "{\"name\": \"FloatDistribution\", \"attributes\": {\"step\": null, \"low\": 0.001, \"high\": 1.0, \"log\": true}}"}
{"op_code": 5, "worker_id": "f474c430-3108-490e-a831-ba24cf04c4f0-139743406884672", "trial_id": 22, "param_name": "sr", "param_value_internal": 0.29211189742179994, "distribution": "{\"name\": \"FloatDistribution\", \"attributes\": {\"step\": null, \"low\": 0.01, \"high\": 10.0, \"log\": true}}"}
{"op_code": 5, "worker_id": "277b53a8-5a19-45d6-b576-6f583c81706a-139871578904384", "trial_id": 24, "param_name": "iss", "param_value_internal": 0.15149073129091373, "distribution": "{\"name\": \"FloatDistribution\", \"attributes\": {\"step\": null, \"low\": 0.0, \"high\": 1.0, \"log\": false}}"}
{"op_code": 5, "worker_id": "f474c430-3108-490e-a831-ba24cf04c4f0-139743406884672", "trial_id": 22, "param_name": "lr", "param_value_internal": 0.5578389739827495, "distribution": "{\"name\": \"FloatDistribution\", \"attributes\": {\"step\": null, \"low\": 0.001, \"high\": 1.0, \"log\": true}}"}
{"op_code": 5, "worker_id": "277b53a8-5a19-45d6-b576-6f583c81706a-139871578904384", "trial_id": 24, "param_name": "ridge", "param_value_internal": 7.941695100544516e-08, "distribution": "{\"name\": \"FloatDistribution\", \"attributes\": {\"step\": null, \"low\": 1e-09, \"high\": 0.01, \"log\": true}}"}
{"op_code": 5, "worker_id": "f474c430-3108-490e-a831-ba24cf04c4f0-139743406884672", "trial_id": 22, "param_name": "iss", "param_value_internal": 0.4249438130350054, "distribution": "{\"name\": \"FloatDistribution\", \"attributes\": {\"step\": null, \"low\": 0.0, \"high\": 1.0, \"log\": false}}"}
{"op_code": 5, "worker_id": "1949174c-ea31-4f73-abe2-cf333535e031-140314828597056", "trial_id": 23, "param_name": "sr", "param_value_internal": 0.01578386322359569, "distribution": "{\"name\": \"FloatDistribution\", \"attributes\": {\"step\": null, \"low\": 0.01, \"high\": 10.0, \"log\": true}}"}
{"op_code": 5, "worker_id": "f474c430-3108-490e-a831-ba24cf04c4f0-139743406884672", "trial_id": 22, "param_name": "ridge", "param_value_internal": 1.5310807555786136e-08, "distribution": "{\"name\": \"FloatDistribution\", \"attributes\": {\"step\": null, \"low\": 1e-09, \"high\": 0.01, \"log\": true}}"}
{"op_code": 5, "worker_id": "1949174c-ea31-4f73-abe2-cf333535e031-140314828597056", "trial_id": 23, "param_name": "lr", "param_value_internal": 0.010936960059061966, "distribution": "{\"name\": \"FloatDistribution\", \"attributes\": {\"step\": null, \"low\": 0.001, \"high\": 1.0, \"log\": true}}"}
{"op_code": 5, "worker_id": "1949174c-ea31-4f73-abe2-cf333535e031-140314828597056", "trial_id": 23, "param_name": "iss", "param_value_internal": 0.7983367442325091, "distribution": "{\"name\": \"FloatDistribution\", \"attributes\": {\"step\": null, \"low\": 0.0, \"high\": 1.0, \"log\": false}}"}
{"op_code": 5, "worker_id": "82211892-1071-4504-ba2d-9a72cad17585-140018882709312", "trial_id": 19, "param_name": "sr", "param_value_internal": 0.053118514505489815, "distribution": "{\"name\": \"FloatDistribution\", \"attributes\": {\"step\": null, \"low\": 0.01, \"high\": 10.0, \"log\": true}}"}
{"op_code": 5, "worker_id": "1949174c-ea31-4f73-abe2-cf333535e031-140314828597056", "trial_id": 23, "param_name": "ridge", "param_value_internal": 3.506339595045463e-08, "distribution": "{\"name\": \"FloatDistribution\", \"attributes\": {\"step\": null, \"low\": 1e-09, \"high\": 0.01, \"log\": true}}"}
{"op_code": 5, "worker_id": "82211892-1071-4504-ba2d-9a72cad17585-140018882709312", "trial_id": 19, "param_name": "lr", "param_value_internal": 0.0017923471738174558, "distribution": "{\"name\": \"FloatDistribution\", \"attributes\": {\"step\": null, \"low\": 0.001, \"high\": 1.0, \"log\": true}}"}
{"op_code": 0, "worker_id": "56d8fdc7-744e-4735-92b0-ecc648685579-139895872038720", "study_name": "VDP_Cma_Es_4020_n10000", "directions": [1]}
{"op_code": 5, "worker_id": "82211892-1071-4504-ba2d-9a72cad17585-140018882709312", "trial_id": 19, "param_name": "iss", "param_value_internal": 0.9682028912467205, "distribution": "{\"name\": \"FloatDistribution\", \"attributes\": {\"step\": null, \"low\": 0.0, \"high\": 1.0, \"log\": false}}"}
{"op_code": 5, "worker_id": "82211892-1071-4504-ba2d-9a72cad17585-140018882709312", "trial_id": 19, "param_name": "ridge", "param_value_internal": 7.009992426952732e-09, "distribution": "{\"name\": \"FloatDistribution\", \"attributes\": {\"step\": null, \"low\": 1e-09, \"high\": 0.01, \"log\": true}}"}
{"op_code": 5, "worker_id": "8c3e970f-8e52-464b-a65c-5e5e04efe294-139715848365888", "trial_id": 25, "param_name": "sr", "param_value_internal": 0.5499829411160079, "distribution": "{\"name\": \"FloatDistribution\", \"attributes\": {\"step\": null, \"low\": 0.01, \"high\": 10.0, \"log\": true}}"}
{"op_code": 4, "worker_id": "56d8fdc7-744e-4735-92b0-ecc648685579-139895872038720", "study_id": 0, "datetime_start": "2023-12-24T23:58:49.179839"}
{"op_code": 5, "worker_id": "8c3e970f-8e52-464b-a65c-5e5e04efe294-139715848365888", "trial_id": 25, "param_name": "lr", "param_value_internal": 0.19049767820622676, "distribution": "{\"name\": \"FloatDistribution\", \"attributes\": {\"step\": null, \"low\": 0.001, \"high\": 1.0, \"log\": true}}"}
{"op_code": 5, "worker_id": "96908177-803a-4bea-b449-6be22a6df770-139823287101248", "trial_id": 7, "param_name": "sr", "param_value_internal": 2.475795317944519, "distribution": "{\"name\": \"FloatDistribution\", \"attributes\": {\"step\": null, \"low\": 0.01, \"high\": 10.0, \"log\": true}}"}
{"op_code": 5, "worker_id": "8c3e970f-8e52-464b-a65c-5e5e04efe294-139715848365888", "trial_id": 25, "param_name": "iss", "param_value_internal": 0.7035496256967844, "distribution": "{\"name\": \"FloatDistribution\", \"attributes\": {\"step\": null, \"low\": 0.0, \"high\": 1.0, \"log\": false}}"}
{"op_code": 5, "worker_id": "56d8fdc7-744e-4735-92b0-ecc648685579-139895872038720", "trial_id": 26, "param_name": "sr", "param_value_internal": 1.0953077169204708, "distribution": "{\"name\": \"FloatDistribution\", \"attributes\": {\"step\": null, \"low\": 0.01, \"high\": 10.0, \"log\": true}}"}
{"op_code": 5, "worker_id": "8c3e970f-8e52-464b-a65c-5e5e04efe294-139715848365888", "trial_id": 25, "param_name": "ridge", "param_value_internal": 8.117352101134061e-08, "distribution": "{\"name\": \"FloatDistribution\", \"attributes\": {\"step\": null, \"low\": 1e-09, \"high\": 0.01, \"log\": true}}"}
{"op_code": 5, "worker_id": "56d8fdc7-744e-4735-92b0-ecc648685579-139895872038720", "trial_id": 26, "param_name": "lr", "param_value_internal": 0.0020106833439189533, "distribution": "{\"name\": \"FloatDistribution\", \"attributes\": {\"step\": null, \"low\": 0.001, \"high\": 1.0, \"log\": true}}"}
{"op_code": 0, "worker_id": "26c23074-2cc2-4283-911a-2565e8730399-140401495877440", "study_name": "VDP_Cma_Es_4020_n10000", "directions": [1]}
{"op_code": 5, "worker_id": "56d8fdc7-744e-4735-92b0-ecc648685579-139895872038720", "trial_id": 26, "param_name": "iss", "param_value_internal": 0.5637534186877105, "distribution": "{\"name\": \"FloatDistribution\", \"attributes\": {\"step\": null, \"low\": 0.0, \"high\": 1.0, \"log\": false}}"}
{"op_code": 5, "worker_id": "56d8fdc7-744e-4735-92b0-ecc648685579-139895872038720", "trial_id": 26, "param_name": "ridge", "param_value_internal": 2.816751256561339e-07, "distribution": "{\"name\": \"FloatDistribution\", \"attributes\": {\"step\": null, \"low\": 1e-09, \"high\": 0.01, \"log\": true}}"}
{"op_code": 0, "worker_id": "a6d0379e-1e8d-430b-bdee-75b7274dda3f-139906323289920", "study_name": "VDP_Cma_Es_4020_n10000", "directions": [1]}
{"op_code": 0, "worker_id": "e124c3e9-a7a1-490d-81ac-e9d1e82f96f0-140176162858816", "study_name": "VDP_Cma_Es_4020_n10000", "directions": [1]}
{"op_code": 4, "worker_id": "26c23074-2cc2-4283-911a-2565e8730399-140401495877440", "study_id": 0, "datetime_start": "2023-12-24T23:58:54.753772"}
{"op_code": 5, "worker_id": "96908177-803a-4bea-b449-6be22a6df770-139823287101248", "trial_id": 7, "param_name": "lr", "param_value_internal": 0.0019302085805697092, "distribution": "{\"name\": \"FloatDistribution\", \"attributes\": {\"step\": null, \"low\": 0.001, \"high\": 1.0, \"log\": true}}"}
{"op_code": 5, "worker_id": "96908177-803a-4bea-b449-6be22a6df770-139823287101248", "trial_id": 7, "param_name": "iss", "param_value_internal": 0.8910768948525858, "distribution": "{\"name\": \"FloatDistribution\", \"attributes\": {\"step\": null, \"low\": 0.0, \"high\": 1.0, \"log\": false}}"}
{"op_code": 4, "worker_id": "a6d0379e-1e8d-430b-bdee-75b7274dda3f-139906323289920", "study_id": 0, "datetime_start": "2023-12-24T23:58:56.345937"}
{"op_code": 5, "worker_id": "96908177-803a-4bea-b449-6be22a6df770-139823287101248", "trial_id": 7, "param_name": "ridge", "param_value_internal": 1.2529111579363609e-08, "distribution": "{\"name\": \"FloatDistribution\", \"attributes\": {\"step\": null, \"low\": 1e-09, \"high\": 0.01, \"log\": true}}"}
{"op_code": 4, "worker_id": "e124c3e9-a7a1-490d-81ac-e9d1e82f96f0-140176162858816", "study_id": 0, "datetime_start": "2023-12-24T23:58:56.345104"}
{"op_code": 5, "worker_id": "a6d0379e-1e8d-430b-bdee-75b7274dda3f-139906323289920", "trial_id": 28, "param_name": "sr", "param_value_internal": 0.10855228535209833, "distribution": "{\"name\": \"FloatDistribution\", \"attributes\": {\"step\": null, \"low\": 0.01, \"high\": 10.0, \"log\": true}}"}
{"op_code": 5, "worker_id": "a6d0379e-1e8d-430b-bdee-75b7274dda3f-139906323289920", "trial_id": 28, "param_name": "lr", "param_value_internal": 0.1559983776604012, "distribution": "{\"name\": \"FloatDistribution\", \"attributes\": {\"step\": null, \"low\": 0.001, \"high\": 1.0, \"log\": true}}"}
{"op_code": 5, "worker_id": "26c23074-2cc2-4283-911a-2565e8730399-140401495877440", "trial_id": 27, "param_name": "sr", "param_value_internal": 0.6544337657907122, "distribution": "{\"name\": \"FloatDistribution\", \"attributes\": {\"step\": null, \"low\": 0.01, \"high\": 10.0, \"log\": true}}"}
{"op_code": 5, "worker_id": "a6d0379e-1e8d-430b-bdee-75b7274dda3f-139906323289920", "trial_id": 28, "param_name": "iss", "param_value_internal": 0.4180315944401808, "distribution": "{\"name\": \"FloatDistribution\", \"attributes\": {\"step\": null, \"low\": 0.0, \"high\": 1.0, \"log\": false}}"}
{"op_code": 5, "worker_id": "26c23074-2cc2-4283-911a-2565e8730399-140401495877440", "trial_id": 27, "param_name": "lr", "param_value_internal": 0.1172015585830756, "distribution": "{\"name\": \"FloatDistribution\", \"attributes\": {\"step\": null, \"low\": 0.001, \"high\": 1.0, \"log\": true}}"}
{"op_code": 5, "worker_id": "a6d0379e-1e8d-430b-bdee-75b7274dda3f-139906323289920", "trial_id": 28, "param_name": "ridge", "param_value_internal": 0.0009344224338273446, "distribution": "{\"name\": \"FloatDistribution\", \"attributes\": {\"step\": null, \"low\": 1e-09, \"high\": 0.01, \"log\": true}}"}
{"op_code": 5, "worker_id": "26c23074-2cc2-4283-911a-2565e8730399-140401495877440", "trial_id": 27, "param_name": "iss", "param_value_internal": 0.7667296111982715, "distribution": "{\"name\": \"FloatDistribution\", \"attributes\": {\"step\": null, \"low\": 0.0, \"high\": 1.0, \"log\": false}}"}
{"op_code": 5, "worker_id": "26c23074-2cc2-4283-911a-2565e8730399-140401495877440", "trial_id": 27, "param_name": "ridge", "param_value_internal": 4.7674195264711775e-06, "distribution": "{\"name\": \"FloatDistribution\", \"attributes\": {\"step\": null, \"low\": 1e-09, \"high\": 0.01, \"log\": true}}"}
{"op_code": 5, "worker_id": "e124c3e9-a7a1-490d-81ac-e9d1e82f96f0-140176162858816", "trial_id": 29, "param_name": "sr", "param_value_internal": 0.02373752559758367, "distribution": "{\"name\": \"FloatDistribution\", \"attributes\": {\"step\": null, \"low\": 0.01, \"high\": 10.0, \"log\": true}}"}
{"op_code": 5, "worker_id": "e124c3e9-a7a1-490d-81ac-e9d1e82f96f0-140176162858816", "trial_id": 29, "param_name": "lr", "param_value_internal": 0.016168162617551583, "distribution": "{\"name\": \"FloatDistribution\", \"attributes\": {\"step\": null, \"low\": 0.001, \"high\": 1.0, \"log\": true}}"}
{"op_code": 5, "worker_id": "e124c3e9-a7a1-490d-81ac-e9d1e82f96f0-140176162858816", "trial_id": 29, "param_name": "iss", "param_value_internal": 0.12383705578652304, "distribution": "{\"name\": \"FloatDistribution\", \"attributes\": {\"step\": null, \"low\": 0.0, \"high\": 1.0, \"log\": false}}"}
{"op_code": 5, "worker_id": "e124c3e9-a7a1-490d-81ac-e9d1e82f96f0-140176162858816", "trial_id": 29, "param_name": "ridge", "param_value_internal": 7.009890669210169e-09, "distribution": "{\"name\": \"FloatDistribution\", \"attributes\": {\"step\": null, \"low\": 1e-09, \"high\": 0.01, \"log\": true}}"}
{"op_code": 6, "worker_id": "f611bd6d-7ae1-4782-a67e-19903b0e80c7-140278888175424", "trial_id": 0, "state": 1, "values": [45.475145206914625], "datetime_complete": "2023-12-25T01:22:32.748646"}
{"op_code": 6, "worker_id": "582a3436-e671-4b8f-a55f-8df7ebf44b6d-139669064959808", "trial_id": 6, "state": 1, "values": [0.01728803652372606], "datetime_complete": "2023-12-25T01:23:24.554117"}
{"op_code": 6, "worker_id": "bc837a18-8f87-4b93-863e-bfa44fad4cef-140091863357248", "trial_id": 1, "state": 1, "values": [0.008769854509946896], "datetime_complete": "2023-12-25T01:23:56.903499"}
{"op_code": 6, "worker_id": "40643927-c6cc-4775-bfcc-99c0189a6b6b-140077487322944", "trial_id": 11, "state": 1, "values": [0.028748838486108985], "datetime_complete": "2023-12-25T01:23:57.694683"}
{"op_code": 6, "worker_id": "4b2cd0d6-2c95-4c29-b7db-a5d58a0e3c27-140419099690816", "trial_id": 4, "state": 1, "values": [1.9897290786276567], "datetime_complete": "2023-12-25T01:23:59.184634"}
{"op_code": 6, "worker_id": "57e1eb49-6a0d-4a19-96a3-7bf683f6689f-140262516705088", "trial_id": 10, "state": 1, "values": [0.024411159344431013], "datetime_complete": "2023-12-25T01:24:03.183540"}
{"op_code": 6, "worker_id": "76b7f78e-e66c-447c-8823-890106782135-140198599321408", "trial_id": 12, "state": 1, "values": [0.013022989564403828], "datetime_complete": "2023-12-25T01:24:07.051654"}
{"op_code": 6, "worker_id": "ffa10a68-a48f-464f-a017-bc544d8c8957-140537986099008", "trial_id": 9, "state": 1, "values": [123.3084081370265], "datetime_complete": "2023-12-25T01:24:19.937521"}
{"op_code": 6, "worker_id": "4a5c561e-c288-4576-b530-5455abb88c8b-140081989052224", "trial_id": 8, "state": 1, "values": [0.15006826625089772], "datetime_complete": "2023-12-25T01:24:30.339642"}
{"op_code": 6, "worker_id": "56f21eaf-f379-45af-aca8-316d62088c66-140709686388544", "trial_id": 20, "state": 1, "values": [0.03260337592085418], "datetime_complete": "2023-12-25T01:24:37.866194"}
{"op_code": 6, "worker_id": "d9e9773f-25aa-410d-9e4d-6703f2dedd7f-140521334343488", "trial_id": 5, "state": 1, "values": [0.01101816274134107], "datetime_complete": "2023-12-25T01:24:38.657410"}
{"op_code": 6, "worker_id": "56d8fdc7-744e-4735-92b0-ecc648685579-139895872038720", "trial_id": 26, "state": 1, "values": [2.5392368785030226], "datetime_complete": "2023-12-25T01:24:46.314995"}
{"op_code": 6, "worker_id": "ea323111-97e7-4760-aee5-6716b98deee1-140444868282176", "trial_id": 3, "state": 1, "values": [0.04829875191601679], "datetime_complete": "2023-12-25T01:24:46.815559"}
{"op_code": 6, "worker_id": "0d1b646a-1c5e-4da4-aa9e-5bd6dba2f30d-140396999632704", "trial_id": 15, "state": 1, "values": [0.03176897921504073], "datetime_complete": "2023-12-25T01:24:47.050661"}
{"op_code": 6, "worker_id": "3cdcc360-0a3a-4402-8b38-efccc20acaae-140718493140800", "trial_id": 21, "state": 1, "values": [0.25134540120778376], "datetime_complete": "2023-12-25T01:24:49.247152"}
{"op_code": 6, "worker_id": "a6d0379e-1e8d-430b-bdee-75b7274dda3f-139906323289920", "trial_id": 28, "state": 1, "values": [0.010179171781326012], "datetime_complete": "2023-12-25T01:24:54.441830"}
{"op_code": 6, "worker_id": "742f1dec-c824-49b9-bd3d-028084646979-140235675547456", "trial_id": 16, "state": 1, "values": [0.029937795766903762], "datetime_complete": "2023-12-25T01:24:54.901406"}
{"op_code": 6, "worker_id": "8c3e970f-8e52-464b-a65c-5e5e04efe294-139715848365888", "trial_id": 25, "state": 1, "values": [0.02874609378562468], "datetime_complete": "2023-12-25T01:25:00.812858"}
{"op_code": 6, "worker_id": "26c23074-2cc2-4283-911a-2565e8730399-140401495877440", "trial_id": 27, "state": 1, "values": [0.013914542454321159], "datetime_complete": "2023-12-25T01:25:03.825199"}
{"op_code": 6, "worker_id": "fbfd9606-472a-4dd9-8600-57708589d288-139663004813120", "trial_id": 14, "state": 1, "values": [0.008672290073648512], "datetime_complete": "2023-12-25T01:25:08.610989"}
{"op_code": 6, "worker_id": "8edc4227-df71-4ac1-a28d-d012a0ed1c61-140608256649024", "trial_id": 17, "state": 1, "values": [0.024219463739042903], "datetime_complete": "2023-12-25T01:25:09.695729"}
{"op_code": 6, "worker_id": "46bdfa65-4070-46af-b00f-fe670eef7abf-140503613208384", "trial_id": 2, "state": 1, "values": [0.09414907857970746], "datetime_complete": "2023-12-25T01:25:12.670598"}
{"op_code": 6, "worker_id": "0ac2c6af-029a-4efc-ada2-af93feab9f28-140709931267904", "trial_id": 13, "state": 1, "values": [0.013156075099204459], "datetime_complete": "2023-12-25T01:25:21.004596"}
{"op_code": 6, "worker_id": "277b53a8-5a19-45d6-b576-6f583c81706a-139871578904384", "trial_id": 24, "state": 1, "values": [4436.615748702118], "datetime_complete": "2023-12-25T01:25:22.800483"}
{"op_code": 6, "worker_id": "d440b341-cb94-4bb0-b62a-40ef5eff6dcc-140282420946752", "trial_id": 18, "state": 1, "values": [0.029626056675492854], "datetime_complete": "2023-12-25T01:25:26.610222"}
{"op_code": 6, "worker_id": "1949174c-ea31-4f73-abe2-cf333535e031-140314828597056", "trial_id": 23, "state": 1, "values": [0.02851318934307741], "datetime_complete": "2023-12-25T01:25:31.775717"}
{"op_code": 6, "worker_id": "f474c430-3108-490e-a831-ba24cf04c4f0-139743406884672", "trial_id": 22, "state": 1, "values": [0.014319913560980597], "datetime_complete": "2023-12-25T01:25:37.463194"}
{"op_code": 6, "worker_id": "96908177-803a-4bea-b449-6be22a6df770-139823287101248", "trial_id": 7, "state": 1, "values": [4513.40829764401], "datetime_complete": "2023-12-25T01:25:43.316270"}
{"op_code": 6, "worker_id": "82211892-1071-4504-ba2d-9a72cad17585-140018882709312", "trial_id": 19, "state": 1, "values": [0.05561134979272526], "datetime_complete": "2023-12-25T01:25:54.140695"}
{"op_code": 6, "worker_id": "e124c3e9-a7a1-490d-81ac-e9d1e82f96f0-140176162858816", "trial_id": 29, "state": 1, "values": [0.02030507816697837], "datetime_complete": "2023-12-25T01:25:59.363801"}
{"op_code": 7, "worker_id": "f611bd6d-7ae1-4782-a67e-19903b0e80c7-140278888175424", "trial_id": 0, "step": 0, "intermediate_value": 45.475145206914625}
