{"obj": {"type": "AssignString", "path": ["sys", "name"], "value": "Untitled"}, "version": 1}
{"obj": {"type": "AssignString", "path": ["sys", "description"], "value": ""}, "version": 2}
{"obj": {"type": "AssignString", "path": ["monitoring", "20547788", "hostname"], "value": "ManQueennoMacBook-Pro.local"}, "version": 3}
{"obj": {"type": "AssignString", "path": ["sys", "hostname"], "value": "ManQueennoMacBook-Pro.local"}, "version": 4}
{"obj": {"type": "AssignString", "path": ["monitoring", "20547788", "pid"], "value": "10997"}, "version": 5}
{"obj": {"type": "AssignString", "path": ["monitoring", "20547788", "tid"], "value": "8080793280"}, "version": 6}
{"obj": {"type": "AssignBool", "path": ["sys", "failed"], "value": false}, "version": 7}
{"obj": {"type": "ClearStringLog", "path": ["monitoring", "20547788", "stdout"]}, "version": 8}
{"obj": {"type": "ClearStringLog", "path": ["monitoring", "20547788", "stderr"]}, "version": 9}
{"obj": {"type": "AssignString", "path": ["source_code", "entrypoint"], "value": "2.1.3.py"}, "version": 10}
{"obj": {"type": "UploadFileSet", "path": ["source_code", "files"], "file_globs": ["/Users/manqueenmannequin/mygit/B4thesis_public/mywork/program/Rossler\u4e88\u6e2c_new/2/2.1/2.1.3.py"], "reset": "False"}, "version": 11}
{"obj": {"type": "UploadFile", "path": ["source_code", "diff"], "ext": "patch", "file_path": null, "tmp_file_name": "source_code_diff-1699691086.126931-2023-11-11_17.24.46.126931.patch", "clean_after_upload": false}, "version": 12}
{"obj": {"type": "ConfigFloatSeries", "path": ["monitoring", "20547788", "cpu"], "min": 0.0, "max": 100.0, "unit": "%"}, "version": 13}
{"obj": {"type": "ClearFloatLog", "path": ["monitoring", "20547788", "cpu"]}, "version": 14}
{"obj": {"type": "LogStrings", "path": ["monitoring", "20547788", "stderr"], "values": [{"value": "Info (NVML): NVML Shared Library Not Found. GPU usage metrics may not be reported. For more information, see https://docs.neptune.ai/help/nvml_error/\n", "step": null, "ts": 1699691086.136016}]}, "version": 15}
{"obj": {"type": "ConfigFloatSeries", "path": ["monitoring", "20547788", "memory"], "min": 0.0, "max": 16.0, "unit": "GB"}, "version": 16}
{"obj": {"type": "ClearFloatLog", "path": ["monitoring", "20547788", "memory"]}, "version": 17}
{"obj": {"type": "LogFloats", "path": ["monitoring", "20547788", "cpu"], "values": [{"value": 44.6, "step": null, "ts": 1699691086.1363132}]}, "version": 18}
{"obj": {"type": "LogFloats", "path": ["monitoring", "20547788", "memory"], "values": [{"value": 10.976699829101562, "step": null, "ts": 1699691086.1363132}]}, "version": 19}
{"obj": {"type": "LogStrings", "path": ["monitoring", "20547788", "stdout"], "values": [{"value": "https://app.neptune.ai/shokuno55/B4thesis/e/BTHES-39\n", "step": null, "ts": 1699691087.393794}]}, "version": 20}
{"obj": {"type": "LogStrings", "path": ["monitoring", "20547788", "stdout"], "values": [{"value": "https://app.neptune.ai/shokuno55/B4thesis/e/BTHES-41\n", "step": null, "ts": 1699691088.43362}]}, "version": 21}
{"obj": {"type": "LogFloats", "path": ["monitoring", "20547788", "cpu"], "values": [{"value": 64.6, "step": null, "ts": 1699691096.1426492}]}, "version": 22}
{"obj": {"type": "LogFloats", "path": ["monitoring", "20547788", "memory"], "values": [{"value": 11.184768676757812, "step": null, "ts": 1699691096.1426492}]}, "version": 23}
{"obj": {"type": "LogFloats", "path": ["monitoring", "20547788", "cpu"], "values": [{"value": 41.1, "step": null, "ts": 1699691106.179698}]}, "version": 24}
{"obj": {"type": "LogFloats", "path": ["monitoring", "20547788", "memory"], "values": [{"value": 11.4317626953125, "step": null, "ts": 1699691106.179698}]}, "version": 25}
{"obj": {"type": "LogStrings", "path": ["monitoring", "20547788", "stdout"], "values": [{"value": "Shutting down background jobs, please wait a moment...\n", "step": null, "ts": 1699691106.5157309}]}, "version": 26}
{"obj": {"type": "LogStrings", "path": ["monitoring", "20547788", "stdout"], "values": [{"value": "Done!\n", "step": null, "ts": 1699691106.746449}]}, "version": 27}
{"obj": {"type": "LogStrings", "path": ["monitoring", "20547788", "stdout"], "values": [{"value": "Waiting for the remaining 148 operations to synchronize with Neptune. Do not kill this process.\n", "step": null, "ts": 1699691106.7469518}]}, "version": 28}
{"obj": {"type": "LogFloats", "path": ["monitoring", "20547788", "cpu"], "values": [{"value": 26.3, "step": null, "ts": 1699691116.185278}]}, "version": 29}
{"obj": {"type": "LogFloats", "path": ["monitoring", "20547788", "memory"], "values": [{"value": 11.229248046875, "step": null, "ts": 1699691116.185278}]}, "version": 30}
