{"obj": {"type": "AssignString", "path": ["sys", "name"], "value": "Untitled"}, "version": 1}
{"obj": {"type": "AssignString", "path": ["sys", "description"], "value": ""}, "version": 2}
{"obj": {"type": "AssignString", "path": ["monitoring", "021eeace", "hostname"], "value": "ManQueennoMacBook-Pro.local"}, "version": 3}
{"obj": {"type": "AssignString", "path": ["sys", "hostname"], "value": "ManQueennoMacBook-Pro.local"}, "version": 4}
{"obj": {"type": "AssignString", "path": ["monitoring", "021eeace", "pid"], "value": "11203"}, "version": 5}
{"obj": {"type": "AssignString", "path": ["monitoring", "021eeace", "tid"], "value": "8080793280"}, "version": 6}
{"obj": {"type": "AssignBool", "path": ["sys", "failed"], "value": false}, "version": 7}
{"obj": {"type": "ClearStringLog", "path": ["monitoring", "021eeace", "stdout"]}, "version": 8}
{"obj": {"type": "ClearStringLog", "path": ["monitoring", "021eeace", "stderr"]}, "version": 9}
{"obj": {"type": "AssignString", "path": ["source_code", "entrypoint"], "value": "2.1.3.py"}, "version": 10}
{"obj": {"type": "UploadFileSet", "path": ["source_code", "files"], "file_globs": ["/Users/manqueenmannequin/mygit/B4thesis_public/mywork/program/Rossler\u4e88\u6e2c_new/2/2.1/2.1.3.py"], "reset": "False"}, "version": 11}
{"obj": {"type": "UploadFile", "path": ["source_code", "diff"], "ext": "patch", "file_path": null, "tmp_file_name": "source_code_diff-1699691362.356442-2023-11-11_17.29.22.356442.patch", "clean_after_upload": false}, "version": 12}
{"obj": {"type": "ConfigFloatSeries", "path": ["monitoring", "021eeace", "cpu"], "min": 0.0, "max": 100.0, "unit": "%"}, "version": 13}
{"obj": {"type": "ClearFloatLog", "path": ["monitoring", "021eeace", "cpu"]}, "version": 14}
{"obj": {"type": "ConfigFloatSeries", "path": ["monitoring", "021eeace", "memory"], "min": 0.0, "max": 16.0, "unit": "GB"}, "version": 15}
{"obj": {"type": "ClearFloatLog", "path": ["monitoring", "021eeace", "memory"]}, "version": 16}
{"obj": {"type": "LogFloats", "path": ["monitoring", "021eeace", "cpu"], "values": [{"value": 37.8, "step": null, "ts": 1699691362.362747}]}, "version": 17}
{"obj": {"type": "LogStrings", "path": ["monitoring", "021eeace", "stderr"], "values": [{"value": "Info (NVML): NVML Shared Library Not Found. GPU usage metrics may not be reported. For more information, see https://docs.neptune.ai/help/nvml_error/\n", "step": null, "ts": 1699691362.363606}]}, "version": 18}
{"obj": {"type": "LogFloats", "path": ["monitoring", "021eeace", "memory"], "values": [{"value": 11.03033447265625, "step": null, "ts": 1699691362.362747}]}, "version": 19}
{"obj": {"type": "LogStrings", "path": ["monitoring", "021eeace", "stdout"], "values": [{"value": "https://app.neptune.ai/shokuno55/B4thesis/e/BTHES-51\n", "step": null, "ts": 1699691363.390709}]}, "version": 20}
{"obj": {"type": "LogFloats", "path": ["monitoring", "021eeace", "cpu"], "values": [{"value": 66.2, "step": null, "ts": 1699691372.368992}]}, "version": 21}
{"obj": {"type": "LogFloats", "path": ["monitoring", "021eeace", "memory"], "values": [{"value": 11.283950805664062, "step": null, "ts": 1699691372.368992}]}, "version": 22}
{"obj": {"type": "LogFloats", "path": ["monitoring", "021eeace", "cpu"], "values": [{"value": 37.5, "step": null, "ts": 1699691382.374052}]}, "version": 23}
{"obj": {"type": "LogFloats", "path": ["monitoring", "021eeace", "memory"], "values": [{"value": 11.530548095703125, "step": null, "ts": 1699691382.374052}]}, "version": 24}
