{"op_code": 0, "worker_id": "28ca5ab3-93c8-4e03-a0b3-fa8c338b7e70-139955497744192", "study_name": "result_RS_N10000_4020", "directions": [1]}
{"op_code": 0, "worker_id": "55e216c7-e0b7-4726-8dbb-c1fa1ef1a3a7-139770820544320", "study_name": "result_RS_N10000_4020", "directions": [1]}
{"op_code": 0, "worker_id": "5824598d-5d67-4845-a916-221431bdd780-139796211431232", "study_name": "result_RS_N10000_4020", "directions": [1]}
{"op_code": 0, "worker_id": "76c0d251-ceb2-4248-b404-6e6e0a1d0238-140373204010816", "study_name": "result_RS_N10000_4020", "directions": [1]}
{"op_code": 0, "worker_id": "a0393aa7-dba4-44ce-a4d4-fed16489bcc0-139902468200256", "study_name": "result_RS_N10000_4020", "directions": [1]}
{"op_code": 4, "worker_id": "a0393aa7-dba4-44ce-a4d4-fed16489bcc0-139902468200256", "study_id": 0, "datetime_start": "2023-12-17T11:10:50.947501"}
{"op_code": 0, "worker_id": "9ee1b296-2340-46c6-913e-70c89702def2-140142983427904", "study_name": "result_RS_N10000_4020", "directions": [1]}
{"op_code": 5, "worker_id": "a0393aa7-dba4-44ce-a4d4-fed16489bcc0-139902468200256", "trial_id": 0, "param_name": "sr", "param_value_internal": 9.297055583740045, "distribution": "{\"name\": \"FloatDistribution\", \"attributes\": {\"step\": null, \"low\": 0.01, \"high\": 10.0, \"log\": true}}"}
{"op_code": 5, "worker_id": "a0393aa7-dba4-44ce-a4d4-fed16489bcc0-139902468200256", "trial_id": 0, "param_name": "lr", "param_value_internal": 0.020020938404648504, "distribution": "{\"name\": \"FloatDistribution\", \"attributes\": {\"step\": null, \"low\": 0.001, \"high\": 1.0, \"log\": true}}"}
{"op_code": 0, "worker_id": "9b699e63-a828-4851-9da3-6ddeff7f7e8d-139859701573440", "study_name": "result_RS_N10000_4020", "directions": [1]}
{"op_code": 4, "worker_id": "9ee1b296-2340-46c6-913e-70c89702def2-140142983427904", "study_id": 0, "datetime_start": "2023-12-17T11:10:50.961155"}
{"op_code": 5, "worker_id": "a0393aa7-dba4-44ce-a4d4-fed16489bcc0-139902468200256", "trial_id": 0, "param_name": "iss", "param_value_internal": 0.9272114933410357, "distribution": "{\"name\": \"FloatDistribution\", \"attributes\": {\"step\": null, \"low\": 0.0, \"high\": 1.0, \"log\": false}}"}
{"op_code": 0, "worker_id": "f7edb1b7-8ed6-496e-bf1f-1e365f4b5289-139828030895936", "study_name": "result_RS_N10000_4020", "directions": [1]}
{"op_code": 5, "worker_id": "a0393aa7-dba4-44ce-a4d4-fed16489bcc0-139902468200256", "trial_id": 0, "param_name": "ridge", "param_value_internal": 3.545261688539879e-07, "distribution": "{\"name\": \"FloatDistribution\", \"attributes\": {\"step\": null, \"low\": 1e-09, \"high\": 0.01, \"log\": true}}"}
{"op_code": 4, "worker_id": "76c0d251-ceb2-4248-b404-6e6e0a1d0238-140373204010816", "study_id": 0, "datetime_start": "2023-12-17T11:10:50.845921"}
{"op_code": 4, "worker_id": "f7edb1b7-8ed6-496e-bf1f-1e365f4b5289-139828030895936", "study_id": 0, "datetime_start": "2023-12-17T11:10:50.979520"}
{"op_code": 5, "worker_id": "76c0d251-ceb2-4248-b404-6e6e0a1d0238-140373204010816", "trial_id": 2, "param_name": "sr", "param_value_internal": 0.2582577657237249, "distribution": "{\"name\": \"FloatDistribution\", \"attributes\": {\"step\": null, \"low\": 0.01, \"high\": 10.0, \"log\": true}}"}
{"op_code": 5, "worker_id": "f7edb1b7-8ed6-496e-bf1f-1e365f4b5289-139828030895936", "trial_id": 3, "param_name": "sr", "param_value_internal": 0.4516300724722389, "distribution": "{\"name\": \"FloatDistribution\", \"attributes\": {\"step\": null, \"low\": 0.01, \"high\": 10.0, \"log\": true}}"}
{"op_code": 5, "worker_id": "76c0d251-ceb2-4248-b404-6e6e0a1d0238-140373204010816", "trial_id": 2, "param_name": "lr", "param_value_internal": 0.044931822774975816, "distribution": "{\"name\": \"FloatDistribution\", \"attributes\": {\"step\": null, \"low\": 0.001, \"high\": 1.0, \"log\": true}}"}
{"op_code": 5, "worker_id": "f7edb1b7-8ed6-496e-bf1f-1e365f4b5289-139828030895936", "trial_id": 3, "param_name": "lr", "param_value_internal": 0.7453213623527614, "distribution": "{\"name\": \"FloatDistribution\", \"attributes\": {\"step\": null, \"low\": 0.001, \"high\": 1.0, \"log\": true}}"}
{"op_code": 5, "worker_id": "76c0d251-ceb2-4248-b404-6e6e0a1d0238-140373204010816", "trial_id": 2, "param_name": "iss", "param_value_internal": 0.5966820846793519, "distribution": "{\"name\": \"FloatDistribution\", \"attributes\": {\"step\": null, \"low\": 0.0, \"high\": 1.0, \"log\": false}}"}
{"op_code": 0, "worker_id": "5785176b-618c-4580-a28c-57a9efe3e19f-140064184977216", "study_name": "result_RS_N10000_4020", "directions": [1]}
{"op_code": 5, "worker_id": "76c0d251-ceb2-4248-b404-6e6e0a1d0238-140373204010816", "trial_id": 2, "param_name": "ridge", "param_value_internal": 1.4622892424523255e-07, "distribution": "{\"name\": \"FloatDistribution\", \"attributes\": {\"step\": null, \"low\": 1e-09, \"high\": 0.01, \"log\": true}}"}
{"op_code": 5, "worker_id": "f7edb1b7-8ed6-496e-bf1f-1e365f4b5289-139828030895936", "trial_id": 3, "param_name": "iss", "param_value_internal": 0.3829436805165993, "distribution": "{\"name\": \"FloatDistribution\", \"attributes\": {\"step\": null, \"low\": 0.0, \"high\": 1.0, \"log\": false}}"}
{"op_code": 4, "worker_id": "5785176b-618c-4580-a28c-57a9efe3e19f-140064184977216", "study_id": 0, "datetime_start": "2023-12-17T11:10:51.004840"}
{"op_code": 5, "worker_id": "f7edb1b7-8ed6-496e-bf1f-1e365f4b5289-139828030895936", "trial_id": 3, "param_name": "ridge", "param_value_internal": 1.2037395515915107e-05, "distribution": "{\"name\": \"FloatDistribution\", \"attributes\": {\"step\": null, \"low\": 1e-09, \"high\": 0.01, \"log\": true}}"}
{"op_code": 5, "worker_id": "5785176b-618c-4580-a28c-57a9efe3e19f-140064184977216", "trial_id": 4, "param_name": "sr", "param_value_internal": 0.12138295684740269, "distribution": "{\"name\": \"FloatDistribution\", \"attributes\": {\"step\": null, \"low\": 0.01, \"high\": 10.0, \"log\": true}}"}
{"op_code": 5, "worker_id": "5785176b-618c-4580-a28c-57a9efe3e19f-140064184977216", "trial_id": 4, "param_name": "lr", "param_value_internal": 0.005296085699770844, "distribution": "{\"name\": \"FloatDistribution\", \"attributes\": {\"step\": null, \"low\": 0.001, \"high\": 1.0, \"log\": true}}"}
{"op_code": 5, "worker_id": "5785176b-618c-4580-a28c-57a9efe3e19f-140064184977216", "trial_id": 4, "param_name": "iss", "param_value_internal": 0.8109671671077441, "distribution": "{\"name\": \"FloatDistribution\", \"attributes\": {\"step\": null, \"low\": 0.0, \"high\": 1.0, \"log\": false}}"}
{"op_code": 5, "worker_id": "5785176b-618c-4580-a28c-57a9efe3e19f-140064184977216", "trial_id": 4, "param_name": "ridge", "param_value_internal": 2.2720493973760615e-09, "distribution": "{\"name\": \"FloatDistribution\", \"attributes\": {\"step\": null, \"low\": 1e-09, \"high\": 0.01, \"log\": true}}"}
{"op_code": 5, "worker_id": "9ee1b296-2340-46c6-913e-70c89702def2-140142983427904", "trial_id": 1, "param_name": "sr", "param_value_internal": 0.0638864474978158, "distribution": "{\"name\": \"FloatDistribution\", \"attributes\": {\"step\": null, \"low\": 0.01, \"high\": 10.0, \"log\": true}}"}
{"op_code": 5, "worker_id": "9ee1b296-2340-46c6-913e-70c89702def2-140142983427904", "trial_id": 1, "param_name": "lr", "param_value_internal": 0.039363404122601024, "distribution": "{\"name\": \"FloatDistribution\", \"attributes\": {\"step\": null, \"low\": 0.001, \"high\": 1.0, \"log\": true}}"}
{"op_code": 5, "worker_id": "9ee1b296-2340-46c6-913e-70c89702def2-140142983427904", "trial_id": 1, "param_name": "iss", "param_value_internal": 0.13191869928230093, "distribution": "{\"name\": \"FloatDistribution\", \"attributes\": {\"step\": null, \"low\": 0.0, \"high\": 1.0, \"log\": false}}"}
{"op_code": 5, "worker_id": "9ee1b296-2340-46c6-913e-70c89702def2-140142983427904", "trial_id": 1, "param_name": "ridge", "param_value_internal": 2.3090066485179484e-07, "distribution": "{\"name\": \"FloatDistribution\", \"attributes\": {\"step\": null, \"low\": 1e-09, \"high\": 0.01, \"log\": true}}"}
{"op_code": 0, "worker_id": "d6514f25-49c8-437a-8004-5d8ac6fa85c5-140466698467136", "study_name": "result_RS_N10000_4020", "directions": [1]}
{"op_code": 4, "worker_id": "d6514f25-49c8-437a-8004-5d8ac6fa85c5-140466698467136", "study_id": 0, "datetime_start": "2023-12-17T11:10:51.059405"}
{"op_code": 5, "worker_id": "d6514f25-49c8-437a-8004-5d8ac6fa85c5-140466698467136", "trial_id": 5, "param_name": "sr", "param_value_internal": 2.4968891584805166, "distribution": "{\"name\": \"FloatDistribution\", \"attributes\": {\"step\": null, \"low\": 0.01, \"high\": 10.0, \"log\": true}}"}
{"op_code": 5, "worker_id": "d6514f25-49c8-437a-8004-5d8ac6fa85c5-140466698467136", "trial_id": 5, "param_name": "lr", "param_value_internal": 0.2176673422538816, "distribution": "{\"name\": \"FloatDistribution\", \"attributes\": {\"step\": null, \"low\": 0.001, \"high\": 1.0, \"log\": true}}"}
{"op_code": 5, "worker_id": "d6514f25-49c8-437a-8004-5d8ac6fa85c5-140466698467136", "trial_id": 5, "param_name": "iss", "param_value_internal": 0.1881604539627758, "distribution": "{\"name\": \"FloatDistribution\", \"attributes\": {\"step\": null, \"low\": 0.0, \"high\": 1.0, \"log\": false}}"}
{"op_code": 5, "worker_id": "d6514f25-49c8-437a-8004-5d8ac6fa85c5-140466698467136", "trial_id": 5, "param_name": "ridge", "param_value_internal": 0.00010934770326668734, "distribution": "{\"name\": \"FloatDistribution\", \"attributes\": {\"step\": null, \"low\": 1e-09, \"high\": 0.01, \"log\": true}}"}
{"op_code": 0, "worker_id": "a1b9269f-8418-4eaf-b0cf-463db7f30e04-139679742011200", "study_name": "result_RS_N10000_4020", "directions": [1]}
{"op_code": 4, "worker_id": "a1b9269f-8418-4eaf-b0cf-463db7f30e04-139679742011200", "study_id": 0, "datetime_start": "2023-12-17T11:10:51.094409"}
{"op_code": 4, "worker_id": "28ca5ab3-93c8-4e03-a0b3-fa8c338b7e70-139955497744192", "study_id": 0, "datetime_start": "2023-12-17T11:10:50.836892"}
{"op_code": 4, "worker_id": "5824598d-5d67-4845-a916-221431bdd780-139796211431232", "study_id": 0, "datetime_start": "2023-12-17T11:10:50.841073"}
{"op_code": 4, "worker_id": "9b699e63-a828-4851-9da3-6ddeff7f7e8d-139859701573440", "study_id": 0, "datetime_start": "2023-12-17T11:10:50.971692"}
{"op_code": 5, "worker_id": "28ca5ab3-93c8-4e03-a0b3-fa8c338b7e70-139955497744192", "trial_id": 7, "param_name": "sr", "param_value_internal": 0.09069238423239429, "distribution": "{\"name\": \"FloatDistribution\", \"attributes\": {\"step\": null, \"low\": 0.01, \"high\": 10.0, \"log\": true}}"}
{"op_code": 5, "worker_id": "5824598d-5d67-4845-a916-221431bdd780-139796211431232", "trial_id": 8, "param_name": "sr", "param_value_internal": 0.42915075259114316, "distribution": "{\"name\": \"FloatDistribution\", \"attributes\": {\"step\": null, \"low\": 0.01, \"high\": 10.0, \"log\": true}}"}
{"op_code": 5, "worker_id": "28ca5ab3-93c8-4e03-a0b3-fa8c338b7e70-139955497744192", "trial_id": 7, "param_name": "lr", "param_value_internal": 0.008945644809163654, "distribution": "{\"name\": \"FloatDistribution\", \"attributes\": {\"step\": null, \"low\": 0.001, \"high\": 1.0, \"log\": true}}"}
{"op_code": 5, "worker_id": "5824598d-5d67-4845-a916-221431bdd780-139796211431232", "trial_id": 8, "param_name": "lr", "param_value_internal": 0.002068056169100721, "distribution": "{\"name\": \"FloatDistribution\", \"attributes\": {\"step\": null, \"low\": 0.001, \"high\": 1.0, \"log\": true}}"}
{"op_code": 5, "worker_id": "28ca5ab3-93c8-4e03-a0b3-fa8c338b7e70-139955497744192", "trial_id": 7, "param_name": "iss", "param_value_internal": 0.5217744336669576, "distribution": "{\"name\": \"FloatDistribution\", \"attributes\": {\"step\": null, \"low\": 0.0, \"high\": 1.0, \"log\": false}}"}
{"op_code": 5, "worker_id": "5824598d-5d67-4845-a916-221431bdd780-139796211431232", "trial_id": 8, "param_name": "iss", "param_value_internal": 0.42009391620568404, "distribution": "{\"name\": \"FloatDistribution\", \"attributes\": {\"step\": null, \"low\": 0.0, \"high\": 1.0, \"log\": false}}"}
{"op_code": 0, "worker_id": "3160037b-9d9f-44a5-9444-21f622af9ab2-140577453094720", "study_name": "result_RS_N10000_4020", "directions": [1]}
{"op_code": 0, "worker_id": "27364df1-40d0-4958-aea3-cabb73c75af7-139798036191040", "study_name": "result_RS_N10000_4020", "directions": [1]}
{"op_code": 5, "worker_id": "9b699e63-a828-4851-9da3-6ddeff7f7e8d-139859701573440", "trial_id": 9, "param_name": "sr", "param_value_internal": 0.9136729751213607, "distribution": "{\"name\": \"FloatDistribution\", \"attributes\": {\"step\": null, \"low\": 0.01, \"high\": 10.0, \"log\": true}}"}
{"op_code": 5, "worker_id": "28ca5ab3-93c8-4e03-a0b3-fa8c338b7e70-139955497744192", "trial_id": 7, "param_name": "ridge", "param_value_internal": 0.000348827181789297, "distribution": "{\"name\": \"FloatDistribution\", \"attributes\": {\"step\": null, \"low\": 1e-09, \"high\": 0.01, \"log\": true}}"}
{"op_code": 5, "worker_id": "9b699e63-a828-4851-9da3-6ddeff7f7e8d-139859701573440", "trial_id": 9, "param_name": "lr", "param_value_internal": 0.007540335327370845, "distribution": "{\"name\": \"FloatDistribution\", \"attributes\": {\"step\": null, \"low\": 0.001, \"high\": 1.0, \"log\": true}}"}
{"op_code": 4, "worker_id": "27364df1-40d0-4958-aea3-cabb73c75af7-139798036191040", "study_id": 0, "datetime_start": "2023-12-17T11:10:51.138669"}
{"op_code": 5, "worker_id": "9b699e63-a828-4851-9da3-6ddeff7f7e8d-139859701573440", "trial_id": 9, "param_name": "iss", "param_value_internal": 0.9841705965573789, "distribution": "{\"name\": \"FloatDistribution\", \"attributes\": {\"step\": null, \"low\": 0.0, \"high\": 1.0, \"log\": false}}"}
{"op_code": 4, "worker_id": "3160037b-9d9f-44a5-9444-21f622af9ab2-140577453094720", "study_id": 0, "datetime_start": "2023-12-17T11:10:51.133981"}
{"op_code": 5, "worker_id": "27364df1-40d0-4958-aea3-cabb73c75af7-139798036191040", "trial_id": 10, "param_name": "sr", "param_value_internal": 0.2805926104040172, "distribution": "{\"name\": \"FloatDistribution\", \"attributes\": {\"step\": null, \"low\": 0.01, \"high\": 10.0, \"log\": true}}"}
{"op_code": 5, "worker_id": "9b699e63-a828-4851-9da3-6ddeff7f7e8d-139859701573440", "trial_id": 9, "param_name": "ridge", "param_value_internal": 3.609207365438128e-07, "distribution": "{\"name\": \"FloatDistribution\", \"attributes\": {\"step\": null, \"low\": 1e-09, \"high\": 0.01, \"log\": true}}"}
{"op_code": 5, "worker_id": "3160037b-9d9f-44a5-9444-21f622af9ab2-140577453094720", "trial_id": 11, "param_name": "sr", "param_value_internal": 0.13469003159794848, "distribution": "{\"name\": \"FloatDistribution\", \"attributes\": {\"step\": null, \"low\": 0.01, \"high\": 10.0, \"log\": true}}"}
{"op_code": 5, "worker_id": "27364df1-40d0-4958-aea3-cabb73c75af7-139798036191040", "trial_id": 10, "param_name": "lr", "param_value_internal": 0.0275617025065225, "distribution": "{\"name\": \"FloatDistribution\", \"attributes\": {\"step\": null, \"low\": 0.001, \"high\": 1.0, \"log\": true}}"}
{"op_code": 5, "worker_id": "3160037b-9d9f-44a5-9444-21f622af9ab2-140577453094720", "trial_id": 11, "param_name": "lr", "param_value_internal": 0.015799864377243872, "distribution": "{\"name\": \"FloatDistribution\", \"attributes\": {\"step\": null, \"low\": 0.001, \"high\": 1.0, \"log\": true}}"}
{"op_code": 5, "worker_id": "27364df1-40d0-4958-aea3-cabb73c75af7-139798036191040", "trial_id": 10, "param_name": "iss", "param_value_internal": 0.6955206074400543, "distribution": "{\"name\": \"FloatDistribution\", \"attributes\": {\"step\": null, \"low\": 0.0, \"high\": 1.0, \"log\": false}}"}
{"op_code": 5, "worker_id": "3160037b-9d9f-44a5-9444-21f622af9ab2-140577453094720", "trial_id": 11, "param_name": "iss", "param_value_internal": 0.879067520976976, "distribution": "{\"name\": \"FloatDistribution\", \"attributes\": {\"step\": null, \"low\": 0.0, \"high\": 1.0, \"log\": false}}"}
{"op_code": 5, "worker_id": "27364df1-40d0-4958-aea3-cabb73c75af7-139798036191040", "trial_id": 10, "param_name": "ridge", "param_value_internal": 0.006584594945820106, "distribution": "{\"name\": \"FloatDistribution\", \"attributes\": {\"step\": null, \"low\": 1e-09, \"high\": 0.01, \"log\": true}}"}
{"op_code": 5, "worker_id": "a1b9269f-8418-4eaf-b0cf-463db7f30e04-139679742011200", "trial_id": 6, "param_name": "sr", "param_value_internal": 1.232697204583014, "distribution": "{\"name\": \"FloatDistribution\", \"attributes\": {\"step\": null, \"low\": 0.01, \"high\": 10.0, \"log\": true}}"}
{"op_code": 5, "worker_id": "3160037b-9d9f-44a5-9444-21f622af9ab2-140577453094720", "trial_id": 11, "param_name": "ridge", "param_value_internal": 9.29054183573395e-06, "distribution": "{\"name\": \"FloatDistribution\", \"attributes\": {\"step\": null, \"low\": 1e-09, \"high\": 0.01, \"log\": true}}"}
{"op_code": 5, "worker_id": "a1b9269f-8418-4eaf-b0cf-463db7f30e04-139679742011200", "trial_id": 6, "param_name": "lr", "param_value_internal": 0.40497300672974845, "distribution": "{\"name\": \"FloatDistribution\", \"attributes\": {\"step\": null, \"low\": 0.001, \"high\": 1.0, \"log\": true}}"}
{"op_code": 5, "worker_id": "a1b9269f-8418-4eaf-b0cf-463db7f30e04-139679742011200", "trial_id": 6, "param_name": "iss", "param_value_internal": 0.5271864271499176, "distribution": "{\"name\": \"FloatDistribution\", \"attributes\": {\"step\": null, \"low\": 0.0, \"high\": 1.0, \"log\": false}}"}
{"op_code": 5, "worker_id": "a1b9269f-8418-4eaf-b0cf-463db7f30e04-139679742011200", "trial_id": 6, "param_name": "ridge", "param_value_internal": 1.5819115692420072e-09, "distribution": "{\"name\": \"FloatDistribution\", \"attributes\": {\"step\": null, \"low\": 1e-09, \"high\": 0.01, \"log\": true}}"}
{"op_code": 5, "worker_id": "5824598d-5d67-4845-a916-221431bdd780-139796211431232", "trial_id": 8, "param_name": "ridge", "param_value_internal": 0.0040346655763956124, "distribution": "{\"name\": \"FloatDistribution\", \"attributes\": {\"step\": null, \"low\": 1e-09, \"high\": 0.01, \"log\": true}}"}
{"op_code": 4, "worker_id": "55e216c7-e0b7-4726-8dbb-c1fa1ef1a3a7-139770820544320", "study_id": 0, "datetime_start": "2023-12-17T11:10:50.837126"}
{"op_code": 0, "worker_id": "6a853775-cb3f-47fe-9f42-c4f72b1b8ec7-140278360110912", "study_name": "result_RS_N10000_4020", "directions": [1]}
{"op_code": 5, "worker_id": "55e216c7-e0b7-4726-8dbb-c1fa1ef1a3a7-139770820544320", "trial_id": 12, "param_name": "sr", "param_value_internal": 0.013361627503858234, "distribution": "{\"name\": \"FloatDistribution\", \"attributes\": {\"step\": null, \"low\": 0.01, \"high\": 10.0, \"log\": true}}"}
{"op_code": 5, "worker_id": "55e216c7-e0b7-4726-8dbb-c1fa1ef1a3a7-139770820544320", "trial_id": 12, "param_name": "lr", "param_value_internal": 0.9413024279339065, "distribution": "{\"name\": \"FloatDistribution\", \"attributes\": {\"step\": null, \"low\": 0.001, \"high\": 1.0, \"log\": true}}"}
{"op_code": 4, "worker_id": "6a853775-cb3f-47fe-9f42-c4f72b1b8ec7-140278360110912", "study_id": 0, "datetime_start": "2023-12-17T11:10:51.369126"}
{"op_code": 5, "worker_id": "55e216c7-e0b7-4726-8dbb-c1fa1ef1a3a7-139770820544320", "trial_id": 12, "param_name": "iss", "param_value_internal": 0.6726929524275496, "distribution": "{\"name\": \"FloatDistribution\", \"attributes\": {\"step\": null, \"low\": 0.0, \"high\": 1.0, \"log\": false}}"}
{"op_code": 5, "worker_id": "55e216c7-e0b7-4726-8dbb-c1fa1ef1a3a7-139770820544320", "trial_id": 12, "param_name": "ridge", "param_value_internal": 3.9400379672622527e-05, "distribution": "{\"name\": \"FloatDistribution\", \"attributes\": {\"step\": null, \"low\": 1e-09, \"high\": 0.01, \"log\": true}}"}
{"op_code": 0, "worker_id": "79debde3-ecc8-414b-b869-1803c6c50698-140083388438336", "study_name": "result_RS_N10000_4020", "directions": [1]}
{"op_code": 5, "worker_id": "6a853775-cb3f-47fe-9f42-c4f72b1b8ec7-140278360110912", "trial_id": 13, "param_name": "sr", "param_value_internal": 0.3943999761398006, "distribution": "{\"name\": \"FloatDistribution\", \"attributes\": {\"step\": null, \"low\": 0.01, \"high\": 10.0, \"log\": true}}"}
{"op_code": 5, "worker_id": "6a853775-cb3f-47fe-9f42-c4f72b1b8ec7-140278360110912", "trial_id": 13, "param_name": "lr", "param_value_internal": 0.7601720606191603, "distribution": "{\"name\": \"FloatDistribution\", \"attributes\": {\"step\": null, \"low\": 0.001, \"high\": 1.0, \"log\": true}}"}
{"op_code": 0, "worker_id": "89e4c741-6f96-4d80-818c-4853c11fb7f1-140180790642496", "study_name": "result_RS_N10000_4020", "directions": [1]}
{"op_code": 5, "worker_id": "6a853775-cb3f-47fe-9f42-c4f72b1b8ec7-140278360110912", "trial_id": 13, "param_name": "iss", "param_value_internal": 0.682100462927121, "distribution": "{\"name\": \"FloatDistribution\", \"attributes\": {\"step\": null, \"low\": 0.0, \"high\": 1.0, \"log\": false}}"}
{"op_code": 4, "worker_id": "79debde3-ecc8-414b-b869-1803c6c50698-140083388438336", "study_id": 0, "datetime_start": "2023-12-17T11:10:51.393783"}
{"op_code": 5, "worker_id": "6a853775-cb3f-47fe-9f42-c4f72b1b8ec7-140278360110912", "trial_id": 13, "param_name": "ridge", "param_value_internal": 1.3669167929837158e-09, "distribution": "{\"name\": \"FloatDistribution\", \"attributes\": {\"step\": null, \"low\": 1e-09, \"high\": 0.01, \"log\": true}}"}
{"op_code": 4, "worker_id": "89e4c741-6f96-4d80-818c-4853c11fb7f1-140180790642496", "study_id": 0, "datetime_start": "2023-12-17T11:10:51.402879"}
{"op_code": 5, "worker_id": "79debde3-ecc8-414b-b869-1803c6c50698-140083388438336", "trial_id": 14, "param_name": "sr", "param_value_internal": 0.35943413012402675, "distribution": "{\"name\": \"FloatDistribution\", \"attributes\": {\"step\": null, \"low\": 0.01, \"high\": 10.0, \"log\": true}}"}
{"op_code": 5, "worker_id": "79debde3-ecc8-414b-b869-1803c6c50698-140083388438336", "trial_id": 14, "param_name": "lr", "param_value_internal": 0.0020067680979974013, "distribution": "{\"name\": \"FloatDistribution\", \"attributes\": {\"step\": null, \"low\": 0.001, \"high\": 1.0, \"log\": true}}"}
{"op_code": 5, "worker_id": "89e4c741-6f96-4d80-818c-4853c11fb7f1-140180790642496", "trial_id": 15, "param_name": "sr", "param_value_internal": 0.1173008664686255, "distribution": "{\"name\": \"FloatDistribution\", \"attributes\": {\"step\": null, \"low\": 0.01, \"high\": 10.0, \"log\": true}}"}
{"op_code": 5, "worker_id": "79debde3-ecc8-414b-b869-1803c6c50698-140083388438336", "trial_id": 14, "param_name": "iss", "param_value_internal": 0.3751619442507649, "distribution": "{\"name\": \"FloatDistribution\", \"attributes\": {\"step\": null, \"low\": 0.0, \"high\": 1.0, \"log\": false}}"}
{"op_code": 5, "worker_id": "89e4c741-6f96-4d80-818c-4853c11fb7f1-140180790642496", "trial_id": 15, "param_name": "lr", "param_value_internal": 0.0028060231202022747, "distribution": "{\"name\": \"FloatDistribution\", \"attributes\": {\"step\": null, \"low\": 0.001, \"high\": 1.0, \"log\": true}}"}
{"op_code": 5, "worker_id": "79debde3-ecc8-414b-b869-1803c6c50698-140083388438336", "trial_id": 14, "param_name": "ridge", "param_value_internal": 5.75131384186607e-05, "distribution": "{\"name\": \"FloatDistribution\", \"attributes\": {\"step\": null, \"low\": 1e-09, \"high\": 0.01, \"log\": true}}"}
{"op_code": 5, "worker_id": "89e4c741-6f96-4d80-818c-4853c11fb7f1-140180790642496", "trial_id": 15, "param_name": "iss", "param_value_internal": 0.14725746614726554, "distribution": "{\"name\": \"FloatDistribution\", \"attributes\": {\"step\": null, \"low\": 0.0, \"high\": 1.0, \"log\": false}}"}
{"op_code": 5, "worker_id": "89e4c741-6f96-4d80-818c-4853c11fb7f1-140180790642496", "trial_id": 15, "param_name": "ridge", "param_value_internal": 4.25810613653993e-09, "distribution": "{\"name\": \"FloatDistribution\", \"attributes\": {\"step\": null, \"low\": 1e-09, \"high\": 0.01, \"log\": true}}"}
{"op_code": 0, "worker_id": "7d5e2cbd-05e8-408c-a734-67cd6afaf159-139989332727616", "study_name": "result_RS_N10000_4020", "directions": [1]}
{"op_code": 4, "worker_id": "7d5e2cbd-05e8-408c-a734-67cd6afaf159-139989332727616", "study_id": 0, "datetime_start": "2023-12-17T11:10:51.884869"}
{"op_code": 5, "worker_id": "7d5e2cbd-05e8-408c-a734-67cd6afaf159-139989332727616", "trial_id": 16, "param_name": "sr", "param_value_internal": 0.017731775659282835, "distribution": "{\"name\": \"FloatDistribution\", \"attributes\": {\"step\": null, \"low\": 0.01, \"high\": 10.0, \"log\": true}}"}
{"op_code": 5, "worker_id": "7d5e2cbd-05e8-408c-a734-67cd6afaf159-139989332727616", "trial_id": 16, "param_name": "lr", "param_value_internal": 0.00382956324083957, "distribution": "{\"name\": \"FloatDistribution\", \"attributes\": {\"step\": null, \"low\": 0.001, \"high\": 1.0, \"log\": true}}"}
{"op_code": 5, "worker_id": "7d5e2cbd-05e8-408c-a734-67cd6afaf159-139989332727616", "trial_id": 16, "param_name": "iss", "param_value_internal": 0.22305528001390584, "distribution": "{\"name\": \"FloatDistribution\", \"attributes\": {\"step\": null, \"low\": 0.0, \"high\": 1.0, \"log\": false}}"}
{"op_code": 0, "worker_id": "7963c8f9-9c51-4c73-b6c2-2d100b8f8add-140391331313472", "study_name": "result_RS_N10000_4020", "directions": [1]}
{"op_code": 5, "worker_id": "7d5e2cbd-05e8-408c-a734-67cd6afaf159-139989332727616", "trial_id": 16, "param_name": "ridge", "param_value_internal": 5.909713529935084e-09, "distribution": "{\"name\": \"FloatDistribution\", \"attributes\": {\"step\": null, \"low\": 1e-09, \"high\": 0.01, \"log\": true}}"}
{"op_code": 4, "worker_id": "7963c8f9-9c51-4c73-b6c2-2d100b8f8add-140391331313472", "study_id": 0, "datetime_start": "2023-12-17T11:10:51.918924"}
{"op_code": 5, "worker_id": "7963c8f9-9c51-4c73-b6c2-2d100b8f8add-140391331313472", "trial_id": 17, "param_name": "sr", "param_value_internal": 0.08841352787286201, "distribution": "{\"name\": \"FloatDistribution\", \"attributes\": {\"step\": null, \"low\": 0.01, \"high\": 10.0, \"log\": true}}"}
{"op_code": 5, "worker_id": "7963c8f9-9c51-4c73-b6c2-2d100b8f8add-140391331313472", "trial_id": 17, "param_name": "lr", "param_value_internal": 0.0017535496339994305, "distribution": "{\"name\": \"FloatDistribution\", \"attributes\": {\"step\": null, \"low\": 0.001, \"high\": 1.0, \"log\": true}}"}
{"op_code": 5, "worker_id": "7963c8f9-9c51-4c73-b6c2-2d100b8f8add-140391331313472", "trial_id": 17, "param_name": "iss", "param_value_internal": 0.6907343045928673, "distribution": "{\"name\": \"FloatDistribution\", \"attributes\": {\"step\": null, \"low\": 0.0, \"high\": 1.0, \"log\": false}}"}
{"op_code": 5, "worker_id": "7963c8f9-9c51-4c73-b6c2-2d100b8f8add-140391331313472", "trial_id": 17, "param_name": "ridge", "param_value_internal": 0.00010722520843843745, "distribution": "{\"name\": \"FloatDistribution\", \"attributes\": {\"step\": null, \"low\": 1e-09, \"high\": 0.01, \"log\": true}}"}
{"op_code": 0, "worker_id": "214b4b1d-7176-48c9-91a0-478a1f18d69c-140442034259776", "study_name": "result_RS_N10000_4020", "directions": [1]}
{"op_code": 0, "worker_id": "59a519a5-787b-485c-a246-1989e93183a7-139624917051200", "study_name": "result_RS_N10000_4020", "directions": [1]}
{"op_code": 4, "worker_id": "214b4b1d-7176-48c9-91a0-478a1f18d69c-140442034259776", "study_id": 0, "datetime_start": "2023-12-17T11:10:52.913936"}
{"op_code": 4, "worker_id": "59a519a5-787b-485c-a246-1989e93183a7-139624917051200", "study_id": 0, "datetime_start": "2023-12-17T11:10:52.917855"}
{"op_code": 5, "worker_id": "214b4b1d-7176-48c9-91a0-478a1f18d69c-140442034259776", "trial_id": 18, "param_name": "sr", "param_value_internal": 3.6580167404756936, "distribution": "{\"name\": \"FloatDistribution\", \"attributes\": {\"step\": null, \"low\": 0.01, \"high\": 10.0, \"log\": true}}"}
{"op_code": 5, "worker_id": "59a519a5-787b-485c-a246-1989e93183a7-139624917051200", "trial_id": 19, "param_name": "sr", "param_value_internal": 0.09808543985394635, "distribution": "{\"name\": \"FloatDistribution\", \"attributes\": {\"step\": null, \"low\": 0.01, \"high\": 10.0, \"log\": true}}"}
{"op_code": 5, "worker_id": "214b4b1d-7176-48c9-91a0-478a1f18d69c-140442034259776", "trial_id": 18, "param_name": "lr", "param_value_internal": 0.0018795091619290354, "distribution": "{\"name\": \"FloatDistribution\", \"attributes\": {\"step\": null, \"low\": 0.001, \"high\": 1.0, \"log\": true}}"}
{"op_code": 5, "worker_id": "59a519a5-787b-485c-a246-1989e93183a7-139624917051200", "trial_id": 19, "param_name": "lr", "param_value_internal": 0.009219461794897722, "distribution": "{\"name\": \"FloatDistribution\", \"attributes\": {\"step\": null, \"low\": 0.001, \"high\": 1.0, \"log\": true}}"}
{"op_code": 5, "worker_id": "214b4b1d-7176-48c9-91a0-478a1f18d69c-140442034259776", "trial_id": 18, "param_name": "iss", "param_value_internal": 0.970146228074203, "distribution": "{\"name\": \"FloatDistribution\", \"attributes\": {\"step\": null, \"low\": 0.0, \"high\": 1.0, \"log\": false}}"}
{"op_code": 5, "worker_id": "59a519a5-787b-485c-a246-1989e93183a7-139624917051200", "trial_id": 19, "param_name": "iss", "param_value_internal": 0.9486261403671402, "distribution": "{\"name\": \"FloatDistribution\", \"attributes\": {\"step\": null, \"low\": 0.0, \"high\": 1.0, \"log\": false}}"}
{"op_code": 5, "worker_id": "214b4b1d-7176-48c9-91a0-478a1f18d69c-140442034259776", "trial_id": 18, "param_name": "ridge", "param_value_internal": 0.00035501118293939363, "distribution": "{\"name\": \"FloatDistribution\", \"attributes\": {\"step\": null, \"low\": 1e-09, \"high\": 0.01, \"log\": true}}"}
{"op_code": 5, "worker_id": "59a519a5-787b-485c-a246-1989e93183a7-139624917051200", "trial_id": 19, "param_name": "ridge", "param_value_internal": 3.671143177451139e-07, "distribution": "{\"name\": \"FloatDistribution\", \"attributes\": {\"step\": null, \"low\": 1e-09, \"high\": 0.01, \"log\": true}}"}
{"op_code": 6, "worker_id": "79debde3-ecc8-414b-b869-1803c6c50698-140083388438336", "trial_id": 14, "state": 1, "values": [0.0938409791304966], "datetime_complete": "2023-12-17T12:02:54.170289"}
{"op_code": 6, "worker_id": "a1b9269f-8418-4eaf-b0cf-463db7f30e04-139679742011200", "trial_id": 6, "state": 1, "values": [0.0805079928437939], "datetime_complete": "2023-12-17T12:03:01.075364"}
{"op_code": 6, "worker_id": "89e4c741-6f96-4d80-818c-4853c11fb7f1-140180790642496", "trial_id": 15, "state": 1, "values": [0.1302949986229873], "datetime_complete": "2023-12-17T12:03:04.515094"}
{"op_code": 6, "worker_id": "59a519a5-787b-485c-a246-1989e93183a7-139624917051200", "trial_id": 19, "state": 1, "values": [0.06489155585273523], "datetime_complete": "2023-12-17T12:03:06.483568"}
{"op_code": 6, "worker_id": "27364df1-40d0-4958-aea3-cabb73c75af7-139798036191040", "trial_id": 10, "state": 1, "values": [0.03036201848738251], "datetime_complete": "2023-12-17T12:03:06.875405"}
{"op_code": 6, "worker_id": "28ca5ab3-93c8-4e03-a0b3-fa8c338b7e70-139955497744192", "trial_id": 7, "state": 1, "values": [0.05035237960528851], "datetime_complete": "2023-12-17T12:03:10.420492"}
{"op_code": 6, "worker_id": "7963c8f9-9c51-4c73-b6c2-2d100b8f8add-140391331313472", "trial_id": 17, "state": 1, "values": [0.09411911077440797], "datetime_complete": "2023-12-17T12:03:14.609729"}
{"op_code": 6, "worker_id": "7d5e2cbd-05e8-408c-a734-67cd6afaf159-139989332727616", "trial_id": 16, "state": 1, "values": [0.04786720717931122], "datetime_complete": "2023-12-17T12:03:17.661803"}
{"op_code": 6, "worker_id": "214b4b1d-7176-48c9-91a0-478a1f18d69c-140442034259776", "trial_id": 18, "state": 1, "values": [121.1501083959486], "datetime_complete": "2023-12-17T12:03:17.753632"}
{"op_code": 6, "worker_id": "9b699e63-a828-4851-9da3-6ddeff7f7e8d-139859701573440", "trial_id": 9, "state": 1, "values": [1.0971375718981913], "datetime_complete": "2023-12-17T12:03:17.766670"}
{"op_code": 6, "worker_id": "76c0d251-ceb2-4248-b404-6e6e0a1d0238-140373204010816", "trial_id": 2, "state": 1, "values": [0.020297138688405308], "datetime_complete": "2023-12-17T12:03:27.288825"}
{"op_code": 6, "worker_id": "a0393aa7-dba4-44ce-a4d4-fed16489bcc0-139902468200256", "trial_id": 0, "state": 1, "values": [24.65879601763162], "datetime_complete": "2023-12-17T12:03:33.223885"}
{"op_code": 6, "worker_id": "6a853775-cb3f-47fe-9f42-c4f72b1b8ec7-140278360110912", "trial_id": 13, "state": 1, "values": [0.08639419098326052], "datetime_complete": "2023-12-17T12:03:49.531302"}
{"op_code": 6, "worker_id": "5785176b-618c-4580-a28c-57a9efe3e19f-140064184977216", "trial_id": 4, "state": 1, "values": [0.17212141356512842], "datetime_complete": "2023-12-17T12:03:58.072141"}
{"op_code": 6, "worker_id": "d6514f25-49c8-437a-8004-5d8ac6fa85c5-140466698467136", "trial_id": 5, "state": 1, "values": [0.12023230221589824], "datetime_complete": "2023-12-17T12:04:03.752509"}
{"op_code": 6, "worker_id": "f7edb1b7-8ed6-496e-bf1f-1e365f4b5289-139828030895936", "trial_id": 3, "state": 1, "values": [0.003590231016184556], "datetime_complete": "2023-12-17T12:04:04.258711"}
{"op_code": 6, "worker_id": "5824598d-5d67-4845-a916-221431bdd780-139796211431232", "trial_id": 8, "state": 1, "values": [0.08083906092722036], "datetime_complete": "2023-12-17T12:04:04.833264"}
{"op_code": 6, "worker_id": "9ee1b296-2340-46c6-913e-70c89702def2-140142983427904", "trial_id": 1, "state": 1, "values": [0.005216136727286289], "datetime_complete": "2023-12-17T12:04:14.188981"}
{"op_code": 6, "worker_id": "3160037b-9d9f-44a5-9444-21f622af9ab2-140577453094720", "trial_id": 11, "state": 1, "values": [0.0425181784931801], "datetime_complete": "2023-12-17T12:04:17.815947"}
{"op_code": 6, "worker_id": "55e216c7-e0b7-4726-8dbb-c1fa1ef1a3a7-139770820544320", "trial_id": 12, "state": 1, "values": [0.019954756304467566], "datetime_complete": "2023-12-17T12:04:37.188663"}
{"op_code": 7, "worker_id": "89e4c741-6f96-4d80-818c-4853c11fb7f1-140180790642496", "trial_id": 15, "step": 0, "intermediate_value": 0.1302949986229873}
