{"obj": {"type": "AssignString", "path": ["sys", "name"], "value": "Untitled"}, "version": 1}
{"obj": {"type": "AssignString", "path": ["sys", "description"], "value": ""}, "version": 2}
{"obj": {"type": "AssignString", "path": ["monitoring", "5f3c2d6e", "hostname"], "value": "ManQueennoMacBook-Pro.local"}, "version": 3}
{"obj": {"type": "AssignString", "path": ["sys", "hostname"], "value": "ManQueennoMacBook-Pro.local"}, "version": 4}
{"obj": {"type": "AssignString", "path": ["monitoring", "5f3c2d6e", "pid"], "value": "11204"}, "version": 5}
{"obj": {"type": "AssignString", "path": ["monitoring", "5f3c2d6e", "tid"], "value": "8080793280"}, "version": 6}
{"obj": {"type": "AssignBool", "path": ["sys", "failed"], "value": false}, "version": 7}
{"obj": {"type": "ClearStringLog", "path": ["monitoring", "5f3c2d6e", "stdout"]}, "version": 8}
{"obj": {"type": "ClearStringLog", "path": ["monitoring", "5f3c2d6e", "stderr"]}, "version": 9}
{"obj": {"type": "AssignString", "path": ["source_code", "entrypoint"], "value": "2.1.3.py"}, "version": 10}
{"obj": {"type": "UploadFileSet", "path": ["source_code", "files"], "file_globs": ["/Users/manqueenmannequin/mygit/B4thesis_public/mywork/program/Rossler\u4e88\u6e2c_new/2/2.1/2.1.3.py"], "reset": "False"}, "version": 11}
{"obj": {"type": "UploadFile", "path": ["source_code", "diff"], "ext": "patch", "file_path": null, "tmp_file_name": "source_code_diff-1699691362.083726-2023-11-11_17.29.22.083726.patch", "clean_after_upload": false}, "version": 12}
{"obj": {"type": "ConfigFloatSeries", "path": ["monitoring", "5f3c2d6e", "cpu"], "min": 0.0, "max": 100.0, "unit": "%"}, "version": 13}
{"obj": {"type": "ClearFloatLog", "path": ["monitoring", "5f3c2d6e", "cpu"]}, "version": 14}
{"obj": {"type": "ConfigFloatSeries", "path": ["monitoring", "5f3c2d6e", "memory"], "min": 0.0, "max": 16.0, "unit": "GB"}, "version": 15}
{"obj": {"type": "ClearFloatLog", "path": ["monitoring", "5f3c2d6e", "memory"]}, "version": 16}
{"obj": {"type": "LogStrings", "path": ["monitoring", "5f3c2d6e", "stderr"], "values": [{"value": "Info (NVML): NVML Shared Library Not Found. GPU usage metrics may not be reported. For more information, see https://docs.neptune.ai/help/nvml_error/\n", "step": null, "ts": 1699691362.089073}]}, "version": 17}
{"obj": {"type": "LogFloats", "path": ["monitoring", "5f3c2d6e", "cpu"], "values": [{"value": 37.2, "step": null, "ts": 1699691362.088854}]}, "version": 18}
{"obj": {"type": "LogFloats", "path": ["monitoring", "5f3c2d6e", "memory"], "values": [{"value": 10.83056640625, "step": null, "ts": 1699691362.088854}]}, "version": 19}
{"obj": {"type": "LogStrings", "path": ["monitoring", "5f3c2d6e", "stdout"], "values": [{"value": "https://app.neptune.ai/shokuno55/B4thesis/e/BTHES-49\n", "step": null, "ts": 1699691363.109616}]}, "version": 20}
{"obj": {"type": "LogStrings", "path": ["monitoring", "5f3c2d6e", "stdout"], "values": [{"value": "Shutting down background jobs, please wait a moment...\n", "step": null, "ts": 1699691363.23015}]}, "version": 21}
{"obj": {"type": "LogStrings", "path": ["monitoring", "5f3c2d6e", "stdout"], "values": [{"value": "Done!\n", "step": null, "ts": 1699691363.8691468}]}, "version": 22}
{"obj": {"type": "LogStrings", "path": ["monitoring", "5f3c2d6e", "stdout"], "values": [{"value": "Waiting for the remaining 24 operations to synchronize with Neptune. Do not kill this process.\n", "step": null, "ts": 1699691363.869369}]}, "version": 23}
{"obj": {"type": "LogStrings", "path": ["monitoring", "5f3c2d6e", "stdout"], "values": [{"value": "All 24 operations synced, thanks for waiting!\n", "step": null, "ts": 1699691364.456543}]}, "version": 24}
{"obj": {"type": "LogStrings", "path": ["monitoring", "5f3c2d6e", "stdout"], "values": [{"value": "Explore the metadata in the Neptune app:\n", "step": null, "ts": 1699691364.457967}]}, "version": 25}
{"obj": {"type": "LogStrings", "path": ["monitoring", "5f3c2d6e", "stdout"], "values": [{"value": "https://app.neptune.ai/shokuno55/B4thesis/e/BTHES-49/metadata\n", "step": null, "ts": 1699691364.4580312}]}, "version": 26}
{"obj": {"type": "LogFloats", "path": ["monitoring", "5f3c2d6e", "cpu"], "values": [{"value": 66.9, "step": null, "ts": 1699691372.094208}]}, "version": 27}
{"obj": {"type": "LogFloats", "path": ["monitoring", "5f3c2d6e", "memory"], "values": [{"value": 11.295761108398438, "step": null, "ts": 1699691372.094208}]}, "version": 28}
{"obj": {"type": "LogFloats", "path": ["monitoring", "5f3c2d6e", "cpu"], "values": [{"value": 38.3, "step": null, "ts": 1699691382.098892}]}, "version": 29}
{"obj": {"type": "LogFloats", "path": ["monitoring", "5f3c2d6e", "memory"], "values": [{"value": 11.371978759765625, "step": null, "ts": 1699691382.098892}]}, "version": 30}
